{
    "banks": [
        {
            "addr": 0,
            "size": 0
        }
    ],
    "patch_reserve": [],
    "param_reserve": [],
    "ops": {
        "kernel[0]": {
            "name": "DmaIn.layer.copy_in_PPQ_Variable_228",
            "idx": 0,
            "mem_used_rate": 0.009765625,
            "malloc": [
                {
                    "addr": 4153344,
                    "ori_size": 0,
                    "size": 40960
                }
            ],
            "used": [
                {
                    "name": "DmaIn.layer.copy_in_PPQ_Variable_228",
                    "addr": 4153344,
                    "size": 40960
                }
            ],
            "free": []
        },
        "kernel[1]": {
            "name": "FetchParam.layer.Conv2d.layer.Conv_287_im_0.split.co.0.fetch_param_data.layer",
            "idx": 1,
            "mem_used_rate": 0.01031494140625,
            "malloc": [
                {
                    "addr": 0,
                    "ori_size": 0,
                    "size": 2304
                }
            ],
            "used": [
                {
                    "name": "DmaIn.layer.copy_in_PPQ_Variable_228",
                    "addr": 4153344,
                    "size": 40960
                },
                {
                    "name": "FetchParam.layer.Conv2d.layer.Conv_287_im_0.split.co.0.fetch_param_data.layer",
                    "addr": 0,
                    "size": 2304
                }
            ],
            "free": []
        },
        "kernel[2]": {
            "name": "FetchParam.layer.Conv2d.layer.Conv_287_im_0.split.co.1.fetch_param_data.layer",
            "idx": 2,
            "mem_used_rate": 0.0108642578125,
            "malloc": [
                {
                    "addr": 2304,
                    "ori_size": 0,
                    "size": 2304
                }
            ],
            "used": [
                {
                    "name": "DmaIn.layer.copy_in_PPQ_Variable_228",
                    "addr": 4153344,
                    "size": 40960
                },
                {
                    "name": "FetchParam.layer.Conv2d.layer.Conv_287_im_0.split.co.0.fetch_param_data.layer",
                    "addr": 0,
                    "size": 2304
                },
                {
                    "name": "FetchParam.layer.Conv2d.layer.Conv_287_im_0.split.co.1.fetch_param_data.layer",
                    "addr": 2304,
                    "size": 2304
                }
            ],
            "free": []
        },
        "kernel[3]": {
            "name": "DummyConcat.layer.Conv_287_im_0.0",
            "idx": 3,
            "mem_used_rate": 0.0303955078125,
            "malloc": [
                {
                    "addr": 4608,
                    "ori_size": 0,
                    "size": 81920
                }
            ],
            "used": [
                {
                    "name": "DmaIn.layer.copy_in_PPQ_Variable_228",
                    "addr": 4153344,
                    "size": 40960
                },
                {
                    "name": "FetchParam.layer.Conv2d.layer.Conv_287_im_0.split.co.0.fetch_param_data.layer",
                    "addr": 0,
                    "size": 2304
                },
                {
                    "name": "FetchParam.layer.Conv2d.layer.Conv_287_im_0.split.co.1.fetch_param_data.layer",
                    "addr": 2304,
                    "size": 2304
                },
                {
                    "name": "DummyConcat.layer.Conv_287_im_0.0",
                    "addr": 4608,
                    "size": 81920
                }
            ],
            "free": []
        },
        "kernel[4]": {
            "name": "Conv2d.layer.Conv_287_im_0.split.co.0",
            "idx": 4,
            "mem_used_rate": 0.0303955078125,
            "malloc": [],
            "used": [
                {
                    "name": "DmaIn.layer.copy_in_PPQ_Variable_228",
                    "addr": 4153344,
                    "size": 40960
                },
                {
                    "name": "FetchParam.layer.Conv2d.layer.Conv_287_im_0.split.co.0.fetch_param_data.layer",
                    "addr": 0,
                    "size": 2304
                },
                {
                    "name": "FetchParam.layer.Conv2d.layer.Conv_287_im_0.split.co.1.fetch_param_data.layer",
                    "addr": 2304,
                    "size": 2304
                },
                {
                    "name": "DummyConcat.layer.Conv_287_im_0.0",
                    "addr": 4608,
                    "size": 81920
                }
            ],
            "free": [
                {
                    "name": "Conv2d.layer.Conv_287_im_0.split.co.0",
                    "addr": 0,
                    "size": 2304
                }
            ]
        },
        "kernel[5]": {
            "name": "Conv2d.layer.Conv_287_im_0.split.co.1",
            "idx": 5,
            "mem_used_rate": 0.02008056640625,
            "malloc": [],
            "used": [
                {
                    "name": "DmaIn.layer.copy_in_PPQ_Variable_228",
                    "addr": 4153344,
                    "size": 40960
                },
                {
                    "name": "FetchParam.layer.Conv2d.layer.Conv_287_im_0.split.co.1.fetch_param_data.layer",
                    "addr": 2304,
                    "size": 2304
                },
                {
                    "name": "DummyConcat.layer.Conv_287_im_0.0",
                    "addr": 4608,
                    "size": 81920
                }
            ],
            "free": [
                {
                    "name": "Conv2d.layer.Conv_287_im_0.split.co.1",
                    "addr": 4153344,
                    "size": 40960
                },
                {
                    "name": "Conv2d.layer.Conv_287_im_0.split.co.1",
                    "addr": 2304,
                    "size": 2304
                }
            ]
        },
        "kernel[6]": {
            "name": "DmaOut.layer.copy_out_502",
            "idx": 6,
            "mem_used_rate": 0.009765625,
            "malloc": [],
            "used": [
                {
                    "name": "DummyConcat.layer.Conv_287_im_0.0",
                    "addr": 4608,
                    "size": 81920
                }
            ],
            "free": [
                {
                    "name": "DmaOut.layer.copy_out_502",
                    "addr": 4608,
                    "size": 40960
                },
                {
                    "name": "DmaOut.layer.copy_out_502",
                    "addr": 45568,
                    "size": 40960
                }
            ]
        }
    },
    "max_peak_size": [
        {
            "size": 81920
        }
    ]
}