{
    "banks": [
        {
            "addr": 0,
            "size": 0
        }
    ],
    "patch_reserve": [],
    "param_reserve": [],
    "ops": {
        "kernel[0]": {
            "name": "DmaIn.layer.copy_in__im_PropagateOutputNames_added_name_37",
            "idx": 0,
            "mem_used_rate": 0.00634765625,
            "malloc": [
                {
                    "addr": 4167680,
                    "ori_size": 0,
                    "size": 26624
                }
            ],
            "used": [
                {
                    "name": "DmaIn.layer.copy_in__im_PropagateOutputNames_added_name_37",
                    "addr": 4167680,
                    "size": 26624
                }
            ],
            "free": []
        },
        "kernel[1]": {
            "name": "DmaIn.layer.copy_in_2Fmodel2Fpet2Fhead_module2Fcls_pred2E22FConv_output_0",
            "idx": 1,
            "mem_used_rate": 0.00644683837890625,
            "malloc": [
                {
                    "addr": 0,
                    "ori_size": 0,
                    "size": 416
                }
            ],
            "used": [
                {
                    "name": "DmaIn.layer.copy_in__im_PropagateOutputNames_added_name_37",
                    "addr": 4167680,
                    "size": 26624
                },
                {
                    "name": "DmaIn.layer.copy_in_2Fmodel2Fpet2Fhead_module2Fcls_pred2E22FConv_output_0",
                    "addr": 0,
                    "size": 416
                }
            ],
            "free": []
        },
        "kernel[2]": {
            "name": "Concat.layer.im_propagate_output_names_generated_span_30",
            "idx": 2,
            "mem_used_rate": 0.00644683837890625,
            "malloc": [
                {
                    "addr": 512,
                    "ori_size": 0,
                    "size": 26624
                }
            ],
            "used": [
                {
                    "name": "DmaIn.layer.copy_in__im_PropagateOutputNames_added_name_37",
                    "addr": 4167680,
                    "size": 26624
                },
                {
                    "name": "DmaIn.layer.copy_in_2Fmodel2Fpet2Fhead_module2Fcls_pred2E22FConv_output_0",
                    "addr": 0,
                    "size": 416
                },
                {
                    "name": "Concat.layer.im_propagate_output_names_generated_span_30",
                    "addr": 512,
                    "size": 26624
                }
            ],
            "free": [
                {
                    "name": "Concat.layer.im_propagate_output_names_generated_span_30",
                    "addr": 4167680,
                    "size": 26624
                },
                {
                    "name": "Concat.layer.im_propagate_output_names_generated_span_30",
                    "addr": 0,
                    "size": 416
                }
            ]
        },
        "kernel[3]": {
            "name": "DmaOut.layer.copy_out__im_PropagateOutputNames_added_name_38",
            "idx": 3,
            "mem_used_rate": 0.00634765625,
            "malloc": [],
            "used": [
                {
                    "name": "Concat.layer.im_propagate_output_names_generated_span_30",
                    "addr": 512,
                    "size": 26624
                }
            ],
            "free": [
                {
                    "name": "DmaOut.layer.copy_out__im_PropagateOutputNames_added_name_38",
                    "addr": 512,
                    "size": 26624
                }
            ]
        }
    },
    "max_peak_size": [
        {
            "size": 27040
        }
    ]
}