{
    "banks": [
        {
            "addr": 0,
            "size": 0
        }
    ],
    "patch_reserve": [],
    "param_reserve": [],
    "ops": {
        "kernel[0]": {
            "name": "DmaIn.layer.copy_in_2Fmodel2Fneck2Fbottom_up_blocks2E12Fm2E02Fcv12Fcna2Factivate2FRelu_output_0",
            "idx": 0,
            "mem_used_rate": 0.00634765625,
            "malloc": [
                {
                    "addr": 4167680,
                    "ori_size": 0,
                    "size": 26624
                }
            ],
            "used": [
                {
                    "name": "DmaIn.layer.copy_in_2Fmodel2Fneck2Fbottom_up_blocks2E12Fm2E02Fcv12Fcna2Factivate2FRelu_output_0",
                    "addr": 4167680,
                    "size": 26624
                }
            ],
            "free": []
        },
        "kernel[1]": {
            "name": "DmaIn.layer.copy_in_2Fmodel2Fneck2Fbottom_up_blocks2E12Fm2E02Fm2Fm2E02Fcv22Fcna2Factivate2FRelu_output_0",
            "idx": 1,
            "mem_used_rate": 0.0126953125,
            "malloc": [
                {
                    "addr": 0,
                    "ori_size": 0,
                    "size": 26624
                }
            ],
            "used": [
                {
                    "name": "DmaIn.layer.copy_in_2Fmodel2Fneck2Fbottom_up_blocks2E12Fm2E02Fcv12Fcna2Factivate2FRelu_output_0",
                    "addr": 4167680,
                    "size": 26624
                },
                {
                    "name": "DmaIn.layer.copy_in_2Fmodel2Fneck2Fbottom_up_blocks2E12Fm2E02Fm2Fm2E02Fcv22Fcna2Factivate2FRelu_output_0",
                    "addr": 0,
                    "size": 26624
                }
            ],
            "free": []
        },
        "kernel[2]": {
            "name": "Eltwise.layer./model/neck/bottom_up_blocks.1/m.0/m/m.0/Add",
            "idx": 2,
            "mem_used_rate": 0.0126953125,
            "malloc": [
                {
                    "addr": 4167680,
                    "ori_size": 0,
                    "size": 26624
                }
            ],
            "used": [
                {
                    "name": "DmaIn.layer.copy_in_2Fmodel2Fneck2Fbottom_up_blocks2E12Fm2E02Fcv12Fcna2Factivate2FRelu_output_0",
                    "addr": 4167680,
                    "size": 26624
                },
                {
                    "name": "DmaIn.layer.copy_in_2Fmodel2Fneck2Fbottom_up_blocks2E12Fm2E02Fm2Fm2E02Fcv22Fcna2Factivate2FRelu_output_0",
                    "addr": 0,
                    "size": 26624
                }
            ],
            "free": [
                {
                    "name": "Eltwise.layer./model/neck/bottom_up_blocks.1/m.0/m/m.0/Add",
                    "addr": 0,
                    "size": 26624
                }
            ]
        },
        "kernel[3]": {
            "name": "DmaOut.layer.copy_out_2Fmodel2Fneck2Fbottom_up_blocks2E12Fm2E02Fm2Fm2E02FAdd_output_0",
            "idx": 3,
            "mem_used_rate": 0.00634765625,
            "malloc": [],
            "used": [
                {
                    "name": "DmaIn.layer.copy_in_2Fmodel2Fneck2Fbottom_up_blocks2E12Fm2E02Fcv12Fcna2Factivate2FRelu_output_0",
                    "addr": 4167680,
                    "size": 26624
                }
            ],
            "free": [
                {
                    "name": "DmaOut.layer.copy_out_2Fmodel2Fneck2Fbottom_up_blocks2E12Fm2E02Fm2Fm2E02FAdd_output_0",
                    "addr": 4167680,
                    "size": 26624
                }
            ]
        }
    },
    "max_peak_size": [
        {
            "size": 53248
        }
    ]
}