{
    "banks": [
        {
            "addr": 0,
            "size": 0
        }
    ],
    "patch_reserve": [],
    "param_reserve": [],
    "ops": {
        "kernel[0]": {
            "name": "DmaIn.layer.copy_in_2Fmodel2Fperson2Fhead_module2Fkpt_pred2E12Fkpt_pred2E12E12Fpointwise_conv2Fconv2FConv_output_0",
            "idx": 0,
            "mem_used_rate": 0.025390625,
            "malloc": [
                {
                    "addr": 4087808,
                    "ori_size": 0,
                    "size": 106496
                }
            ],
            "used": [
                {
                    "name": "DmaIn.layer.copy_in_2Fmodel2Fperson2Fhead_module2Fkpt_pred2E12Fkpt_pred2E12E12Fpointwise_conv2Fconv2FConv_output_0",
                    "addr": 4087808,
                    "size": 106496
                }
            ],
            "free": []
        },
        "kernel[1]": {
            "name": "DmaIn.layer.copy_in_2Fmodel2Fperson2Fhead_module2Fkpt_pred2E12Fkpt_pred2E12E12Fpointwise_conv2Factivate2FSigmoid_output_0",
            "idx": 1,
            "mem_used_rate": 0.05078125,
            "malloc": [
                {
                    "addr": 0,
                    "ori_size": 0,
                    "size": 106496
                }
            ],
            "used": [
                {
                    "name": "DmaIn.layer.copy_in_2Fmodel2Fperson2Fhead_module2Fkpt_pred2E12Fkpt_pred2E12E12Fpointwise_conv2Fconv2FConv_output_0",
                    "addr": 4087808,
                    "size": 106496
                },
                {
                    "name": "DmaIn.layer.copy_in_2Fmodel2Fperson2Fhead_module2Fkpt_pred2E12Fkpt_pred2E12E12Fpointwise_conv2Factivate2FSigmoid_output_0",
                    "addr": 0,
                    "size": 106496
                }
            ],
            "free": []
        },
        "kernel[2]": {
            "name": "Eltwise.layer./model/person/head_module/kpt_pred.1/kpt_pred.1.1/pointwise_conv/activate/Mul",
            "idx": 2,
            "mem_used_rate": 0.05078125,
            "malloc": [
                {
                    "addr": 4087808,
                    "ori_size": 0,
                    "size": 106496
                }
            ],
            "used": [
                {
                    "name": "DmaIn.layer.copy_in_2Fmodel2Fperson2Fhead_module2Fkpt_pred2E12Fkpt_pred2E12E12Fpointwise_conv2Fconv2FConv_output_0",
                    "addr": 4087808,
                    "size": 106496
                },
                {
                    "name": "DmaIn.layer.copy_in_2Fmodel2Fperson2Fhead_module2Fkpt_pred2E12Fkpt_pred2E12E12Fpointwise_conv2Factivate2FSigmoid_output_0",
                    "addr": 0,
                    "size": 106496
                }
            ],
            "free": [
                {
                    "name": "Eltwise.layer./model/person/head_module/kpt_pred.1/kpt_pred.1.1/pointwise_conv/activate/Mul",
                    "addr": 0,
                    "size": 106496
                }
            ]
        },
        "kernel[3]": {
            "name": "FetchParam.layer./model/person/head_module/kpt_pred.1/kpt_pred.1.2/Add.fetch_param_data.kernel",
            "idx": 3,
            "mem_used_rate": 0.02545166015625,
            "malloc": [
                {
                    "addr": 106496,
                    "ori_size": 0,
                    "size": 256
                }
            ],
            "used": [
                {
                    "name": "DmaIn.layer.copy_in_2Fmodel2Fperson2Fhead_module2Fkpt_pred2E12Fkpt_pred2E12E12Fpointwise_conv2Fconv2FConv_output_0",
                    "addr": 4087808,
                    "size": 106496
                },
                {
                    "name": "FetchParam.layer./model/person/head_module/kpt_pred.1/kpt_pred.1.2/Add.fetch_param_data.kernel",
                    "addr": 106496,
                    "size": 256
                }
            ],
            "free": []
        },
        "kernel[4]": {
            "name": "BatchNorm.layer./model/person/head_module/kpt_pred.1/kpt_pred.1.2/Add",
            "idx": 4,
            "mem_used_rate": 0.02545166015625,
            "malloc": [
                {
                    "addr": 4087808,
                    "ori_size": 0,
                    "size": 106496
                }
            ],
            "used": [
                {
                    "name": "DmaIn.layer.copy_in_2Fmodel2Fperson2Fhead_module2Fkpt_pred2E12Fkpt_pred2E12E12Fpointwise_conv2Fconv2FConv_output_0",
                    "addr": 4087808,
                    "size": 106496
                },
                {
                    "name": "FetchParam.layer./model/person/head_module/kpt_pred.1/kpt_pred.1.2/Add.fetch_param_data.kernel",
                    "addr": 106496,
                    "size": 256
                }
            ],
            "free": [
                {
                    "name": "BatchNorm.layer./model/person/head_module/kpt_pred.1/kpt_pred.1.2/Add",
                    "addr": 106496,
                    "size": 256
                }
            ]
        },
        "kernel[5]": {
            "name": "FetchParam.layer.Conv2d.layer./model/person/head_module/kpt_pred.1/kpt_pred.1.3/Conv_im_0.split.co.0.fetch_param_data.layer",
            "idx": 5,
            "mem_used_rate": 0.02618408203125,
            "malloc": [
                {
                    "addr": 106752,
                    "ori_size": 0,
                    "size": 3328
                }
            ],
            "used": [
                {
                    "name": "DmaIn.layer.copy_in_2Fmodel2Fperson2Fhead_module2Fkpt_pred2E12Fkpt_pred2E12E12Fpointwise_conv2Fconv2FConv_output_0",
                    "addr": 4087808,
                    "size": 106496
                },
                {
                    "name": "FetchParam.layer.Conv2d.layer./model/person/head_module/kpt_pred.1/kpt_pred.1.3/Conv_im_0.split.co.0.fetch_param_data.layer",
                    "addr": 106752,
                    "size": 3328
                }
            ],
            "free": []
        },
        "kernel[6]": {
            "name": "FetchParam.layer.Conv2d.layer./model/person/head_module/kpt_pred.1/kpt_pred.1.3/Conv_im_0.split.co.1.fetch_param_data.layer",
            "idx": 6,
            "mem_used_rate": 0.0269775390625,
            "malloc": [
                {
                    "addr": 110080,
                    "ori_size": 0,
                    "size": 3328
                }
            ],
            "used": [
                {
                    "name": "DmaIn.layer.copy_in_2Fmodel2Fperson2Fhead_module2Fkpt_pred2E12Fkpt_pred2E12E12Fpointwise_conv2Fconv2FConv_output_0",
                    "addr": 4087808,
                    "size": 106496
                },
                {
                    "name": "FetchParam.layer.Conv2d.layer./model/person/head_module/kpt_pred.1/kpt_pred.1.3/Conv_im_0.split.co.0.fetch_param_data.layer",
                    "addr": 106752,
                    "size": 3328
                },
                {
                    "name": "FetchParam.layer.Conv2d.layer./model/person/head_module/kpt_pred.1/kpt_pred.1.3/Conv_im_0.split.co.1.fetch_param_data.layer",
                    "addr": 110080,
                    "size": 3328
                }
            ],
            "free": []
        },
        "kernel[7]": {
            "name": "DummyConcat.layer./model/person/head_module/kpt_pred.1/kpt_pred.1.3/Conv_im_0.1",
            "idx": 7,
            "mem_used_rate": 0.047607421875,
            "malloc": [
                {
                    "addr": 113408,
                    "ori_size": 0,
                    "size": 86528
                }
            ],
            "used": [
                {
                    "name": "DmaIn.layer.copy_in_2Fmodel2Fperson2Fhead_module2Fkpt_pred2E12Fkpt_pred2E12E12Fpointwise_conv2Fconv2FConv_output_0",
                    "addr": 4087808,
                    "size": 106496
                },
                {
                    "name": "FetchParam.layer.Conv2d.layer./model/person/head_module/kpt_pred.1/kpt_pred.1.3/Conv_im_0.split.co.0.fetch_param_data.layer",
                    "addr": 106752,
                    "size": 3328
                },
                {
                    "name": "FetchParam.layer.Conv2d.layer./model/person/head_module/kpt_pred.1/kpt_pred.1.3/Conv_im_0.split.co.1.fetch_param_data.layer",
                    "addr": 110080,
                    "size": 3328
                },
                {
                    "name": "DummyConcat.layer./model/person/head_module/kpt_pred.1/kpt_pred.1.3/Conv_im_0.1",
                    "addr": 113408,
                    "size": 86528
                }
            ],
            "free": []
        },
        "kernel[8]": {
            "name": "FetchParam.layer.Conv2d.layer./model/person/head_module/kpt_pred.1/kpt_pred.1.3/Conv_im_0.split.co.2.fetch_param_data.layer",
            "idx": 8,
            "mem_used_rate": 0.04779052734375,
            "malloc": [
                {
                    "addr": 199936,
                    "ori_size": 0,
                    "size": 768
                }
            ],
            "used": [
                {
                    "name": "DmaIn.layer.copy_in_2Fmodel2Fperson2Fhead_module2Fkpt_pred2E12Fkpt_pred2E12E12Fpointwise_conv2Fconv2FConv_output_0",
                    "addr": 4087808,
                    "size": 106496
                },
                {
                    "name": "FetchParam.layer.Conv2d.layer./model/person/head_module/kpt_pred.1/kpt_pred.1.3/Conv_im_0.split.co.0.fetch_param_data.layer",
                    "addr": 106752,
                    "size": 3328
                },
                {
                    "name": "FetchParam.layer.Conv2d.layer./model/person/head_module/kpt_pred.1/kpt_pred.1.3/Conv_im_0.split.co.1.fetch_param_data.layer",
                    "addr": 110080,
                    "size": 3328
                },
                {
                    "name": "DummyConcat.layer./model/person/head_module/kpt_pred.1/kpt_pred.1.3/Conv_im_0.1",
                    "addr": 113408,
                    "size": 86528
                },
                {
                    "name": "FetchParam.layer.Conv2d.layer./model/person/head_module/kpt_pred.1/kpt_pred.1.3/Conv_im_0.split.co.2.fetch_param_data.layer",
                    "addr": 199936,
                    "size": 768
                }
            ],
            "free": []
        },
        "kernel[9]": {
            "name": "Conv2d.layer./model/person/head_module/kpt_pred.1/kpt_pred.1.3/Conv_im_0.split.co.0",
            "idx": 9,
            "mem_used_rate": 0.04779052734375,
            "malloc": [],
            "used": [
                {
                    "name": "DmaIn.layer.copy_in_2Fmodel2Fperson2Fhead_module2Fkpt_pred2E12Fkpt_pred2E12E12Fpointwise_conv2Fconv2FConv_output_0",
                    "addr": 4087808,
                    "size": 106496
                },
                {
                    "name": "FetchParam.layer.Conv2d.layer./model/person/head_module/kpt_pred.1/kpt_pred.1.3/Conv_im_0.split.co.0.fetch_param_data.layer",
                    "addr": 106752,
                    "size": 3328
                },
                {
                    "name": "FetchParam.layer.Conv2d.layer./model/person/head_module/kpt_pred.1/kpt_pred.1.3/Conv_im_0.split.co.1.fetch_param_data.layer",
                    "addr": 110080,
                    "size": 3328
                },
                {
                    "name": "DummyConcat.layer./model/person/head_module/kpt_pred.1/kpt_pred.1.3/Conv_im_0.1",
                    "addr": 113408,
                    "size": 86528
                },
                {
                    "name": "FetchParam.layer.Conv2d.layer./model/person/head_module/kpt_pred.1/kpt_pred.1.3/Conv_im_0.split.co.2.fetch_param_data.layer",
                    "addr": 199936,
                    "size": 768
                }
            ],
            "free": [
                {
                    "name": "Conv2d.layer./model/person/head_module/kpt_pred.1/kpt_pred.1.3/Conv_im_0.split.co.0",
                    "addr": 106752,
                    "size": 3328
                }
            ]
        },
        "kernel[10]": {
            "name": "Conv2d.layer./model/person/head_module/kpt_pred.1/kpt_pred.1.3/Conv_im_0.split.co.1",
            "idx": 10,
            "mem_used_rate": 0.0469970703125,
            "malloc": [],
            "used": [
                {
                    "name": "DmaIn.layer.copy_in_2Fmodel2Fperson2Fhead_module2Fkpt_pred2E12Fkpt_pred2E12E12Fpointwise_conv2Fconv2FConv_output_0",
                    "addr": 4087808,
                    "size": 106496
                },
                {
                    "name": "FetchParam.layer.Conv2d.layer./model/person/head_module/kpt_pred.1/kpt_pred.1.3/Conv_im_0.split.co.1.fetch_param_data.layer",
                    "addr": 110080,
                    "size": 3328
                },
                {
                    "name": "DummyConcat.layer./model/person/head_module/kpt_pred.1/kpt_pred.1.3/Conv_im_0.1",
                    "addr": 113408,
                    "size": 86528
                },
                {
                    "name": "FetchParam.layer.Conv2d.layer./model/person/head_module/kpt_pred.1/kpt_pred.1.3/Conv_im_0.split.co.2.fetch_param_data.layer",
                    "addr": 199936,
                    "size": 768
                }
            ],
            "free": [
                {
                    "name": "Conv2d.layer./model/person/head_module/kpt_pred.1/kpt_pred.1.3/Conv_im_0.split.co.1",
                    "addr": 110080,
                    "size": 3328
                }
            ]
        },
        "kernel[11]": {
            "name": "Conv2d.layer./model/person/head_module/kpt_pred.1/kpt_pred.1.3/Conv_im_0.split.co.2",
            "idx": 11,
            "mem_used_rate": 0.02081298828125,
            "malloc": [],
            "used": [
                {
                    "name": "DmaIn.layer.copy_in_2Fmodel2Fperson2Fhead_module2Fkpt_pred2E12Fkpt_pred2E12E12Fpointwise_conv2Fconv2FConv_output_0",
                    "addr": 4087808,
                    "size": 106496
                },
                {
                    "name": "DummyConcat.layer./model/person/head_module/kpt_pred.1/kpt_pred.1.3/Conv_im_0.1",
                    "addr": 113408,
                    "size": 86528
                },
                {
                    "name": "FetchParam.layer.Conv2d.layer./model/person/head_module/kpt_pred.1/kpt_pred.1.3/Conv_im_0.split.co.2.fetch_param_data.layer",
                    "addr": 199936,
                    "size": 768
                }
            ],
            "free": [
                {
                    "name": "Conv2d.layer./model/person/head_module/kpt_pred.1/kpt_pred.1.3/Conv_im_0.split.co.2",
                    "addr": 4087808,
                    "size": 106496
                },
                {
                    "name": "Conv2d.layer./model/person/head_module/kpt_pred.1/kpt_pred.1.3/Conv_im_0.split.co.2",
                    "addr": 199936,
                    "size": 768
                }
            ]
        },
        "kernel[12]": {
            "name": "FetchParam.layer./model/person/head_module/kpt_pred.1/kpt_pred.1.4/Mul.fetch_param_data.kernel",
            "idx": 12,
            "mem_used_rate": 0.02069091796875,
            "malloc": [
                {
                    "addr": 200704,
                    "ori_size": 0,
                    "size": 256
                }
            ],
            "used": [
                {
                    "name": "DummyConcat.layer./model/person/head_module/kpt_pred.1/kpt_pred.1.3/Conv_im_0.1",
                    "addr": 113408,
                    "size": 86528
                },
                {
                    "name": "FetchParam.layer./model/person/head_module/kpt_pred.1/kpt_pred.1.4/Mul.fetch_param_data.kernel",
                    "addr": 200704,
                    "size": 256
                }
            ],
            "free": []
        },
        "kernel[13]": {
            "name": "BatchNorm.layer./model/person/head_module/kpt_pred.1/kpt_pred.1.4/Mul",
            "idx": 13,
            "mem_used_rate": 0.02069091796875,
            "malloc": [
                {
                    "addr": 113408,
                    "ori_size": 0,
                    "size": 86528
                }
            ],
            "used": [
                {
                    "name": "DummyConcat.layer./model/person/head_module/kpt_pred.1/kpt_pred.1.3/Conv_im_0.1",
                    "addr": 113408,
                    "size": 86528
                },
                {
                    "name": "FetchParam.layer./model/person/head_module/kpt_pred.1/kpt_pred.1.4/Mul.fetch_param_data.kernel",
                    "addr": 200704,
                    "size": 256
                }
            ],
            "free": [
                {
                    "name": "BatchNorm.layer./model/person/head_module/kpt_pred.1/kpt_pred.1.4/Mul",
                    "addr": 200704,
                    "size": 256
                }
            ]
        },
        "kernel[14]": {
            "name": "DmaOut.layer.copy_out_2Fmodel2Fperson2Fhead_module2Fkpt_pred2E12Fkpt_pred2E12E42FMul_output_0",
            "idx": 14,
            "mem_used_rate": 0.0206298828125,
            "malloc": [],
            "used": [
                {
                    "name": "DummyConcat.layer./model/person/head_module/kpt_pred.1/kpt_pred.1.3/Conv_im_0.1",
                    "addr": 113408,
                    "size": 86528
                }
            ],
            "free": [
                {
                    "name": "DmaOut.layer.copy_out_2Fmodel2Fperson2Fhead_module2Fkpt_pred2E12Fkpt_pred2E12E42FMul_output_0",
                    "addr": 113408,
                    "size": 86528
                }
            ]
        }
    },
    "max_peak_size": [
        {
            "size": 212992
        }
    ]
}