{
    "banks": [
        {
            "addr": 0,
            "size": 0
        }
    ],
    "patch_reserve": [],
    "param_reserve": [],
    "ops": {
        "kernel[0]": {
            "name": "DmaIn.layer.copy_in_2Fmodel2Fperson2Fhead_module2Fkpt_pred2E22Fkpt_pred2E22E12Fpointwise_conv2Fconv2FConv_output_0",
            "idx": 0,
            "mem_used_rate": 0.00634765625,
            "malloc": [
                {
                    "addr": 0,
                    "ori_size": 0,
                    "size": 26624
                }
            ],
            "used": [
                {
                    "name": "DmaIn.layer.copy_in_2Fmodel2Fperson2Fhead_module2Fkpt_pred2E22Fkpt_pred2E22E12Fpointwise_conv2Fconv2FConv_output_0",
                    "addr": 0,
                    "size": 26624
                }
            ],
            "free": []
        },
        "kernel[1]": {
            "name": "FetchParam.layer.Activation.layer./model/person/head_module/kpt_pred.2/kpt_pred.2.1/pointwise_conv/activate/Sigmoid.c.0.fetch_param_data.layer",
            "idx": 1,
            "mem_used_rate": 0.0064697265625,
            "malloc": [
                {
                    "addr": 26624,
                    "ori_size": 0,
                    "size": 512
                }
            ],
            "used": [
                {
                    "name": "DmaIn.layer.copy_in_2Fmodel2Fperson2Fhead_module2Fkpt_pred2E22Fkpt_pred2E22E12Fpointwise_conv2Fconv2FConv_output_0",
                    "addr": 0,
                    "size": 26624
                },
                {
                    "name": "FetchParam.layer.Activation.layer./model/person/head_module/kpt_pred.2/kpt_pred.2.1/pointwise_conv/activate/Sigmoid.c.0.fetch_param_data.layer",
                    "addr": 26624,
                    "size": 512
                }
            ],
            "free": []
        },
        "kernel[2]": {
            "name": "FetchParam.layer.Activation.layer./model/person/head_module/kpt_pred.2/kpt_pred.2.1/pointwise_conv/activate/Sigmoid.c.1.fetch_param_data.layer",
            "idx": 2,
            "mem_used_rate": 0.006591796875,
            "malloc": [
                {
                    "addr": 27136,
                    "ori_size": 0,
                    "size": 512
                }
            ],
            "used": [
                {
                    "name": "DmaIn.layer.copy_in_2Fmodel2Fperson2Fhead_module2Fkpt_pred2E22Fkpt_pred2E22E12Fpointwise_conv2Fconv2FConv_output_0",
                    "addr": 0,
                    "size": 26624
                },
                {
                    "name": "FetchParam.layer.Activation.layer./model/person/head_module/kpt_pred.2/kpt_pred.2.1/pointwise_conv/activate/Sigmoid.c.0.fetch_param_data.layer",
                    "addr": 26624,
                    "size": 512
                },
                {
                    "name": "FetchParam.layer.Activation.layer./model/person/head_module/kpt_pred.2/kpt_pred.2.1/pointwise_conv/activate/Sigmoid.c.1.fetch_param_data.layer",
                    "addr": 27136,
                    "size": 512
                }
            ],
            "free": []
        },
        "kernel[3]": {
            "name": "Activation.layer./model/person/head_module/kpt_pred.2/kpt_pred.2.1/pointwise_conv/activate/Sigmoid.c.0",
            "idx": 3,
            "mem_used_rate": 0.006591796875,
            "malloc": [
                {
                    "addr": 0,
                    "ori_size": 0,
                    "size": 13312
                }
            ],
            "used": [
                {
                    "name": "DmaIn.layer.copy_in_2Fmodel2Fperson2Fhead_module2Fkpt_pred2E22Fkpt_pred2E22E12Fpointwise_conv2Fconv2FConv_output_0",
                    "addr": 0,
                    "size": 26624
                },
                {
                    "name": "FetchParam.layer.Activation.layer./model/person/head_module/kpt_pred.2/kpt_pred.2.1/pointwise_conv/activate/Sigmoid.c.0.fetch_param_data.layer",
                    "addr": 26624,
                    "size": 512
                },
                {
                    "name": "FetchParam.layer.Activation.layer./model/person/head_module/kpt_pred.2/kpt_pred.2.1/pointwise_conv/activate/Sigmoid.c.1.fetch_param_data.layer",
                    "addr": 27136,
                    "size": 512
                }
            ],
            "free": [
                {
                    "name": "Activation.layer./model/person/head_module/kpt_pred.2/kpt_pred.2.1/pointwise_conv/activate/Sigmoid.c.0",
                    "addr": 26624,
                    "size": 512
                }
            ]
        },
        "kernel[4]": {
            "name": "Activation.layer./model/person/head_module/kpt_pred.2/kpt_pred.2.1/pointwise_conv/activate/Sigmoid.c.1",
            "idx": 4,
            "mem_used_rate": 0.0064697265625,
            "malloc": [
                {
                    "addr": 13312,
                    "ori_size": 0,
                    "size": 13312
                }
            ],
            "used": [
                {
                    "name": "DmaIn.layer.copy_in_2Fmodel2Fperson2Fhead_module2Fkpt_pred2E22Fkpt_pred2E22E12Fpointwise_conv2Fconv2FConv_output_0",
                    "addr": 0,
                    "size": 26624
                },
                {
                    "name": "FetchParam.layer.Activation.layer./model/person/head_module/kpt_pred.2/kpt_pred.2.1/pointwise_conv/activate/Sigmoid.c.0.fetch_param_data.layer",
                    "addr": 26624,
                    "size": 512
                },
                {
                    "name": "FetchParam.layer.Activation.layer./model/person/head_module/kpt_pred.2/kpt_pred.2.1/pointwise_conv/activate/Sigmoid.c.1.fetch_param_data.layer",
                    "addr": 27136,
                    "size": 512
                }
            ],
            "free": [
                {
                    "name": "Activation.layer./model/person/head_module/kpt_pred.2/kpt_pred.2.1/pointwise_conv/activate/Sigmoid.c.1",
                    "addr": 27136,
                    "size": 512
                }
            ]
        },
        "kernel[5]": {
            "name": "DummyConcat.layer./model/person/head_module/kpt_pred.2/kpt_pred.2.1/pointwise_conv/activate/Sigmoid.0",
            "idx": 5,
            "mem_used_rate": 0.006591796875,
            "malloc": [
                {
                    "addr": 0,
                    "ori_size": 0,
                    "size": 26624
                }
            ],
            "used": [
                {
                    "name": "DmaIn.layer.copy_in_2Fmodel2Fperson2Fhead_module2Fkpt_pred2E22Fkpt_pred2E22E12Fpointwise_conv2Fconv2FConv_output_0",
                    "addr": 0,
                    "size": 26624
                },
                {
                    "name": "FetchParam.layer.Activation.layer./model/person/head_module/kpt_pred.2/kpt_pred.2.1/pointwise_conv/activate/Sigmoid.c.0.fetch_param_data.layer",
                    "addr": 26624,
                    "size": 512
                },
                {
                    "name": "FetchParam.layer.Activation.layer./model/person/head_module/kpt_pred.2/kpt_pred.2.1/pointwise_conv/activate/Sigmoid.c.1.fetch_param_data.layer",
                    "addr": 27136,
                    "size": 512
                }
            ],
            "free": []
        },
        "kernel[6]": {
            "name": "DmaOut.layer.copy_out_2Fmodel2Fperson2Fhead_module2Fkpt_pred2E22Fkpt_pred2E22E12Fpointwise_conv2Factivate2FSigmoid_output_0",
            "idx": 6,
            "mem_used_rate": 0.003173828125,
            "malloc": [],
            "used": [
                {
                    "name": "DmaIn.layer.copy_in_2Fmodel2Fperson2Fhead_module2Fkpt_pred2E22Fkpt_pred2E22E12Fpointwise_conv2Fconv2FConv_output_0",
                    "addr": 0,
                    "size": 26624
                }
            ],
            "free": [
                {
                    "name": "DmaOut.layer.copy_out_2Fmodel2Fperson2Fhead_module2Fkpt_pred2E22Fkpt_pred2E22E12Fpointwise_conv2Factivate2FSigmoid_output_0",
                    "addr": 0,
                    "size": 13312
                },
                {
                    "name": "DmaOut.layer.copy_out_2Fmodel2Fperson2Fhead_module2Fkpt_pred2E22Fkpt_pred2E22E12Fpointwise_conv2Factivate2FSigmoid_output_0",
                    "addr": 13312,
                    "size": 13312
                }
            ]
        }
    },
    "max_peak_size": [
        {
            "size": 27648
        }
    ]
}