{
    "banks": [
        {
            "addr": 0,
            "size": 0
        }
    ],
    "patch_reserve": [],
    "param_reserve": [],
    "ops": {
        "kernel[0]": {
            "name": "DmaIn.layer.copy_in_PPQ_Variable_18",
            "idx": 0,
            "mem_used_rate": 0.15625,
            "malloc": [
                {
                    "addr": 0,
                    "ori_size": 0,
                    "size": 655360
                }
            ],
            "used": [
                {
                    "name": "DmaIn.layer.copy_in_PPQ_Variable_18",
                    "addr": 0,
                    "size": 655360
                }
            ],
            "free": []
        },
        "kernel[1]": {
            "name": "FetchParam.layer.Activation.layer.PPQ_Operation_98.c.0.fetch_param_data.layer",
            "idx": 1,
            "mem_used_rate": 0.15631103515625,
            "malloc": [
                {
                    "addr": 655360,
                    "ori_size": 0,
                    "size": 256
                }
            ],
            "used": [
                {
                    "name": "DmaIn.layer.copy_in_PPQ_Variable_18",
                    "addr": 0,
                    "size": 655360
                },
                {
                    "name": "FetchParam.layer.Activation.layer.PPQ_Operation_98.c.0.fetch_param_data.layer",
                    "addr": 655360,
                    "size": 256
                }
            ],
            "free": []
        },
        "kernel[2]": {
            "name": "FetchParam.layer.Activation.layer.PPQ_Operation_98.c.1.fetch_param_data.layer",
            "idx": 2,
            "mem_used_rate": 0.1563720703125,
            "malloc": [
                {
                    "addr": 655616,
                    "ori_size": 0,
                    "size": 256
                }
            ],
            "used": [
                {
                    "name": "DmaIn.layer.copy_in_PPQ_Variable_18",
                    "addr": 0,
                    "size": 655360
                },
                {
                    "name": "FetchParam.layer.Activation.layer.PPQ_Operation_98.c.0.fetch_param_data.layer",
                    "addr": 655360,
                    "size": 256
                },
                {
                    "name": "FetchParam.layer.Activation.layer.PPQ_Operation_98.c.1.fetch_param_data.layer",
                    "addr": 655616,
                    "size": 256
                }
            ],
            "free": []
        },
        "kernel[3]": {
            "name": "DummyConcat.layer.PPQ_Operation_98.0",
            "idx": 3,
            "mem_used_rate": 0.2344970703125,
            "malloc": [
                {
                    "addr": 655872,
                    "ori_size": 0,
                    "size": 327680
                }
            ],
            "used": [
                {
                    "name": "DmaIn.layer.copy_in_PPQ_Variable_18",
                    "addr": 0,
                    "size": 655360
                },
                {
                    "name": "FetchParam.layer.Activation.layer.PPQ_Operation_98.c.0.fetch_param_data.layer",
                    "addr": 655360,
                    "size": 256
                },
                {
                    "name": "FetchParam.layer.Activation.layer.PPQ_Operation_98.c.1.fetch_param_data.layer",
                    "addr": 655616,
                    "size": 256
                },
                {
                    "name": "DummyConcat.layer.PPQ_Operation_98.0",
                    "addr": 655872,
                    "size": 327680
                }
            ],
            "free": []
        },
        "kernel[4]": {
            "name": "Activation.layer.PPQ_Operation_98.c.0",
            "idx": 4,
            "mem_used_rate": 0.1563720703125,
            "malloc": [],
            "used": [
                {
                    "name": "DmaIn.layer.copy_in_PPQ_Variable_18",
                    "addr": 0,
                    "size": 655360
                },
                {
                    "name": "FetchParam.layer.Activation.layer.PPQ_Operation_98.c.0.fetch_param_data.layer",
                    "addr": 655360,
                    "size": 256
                },
                {
                    "name": "FetchParam.layer.Activation.layer.PPQ_Operation_98.c.1.fetch_param_data.layer",
                    "addr": 655616,
                    "size": 256
                },
                {
                    "name": "DummyConcat.layer.PPQ_Operation_98.0",
                    "addr": 655872,
                    "size": 327680
                }
            ],
            "free": [
                {
                    "name": "Activation.layer.PPQ_Operation_98.c.0",
                    "addr": 0,
                    "size": 327680
                },
                {
                    "name": "Activation.layer.PPQ_Operation_98.c.0",
                    "addr": 655360,
                    "size": 256
                }
            ]
        },
        "kernel[5]": {
            "name": "Activation.layer.PPQ_Operation_98.c.1",
            "idx": 5,
            "mem_used_rate": 0.07818603515625,
            "malloc": [],
            "used": [
                {
                    "name": "DmaIn.layer.copy_in_PPQ_Variable_18",
                    "addr": 327680,
                    "size": 327680
                },
                {
                    "name": "FetchParam.layer.Activation.layer.PPQ_Operation_98.c.1.fetch_param_data.layer",
                    "addr": 655616,
                    "size": 256
                },
                {
                    "name": "DummyConcat.layer.PPQ_Operation_98.0",
                    "addr": 655872,
                    "size": 327680
                }
            ],
            "free": [
                {
                    "name": "Activation.layer.PPQ_Operation_98.c.1",
                    "addr": 327680,
                    "size": 327680
                },
                {
                    "name": "Activation.layer.PPQ_Operation_98.c.1",
                    "addr": 655616,
                    "size": 256
                }
            ]
        },
        "kernel[6]": {
            "name": "DmaOut.layer.copy_out_PPQ_Variable_111",
            "idx": 6,
            "mem_used_rate": 0.0390625,
            "malloc": [],
            "used": [
                {
                    "name": "DummyConcat.layer.PPQ_Operation_98.0",
                    "addr": 655872,
                    "size": 327680
                }
            ],
            "free": [
                {
                    "name": "DmaOut.layer.copy_out_PPQ_Variable_111",
                    "addr": 655872,
                    "size": 163840
                },
                {
                    "name": "DmaOut.layer.copy_out_PPQ_Variable_111",
                    "addr": 819712,
                    "size": 163840
                }
            ]
        }
    },
    "max_peak_size": [
        {
            "size": 655872
        }
    ]
}