{
    "banks": [
        {
            "addr": 0,
            "size": 0
        }
    ],
    "patch_reserve": [],
    "param_reserve": [],
    "ops": {
        "kernel[0]": {
            "name": "DmaIn.layer.copy_in_386",
            "idx": 0,
            "mem_used_rate": 0.048828125,
            "malloc": [
                {
                    "addr": 0,
                    "ori_size": 0,
                    "size": 204800
                }
            ],
            "used": [
                {
                    "name": "DmaIn.layer.copy_in_386",
                    "addr": 0,
                    "size": 204800
                }
            ],
            "free": []
        },
        "kernel[1]": {
            "name": "FetchParam.layer.Activation.layer.Sigmoid_174.c.0.fetch_param_data.layer",
            "idx": 1,
            "mem_used_rate": 0.0489501953125,
            "malloc": [
                {
                    "addr": 204800,
                    "ori_size": 0,
                    "size": 512
                }
            ],
            "used": [
                {
                    "name": "DmaIn.layer.copy_in_386",
                    "addr": 0,
                    "size": 204800
                },
                {
                    "name": "FetchParam.layer.Activation.layer.Sigmoid_174.c.0.fetch_param_data.layer",
                    "addr": 204800,
                    "size": 512
                }
            ],
            "free": []
        },
        "kernel[2]": {
            "name": "FetchParam.layer.Activation.layer.Sigmoid_174.c.1.fetch_param_data.layer",
            "idx": 2,
            "mem_used_rate": 0.049072265625,
            "malloc": [
                {
                    "addr": 205312,
                    "ori_size": 0,
                    "size": 512
                }
            ],
            "used": [
                {
                    "name": "DmaIn.layer.copy_in_386",
                    "addr": 0,
                    "size": 204800
                },
                {
                    "name": "FetchParam.layer.Activation.layer.Sigmoid_174.c.0.fetch_param_data.layer",
                    "addr": 204800,
                    "size": 512
                },
                {
                    "name": "FetchParam.layer.Activation.layer.Sigmoid_174.c.1.fetch_param_data.layer",
                    "addr": 205312,
                    "size": 512
                }
            ],
            "free": []
        },
        "kernel[3]": {
            "name": "Activation.layer.Sigmoid_174.c.0",
            "idx": 3,
            "mem_used_rate": 0.049072265625,
            "malloc": [
                {
                    "addr": 0,
                    "ori_size": 0,
                    "size": 102400
                }
            ],
            "used": [
                {
                    "name": "DmaIn.layer.copy_in_386",
                    "addr": 0,
                    "size": 204800
                },
                {
                    "name": "FetchParam.layer.Activation.layer.Sigmoid_174.c.0.fetch_param_data.layer",
                    "addr": 204800,
                    "size": 512
                },
                {
                    "name": "FetchParam.layer.Activation.layer.Sigmoid_174.c.1.fetch_param_data.layer",
                    "addr": 205312,
                    "size": 512
                }
            ],
            "free": [
                {
                    "name": "Activation.layer.Sigmoid_174.c.0",
                    "addr": 204800,
                    "size": 512
                }
            ]
        },
        "kernel[4]": {
            "name": "Activation.layer.Sigmoid_174.c.1",
            "idx": 4,
            "mem_used_rate": 0.0489501953125,
            "malloc": [
                {
                    "addr": 102400,
                    "ori_size": 0,
                    "size": 102400
                }
            ],
            "used": [
                {
                    "name": "DmaIn.layer.copy_in_386",
                    "addr": 0,
                    "size": 204800
                },
                {
                    "name": "FetchParam.layer.Activation.layer.Sigmoid_174.c.0.fetch_param_data.layer",
                    "addr": 204800,
                    "size": 512
                },
                {
                    "name": "FetchParam.layer.Activation.layer.Sigmoid_174.c.1.fetch_param_data.layer",
                    "addr": 205312,
                    "size": 512
                }
            ],
            "free": [
                {
                    "name": "Activation.layer.Sigmoid_174.c.1",
                    "addr": 205312,
                    "size": 512
                }
            ]
        },
        "kernel[5]": {
            "name": "DummyConcat.layer.Sigmoid_174.0",
            "idx": 5,
            "mem_used_rate": 0.049072265625,
            "malloc": [
                {
                    "addr": 0,
                    "ori_size": 0,
                    "size": 204800
                }
            ],
            "used": [
                {
                    "name": "DmaIn.layer.copy_in_386",
                    "addr": 0,
                    "size": 204800
                },
                {
                    "name": "FetchParam.layer.Activation.layer.Sigmoid_174.c.0.fetch_param_data.layer",
                    "addr": 204800,
                    "size": 512
                },
                {
                    "name": "FetchParam.layer.Activation.layer.Sigmoid_174.c.1.fetch_param_data.layer",
                    "addr": 205312,
                    "size": 512
                }
            ],
            "free": []
        },
        "kernel[6]": {
            "name": "DmaOut.layer.copy_out_387",
            "idx": 6,
            "mem_used_rate": 0.0244140625,
            "malloc": [],
            "used": [
                {
                    "name": "DmaIn.layer.copy_in_386",
                    "addr": 0,
                    "size": 204800
                }
            ],
            "free": [
                {
                    "name": "DmaOut.layer.copy_out_387",
                    "addr": 0,
                    "size": 102400
                },
                {
                    "name": "DmaOut.layer.copy_out_387",
                    "addr": 102400,
                    "size": 102400
                }
            ]
        }
    },
    "max_peak_size": [
        {
            "size": 205824
        }
    ]
}