{
    "banks": [
        {
            "addr": 0,
            "size": 0
        }
    ],
    "patch_reserve": [],
    "param_reserve": [],
    "ops": {
        "kernel[0]": {
            "name": "DmaIn.layer.copy_in__im_PropagateOutputNames_added_name_19",
            "idx": 0,
            "mem_used_rate": 0.0888671875,
            "malloc": [
                {
                    "addr": 3821568,
                    "ori_size": 0,
                    "size": 372736
                }
            ],
            "used": [
                {
                    "name": "DmaIn.layer.copy_in__im_PropagateOutputNames_added_name_19",
                    "addr": 3821568,
                    "size": 372736
                }
            ],
            "free": []
        },
        "kernel[1]": {
            "name": "DmaIn.layer.copy_in_2Fmodel2Fhead2Fhead_module2Fcls_pred2E02FConv_output_0",
            "idx": 1,
            "mem_used_rate": 0.0904541015625,
            "malloc": [
                {
                    "addr": 0,
                    "ori_size": 0,
                    "size": 6656
                }
            ],
            "used": [
                {
                    "name": "DmaIn.layer.copy_in__im_PropagateOutputNames_added_name_19",
                    "addr": 3821568,
                    "size": 372736
                },
                {
                    "name": "DmaIn.layer.copy_in_2Fmodel2Fhead2Fhead_module2Fcls_pred2E02FConv_output_0",
                    "addr": 0,
                    "size": 6656
                }
            ],
            "free": []
        },
        "kernel[2]": {
            "name": "Concat.layer.im_propagate_output_names_generated_span_12",
            "idx": 2,
            "mem_used_rate": 0.092041015625,
            "malloc": [
                {
                    "addr": 6656,
                    "ori_size": 0,
                    "size": 379392
                }
            ],
            "used": [
                {
                    "name": "DmaIn.layer.copy_in__im_PropagateOutputNames_added_name_19",
                    "addr": 3821568,
                    "size": 372736
                },
                {
                    "name": "DmaIn.layer.copy_in_2Fmodel2Fhead2Fhead_module2Fcls_pred2E02FConv_output_0",
                    "addr": 0,
                    "size": 6656
                },
                {
                    "name": "Concat.layer.im_propagate_output_names_generated_span_12",
                    "addr": 6656,
                    "size": 379392
                }
            ],
            "free": [
                {
                    "name": "Concat.layer.im_propagate_output_names_generated_span_12",
                    "addr": 3821568,
                    "size": 372736
                },
                {
                    "name": "Concat.layer.im_propagate_output_names_generated_span_12",
                    "addr": 0,
                    "size": 6656
                }
            ]
        },
        "kernel[3]": {
            "name": "DmaOut.layer.copy_out__im_PropagateOutputNames_added_name_20",
            "idx": 3,
            "mem_used_rate": 0.0904541015625,
            "malloc": [],
            "used": [
                {
                    "name": "Concat.layer.im_propagate_output_names_generated_span_12",
                    "addr": 6656,
                    "size": 379392
                }
            ],
            "free": [
                {
                    "name": "DmaOut.layer.copy_out__im_PropagateOutputNames_added_name_20",
                    "addr": 6656,
                    "size": 379392
                }
            ]
        }
    },
    "max_peak_size": [
        {
            "size": 379392
        }
    ]
}