{
    "banks": [
        {
            "addr": 0,
            "size": 0
        }
    ],
    "patch_reserve": [],
    "param_reserve": [],
    "ops": {
        "kernel[0]": {
            "name": "DmaIn.layer.copy_in__im_PropagateOutputNames_added_name_27",
            "idx": 0,
            "mem_used_rate": 0.022216796875,
            "malloc": [
                {
                    "addr": 4101120,
                    "ori_size": 0,
                    "size": 93184
                }
            ],
            "used": [
                {
                    "name": "DmaIn.layer.copy_in__im_PropagateOutputNames_added_name_27",
                    "addr": 4101120,
                    "size": 93184
                }
            ],
            "free": []
        },
        "kernel[1]": {
            "name": "DmaIn.layer.copy_in_2Fmodel2Fhead2Fhead_module2Fcls_pred2E12FConv_output_0",
            "idx": 1,
            "mem_used_rate": 0.022613525390625,
            "malloc": [
                {
                    "addr": 0,
                    "ori_size": 0,
                    "size": 1664
                }
            ],
            "used": [
                {
                    "name": "DmaIn.layer.copy_in__im_PropagateOutputNames_added_name_27",
                    "addr": 4101120,
                    "size": 93184
                },
                {
                    "name": "DmaIn.layer.copy_in_2Fmodel2Fhead2Fhead_module2Fcls_pred2E12FConv_output_0",
                    "addr": 0,
                    "size": 1664
                }
            ],
            "free": []
        },
        "kernel[2]": {
            "name": "Concat.layer.im_propagate_output_names_generated_span_20",
            "idx": 2,
            "mem_used_rate": 0.02301025390625,
            "malloc": [
                {
                    "addr": 1792,
                    "ori_size": 0,
                    "size": 94848
                }
            ],
            "used": [
                {
                    "name": "DmaIn.layer.copy_in__im_PropagateOutputNames_added_name_27",
                    "addr": 4101120,
                    "size": 93184
                },
                {
                    "name": "DmaIn.layer.copy_in_2Fmodel2Fhead2Fhead_module2Fcls_pred2E12FConv_output_0",
                    "addr": 0,
                    "size": 1664
                },
                {
                    "name": "Concat.layer.im_propagate_output_names_generated_span_20",
                    "addr": 1792,
                    "size": 94848
                }
            ],
            "free": [
                {
                    "name": "Concat.layer.im_propagate_output_names_generated_span_20",
                    "addr": 4101120,
                    "size": 93184
                },
                {
                    "name": "Concat.layer.im_propagate_output_names_generated_span_20",
                    "addr": 0,
                    "size": 1664
                }
            ]
        },
        "kernel[3]": {
            "name": "DmaOut.layer.copy_out__im_PropagateOutputNames_added_name_28",
            "idx": 3,
            "mem_used_rate": 0.022613525390625,
            "malloc": [],
            "used": [
                {
                    "name": "Concat.layer.im_propagate_output_names_generated_span_20",
                    "addr": 1792,
                    "size": 94848
                }
            ],
            "free": [
                {
                    "name": "DmaOut.layer.copy_out__im_PropagateOutputNames_added_name_28",
                    "addr": 1792,
                    "size": 94848
                }
            ]
        }
    },
    "max_peak_size": [
        {
            "size": 94848
        }
    ]
}