{
    "banks": [
        {
            "addr": 0,
            "size": 0
        }
    ],
    "patch_reserve": [],
    "param_reserve": [],
    "ops": {
        "kernel[0]": {
            "name": "DmaIn.layer.copy_in__im_PropagateOutputNames_added_name_39",
            "idx": 0,
            "mem_used_rate": 0.0065460205078125,
            "malloc": [
                {
                    "addr": 4166848,
                    "ori_size": 0,
                    "size": 27456
                }
            ],
            "used": [
                {
                    "name": "DmaIn.layer.copy_in__im_PropagateOutputNames_added_name_39",
                    "addr": 4166848,
                    "size": 27456
                }
            ],
            "free": []
        },
        "kernel[1]": {
            "name": "DmaIn.layer.copy_in_2Fmodel2Fface2Fhead_module2Fcls_pred2E22FConv_output_0",
            "idx": 1,
            "mem_used_rate": 0.00664520263671875,
            "malloc": [
                {
                    "addr": 0,
                    "ori_size": 0,
                    "size": 416
                }
            ],
            "used": [
                {
                    "name": "DmaIn.layer.copy_in__im_PropagateOutputNames_added_name_39",
                    "addr": 4166848,
                    "size": 27456
                },
                {
                    "name": "DmaIn.layer.copy_in_2Fmodel2Fface2Fhead_module2Fcls_pred2E22FConv_output_0",
                    "addr": 0,
                    "size": 416
                }
            ],
            "free": []
        },
        "kernel[2]": {
            "name": "Concat.layer.im_propagate_output_names_generated_span_32",
            "idx": 2,
            "mem_used_rate": 0.00684356689453125,
            "malloc": [
                {
                    "addr": 512,
                    "ori_size": 0,
                    "size": 28288
                }
            ],
            "used": [
                {
                    "name": "DmaIn.layer.copy_in__im_PropagateOutputNames_added_name_39",
                    "addr": 4166848,
                    "size": 27456
                },
                {
                    "name": "DmaIn.layer.copy_in_2Fmodel2Fface2Fhead_module2Fcls_pred2E22FConv_output_0",
                    "addr": 0,
                    "size": 416
                },
                {
                    "name": "Concat.layer.im_propagate_output_names_generated_span_32",
                    "addr": 512,
                    "size": 28288
                }
            ],
            "free": [
                {
                    "name": "Concat.layer.im_propagate_output_names_generated_span_32",
                    "addr": 4166848,
                    "size": 27456
                },
                {
                    "name": "Concat.layer.im_propagate_output_names_generated_span_32",
                    "addr": 0,
                    "size": 416
                }
            ]
        },
        "kernel[3]": {
            "name": "DmaOut.layer.copy_out__im_PropagateOutputNames_added_name_40",
            "idx": 3,
            "mem_used_rate": 0.006744384765625,
            "malloc": [],
            "used": [
                {
                    "name": "Concat.layer.im_propagate_output_names_generated_span_32",
                    "addr": 512,
                    "size": 28288
                }
            ],
            "free": [
                {
                    "name": "DmaOut.layer.copy_out__im_PropagateOutputNames_added_name_40",
                    "addr": 512,
                    "size": 28288
                }
            ]
        }
    },
    "max_peak_size": [
        {
            "size": 28288
        }
    ]
}