{
    "banks": [
        {
            "addr": 0,
            "size": 0
        }
    ],
    "patch_reserve": [],
    "param_reserve": [],
    "ops": {
        "kernel[0]": {
            "name": "DmaIn.layer.copy_in_2Fmodel2Fneck2Fbottom_up_blocks2E12Fm2E02Fcv12Fcna2Factivate2FRelu_output_0",
            "idx": 0,
            "mem_used_rate": 0.00634765625,
            "malloc": [
                {
                    "addr": 0,
                    "ori_size": 0,
                    "size": 26624
                }
            ],
            "used": [
                {
                    "name": "DmaIn.layer.copy_in_2Fmodel2Fneck2Fbottom_up_blocks2E12Fm2E02Fcv12Fcna2Factivate2FRelu_output_0",
                    "addr": 0,
                    "size": 26624
                }
            ],
            "free": []
        },
        "kernel[1]": {
            "name": "FetchParam.layer.ConvFusion.layer./model/neck/bottom_up_blocks.1/m.0/m/m.0/cv1/cna/conv/Conv_im_0.fused./model/neck/bottom_up_blocks.1/m.0/m/m.0/cv1/cna/activate/Relu.split.co.0.fetch_param_data.layer",
            "idx": 1,
            "mem_used_rate": 0.02203369140625,
            "malloc": [
                {
                    "addr": 26624,
                    "ori_size": 0,
                    "size": 65792
                }
            ],
            "used": [
                {
                    "name": "DmaIn.layer.copy_in_2Fmodel2Fneck2Fbottom_up_blocks2E12Fm2E02Fcv12Fcna2Factivate2FRelu_output_0",
                    "addr": 0,
                    "size": 26624
                },
                {
                    "name": "FetchParam.layer.ConvFusion.layer./model/neck/bottom_up_blocks.1/m.0/m/m.0/cv1/cna/conv/Conv_im_0.fused./model/neck/bottom_up_blocks.1/m.0/m/m.0/cv1/cna/activate/Relu.split.co.0.fetch_param_data.layer",
                    "addr": 26624,
                    "size": 65792
                }
            ],
            "free": []
        },
        "kernel[2]": {
            "name": "FetchParam.layer.ConvFusion.layer./model/neck/bottom_up_blocks.1/m.0/m/m.0/cv1/cna/conv/Conv_im_0.fused./model/neck/bottom_up_blocks.1/m.0/m/m.0/cv1/cna/activate/Relu.split.co.1.fetch_param_data.layer",
            "idx": 2,
            "mem_used_rate": 0.0377197265625,
            "malloc": [
                {
                    "addr": 92416,
                    "ori_size": 0,
                    "size": 65792
                }
            ],
            "used": [
                {
                    "name": "DmaIn.layer.copy_in_2Fmodel2Fneck2Fbottom_up_blocks2E12Fm2E02Fcv12Fcna2Factivate2FRelu_output_0",
                    "addr": 0,
                    "size": 26624
                },
                {
                    "name": "FetchParam.layer.ConvFusion.layer./model/neck/bottom_up_blocks.1/m.0/m/m.0/cv1/cna/conv/Conv_im_0.fused./model/neck/bottom_up_blocks.1/m.0/m/m.0/cv1/cna/activate/Relu.split.co.0.fetch_param_data.layer",
                    "addr": 26624,
                    "size": 65792
                },
                {
                    "name": "FetchParam.layer.ConvFusion.layer./model/neck/bottom_up_blocks.1/m.0/m/m.0/cv1/cna/conv/Conv_im_0.fused./model/neck/bottom_up_blocks.1/m.0/m/m.0/cv1/cna/activate/Relu.split.co.1.fetch_param_data.layer",
                    "addr": 92416,
                    "size": 65792
                }
            ],
            "free": []
        },
        "kernel[3]": {
            "name": "DummyConcat.layer./model/neck/bottom_up_blocks.1/m.0/m/m.0/cv1/cna/conv/Conv_im_0.fused./model/neck/bottom_up_blocks.1/m.0/m/m.0/cv1/cna/activate/Relu.0",
            "idx": 3,
            "mem_used_rate": 0.0440673828125,
            "malloc": [
                {
                    "addr": 158208,
                    "ori_size": 0,
                    "size": 26624
                }
            ],
            "used": [
                {
                    "name": "DmaIn.layer.copy_in_2Fmodel2Fneck2Fbottom_up_blocks2E12Fm2E02Fcv12Fcna2Factivate2FRelu_output_0",
                    "addr": 0,
                    "size": 26624
                },
                {
                    "name": "FetchParam.layer.ConvFusion.layer./model/neck/bottom_up_blocks.1/m.0/m/m.0/cv1/cna/conv/Conv_im_0.fused./model/neck/bottom_up_blocks.1/m.0/m/m.0/cv1/cna/activate/Relu.split.co.0.fetch_param_data.layer",
                    "addr": 26624,
                    "size": 65792
                },
                {
                    "name": "FetchParam.layer.ConvFusion.layer./model/neck/bottom_up_blocks.1/m.0/m/m.0/cv1/cna/conv/Conv_im_0.fused./model/neck/bottom_up_blocks.1/m.0/m/m.0/cv1/cna/activate/Relu.split.co.1.fetch_param_data.layer",
                    "addr": 92416,
                    "size": 65792
                },
                {
                    "name": "DummyConcat.layer./model/neck/bottom_up_blocks.1/m.0/m/m.0/cv1/cna/conv/Conv_im_0.fused./model/neck/bottom_up_blocks.1/m.0/m/m.0/cv1/cna/activate/Relu.0",
                    "addr": 158208,
                    "size": 26624
                }
            ],
            "free": []
        },
        "kernel[4]": {
            "name": "ConvFusion.layer./model/neck/bottom_up_blocks.1/m.0/m/m.0/cv1/cna/conv/Conv_im_0.fused./model/neck/bottom_up_blocks.1/m.0/m/m.0/cv1/cna/activate/Relu.split.co.0",
            "idx": 4,
            "mem_used_rate": 0.0440673828125,
            "malloc": [],
            "used": [
                {
                    "name": "DmaIn.layer.copy_in_2Fmodel2Fneck2Fbottom_up_blocks2E12Fm2E02Fcv12Fcna2Factivate2FRelu_output_0",
                    "addr": 0,
                    "size": 26624
                },
                {
                    "name": "FetchParam.layer.ConvFusion.layer./model/neck/bottom_up_blocks.1/m.0/m/m.0/cv1/cna/conv/Conv_im_0.fused./model/neck/bottom_up_blocks.1/m.0/m/m.0/cv1/cna/activate/Relu.split.co.0.fetch_param_data.layer",
                    "addr": 26624,
                    "size": 65792
                },
                {
                    "name": "FetchParam.layer.ConvFusion.layer./model/neck/bottom_up_blocks.1/m.0/m/m.0/cv1/cna/conv/Conv_im_0.fused./model/neck/bottom_up_blocks.1/m.0/m/m.0/cv1/cna/activate/Relu.split.co.1.fetch_param_data.layer",
                    "addr": 92416,
                    "size": 65792
                },
                {
                    "name": "DummyConcat.layer./model/neck/bottom_up_blocks.1/m.0/m/m.0/cv1/cna/conv/Conv_im_0.fused./model/neck/bottom_up_blocks.1/m.0/m/m.0/cv1/cna/activate/Relu.0",
                    "addr": 158208,
                    "size": 26624
                }
            ],
            "free": [
                {
                    "name": "ConvFusion.layer./model/neck/bottom_up_blocks.1/m.0/m/m.0/cv1/cna/conv/Conv_im_0.fused./model/neck/bottom_up_blocks.1/m.0/m/m.0/cv1/cna/activate/Relu.split.co.0",
                    "addr": 26624,
                    "size": 65792
                }
            ]
        },
        "kernel[5]": {
            "name": "ConvFusion.layer./model/neck/bottom_up_blocks.1/m.0/m/m.0/cv1/cna/conv/Conv_im_0.fused./model/neck/bottom_up_blocks.1/m.0/m/m.0/cv1/cna/activate/Relu.split.co.1",
            "idx": 5,
            "mem_used_rate": 0.02203369140625,
            "malloc": [],
            "used": [
                {
                    "name": "DmaIn.layer.copy_in_2Fmodel2Fneck2Fbottom_up_blocks2E12Fm2E02Fcv12Fcna2Factivate2FRelu_output_0",
                    "addr": 0,
                    "size": 26624
                },
                {
                    "name": "FetchParam.layer.ConvFusion.layer./model/neck/bottom_up_blocks.1/m.0/m/m.0/cv1/cna/conv/Conv_im_0.fused./model/neck/bottom_up_blocks.1/m.0/m/m.0/cv1/cna/activate/Relu.split.co.1.fetch_param_data.layer",
                    "addr": 92416,
                    "size": 65792
                },
                {
                    "name": "DummyConcat.layer./model/neck/bottom_up_blocks.1/m.0/m/m.0/cv1/cna/conv/Conv_im_0.fused./model/neck/bottom_up_blocks.1/m.0/m/m.0/cv1/cna/activate/Relu.0",
                    "addr": 158208,
                    "size": 26624
                }
            ],
            "free": [
                {
                    "name": "ConvFusion.layer./model/neck/bottom_up_blocks.1/m.0/m/m.0/cv1/cna/conv/Conv_im_0.fused./model/neck/bottom_up_blocks.1/m.0/m/m.0/cv1/cna/activate/Relu.split.co.1",
                    "addr": 0,
                    "size": 26624
                },
                {
                    "name": "ConvFusion.layer./model/neck/bottom_up_blocks.1/m.0/m/m.0/cv1/cna/conv/Conv_im_0.fused./model/neck/bottom_up_blocks.1/m.0/m/m.0/cv1/cna/activate/Relu.split.co.1",
                    "addr": 92416,
                    "size": 65792
                }
            ]
        },
        "kernel[6]": {
            "name": "FetchParam.layer.ConvFusion.layer./model/neck/bottom_up_blocks.1/m.0/m/m.0/cv2/cna/conv/Conv_im_0.fused./model/neck/bottom_up_blocks.1/m.0/m/m.0/cv2/cna/activate/Relu.split.co.0.fetch_param_data.layer",
            "idx": 6,
            "mem_used_rate": 0.02203369140625,
            "malloc": [
                {
                    "addr": 184832,
                    "ori_size": 0,
                    "size": 65792
                }
            ],
            "used": [
                {
                    "name": "DummyConcat.layer./model/neck/bottom_up_blocks.1/m.0/m/m.0/cv1/cna/conv/Conv_im_0.fused./model/neck/bottom_up_blocks.1/m.0/m/m.0/cv1/cna/activate/Relu.0",
                    "addr": 158208,
                    "size": 26624
                },
                {
                    "name": "FetchParam.layer.ConvFusion.layer./model/neck/bottom_up_blocks.1/m.0/m/m.0/cv2/cna/conv/Conv_im_0.fused./model/neck/bottom_up_blocks.1/m.0/m/m.0/cv2/cna/activate/Relu.split.co.0.fetch_param_data.layer",
                    "addr": 184832,
                    "size": 65792
                }
            ],
            "free": []
        },
        "kernel[7]": {
            "name": "FetchParam.layer.ConvFusion.layer./model/neck/bottom_up_blocks.1/m.0/m/m.0/cv2/cna/conv/Conv_im_0.fused./model/neck/bottom_up_blocks.1/m.0/m/m.0/cv2/cna/activate/Relu.split.co.1.fetch_param_data.layer",
            "idx": 7,
            "mem_used_rate": 0.0377197265625,
            "malloc": [
                {
                    "addr": 250624,
                    "ori_size": 0,
                    "size": 65792
                }
            ],
            "used": [
                {
                    "name": "DummyConcat.layer./model/neck/bottom_up_blocks.1/m.0/m/m.0/cv1/cna/conv/Conv_im_0.fused./model/neck/bottom_up_blocks.1/m.0/m/m.0/cv1/cna/activate/Relu.0",
                    "addr": 158208,
                    "size": 26624
                },
                {
                    "name": "FetchParam.layer.ConvFusion.layer./model/neck/bottom_up_blocks.1/m.0/m/m.0/cv2/cna/conv/Conv_im_0.fused./model/neck/bottom_up_blocks.1/m.0/m/m.0/cv2/cna/activate/Relu.split.co.0.fetch_param_data.layer",
                    "addr": 184832,
                    "size": 65792
                },
                {
                    "name": "FetchParam.layer.ConvFusion.layer./model/neck/bottom_up_blocks.1/m.0/m/m.0/cv2/cna/conv/Conv_im_0.fused./model/neck/bottom_up_blocks.1/m.0/m/m.0/cv2/cna/activate/Relu.split.co.1.fetch_param_data.layer",
                    "addr": 250624,
                    "size": 65792
                }
            ],
            "free": []
        },
        "kernel[8]": {
            "name": "DummyConcat.layer./model/neck/bottom_up_blocks.1/m.0/m/m.0/cv2/cna/conv/Conv_im_0.fused./model/neck/bottom_up_blocks.1/m.0/m/m.0/cv2/cna/activate/Relu.0",
            "idx": 8,
            "mem_used_rate": 0.0440673828125,
            "malloc": [
                {
                    "addr": 316416,
                    "ori_size": 0,
                    "size": 26624
                }
            ],
            "used": [
                {
                    "name": "DummyConcat.layer./model/neck/bottom_up_blocks.1/m.0/m/m.0/cv1/cna/conv/Conv_im_0.fused./model/neck/bottom_up_blocks.1/m.0/m/m.0/cv1/cna/activate/Relu.0",
                    "addr": 158208,
                    "size": 26624
                },
                {
                    "name": "FetchParam.layer.ConvFusion.layer./model/neck/bottom_up_blocks.1/m.0/m/m.0/cv2/cna/conv/Conv_im_0.fused./model/neck/bottom_up_blocks.1/m.0/m/m.0/cv2/cna/activate/Relu.split.co.0.fetch_param_data.layer",
                    "addr": 184832,
                    "size": 65792
                },
                {
                    "name": "FetchParam.layer.ConvFusion.layer./model/neck/bottom_up_blocks.1/m.0/m/m.0/cv2/cna/conv/Conv_im_0.fused./model/neck/bottom_up_blocks.1/m.0/m/m.0/cv2/cna/activate/Relu.split.co.1.fetch_param_data.layer",
                    "addr": 250624,
                    "size": 65792
                },
                {
                    "name": "DummyConcat.layer./model/neck/bottom_up_blocks.1/m.0/m/m.0/cv2/cna/conv/Conv_im_0.fused./model/neck/bottom_up_blocks.1/m.0/m/m.0/cv2/cna/activate/Relu.0",
                    "addr": 316416,
                    "size": 26624
                }
            ],
            "free": []
        },
        "kernel[9]": {
            "name": "ConvFusion.layer./model/neck/bottom_up_blocks.1/m.0/m/m.0/cv2/cna/conv/Conv_im_0.fused./model/neck/bottom_up_blocks.1/m.0/m/m.0/cv2/cna/activate/Relu.split.co.0",
            "idx": 9,
            "mem_used_rate": 0.0440673828125,
            "malloc": [],
            "used": [
                {
                    "name": "DummyConcat.layer./model/neck/bottom_up_blocks.1/m.0/m/m.0/cv1/cna/conv/Conv_im_0.fused./model/neck/bottom_up_blocks.1/m.0/m/m.0/cv1/cna/activate/Relu.0",
                    "addr": 158208,
                    "size": 26624
                },
                {
                    "name": "FetchParam.layer.ConvFusion.layer./model/neck/bottom_up_blocks.1/m.0/m/m.0/cv2/cna/conv/Conv_im_0.fused./model/neck/bottom_up_blocks.1/m.0/m/m.0/cv2/cna/activate/Relu.split.co.0.fetch_param_data.layer",
                    "addr": 184832,
                    "size": 65792
                },
                {
                    "name": "FetchParam.layer.ConvFusion.layer./model/neck/bottom_up_blocks.1/m.0/m/m.0/cv2/cna/conv/Conv_im_0.fused./model/neck/bottom_up_blocks.1/m.0/m/m.0/cv2/cna/activate/Relu.split.co.1.fetch_param_data.layer",
                    "addr": 250624,
                    "size": 65792
                },
                {
                    "name": "DummyConcat.layer./model/neck/bottom_up_blocks.1/m.0/m/m.0/cv2/cna/conv/Conv_im_0.fused./model/neck/bottom_up_blocks.1/m.0/m/m.0/cv2/cna/activate/Relu.0",
                    "addr": 316416,
                    "size": 26624
                }
            ],
            "free": [
                {
                    "name": "ConvFusion.layer./model/neck/bottom_up_blocks.1/m.0/m/m.0/cv2/cna/conv/Conv_im_0.fused./model/neck/bottom_up_blocks.1/m.0/m/m.0/cv2/cna/activate/Relu.split.co.0",
                    "addr": 184832,
                    "size": 65792
                }
            ]
        },
        "kernel[10]": {
            "name": "ConvFusion.layer./model/neck/bottom_up_blocks.1/m.0/m/m.0/cv2/cna/conv/Conv_im_0.fused./model/neck/bottom_up_blocks.1/m.0/m/m.0/cv2/cna/activate/Relu.split.co.1",
            "idx": 10,
            "mem_used_rate": 0.02203369140625,
            "malloc": [],
            "used": [
                {
                    "name": "DummyConcat.layer./model/neck/bottom_up_blocks.1/m.0/m/m.0/cv1/cna/conv/Conv_im_0.fused./model/neck/bottom_up_blocks.1/m.0/m/m.0/cv1/cna/activate/Relu.0",
                    "addr": 158208,
                    "size": 26624
                },
                {
                    "name": "FetchParam.layer.ConvFusion.layer./model/neck/bottom_up_blocks.1/m.0/m/m.0/cv2/cna/conv/Conv_im_0.fused./model/neck/bottom_up_blocks.1/m.0/m/m.0/cv2/cna/activate/Relu.split.co.1.fetch_param_data.layer",
                    "addr": 250624,
                    "size": 65792
                },
                {
                    "name": "DummyConcat.layer./model/neck/bottom_up_blocks.1/m.0/m/m.0/cv2/cna/conv/Conv_im_0.fused./model/neck/bottom_up_blocks.1/m.0/m/m.0/cv2/cna/activate/Relu.0",
                    "addr": 316416,
                    "size": 26624
                }
            ],
            "free": [
                {
                    "name": "ConvFusion.layer./model/neck/bottom_up_blocks.1/m.0/m/m.0/cv2/cna/conv/Conv_im_0.fused./model/neck/bottom_up_blocks.1/m.0/m/m.0/cv2/cna/activate/Relu.split.co.1",
                    "addr": 158208,
                    "size": 13312
                },
                {
                    "name": "ConvFusion.layer./model/neck/bottom_up_blocks.1/m.0/m/m.0/cv2/cna/conv/Conv_im_0.fused./model/neck/bottom_up_blocks.1/m.0/m/m.0/cv2/cna/activate/Relu.split.co.1",
                    "addr": 171520,
                    "size": 13312
                },
                {
                    "name": "ConvFusion.layer./model/neck/bottom_up_blocks.1/m.0/m/m.0/cv2/cna/conv/Conv_im_0.fused./model/neck/bottom_up_blocks.1/m.0/m/m.0/cv2/cna/activate/Relu.split.co.1",
                    "addr": 250624,
                    "size": 65792
                }
            ]
        },
        "kernel[11]": {
            "name": "DmaOut.layer.copy_out_2Fmodel2Fneck2Fbottom_up_blocks2E12Fm2E02Fm2Fm2E02Fcv22Fcna2Factivate2FRelu_output_0",
            "idx": 11,
            "mem_used_rate": 0.003173828125,
            "malloc": [],
            "used": [
                {
                    "name": "DummyConcat.layer./model/neck/bottom_up_blocks.1/m.0/m/m.0/cv2/cna/conv/Conv_im_0.fused./model/neck/bottom_up_blocks.1/m.0/m/m.0/cv2/cna/activate/Relu.0",
                    "addr": 316416,
                    "size": 26624
                }
            ],
            "free": [
                {
                    "name": "DmaOut.layer.copy_out_2Fmodel2Fneck2Fbottom_up_blocks2E12Fm2E02Fm2Fm2E02Fcv22Fcna2Factivate2FRelu_output_0",
                    "addr": 316416,
                    "size": 13312
                },
                {
                    "name": "DmaOut.layer.copy_out_2Fmodel2Fneck2Fbottom_up_blocks2E12Fm2E02Fm2Fm2E02Fcv22Fcna2Factivate2FRelu_output_0",
                    "addr": 329728,
                    "size": 13312
                }
            ]
        }
    },
    "max_peak_size": [
        {
            "size": 158208
        }
    ]
}