{
    "banks": [
        {
            "addr": 0,
            "size": 0
        }
    ],
    "patch_reserve": [],
    "param_reserve": [],
    "ops": {
        "kernel[0]": {
            "name": "DmaIn.layer.copy_in_2Fmodel2Fbackbone2Fstage12Fstage12E12Fblocks2E02Fconv22Factivate2FRelu_output_0",
            "idx": 0,
            "mem_used_rate": 0.0888671875,
            "malloc": [
                {
                    "addr": 3821568,
                    "ori_size": 0,
                    "size": 372736
                }
            ],
            "used": [
                {
                    "name": "DmaIn.layer.copy_in_2Fmodel2Fbackbone2Fstage12Fstage12E12Fblocks2E02Fconv22Factivate2FRelu_output_0",
                    "addr": 3821568,
                    "size": 372736
                }
            ],
            "free": []
        },
        "kernel[1]": {
            "name": "DmaIn.layer.copy_in__im_PropagateOutputNames_added_name_1",
            "idx": 1,
            "mem_used_rate": 0.177734375,
            "malloc": [
                {
                    "addr": 0,
                    "ori_size": 0,
                    "size": 372736
                }
            ],
            "used": [
                {
                    "name": "DmaIn.layer.copy_in_2Fmodel2Fbackbone2Fstage12Fstage12E12Fblocks2E02Fconv22Factivate2FRelu_output_0",
                    "addr": 3821568,
                    "size": 372736
                },
                {
                    "name": "DmaIn.layer.copy_in__im_PropagateOutputNames_added_name_1",
                    "addr": 0,
                    "size": 372736
                }
            ],
            "free": []
        },
        "kernel[2]": {
            "name": "Eltwise.layer./model/backbone/stage1/stage1.1/blocks.0/Add",
            "idx": 2,
            "mem_used_rate": 0.177734375,
            "malloc": [
                {
                    "addr": 3821568,
                    "ori_size": 0,
                    "size": 372736
                }
            ],
            "used": [
                {
                    "name": "DmaIn.layer.copy_in_2Fmodel2Fbackbone2Fstage12Fstage12E12Fblocks2E02Fconv22Factivate2FRelu_output_0",
                    "addr": 3821568,
                    "size": 372736
                },
                {
                    "name": "DmaIn.layer.copy_in__im_PropagateOutputNames_added_name_1",
                    "addr": 0,
                    "size": 372736
                }
            ],
            "free": [
                {
                    "name": "Eltwise.layer./model/backbone/stage1/stage1.1/blocks.0/Add",
                    "addr": 0,
                    "size": 372736
                }
            ]
        },
        "kernel[3]": {
            "name": "DmaOut.layer.copy_out_2Fmodel2Fbackbone2Fstage12Fstage12E12Fblocks2E02FAdd_output_0",
            "idx": 3,
            "mem_used_rate": 0.0888671875,
            "malloc": [],
            "used": [
                {
                    "name": "DmaIn.layer.copy_in_2Fmodel2Fbackbone2Fstage12Fstage12E12Fblocks2E02Fconv22Factivate2FRelu_output_0",
                    "addr": 3821568,
                    "size": 372736
                }
            ],
            "free": [
                {
                    "name": "DmaOut.layer.copy_out_2Fmodel2Fbackbone2Fstage12Fstage12E12Fblocks2E02FAdd_output_0",
                    "addr": 3821568,
                    "size": 372736
                }
            ]
        }
    },
    "max_peak_size": [
        {
            "size": 745472
        }
    ]
}