{
    "banks": [
        {
            "addr": 0,
            "size": 0
        }
    ],
    "patch_reserve": [],
    "param_reserve": [],
    "ops": {
        "kernel[0]": {
            "name": "DmaIn.layer.copy_in_367",
            "idx": 0,
            "mem_used_rate": 0.05859375,
            "malloc": [
                {
                    "addr": 0,
                    "ori_size": 0,
                    "size": 245760
                }
            ],
            "used": [
                {
                    "name": "DmaIn.layer.copy_in_367",
                    "addr": 0,
                    "size": 245760
                }
            ],
            "free": []
        },
        "kernel[1]": {
            "name": "FetchParam.layer.Activation.layer.Sigmoid_159.c.0.fetch_param_data.layer",
            "idx": 1,
            "mem_used_rate": 0.0587158203125,
            "malloc": [
                {
                    "addr": 245760,
                    "ori_size": 0,
                    "size": 512
                }
            ],
            "used": [
                {
                    "name": "DmaIn.layer.copy_in_367",
                    "addr": 0,
                    "size": 245760
                },
                {
                    "name": "FetchParam.layer.Activation.layer.Sigmoid_159.c.0.fetch_param_data.layer",
                    "addr": 245760,
                    "size": 512
                }
            ],
            "free": []
        },
        "kernel[2]": {
            "name": "FetchParam.layer.Activation.layer.Sigmoid_159.c.1.fetch_param_data.layer",
            "idx": 2,
            "mem_used_rate": 0.058837890625,
            "malloc": [
                {
                    "addr": 246272,
                    "ori_size": 0,
                    "size": 512
                }
            ],
            "used": [
                {
                    "name": "DmaIn.layer.copy_in_367",
                    "addr": 0,
                    "size": 245760
                },
                {
                    "name": "FetchParam.layer.Activation.layer.Sigmoid_159.c.0.fetch_param_data.layer",
                    "addr": 245760,
                    "size": 512
                },
                {
                    "name": "FetchParam.layer.Activation.layer.Sigmoid_159.c.1.fetch_param_data.layer",
                    "addr": 246272,
                    "size": 512
                }
            ],
            "free": []
        },
        "kernel[3]": {
            "name": "Activation.layer.Sigmoid_159.c.0",
            "idx": 3,
            "mem_used_rate": 0.058837890625,
            "malloc": [
                {
                    "addr": 0,
                    "ori_size": 0,
                    "size": 122880
                }
            ],
            "used": [
                {
                    "name": "DmaIn.layer.copy_in_367",
                    "addr": 0,
                    "size": 245760
                },
                {
                    "name": "FetchParam.layer.Activation.layer.Sigmoid_159.c.0.fetch_param_data.layer",
                    "addr": 245760,
                    "size": 512
                },
                {
                    "name": "FetchParam.layer.Activation.layer.Sigmoid_159.c.1.fetch_param_data.layer",
                    "addr": 246272,
                    "size": 512
                }
            ],
            "free": [
                {
                    "name": "Activation.layer.Sigmoid_159.c.0",
                    "addr": 245760,
                    "size": 512
                }
            ]
        },
        "kernel[4]": {
            "name": "Activation.layer.Sigmoid_159.c.1",
            "idx": 4,
            "mem_used_rate": 0.0587158203125,
            "malloc": [
                {
                    "addr": 122880,
                    "ori_size": 0,
                    "size": 122880
                }
            ],
            "used": [
                {
                    "name": "DmaIn.layer.copy_in_367",
                    "addr": 0,
                    "size": 245760
                },
                {
                    "name": "FetchParam.layer.Activation.layer.Sigmoid_159.c.0.fetch_param_data.layer",
                    "addr": 245760,
                    "size": 512
                },
                {
                    "name": "FetchParam.layer.Activation.layer.Sigmoid_159.c.1.fetch_param_data.layer",
                    "addr": 246272,
                    "size": 512
                }
            ],
            "free": [
                {
                    "name": "Activation.layer.Sigmoid_159.c.1",
                    "addr": 246272,
                    "size": 512
                }
            ]
        },
        "kernel[5]": {
            "name": "DummyConcat.layer.Sigmoid_159.0",
            "idx": 5,
            "mem_used_rate": 0.058837890625,
            "malloc": [
                {
                    "addr": 0,
                    "ori_size": 0,
                    "size": 245760
                }
            ],
            "used": [
                {
                    "name": "DmaIn.layer.copy_in_367",
                    "addr": 0,
                    "size": 245760
                },
                {
                    "name": "FetchParam.layer.Activation.layer.Sigmoid_159.c.0.fetch_param_data.layer",
                    "addr": 245760,
                    "size": 512
                },
                {
                    "name": "FetchParam.layer.Activation.layer.Sigmoid_159.c.1.fetch_param_data.layer",
                    "addr": 246272,
                    "size": 512
                }
            ],
            "free": []
        },
        "kernel[6]": {
            "name": "DmaOut.layer.copy_out_368",
            "idx": 6,
            "mem_used_rate": 0.029296875,
            "malloc": [],
            "used": [
                {
                    "name": "DmaIn.layer.copy_in_367",
                    "addr": 0,
                    "size": 245760
                }
            ],
            "free": [
                {
                    "name": "DmaOut.layer.copy_out_368",
                    "addr": 0,
                    "size": 122880
                },
                {
                    "name": "DmaOut.layer.copy_out_368",
                    "addr": 122880,
                    "size": 122880
                }
            ]
        }
    },
    "max_peak_size": [
        {
            "size": 246784
        }
    ]
}