{
    "banks": [
        {
            "addr": 0,
            "size": 0
        }
    ],
    "patch_reserve": [],
    "param_reserve": [],
    "ops": {
        "kernel[0]": {
            "name": "DmaIn.layer.DmaIn.layer.copy_in_2Fmodel2Fneck2Ftop_down_blocks2E02Fcv12Fcna2Factivate2FRelu_output_0.0",
            "idx": 0,
            "mem_used_rate": 0.025390625,
            "malloc": [
                {
                    "addr": 4087808,
                    "ori_size": 0,
                    "size": 106496
                }
            ],
            "used": [
                {
                    "name": "DmaIn.layer.DmaIn.layer.copy_in_2Fmodel2Fneck2Ftop_down_blocks2E02Fcv12Fcna2Factivate2FRelu_output_0.0",
                    "addr": 4087808,
                    "size": 106496
                }
            ],
            "free": []
        },
        "kernel[1]": {
            "name": "DmaOut.layer.copy_out_2Fmodel2Fneck2Ftop_down_blocks2E02FSlice_output_0",
            "idx": 1,
            "mem_used_rate": 0.025390625,
            "malloc": [],
            "used": [
                {
                    "name": "DmaIn.layer.DmaIn.layer.copy_in_2Fmodel2Fneck2Ftop_down_blocks2E02Fcv12Fcna2Factivate2FRelu_output_0.0",
                    "addr": 4087808,
                    "size": 106496
                }
            ],
            "free": [
                {
                    "name": "DmaOut.layer.copy_out_2Fmodel2Fneck2Ftop_down_blocks2E02FSlice_output_0",
                    "addr": 4087808,
                    "size": 106496
                }
            ]
        }
    },
    "max_peak_size": [
        {
            "size": 106496
        }
    ]
}