{
    "banks": [
        {
            "addr": 0,
            "size": 0
        }
    ],
    "patch_reserve": [],
    "param_reserve": [],
    "ops": {
        "kernel[0]": {
            "name": "DmaIn.layer.copy_in_249",
            "idx": 0,
            "mem_used_rate": 0.1171875,
            "malloc": [
                {
                    "addr": 3702784,
                    "ori_size": 0,
                    "size": 491520
                }
            ],
            "used": [
                {
                    "name": "DmaIn.layer.copy_in_249",
                    "addr": 3702784,
                    "size": 491520
                }
            ],
            "free": []
        },
        "kernel[1]": {
            "name": "DmaIn.layer.copy_in_248",
            "idx": 1,
            "mem_used_rate": 0.17578125,
            "malloc": [
                {
                    "addr": 0,
                    "ori_size": 0,
                    "size": 245760
                }
            ],
            "used": [
                {
                    "name": "DmaIn.layer.copy_in_249",
                    "addr": 3702784,
                    "size": 491520
                },
                {
                    "name": "DmaIn.layer.copy_in_248",
                    "addr": 0,
                    "size": 245760
                }
            ],
            "free": []
        },
        "kernel[2]": {
            "name": "Concat.layer.PPQ_Operation_2",
            "idx": 2,
            "mem_used_rate": 0.234375,
            "malloc": [
                {
                    "addr": 245760,
                    "ori_size": 0,
                    "size": 737280
                }
            ],
            "used": [
                {
                    "name": "DmaIn.layer.copy_in_249",
                    "addr": 3702784,
                    "size": 491520
                },
                {
                    "name": "DmaIn.layer.copy_in_248",
                    "addr": 0,
                    "size": 245760
                },
                {
                    "name": "Concat.layer.PPQ_Operation_2",
                    "addr": 245760,
                    "size": 737280
                }
            ],
            "free": [
                {
                    "name": "Concat.layer.PPQ_Operation_2",
                    "addr": 3702784,
                    "size": 491520
                },
                {
                    "name": "Concat.layer.PPQ_Operation_2",
                    "addr": 0,
                    "size": 245760
                }
            ]
        },
        "kernel[3]": {
            "name": "DmaOut.layer.copy_out_PPQ_Variable_15",
            "idx": 3,
            "mem_used_rate": 0.17578125,
            "malloc": [],
            "used": [
                {
                    "name": "Concat.layer.PPQ_Operation_2",
                    "addr": 245760,
                    "size": 737280
                }
            ],
            "free": [
                {
                    "name": "DmaOut.layer.copy_out_PPQ_Variable_15",
                    "addr": 245760,
                    "size": 737280
                }
            ]
        }
    },
    "max_peak_size": [
        {
            "size": 737280
        }
    ]
}