{
    "banks": [
        {
            "addr": 0,
            "size": 0
        }
    ],
    "patch_reserve": [],
    "param_reserve": [],
    "ops": {
        "kernel[0]": {
            "name": "DmaIn.layer.copy_in_PPQ_Variable_192",
            "idx": 0,
            "mem_used_rate": 0.01953125,
            "malloc": [
                {
                    "addr": 4112384,
                    "ori_size": 0,
                    "size": 81920
                }
            ],
            "used": [
                {
                    "name": "DmaIn.layer.copy_in_PPQ_Variable_192",
                    "addr": 4112384,
                    "size": 81920
                }
            ],
            "free": []
        },
        "kernel[1]": {
            "name": "FetchParam.layer.Conv2d.layer.Conv_211_im_0.split.co.0.fetch_param_data.layer",
            "idx": 1,
            "mem_used_rate": 0.02056884765625,
            "malloc": [
                {
                    "addr": 0,
                    "ori_size": 0,
                    "size": 4352
                }
            ],
            "used": [
                {
                    "name": "DmaIn.layer.copy_in_PPQ_Variable_192",
                    "addr": 4112384,
                    "size": 81920
                },
                {
                    "name": "FetchParam.layer.Conv2d.layer.Conv_211_im_0.split.co.0.fetch_param_data.layer",
                    "addr": 0,
                    "size": 4352
                }
            ],
            "free": []
        },
        "kernel[2]": {
            "name": "FetchParam.layer.Conv2d.layer.Conv_211_im_0.split.co.1.fetch_param_data.layer",
            "idx": 2,
            "mem_used_rate": 0.0216064453125,
            "malloc": [
                {
                    "addr": 4352,
                    "ori_size": 0,
                    "size": 4352
                }
            ],
            "used": [
                {
                    "name": "DmaIn.layer.copy_in_PPQ_Variable_192",
                    "addr": 4112384,
                    "size": 81920
                },
                {
                    "name": "FetchParam.layer.Conv2d.layer.Conv_211_im_0.split.co.0.fetch_param_data.layer",
                    "addr": 0,
                    "size": 4352
                },
                {
                    "name": "FetchParam.layer.Conv2d.layer.Conv_211_im_0.split.co.1.fetch_param_data.layer",
                    "addr": 4352,
                    "size": 4352
                }
            ],
            "free": []
        },
        "kernel[3]": {
            "name": "DummyConcat.layer.Conv_211_im_0.0",
            "idx": 3,
            "mem_used_rate": 0.0411376953125,
            "malloc": [
                {
                    "addr": 8704,
                    "ori_size": 0,
                    "size": 81920
                }
            ],
            "used": [
                {
                    "name": "DmaIn.layer.copy_in_PPQ_Variable_192",
                    "addr": 4112384,
                    "size": 81920
                },
                {
                    "name": "FetchParam.layer.Conv2d.layer.Conv_211_im_0.split.co.0.fetch_param_data.layer",
                    "addr": 0,
                    "size": 4352
                },
                {
                    "name": "FetchParam.layer.Conv2d.layer.Conv_211_im_0.split.co.1.fetch_param_data.layer",
                    "addr": 4352,
                    "size": 4352
                },
                {
                    "name": "DummyConcat.layer.Conv_211_im_0.0",
                    "addr": 8704,
                    "size": 81920
                }
            ],
            "free": []
        },
        "kernel[4]": {
            "name": "Conv2d.layer.Conv_211_im_0.split.co.0",
            "idx": 4,
            "mem_used_rate": 0.0411376953125,
            "malloc": [],
            "used": [
                {
                    "name": "DmaIn.layer.copy_in_PPQ_Variable_192",
                    "addr": 4112384,
                    "size": 81920
                },
                {
                    "name": "FetchParam.layer.Conv2d.layer.Conv_211_im_0.split.co.0.fetch_param_data.layer",
                    "addr": 0,
                    "size": 4352
                },
                {
                    "name": "FetchParam.layer.Conv2d.layer.Conv_211_im_0.split.co.1.fetch_param_data.layer",
                    "addr": 4352,
                    "size": 4352
                },
                {
                    "name": "DummyConcat.layer.Conv_211_im_0.0",
                    "addr": 8704,
                    "size": 81920
                }
            ],
            "free": [
                {
                    "name": "Conv2d.layer.Conv_211_im_0.split.co.0",
                    "addr": 0,
                    "size": 4352
                }
            ]
        },
        "kernel[5]": {
            "name": "Conv2d.layer.Conv_211_im_0.split.co.1",
            "idx": 5,
            "mem_used_rate": 0.02056884765625,
            "malloc": [],
            "used": [
                {
                    "name": "DmaIn.layer.copy_in_PPQ_Variable_192",
                    "addr": 4112384,
                    "size": 81920
                },
                {
                    "name": "FetchParam.layer.Conv2d.layer.Conv_211_im_0.split.co.1.fetch_param_data.layer",
                    "addr": 4352,
                    "size": 4352
                },
                {
                    "name": "DummyConcat.layer.Conv_211_im_0.0",
                    "addr": 8704,
                    "size": 81920
                }
            ],
            "free": [
                {
                    "name": "Conv2d.layer.Conv_211_im_0.split.co.1",
                    "addr": 4112384,
                    "size": 81920
                },
                {
                    "name": "Conv2d.layer.Conv_211_im_0.split.co.1",
                    "addr": 4352,
                    "size": 4352
                }
            ]
        },
        "kernel[6]": {
            "name": "DmaOut.layer.copy_out_426",
            "idx": 6,
            "mem_used_rate": 0.009765625,
            "malloc": [],
            "used": [
                {
                    "name": "DummyConcat.layer.Conv_211_im_0.0",
                    "addr": 8704,
                    "size": 81920
                }
            ],
            "free": [
                {
                    "name": "DmaOut.layer.copy_out_426",
                    "addr": 8704,
                    "size": 40960
                },
                {
                    "name": "DmaOut.layer.copy_out_426",
                    "addr": 49664,
                    "size": 40960
                }
            ]
        }
    },
    "max_peak_size": [
        {
            "size": 90624
        }
    ]
}