{
    "banks": [
        {
            "addr": 0,
            "size": 0
        }
    ],
    "patch_reserve": [],
    "param_reserve": [],
    "ops": {
        "kernel[0]": {
            "name": "DmaIn.layer.copy_in_2Fmodel2Fbackbone2Fstage22Fstage22E12Fblocks2E02FAdd_output_0",
            "idx": 0,
            "mem_used_rate": 0.05078125,
            "malloc": [
                {
                    "addr": 0,
                    "ori_size": 0,
                    "size": 212992
                }
            ],
            "used": [
                {
                    "name": "DmaIn.layer.copy_in_2Fmodel2Fbackbone2Fstage22Fstage22E12Fblocks2E02FAdd_output_0",
                    "addr": 0,
                    "size": 212992
                }
            ],
            "free": []
        },
        "kernel[1]": {
            "name": "FetchParam.layer.ConvFusion.layer./model/backbone/stage2/stage2.1/blocks.1/conv1/conv/Conv_im_0.fused./model/backbone/stage2/stage2.1/blocks.1/conv1/activate/Relu.split.co.0.fetch_param_data.layer",
            "idx": 1,
            "mem_used_rate": 0.05474853515625,
            "malloc": [
                {
                    "addr": 212992,
                    "ori_size": 0,
                    "size": 16640
                }
            ],
            "used": [
                {
                    "name": "DmaIn.layer.copy_in_2Fmodel2Fbackbone2Fstage22Fstage22E12Fblocks2E02FAdd_output_0",
                    "addr": 0,
                    "size": 212992
                },
                {
                    "name": "FetchParam.layer.ConvFusion.layer./model/backbone/stage2/stage2.1/blocks.1/conv1/conv/Conv_im_0.fused./model/backbone/stage2/stage2.1/blocks.1/conv1/activate/Relu.split.co.0.fetch_param_data.layer",
                    "addr": 212992,
                    "size": 16640
                }
            ],
            "free": []
        },
        "kernel[2]": {
            "name": "FetchParam.layer.ConvFusion.layer./model/backbone/stage2/stage2.1/blocks.1/conv1/conv/Conv_im_0.fused./model/backbone/stage2/stage2.1/blocks.1/conv1/activate/Relu.split.co.1.fetch_param_data.layer",
            "idx": 2,
            "mem_used_rate": 0.0587158203125,
            "malloc": [
                {
                    "addr": 229632,
                    "ori_size": 0,
                    "size": 16640
                }
            ],
            "used": [
                {
                    "name": "DmaIn.layer.copy_in_2Fmodel2Fbackbone2Fstage22Fstage22E12Fblocks2E02FAdd_output_0",
                    "addr": 0,
                    "size": 212992
                },
                {
                    "name": "FetchParam.layer.ConvFusion.layer./model/backbone/stage2/stage2.1/blocks.1/conv1/conv/Conv_im_0.fused./model/backbone/stage2/stage2.1/blocks.1/conv1/activate/Relu.split.co.0.fetch_param_data.layer",
                    "addr": 212992,
                    "size": 16640
                },
                {
                    "name": "FetchParam.layer.ConvFusion.layer./model/backbone/stage2/stage2.1/blocks.1/conv1/conv/Conv_im_0.fused./model/backbone/stage2/stage2.1/blocks.1/conv1/activate/Relu.split.co.1.fetch_param_data.layer",
                    "addr": 229632,
                    "size": 16640
                }
            ],
            "free": []
        },
        "kernel[3]": {
            "name": "DummyConcat.layer./model/backbone/stage2/stage2.1/blocks.1/conv1/conv/Conv_im_0.fused./model/backbone/stage2/stage2.1/blocks.1/conv1/activate/Relu.0",
            "idx": 3,
            "mem_used_rate": 0.1094970703125,
            "malloc": [
                {
                    "addr": 246272,
                    "ori_size": 0,
                    "size": 212992
                }
            ],
            "used": [
                {
                    "name": "DmaIn.layer.copy_in_2Fmodel2Fbackbone2Fstage22Fstage22E12Fblocks2E02FAdd_output_0",
                    "addr": 0,
                    "size": 212992
                },
                {
                    "name": "FetchParam.layer.ConvFusion.layer./model/backbone/stage2/stage2.1/blocks.1/conv1/conv/Conv_im_0.fused./model/backbone/stage2/stage2.1/blocks.1/conv1/activate/Relu.split.co.0.fetch_param_data.layer",
                    "addr": 212992,
                    "size": 16640
                },
                {
                    "name": "FetchParam.layer.ConvFusion.layer./model/backbone/stage2/stage2.1/blocks.1/conv1/conv/Conv_im_0.fused./model/backbone/stage2/stage2.1/blocks.1/conv1/activate/Relu.split.co.1.fetch_param_data.layer",
                    "addr": 229632,
                    "size": 16640
                },
                {
                    "name": "DummyConcat.layer./model/backbone/stage2/stage2.1/blocks.1/conv1/conv/Conv_im_0.fused./model/backbone/stage2/stage2.1/blocks.1/conv1/activate/Relu.0",
                    "addr": 246272,
                    "size": 212992
                }
            ],
            "free": []
        },
        "kernel[4]": {
            "name": "ConvFusion.layer./model/backbone/stage2/stage2.1/blocks.1/conv1/conv/Conv_im_0.fused./model/backbone/stage2/stage2.1/blocks.1/conv1/activate/Relu.split.co.0",
            "idx": 4,
            "mem_used_rate": 0.1094970703125,
            "malloc": [],
            "used": [
                {
                    "name": "DmaIn.layer.copy_in_2Fmodel2Fbackbone2Fstage22Fstage22E12Fblocks2E02FAdd_output_0",
                    "addr": 0,
                    "size": 212992
                },
                {
                    "name": "FetchParam.layer.ConvFusion.layer./model/backbone/stage2/stage2.1/blocks.1/conv1/conv/Conv_im_0.fused./model/backbone/stage2/stage2.1/blocks.1/conv1/activate/Relu.split.co.0.fetch_param_data.layer",
                    "addr": 212992,
                    "size": 16640
                },
                {
                    "name": "FetchParam.layer.ConvFusion.layer./model/backbone/stage2/stage2.1/blocks.1/conv1/conv/Conv_im_0.fused./model/backbone/stage2/stage2.1/blocks.1/conv1/activate/Relu.split.co.1.fetch_param_data.layer",
                    "addr": 229632,
                    "size": 16640
                },
                {
                    "name": "DummyConcat.layer./model/backbone/stage2/stage2.1/blocks.1/conv1/conv/Conv_im_0.fused./model/backbone/stage2/stage2.1/blocks.1/conv1/activate/Relu.0",
                    "addr": 246272,
                    "size": 212992
                }
            ],
            "free": [
                {
                    "name": "ConvFusion.layer./model/backbone/stage2/stage2.1/blocks.1/conv1/conv/Conv_im_0.fused./model/backbone/stage2/stage2.1/blocks.1/conv1/activate/Relu.split.co.0",
                    "addr": 212992,
                    "size": 16640
                }
            ]
        },
        "kernel[5]": {
            "name": "ConvFusion.layer./model/backbone/stage2/stage2.1/blocks.1/conv1/conv/Conv_im_0.fused./model/backbone/stage2/stage2.1/blocks.1/conv1/activate/Relu.split.co.1",
            "idx": 5,
            "mem_used_rate": 0.05474853515625,
            "malloc": [],
            "used": [
                {
                    "name": "DmaIn.layer.copy_in_2Fmodel2Fbackbone2Fstage22Fstage22E12Fblocks2E02FAdd_output_0",
                    "addr": 0,
                    "size": 212992
                },
                {
                    "name": "FetchParam.layer.ConvFusion.layer./model/backbone/stage2/stage2.1/blocks.1/conv1/conv/Conv_im_0.fused./model/backbone/stage2/stage2.1/blocks.1/conv1/activate/Relu.split.co.1.fetch_param_data.layer",
                    "addr": 229632,
                    "size": 16640
                },
                {
                    "name": "DummyConcat.layer./model/backbone/stage2/stage2.1/blocks.1/conv1/conv/Conv_im_0.fused./model/backbone/stage2/stage2.1/blocks.1/conv1/activate/Relu.0",
                    "addr": 246272,
                    "size": 212992
                }
            ],
            "free": [
                {
                    "name": "ConvFusion.layer./model/backbone/stage2/stage2.1/blocks.1/conv1/conv/Conv_im_0.fused./model/backbone/stage2/stage2.1/blocks.1/conv1/activate/Relu.split.co.1",
                    "addr": 0,
                    "size": 212992
                },
                {
                    "name": "ConvFusion.layer./model/backbone/stage2/stage2.1/blocks.1/conv1/conv/Conv_im_0.fused./model/backbone/stage2/stage2.1/blocks.1/conv1/activate/Relu.split.co.1",
                    "addr": 229632,
                    "size": 16640
                }
            ]
        },
        "kernel[6]": {
            "name": "FetchParam.layer.ConvFusion.layer./model/backbone/stage2/stage2.1/blocks.1/conv2/conv/Conv_im_0.fused./model/backbone/stage2/stage2.1/blocks.1/conv2/activate/Relu.split.co.0.fetch_param_data.layer",
            "idx": 6,
            "mem_used_rate": 0.05474853515625,
            "malloc": [
                {
                    "addr": 459264,
                    "ori_size": 0,
                    "size": 16640
                }
            ],
            "used": [
                {
                    "name": "DummyConcat.layer./model/backbone/stage2/stage2.1/blocks.1/conv1/conv/Conv_im_0.fused./model/backbone/stage2/stage2.1/blocks.1/conv1/activate/Relu.0",
                    "addr": 246272,
                    "size": 212992
                },
                {
                    "name": "FetchParam.layer.ConvFusion.layer./model/backbone/stage2/stage2.1/blocks.1/conv2/conv/Conv_im_0.fused./model/backbone/stage2/stage2.1/blocks.1/conv2/activate/Relu.split.co.0.fetch_param_data.layer",
                    "addr": 459264,
                    "size": 16640
                }
            ],
            "free": []
        },
        "kernel[7]": {
            "name": "FetchParam.layer.ConvFusion.layer./model/backbone/stage2/stage2.1/blocks.1/conv2/conv/Conv_im_0.fused./model/backbone/stage2/stage2.1/blocks.1/conv2/activate/Relu.split.co.1.fetch_param_data.layer",
            "idx": 7,
            "mem_used_rate": 0.0587158203125,
            "malloc": [
                {
                    "addr": 475904,
                    "ori_size": 0,
                    "size": 16640
                }
            ],
            "used": [
                {
                    "name": "DummyConcat.layer./model/backbone/stage2/stage2.1/blocks.1/conv1/conv/Conv_im_0.fused./model/backbone/stage2/stage2.1/blocks.1/conv1/activate/Relu.0",
                    "addr": 246272,
                    "size": 212992
                },
                {
                    "name": "FetchParam.layer.ConvFusion.layer./model/backbone/stage2/stage2.1/blocks.1/conv2/conv/Conv_im_0.fused./model/backbone/stage2/stage2.1/blocks.1/conv2/activate/Relu.split.co.0.fetch_param_data.layer",
                    "addr": 459264,
                    "size": 16640
                },
                {
                    "name": "FetchParam.layer.ConvFusion.layer./model/backbone/stage2/stage2.1/blocks.1/conv2/conv/Conv_im_0.fused./model/backbone/stage2/stage2.1/blocks.1/conv2/activate/Relu.split.co.1.fetch_param_data.layer",
                    "addr": 475904,
                    "size": 16640
                }
            ],
            "free": []
        },
        "kernel[8]": {
            "name": "DummyConcat.layer./model/backbone/stage2/stage2.1/blocks.1/conv2/conv/Conv_im_0.fused./model/backbone/stage2/stage2.1/blocks.1/conv2/activate/Relu.0",
            "idx": 8,
            "mem_used_rate": 0.1094970703125,
            "malloc": [
                {
                    "addr": 492544,
                    "ori_size": 0,
                    "size": 212992
                }
            ],
            "used": [
                {
                    "name": "DummyConcat.layer./model/backbone/stage2/stage2.1/blocks.1/conv1/conv/Conv_im_0.fused./model/backbone/stage2/stage2.1/blocks.1/conv1/activate/Relu.0",
                    "addr": 246272,
                    "size": 212992
                },
                {
                    "name": "FetchParam.layer.ConvFusion.layer./model/backbone/stage2/stage2.1/blocks.1/conv2/conv/Conv_im_0.fused./model/backbone/stage2/stage2.1/blocks.1/conv2/activate/Relu.split.co.0.fetch_param_data.layer",
                    "addr": 459264,
                    "size": 16640
                },
                {
                    "name": "FetchParam.layer.ConvFusion.layer./model/backbone/stage2/stage2.1/blocks.1/conv2/conv/Conv_im_0.fused./model/backbone/stage2/stage2.1/blocks.1/conv2/activate/Relu.split.co.1.fetch_param_data.layer",
                    "addr": 475904,
                    "size": 16640
                },
                {
                    "name": "DummyConcat.layer./model/backbone/stage2/stage2.1/blocks.1/conv2/conv/Conv_im_0.fused./model/backbone/stage2/stage2.1/blocks.1/conv2/activate/Relu.0",
                    "addr": 492544,
                    "size": 212992
                }
            ],
            "free": []
        },
        "kernel[9]": {
            "name": "ConvFusion.layer./model/backbone/stage2/stage2.1/blocks.1/conv2/conv/Conv_im_0.fused./model/backbone/stage2/stage2.1/blocks.1/conv2/activate/Relu.split.co.0",
            "idx": 9,
            "mem_used_rate": 0.1094970703125,
            "malloc": [],
            "used": [
                {
                    "name": "DummyConcat.layer./model/backbone/stage2/stage2.1/blocks.1/conv1/conv/Conv_im_0.fused./model/backbone/stage2/stage2.1/blocks.1/conv1/activate/Relu.0",
                    "addr": 246272,
                    "size": 212992
                },
                {
                    "name": "FetchParam.layer.ConvFusion.layer./model/backbone/stage2/stage2.1/blocks.1/conv2/conv/Conv_im_0.fused./model/backbone/stage2/stage2.1/blocks.1/conv2/activate/Relu.split.co.0.fetch_param_data.layer",
                    "addr": 459264,
                    "size": 16640
                },
                {
                    "name": "FetchParam.layer.ConvFusion.layer./model/backbone/stage2/stage2.1/blocks.1/conv2/conv/Conv_im_0.fused./model/backbone/stage2/stage2.1/blocks.1/conv2/activate/Relu.split.co.1.fetch_param_data.layer",
                    "addr": 475904,
                    "size": 16640
                },
                {
                    "name": "DummyConcat.layer./model/backbone/stage2/stage2.1/blocks.1/conv2/conv/Conv_im_0.fused./model/backbone/stage2/stage2.1/blocks.1/conv2/activate/Relu.0",
                    "addr": 492544,
                    "size": 212992
                }
            ],
            "free": [
                {
                    "name": "ConvFusion.layer./model/backbone/stage2/stage2.1/blocks.1/conv2/conv/Conv_im_0.fused./model/backbone/stage2/stage2.1/blocks.1/conv2/activate/Relu.split.co.0",
                    "addr": 459264,
                    "size": 16640
                }
            ]
        },
        "kernel[10]": {
            "name": "ConvFusion.layer./model/backbone/stage2/stage2.1/blocks.1/conv2/conv/Conv_im_0.fused./model/backbone/stage2/stage2.1/blocks.1/conv2/activate/Relu.split.co.1",
            "idx": 10,
            "mem_used_rate": 0.05474853515625,
            "malloc": [],
            "used": [
                {
                    "name": "DummyConcat.layer./model/backbone/stage2/stage2.1/blocks.1/conv1/conv/Conv_im_0.fused./model/backbone/stage2/stage2.1/blocks.1/conv1/activate/Relu.0",
                    "addr": 246272,
                    "size": 212992
                },
                {
                    "name": "FetchParam.layer.ConvFusion.layer./model/backbone/stage2/stage2.1/blocks.1/conv2/conv/Conv_im_0.fused./model/backbone/stage2/stage2.1/blocks.1/conv2/activate/Relu.split.co.1.fetch_param_data.layer",
                    "addr": 475904,
                    "size": 16640
                },
                {
                    "name": "DummyConcat.layer./model/backbone/stage2/stage2.1/blocks.1/conv2/conv/Conv_im_0.fused./model/backbone/stage2/stage2.1/blocks.1/conv2/activate/Relu.0",
                    "addr": 492544,
                    "size": 212992
                }
            ],
            "free": [
                {
                    "name": "ConvFusion.layer./model/backbone/stage2/stage2.1/blocks.1/conv2/conv/Conv_im_0.fused./model/backbone/stage2/stage2.1/blocks.1/conv2/activate/Relu.split.co.1",
                    "addr": 246272,
                    "size": 106496
                },
                {
                    "name": "ConvFusion.layer./model/backbone/stage2/stage2.1/blocks.1/conv2/conv/Conv_im_0.fused./model/backbone/stage2/stage2.1/blocks.1/conv2/activate/Relu.split.co.1",
                    "addr": 352768,
                    "size": 106496
                },
                {
                    "name": "ConvFusion.layer./model/backbone/stage2/stage2.1/blocks.1/conv2/conv/Conv_im_0.fused./model/backbone/stage2/stage2.1/blocks.1/conv2/activate/Relu.split.co.1",
                    "addr": 475904,
                    "size": 16640
                }
            ]
        },
        "kernel[11]": {
            "name": "DmaOut.layer.copy_out_2Fmodel2Fbackbone2Fstage22Fstage22E12Fblocks2E12Fconv22Factivate2FRelu_output_0",
            "idx": 11,
            "mem_used_rate": 0.025390625,
            "malloc": [],
            "used": [
                {
                    "name": "DummyConcat.layer./model/backbone/stage2/stage2.1/blocks.1/conv2/conv/Conv_im_0.fused./model/backbone/stage2/stage2.1/blocks.1/conv2/activate/Relu.0",
                    "addr": 492544,
                    "size": 212992
                }
            ],
            "free": [
                {
                    "name": "DmaOut.layer.copy_out_2Fmodel2Fbackbone2Fstage22Fstage22E12Fblocks2E12Fconv22Factivate2FRelu_output_0",
                    "addr": 492544,
                    "size": 106496
                },
                {
                    "name": "DmaOut.layer.copy_out_2Fmodel2Fbackbone2Fstage22Fstage22E12Fblocks2E12Fconv22Factivate2FRelu_output_0",
                    "addr": 599040,
                    "size": 106496
                }
            ]
        }
    },
    "max_peak_size": [
        {
            "size": 246272
        }
    ]
}