{
    "banks": [
        {
            "addr": 0,
            "size": 0
        }
    ],
    "patch_reserve": [],
    "param_reserve": [],
    "ops": {
        "kernel[0]": {
            "name": "DmaIn.layer.copy_in_PPQ_Variable_81",
            "idx": 0,
            "mem_used_rate": 0.0390625,
            "malloc": [
                {
                    "addr": 4030464,
                    "ori_size": 0,
                    "size": 163840
                }
            ],
            "used": [
                {
                    "name": "DmaIn.layer.copy_in_PPQ_Variable_81",
                    "addr": 4030464,
                    "size": 163840
                }
            ],
            "free": []
        },
        "kernel[1]": {
            "name": "FetchParam.layer.Conv2d.layer.Conv_77_im_0.split.co.0.fetch_param_data.layer",
            "idx": 1,
            "mem_used_rate": 0.04693603515625,
            "malloc": [
                {
                    "addr": 0,
                    "ori_size": 0,
                    "size": 33024
                }
            ],
            "used": [
                {
                    "name": "DmaIn.layer.copy_in_PPQ_Variable_81",
                    "addr": 4030464,
                    "size": 163840
                },
                {
                    "name": "FetchParam.layer.Conv2d.layer.Conv_77_im_0.split.co.0.fetch_param_data.layer",
                    "addr": 0,
                    "size": 33024
                }
            ],
            "free": []
        },
        "kernel[2]": {
            "name": "FetchParam.layer.Conv2d.layer.Conv_77_im_0.split.co.1.fetch_param_data.layer",
            "idx": 2,
            "mem_used_rate": 0.0548095703125,
            "malloc": [
                {
                    "addr": 33024,
                    "ori_size": 0,
                    "size": 33024
                }
            ],
            "used": [
                {
                    "name": "DmaIn.layer.copy_in_PPQ_Variable_81",
                    "addr": 4030464,
                    "size": 163840
                },
                {
                    "name": "FetchParam.layer.Conv2d.layer.Conv_77_im_0.split.co.0.fetch_param_data.layer",
                    "addr": 0,
                    "size": 33024
                },
                {
                    "name": "FetchParam.layer.Conv2d.layer.Conv_77_im_0.split.co.1.fetch_param_data.layer",
                    "addr": 33024,
                    "size": 33024
                }
            ],
            "free": []
        },
        "kernel[3]": {
            "name": "DummyConcat.layer.Conv_77_im_0.0",
            "idx": 3,
            "mem_used_rate": 0.1329345703125,
            "malloc": [
                {
                    "addr": 66048,
                    "ori_size": 0,
                    "size": 327680
                }
            ],
            "used": [
                {
                    "name": "DmaIn.layer.copy_in_PPQ_Variable_81",
                    "addr": 4030464,
                    "size": 163840
                },
                {
                    "name": "FetchParam.layer.Conv2d.layer.Conv_77_im_0.split.co.0.fetch_param_data.layer",
                    "addr": 0,
                    "size": 33024
                },
                {
                    "name": "FetchParam.layer.Conv2d.layer.Conv_77_im_0.split.co.1.fetch_param_data.layer",
                    "addr": 33024,
                    "size": 33024
                },
                {
                    "name": "DummyConcat.layer.Conv_77_im_0.0",
                    "addr": 66048,
                    "size": 327680
                }
            ],
            "free": []
        },
        "kernel[4]": {
            "name": "Conv2d.layer.Conv_77_im_0.split.co.0",
            "idx": 4,
            "mem_used_rate": 0.1329345703125,
            "malloc": [],
            "used": [
                {
                    "name": "DmaIn.layer.copy_in_PPQ_Variable_81",
                    "addr": 4030464,
                    "size": 163840
                },
                {
                    "name": "FetchParam.layer.Conv2d.layer.Conv_77_im_0.split.co.0.fetch_param_data.layer",
                    "addr": 0,
                    "size": 33024
                },
                {
                    "name": "FetchParam.layer.Conv2d.layer.Conv_77_im_0.split.co.1.fetch_param_data.layer",
                    "addr": 33024,
                    "size": 33024
                },
                {
                    "name": "DummyConcat.layer.Conv_77_im_0.0",
                    "addr": 66048,
                    "size": 327680
                }
            ],
            "free": [
                {
                    "name": "Conv2d.layer.Conv_77_im_0.split.co.0",
                    "addr": 0,
                    "size": 33024
                }
            ]
        },
        "kernel[5]": {
            "name": "Conv2d.layer.Conv_77_im_0.split.co.1",
            "idx": 5,
            "mem_used_rate": 0.08599853515625,
            "malloc": [],
            "used": [
                {
                    "name": "DmaIn.layer.copy_in_PPQ_Variable_81",
                    "addr": 4030464,
                    "size": 163840
                },
                {
                    "name": "FetchParam.layer.Conv2d.layer.Conv_77_im_0.split.co.1.fetch_param_data.layer",
                    "addr": 33024,
                    "size": 33024
                },
                {
                    "name": "DummyConcat.layer.Conv_77_im_0.0",
                    "addr": 66048,
                    "size": 327680
                }
            ],
            "free": [
                {
                    "name": "Conv2d.layer.Conv_77_im_0.split.co.1",
                    "addr": 4030464,
                    "size": 163840
                },
                {
                    "name": "Conv2d.layer.Conv_77_im_0.split.co.1",
                    "addr": 33024,
                    "size": 33024
                }
            ]
        },
        "kernel[6]": {
            "name": "DmaOut.layer.copy_out_256",
            "idx": 6,
            "mem_used_rate": 0.0390625,
            "malloc": [],
            "used": [
                {
                    "name": "DummyConcat.layer.Conv_77_im_0.0",
                    "addr": 66048,
                    "size": 327680
                }
            ],
            "free": [
                {
                    "name": "DmaOut.layer.copy_out_256",
                    "addr": 66048,
                    "size": 163840
                },
                {
                    "name": "DmaOut.layer.copy_out_256",
                    "addr": 229888,
                    "size": 163840
                }
            ]
        }
    },
    "max_peak_size": [
        {
            "size": 327680
        }
    ]
}