{
    "banks": [
        {
            "addr": 0,
            "size": 0
        }
    ],
    "patch_reserve": [],
    "param_reserve": [],
    "ops": {
        "kernel[0]": {
            "name": "DmaIn.layer.copy_in_PPQ_Variable_27",
            "idx": 0,
            "mem_used_rate": 0.390625,
            "malloc": [
                {
                    "addr": 2555904,
                    "ori_size": 0,
                    "size": 1638400
                }
            ],
            "used": [
                {
                    "name": "DmaIn.layer.copy_in_PPQ_Variable_27",
                    "addr": 2555904,
                    "size": 1638400
                }
            ],
            "free": []
        },
        "kernel[1]": {
            "name": "FetchParam.layer.Conv2d.layer.Conv_3_im_0.split.co.0.fetch_param_data.layer",
            "idx": 1,
            "mem_used_rate": 0.39141845703125,
            "malloc": [
                {
                    "addr": 0,
                    "ori_size": 0,
                    "size": 3328
                }
            ],
            "used": [
                {
                    "name": "DmaIn.layer.copy_in_PPQ_Variable_27",
                    "addr": 2555904,
                    "size": 1638400
                },
                {
                    "name": "FetchParam.layer.Conv2d.layer.Conv_3_im_0.split.co.0.fetch_param_data.layer",
                    "addr": 0,
                    "size": 3328
                }
            ],
            "free": []
        },
        "kernel[2]": {
            "name": "FetchParam.layer.Conv2d.layer.Conv_3_im_0.split.co.1.fetch_param_data.layer",
            "idx": 2,
            "mem_used_rate": 0.3922119140625,
            "malloc": [
                {
                    "addr": 3328,
                    "ori_size": 0,
                    "size": 3328
                }
            ],
            "used": [
                {
                    "name": "DmaIn.layer.copy_in_PPQ_Variable_27",
                    "addr": 2555904,
                    "size": 1638400
                },
                {
                    "name": "FetchParam.layer.Conv2d.layer.Conv_3_im_0.split.co.0.fetch_param_data.layer",
                    "addr": 0,
                    "size": 3328
                },
                {
                    "name": "FetchParam.layer.Conv2d.layer.Conv_3_im_0.split.co.1.fetch_param_data.layer",
                    "addr": 3328,
                    "size": 3328
                }
            ],
            "free": []
        },
        "kernel[3]": {
            "name": "DummyConcat.layer.Conv_3_im_0.0",
            "idx": 3,
            "mem_used_rate": 0.7828369140625,
            "malloc": [
                {
                    "addr": 6656,
                    "ori_size": 0,
                    "size": 1638400
                }
            ],
            "used": [
                {
                    "name": "DmaIn.layer.copy_in_PPQ_Variable_27",
                    "addr": 2555904,
                    "size": 1638400
                },
                {
                    "name": "FetchParam.layer.Conv2d.layer.Conv_3_im_0.split.co.0.fetch_param_data.layer",
                    "addr": 0,
                    "size": 3328
                },
                {
                    "name": "FetchParam.layer.Conv2d.layer.Conv_3_im_0.split.co.1.fetch_param_data.layer",
                    "addr": 3328,
                    "size": 3328
                },
                {
                    "name": "DummyConcat.layer.Conv_3_im_0.0",
                    "addr": 6656,
                    "size": 1638400
                }
            ],
            "free": []
        },
        "kernel[4]": {
            "name": "Conv2d.layer.Conv_3_im_0.split.co.0",
            "idx": 4,
            "mem_used_rate": 0.7828369140625,
            "malloc": [],
            "used": [
                {
                    "name": "DmaIn.layer.copy_in_PPQ_Variable_27",
                    "addr": 2555904,
                    "size": 1638400
                },
                {
                    "name": "FetchParam.layer.Conv2d.layer.Conv_3_im_0.split.co.0.fetch_param_data.layer",
                    "addr": 0,
                    "size": 3328
                },
                {
                    "name": "FetchParam.layer.Conv2d.layer.Conv_3_im_0.split.co.1.fetch_param_data.layer",
                    "addr": 3328,
                    "size": 3328
                },
                {
                    "name": "DummyConcat.layer.Conv_3_im_0.0",
                    "addr": 6656,
                    "size": 1638400
                }
            ],
            "free": [
                {
                    "name": "Conv2d.layer.Conv_3_im_0.split.co.0",
                    "addr": 0,
                    "size": 3328
                }
            ]
        },
        "kernel[5]": {
            "name": "Conv2d.layer.Conv_3_im_0.split.co.1",
            "idx": 5,
            "mem_used_rate": 0.39141845703125,
            "malloc": [],
            "used": [
                {
                    "name": "DmaIn.layer.copy_in_PPQ_Variable_27",
                    "addr": 2555904,
                    "size": 1638400
                },
                {
                    "name": "FetchParam.layer.Conv2d.layer.Conv_3_im_0.split.co.1.fetch_param_data.layer",
                    "addr": 3328,
                    "size": 3328
                },
                {
                    "name": "DummyConcat.layer.Conv_3_im_0.0",
                    "addr": 6656,
                    "size": 1638400
                }
            ],
            "free": [
                {
                    "name": "Conv2d.layer.Conv_3_im_0.split.co.1",
                    "addr": 2555904,
                    "size": 1638400
                },
                {
                    "name": "Conv2d.layer.Conv_3_im_0.split.co.1",
                    "addr": 3328,
                    "size": 3328
                }
            ]
        },
        "kernel[6]": {
            "name": "DmaOut.layer.copy_out_179",
            "idx": 6,
            "mem_used_rate": 0.1953125,
            "malloc": [],
            "used": [
                {
                    "name": "DummyConcat.layer.Conv_3_im_0.0",
                    "addr": 6656,
                    "size": 1638400
                }
            ],
            "free": [
                {
                    "name": "DmaOut.layer.copy_out_179",
                    "addr": 6656,
                    "size": 819200
                },
                {
                    "name": "DmaOut.layer.copy_out_179",
                    "addr": 825856,
                    "size": 819200
                }
            ]
        }
    },
    "max_peak_size": [
        {
            "size": 1645056
        }
    ]
}