{
    "banks": [
        {
            "addr": 0,
            "size": 0
        }
    ],
    "patch_reserve": [],
    "param_reserve": [],
    "ops": {
        "kernel[0]": {
            "name": "DmaIn.layer.copy_in_PPQ_Variable_19",
            "idx": 0,
            "mem_used_rate": 0.17578125,
            "malloc": [
                {
                    "addr": 0,
                    "ori_size": 0,
                    "size": 737280
                }
            ],
            "used": [
                {
                    "name": "DmaIn.layer.copy_in_PPQ_Variable_19",
                    "addr": 0,
                    "size": 737280
                }
            ],
            "free": []
        },
        "kernel[1]": {
            "name": "FetchParam.layer.Activation.layer.PPQ_Operation_128.c.0.fetch_param_data.layer",
            "idx": 1,
            "mem_used_rate": 0.17584228515625,
            "malloc": [
                {
                    "addr": 737280,
                    "ori_size": 0,
                    "size": 256
                }
            ],
            "used": [
                {
                    "name": "DmaIn.layer.copy_in_PPQ_Variable_19",
                    "addr": 0,
                    "size": 737280
                },
                {
                    "name": "FetchParam.layer.Activation.layer.PPQ_Operation_128.c.0.fetch_param_data.layer",
                    "addr": 737280,
                    "size": 256
                }
            ],
            "free": []
        },
        "kernel[2]": {
            "name": "FetchParam.layer.Activation.layer.PPQ_Operation_128.c.1.fetch_param_data.layer",
            "idx": 2,
            "mem_used_rate": 0.1759033203125,
            "malloc": [
                {
                    "addr": 737536,
                    "ori_size": 0,
                    "size": 256
                }
            ],
            "used": [
                {
                    "name": "DmaIn.layer.copy_in_PPQ_Variable_19",
                    "addr": 0,
                    "size": 737280
                },
                {
                    "name": "FetchParam.layer.Activation.layer.PPQ_Operation_128.c.0.fetch_param_data.layer",
                    "addr": 737280,
                    "size": 256
                },
                {
                    "name": "FetchParam.layer.Activation.layer.PPQ_Operation_128.c.1.fetch_param_data.layer",
                    "addr": 737536,
                    "size": 256
                }
            ],
            "free": []
        },
        "kernel[3]": {
            "name": "DummyConcat.layer.PPQ_Operation_128.0",
            "idx": 3,
            "mem_used_rate": 0.2930908203125,
            "malloc": [
                {
                    "addr": 737792,
                    "ori_size": 0,
                    "size": 491520
                }
            ],
            "used": [
                {
                    "name": "DmaIn.layer.copy_in_PPQ_Variable_19",
                    "addr": 0,
                    "size": 737280
                },
                {
                    "name": "FetchParam.layer.Activation.layer.PPQ_Operation_128.c.0.fetch_param_data.layer",
                    "addr": 737280,
                    "size": 256
                },
                {
                    "name": "FetchParam.layer.Activation.layer.PPQ_Operation_128.c.1.fetch_param_data.layer",
                    "addr": 737536,
                    "size": 256
                },
                {
                    "name": "DummyConcat.layer.PPQ_Operation_128.0",
                    "addr": 737792,
                    "size": 491520
                }
            ],
            "free": []
        },
        "kernel[4]": {
            "name": "Activation.layer.PPQ_Operation_128.c.0",
            "idx": 4,
            "mem_used_rate": 0.2052001953125,
            "malloc": [],
            "used": [
                {
                    "name": "DmaIn.layer.copy_in_PPQ_Variable_19",
                    "addr": 0,
                    "size": 737280
                },
                {
                    "name": "FetchParam.layer.Activation.layer.PPQ_Operation_128.c.0.fetch_param_data.layer",
                    "addr": 737280,
                    "size": 256
                },
                {
                    "name": "FetchParam.layer.Activation.layer.PPQ_Operation_128.c.1.fetch_param_data.layer",
                    "addr": 737536,
                    "size": 256
                },
                {
                    "name": "DummyConcat.layer.PPQ_Operation_128.0",
                    "addr": 737792,
                    "size": 491520
                }
            ],
            "free": [
                {
                    "name": "Activation.layer.PPQ_Operation_128.c.0",
                    "addr": 0,
                    "size": 368640
                },
                {
                    "name": "Activation.layer.PPQ_Operation_128.c.0",
                    "addr": 737280,
                    "size": 256
                }
            ]
        },
        "kernel[5]": {
            "name": "Activation.layer.PPQ_Operation_128.c.1",
            "idx": 5,
            "mem_used_rate": 0.11724853515625,
            "malloc": [],
            "used": [
                {
                    "name": "DmaIn.layer.copy_in_PPQ_Variable_19",
                    "addr": 368640,
                    "size": 368640
                },
                {
                    "name": "FetchParam.layer.Activation.layer.PPQ_Operation_128.c.1.fetch_param_data.layer",
                    "addr": 737536,
                    "size": 256
                },
                {
                    "name": "DummyConcat.layer.PPQ_Operation_128.0",
                    "addr": 737792,
                    "size": 491520
                }
            ],
            "free": [
                {
                    "name": "Activation.layer.PPQ_Operation_128.c.1",
                    "addr": 368640,
                    "size": 368640
                },
                {
                    "name": "Activation.layer.PPQ_Operation_128.c.1",
                    "addr": 737536,
                    "size": 256
                }
            ]
        },
        "kernel[6]": {
            "name": "DmaOut.layer.copy_out_PPQ_Variable_141",
            "idx": 6,
            "mem_used_rate": 0.05859375,
            "malloc": [],
            "used": [
                {
                    "name": "DummyConcat.layer.PPQ_Operation_128.0",
                    "addr": 737792,
                    "size": 491520
                }
            ],
            "free": [
                {
                    "name": "DmaOut.layer.copy_out_PPQ_Variable_141",
                    "addr": 737792,
                    "size": 245760
                },
                {
                    "name": "DmaOut.layer.copy_out_PPQ_Variable_141",
                    "addr": 983552,
                    "size": 245760
                }
            ]
        }
    },
    "max_peak_size": [
        {
            "size": 737792
        }
    ]
}