{
    "banks": [
        {
            "addr": 0,
            "size": 0
        }
    ],
    "patch_reserve": [],
    "param_reserve": [],
    "ops": {
        "kernel[0]": {
            "name": "DmaIn.layer.copy_in_2Fmodel2Fneck2Fdownsamples2E12Fcna2Factivate2FRelu_output_0",
            "idx": 0,
            "mem_used_rate": 0.0126953125,
            "malloc": [
                {
                    "addr": 4141056,
                    "ori_size": 0,
                    "size": 53248
                }
            ],
            "used": [
                {
                    "name": "DmaIn.layer.copy_in_2Fmodel2Fneck2Fdownsamples2E12Fcna2Factivate2FRelu_output_0",
                    "addr": 4141056,
                    "size": 53248
                }
            ],
            "free": []
        },
        "kernel[1]": {
            "name": "DmaIn.layer.copy_in_2Fmodel2Fbackbone2Fstage42Fstage42E22Fconv22Factivate2FRelu_output_0",
            "idx": 1,
            "mem_used_rate": 0.0380859375,
            "malloc": [
                {
                    "addr": 4034560,
                    "ori_size": 0,
                    "size": 106496
                }
            ],
            "used": [
                {
                    "name": "DmaIn.layer.copy_in_2Fmodel2Fneck2Fdownsamples2E12Fcna2Factivate2FRelu_output_0",
                    "addr": 4141056,
                    "size": 53248
                },
                {
                    "name": "DmaIn.layer.copy_in_2Fmodel2Fbackbone2Fstage42Fstage42E22Fconv22Factivate2FRelu_output_0",
                    "addr": 4034560,
                    "size": 106496
                }
            ],
            "free": []
        },
        "kernel[2]": {
            "name": "FetchParam.layer.ConvFusion.layer./model/neck/bottom_up_blocks.1/cv1/cna/conv/Conv_im_0.fused./model/neck/bottom_up_blocks.1/cv1/cna/activate/Relu.split.co.0.fetch_param_data.layer",
            "idx": 2,
            "mem_used_rate": 0.0616455078125,
            "malloc": [
                {
                    "addr": 0,
                    "ori_size": 0,
                    "size": 98816
                }
            ],
            "used": [
                {
                    "name": "DmaIn.layer.copy_in_2Fmodel2Fneck2Fdownsamples2E12Fcna2Factivate2FRelu_output_0",
                    "addr": 4141056,
                    "size": 53248
                },
                {
                    "name": "DmaIn.layer.copy_in_2Fmodel2Fbackbone2Fstage42Fstage42E22Fconv22Factivate2FRelu_output_0",
                    "addr": 4034560,
                    "size": 106496
                },
                {
                    "name": "FetchParam.layer.ConvFusion.layer./model/neck/bottom_up_blocks.1/cv1/cna/conv/Conv_im_0.fused./model/neck/bottom_up_blocks.1/cv1/cna/activate/Relu.split.co.0.fetch_param_data.layer",
                    "addr": 0,
                    "size": 98816
                }
            ],
            "free": []
        },
        "kernel[3]": {
            "name": "FetchParam.layer.ConvFusion.layer./model/neck/bottom_up_blocks.1/cv1/cna/conv/Conv_im_0.fused./model/neck/bottom_up_blocks.1/cv1/cna/activate/Relu.split.co.1.fetch_param_data.layer",
            "idx": 3,
            "mem_used_rate": 0.085205078125,
            "malloc": [
                {
                    "addr": 98816,
                    "ori_size": 0,
                    "size": 98816
                }
            ],
            "used": [
                {
                    "name": "DmaIn.layer.copy_in_2Fmodel2Fneck2Fdownsamples2E12Fcna2Factivate2FRelu_output_0",
                    "addr": 4141056,
                    "size": 53248
                },
                {
                    "name": "DmaIn.layer.copy_in_2Fmodel2Fbackbone2Fstage42Fstage42E22Fconv22Factivate2FRelu_output_0",
                    "addr": 4034560,
                    "size": 106496
                },
                {
                    "name": "FetchParam.layer.ConvFusion.layer./model/neck/bottom_up_blocks.1/cv1/cna/conv/Conv_im_0.fused./model/neck/bottom_up_blocks.1/cv1/cna/activate/Relu.split.co.0.fetch_param_data.layer",
                    "addr": 0,
                    "size": 98816
                },
                {
                    "name": "FetchParam.layer.ConvFusion.layer./model/neck/bottom_up_blocks.1/cv1/cna/conv/Conv_im_0.fused./model/neck/bottom_up_blocks.1/cv1/cna/activate/Relu.split.co.1.fetch_param_data.layer",
                    "addr": 98816,
                    "size": 98816
                }
            ],
            "free": []
        },
        "kernel[4]": {
            "name": "DummyConcat.layer./model/neck/bottom_up_blocks.1/cv1/cna/conv/Conv_im_0.fused./model/neck/bottom_up_blocks.1/cv1/cna/activate/Relu.0",
            "idx": 4,
            "mem_used_rate": 0.110595703125,
            "malloc": [
                {
                    "addr": 197632,
                    "ori_size": 0,
                    "size": 106496
                }
            ],
            "used": [
                {
                    "name": "DmaIn.layer.copy_in_2Fmodel2Fneck2Fdownsamples2E12Fcna2Factivate2FRelu_output_0",
                    "addr": 4141056,
                    "size": 53248
                },
                {
                    "name": "DmaIn.layer.copy_in_2Fmodel2Fbackbone2Fstage42Fstage42E22Fconv22Factivate2FRelu_output_0",
                    "addr": 4034560,
                    "size": 106496
                },
                {
                    "name": "FetchParam.layer.ConvFusion.layer./model/neck/bottom_up_blocks.1/cv1/cna/conv/Conv_im_0.fused./model/neck/bottom_up_blocks.1/cv1/cna/activate/Relu.split.co.0.fetch_param_data.layer",
                    "addr": 0,
                    "size": 98816
                },
                {
                    "name": "FetchParam.layer.ConvFusion.layer./model/neck/bottom_up_blocks.1/cv1/cna/conv/Conv_im_0.fused./model/neck/bottom_up_blocks.1/cv1/cna/activate/Relu.split.co.1.fetch_param_data.layer",
                    "addr": 98816,
                    "size": 98816
                },
                {
                    "name": "DummyConcat.layer./model/neck/bottom_up_blocks.1/cv1/cna/conv/Conv_im_0.fused./model/neck/bottom_up_blocks.1/cv1/cna/activate/Relu.0",
                    "addr": 197632,
                    "size": 106496
                }
            ],
            "free": []
        },
        "kernel[5]": {
            "name": "ConvFusion.layer./model/neck/bottom_up_blocks.1/cv1/cna/conv/Conv_im_0.fused./model/neck/bottom_up_blocks.1/cv1/cna/activate/Relu.split.co.0",
            "idx": 5,
            "mem_used_rate": 0.110595703125,
            "malloc": [],
            "used": [
                {
                    "name": "DmaIn.layer.copy_in_2Fmodel2Fneck2Fdownsamples2E12Fcna2Factivate2FRelu_output_0",
                    "addr": 4141056,
                    "size": 53248
                },
                {
                    "name": "DmaIn.layer.copy_in_2Fmodel2Fbackbone2Fstage42Fstage42E22Fconv22Factivate2FRelu_output_0",
                    "addr": 4034560,
                    "size": 106496
                },
                {
                    "name": "FetchParam.layer.ConvFusion.layer./model/neck/bottom_up_blocks.1/cv1/cna/conv/Conv_im_0.fused./model/neck/bottom_up_blocks.1/cv1/cna/activate/Relu.split.co.0.fetch_param_data.layer",
                    "addr": 0,
                    "size": 98816
                },
                {
                    "name": "FetchParam.layer.ConvFusion.layer./model/neck/bottom_up_blocks.1/cv1/cna/conv/Conv_im_0.fused./model/neck/bottom_up_blocks.1/cv1/cna/activate/Relu.split.co.1.fetch_param_data.layer",
                    "addr": 98816,
                    "size": 98816
                },
                {
                    "name": "DummyConcat.layer./model/neck/bottom_up_blocks.1/cv1/cna/conv/Conv_im_0.fused./model/neck/bottom_up_blocks.1/cv1/cna/activate/Relu.0",
                    "addr": 197632,
                    "size": 106496
                }
            ],
            "free": [
                {
                    "name": "ConvFusion.layer./model/neck/bottom_up_blocks.1/cv1/cna/conv/Conv_im_0.fused./model/neck/bottom_up_blocks.1/cv1/cna/activate/Relu.split.co.0",
                    "addr": 0,
                    "size": 98816
                }
            ]
        },
        "kernel[6]": {
            "name": "ConvFusion.layer./model/neck/bottom_up_blocks.1/cv1/cna/conv/Conv_im_0.fused./model/neck/bottom_up_blocks.1/cv1/cna/activate/Relu.split.co.1",
            "idx": 6,
            "mem_used_rate": 0.0489501953125,
            "malloc": [],
            "used": [
                {
                    "name": "DmaIn.layer.copy_in_2Fmodel2Fneck2Fdownsamples2E12Fcna2Factivate2FRelu_output_0",
                    "addr": 4141056,
                    "size": 53248
                },
                {
                    "name": "DmaIn.layer.copy_in_2Fmodel2Fbackbone2Fstage42Fstage42E22Fconv22Factivate2FRelu_output_0",
                    "addr": 4034560,
                    "size": 106496
                },
                {
                    "name": "FetchParam.layer.ConvFusion.layer./model/neck/bottom_up_blocks.1/cv1/cna/conv/Conv_im_0.fused./model/neck/bottom_up_blocks.1/cv1/cna/activate/Relu.split.co.1.fetch_param_data.layer",
                    "addr": 98816,
                    "size": 98816
                },
                {
                    "name": "DummyConcat.layer./model/neck/bottom_up_blocks.1/cv1/cna/conv/Conv_im_0.fused./model/neck/bottom_up_blocks.1/cv1/cna/activate/Relu.0",
                    "addr": 197632,
                    "size": 106496
                }
            ],
            "free": [
                {
                    "name": "ConvFusion.layer./model/neck/bottom_up_blocks.1/cv1/cna/conv/Conv_im_0.fused./model/neck/bottom_up_blocks.1/cv1/cna/activate/Relu.split.co.1",
                    "addr": 4141056,
                    "size": 53248
                },
                {
                    "name": "ConvFusion.layer./model/neck/bottom_up_blocks.1/cv1/cna/conv/Conv_im_0.fused./model/neck/bottom_up_blocks.1/cv1/cna/activate/Relu.split.co.1",
                    "addr": 4034560,
                    "size": 106496
                },
                {
                    "name": "ConvFusion.layer./model/neck/bottom_up_blocks.1/cv1/cna/conv/Conv_im_0.fused./model/neck/bottom_up_blocks.1/cv1/cna/activate/Relu.split.co.1",
                    "addr": 98816,
                    "size": 98816
                }
            ]
        },
        "kernel[7]": {
            "name": "DmaOut.layer.copy_out_2Fmodel2Fneck2Fbottom_up_blocks2E12Fcv12Fcna2Factivate2FRelu_output_0",
            "idx": 7,
            "mem_used_rate": 0.0126953125,
            "malloc": [],
            "used": [
                {
                    "name": "DummyConcat.layer./model/neck/bottom_up_blocks.1/cv1/cna/conv/Conv_im_0.fused./model/neck/bottom_up_blocks.1/cv1/cna/activate/Relu.0",
                    "addr": 197632,
                    "size": 106496
                }
            ],
            "free": [
                {
                    "name": "DmaOut.layer.copy_out_2Fmodel2Fneck2Fbottom_up_blocks2E12Fcv12Fcna2Factivate2FRelu_output_0",
                    "addr": 197632,
                    "size": 53248
                },
                {
                    "name": "DmaOut.layer.copy_out_2Fmodel2Fneck2Fbottom_up_blocks2E12Fcv12Fcna2Factivate2FRelu_output_0",
                    "addr": 250880,
                    "size": 53248
                }
            ]
        }
    },
    "max_peak_size": [
        {
            "size": 357376
        }
    ]
}