{
    "banks": [
        {
            "addr": 0,
            "size": 0
        }
    ],
    "patch_reserve": [],
    "param_reserve": [],
    "ops": {
        "kernel[0]": {
            "name": "DmaIn.layer.copy_in_554",
            "idx": 0,
            "mem_used_rate": 0.25634765625,
            "malloc": [
                {
                    "addr": 0,
                    "ori_size": 0,
                    "size": 1075200
                }
            ],
            "used": [
                {
                    "name": "DmaIn.layer.copy_in_554",
                    "addr": 0,
                    "size": 1075200
                }
            ],
            "free": []
        },
        "kernel[1]": {
            "name": "FetchParam.layer.Activation.layer.PPQ_Operation_227.c.0.fetch_param_data.layer",
            "idx": 1,
            "mem_used_rate": 0.25640869140625,
            "malloc": [
                {
                    "addr": 1075200,
                    "ori_size": 0,
                    "size": 256
                }
            ],
            "used": [
                {
                    "name": "DmaIn.layer.copy_in_554",
                    "addr": 0,
                    "size": 1075200
                },
                {
                    "name": "FetchParam.layer.Activation.layer.PPQ_Operation_227.c.0.fetch_param_data.layer",
                    "addr": 1075200,
                    "size": 256
                }
            ],
            "free": []
        },
        "kernel[2]": {
            "name": "FetchParam.layer.Activation.layer.PPQ_Operation_227.c.1.fetch_param_data.layer",
            "idx": 2,
            "mem_used_rate": 0.2564697265625,
            "malloc": [
                {
                    "addr": 1075456,
                    "ori_size": 0,
                    "size": 256
                }
            ],
            "used": [
                {
                    "name": "DmaIn.layer.copy_in_554",
                    "addr": 0,
                    "size": 1075200
                },
                {
                    "name": "FetchParam.layer.Activation.layer.PPQ_Operation_227.c.0.fetch_param_data.layer",
                    "addr": 1075200,
                    "size": 256
                },
                {
                    "name": "FetchParam.layer.Activation.layer.PPQ_Operation_227.c.1.fetch_param_data.layer",
                    "addr": 1075456,
                    "size": 256
                }
            ],
            "free": []
        },
        "kernel[3]": {
            "name": "DummyConcat.layer.PPQ_Operation_227.0",
            "idx": 3,
            "mem_used_rate": 0.3848876953125,
            "malloc": [
                {
                    "addr": 1075712,
                    "ori_size": 0,
                    "size": 538624
                }
            ],
            "used": [
                {
                    "name": "DmaIn.layer.copy_in_554",
                    "addr": 0,
                    "size": 1075200
                },
                {
                    "name": "FetchParam.layer.Activation.layer.PPQ_Operation_227.c.0.fetch_param_data.layer",
                    "addr": 1075200,
                    "size": 256
                },
                {
                    "name": "FetchParam.layer.Activation.layer.PPQ_Operation_227.c.1.fetch_param_data.layer",
                    "addr": 1075456,
                    "size": 256
                },
                {
                    "name": "DummyConcat.layer.PPQ_Operation_227.0",
                    "addr": 1075712,
                    "size": 538624
                }
            ],
            "free": []
        },
        "kernel[4]": {
            "name": "Activation.layer.PPQ_Operation_227.c.0",
            "idx": 4,
            "mem_used_rate": 0.2567138671875,
            "malloc": [],
            "used": [
                {
                    "name": "DmaIn.layer.copy_in_554",
                    "addr": 0,
                    "size": 1075200
                },
                {
                    "name": "FetchParam.layer.Activation.layer.PPQ_Operation_227.c.0.fetch_param_data.layer",
                    "addr": 1075200,
                    "size": 256
                },
                {
                    "name": "FetchParam.layer.Activation.layer.PPQ_Operation_227.c.1.fetch_param_data.layer",
                    "addr": 1075456,
                    "size": 256
                },
                {
                    "name": "DummyConcat.layer.PPQ_Operation_227.0",
                    "addr": 1075712,
                    "size": 538624
                }
            ],
            "free": [
                {
                    "name": "Activation.layer.PPQ_Operation_227.c.0",
                    "addr": 0,
                    "size": 537600
                },
                {
                    "name": "Activation.layer.PPQ_Operation_227.c.0",
                    "addr": 1075200,
                    "size": 256
                }
            ]
        },
        "kernel[5]": {
            "name": "Activation.layer.PPQ_Operation_227.c.1",
            "idx": 5,
            "mem_used_rate": 0.12847900390625,
            "malloc": [],
            "used": [
                {
                    "name": "DmaIn.layer.copy_in_554",
                    "addr": 537600,
                    "size": 537600
                },
                {
                    "name": "FetchParam.layer.Activation.layer.PPQ_Operation_227.c.1.fetch_param_data.layer",
                    "addr": 1075456,
                    "size": 256
                },
                {
                    "name": "DummyConcat.layer.PPQ_Operation_227.0",
                    "addr": 1075712,
                    "size": 538624
                }
            ],
            "free": [
                {
                    "name": "Activation.layer.PPQ_Operation_227.c.1",
                    "addr": 537600,
                    "size": 537600
                },
                {
                    "name": "Activation.layer.PPQ_Operation_227.c.1",
                    "addr": 1075456,
                    "size": 256
                }
            ]
        },
        "kernel[6]": {
            "name": "DmaOut.layer.copy_out_PPQ_Variable_240",
            "idx": 6,
            "mem_used_rate": 0.064208984375,
            "malloc": [],
            "used": [
                {
                    "name": "DummyConcat.layer.PPQ_Operation_227.0",
                    "addr": 1075712,
                    "size": 538624
                }
            ],
            "free": [
                {
                    "name": "DmaOut.layer.copy_out_PPQ_Variable_240",
                    "addr": 1075712,
                    "size": 269312
                },
                {
                    "name": "DmaOut.layer.copy_out_PPQ_Variable_240",
                    "addr": 1345024,
                    "size": 269312
                }
            ]
        }
    },
    "max_peak_size": [
        {
            "size": 1075712
        }
    ]
}