{
    "banks": [
        {
            "addr": 0,
            "size": 0
        }
    ],
    "patch_reserve": [],
    "param_reserve": [],
    "ops": {
        "kernel[0]": {
            "name": "DmaIn.layer.copy_in_2Fmodel2Fneck2Fout_convs2E12Fcna2Factivate2FRelu_output_0",
            "idx": 0,
            "mem_used_rate": 0.025390625,
            "malloc": [
                {
                    "addr": 4087808,
                    "ori_size": 0,
                    "size": 106496
                }
            ],
            "used": [
                {
                    "name": "DmaIn.layer.copy_in_2Fmodel2Fneck2Fout_convs2E12Fcna2Factivate2FRelu_output_0",
                    "addr": 4087808,
                    "size": 106496
                }
            ],
            "free": []
        },
        "kernel[1]": {
            "name": "FetchParam.layer.Conv2d.layer./model/person/head_module/kpt_pred.1/kpt_pred.1.0/depthwise_conv/conv/Conv_im_0.0.fetch_param_data.layer",
            "idx": 1,
            "mem_used_rate": 0.0255126953125,
            "malloc": [
                {
                    "addr": 0,
                    "ori_size": 0,
                    "size": 512
                }
            ],
            "used": [
                {
                    "name": "DmaIn.layer.copy_in_2Fmodel2Fneck2Fout_convs2E12Fcna2Factivate2FRelu_output_0",
                    "addr": 4087808,
                    "size": 106496
                },
                {
                    "name": "FetchParam.layer.Conv2d.layer./model/person/head_module/kpt_pred.1/kpt_pred.1.0/depthwise_conv/conv/Conv_im_0.0.fetch_param_data.layer",
                    "addr": 0,
                    "size": 512
                }
            ],
            "free": []
        },
        "kernel[2]": {
            "name": "FetchParam.layer.Conv2d.layer./model/person/head_module/kpt_pred.1/kpt_pred.1.0/depthwise_conv/conv/Conv_im_0.1.fetch_param_data.layer",
            "idx": 2,
            "mem_used_rate": 0.025634765625,
            "malloc": [
                {
                    "addr": 512,
                    "ori_size": 0,
                    "size": 512
                }
            ],
            "used": [
                {
                    "name": "DmaIn.layer.copy_in_2Fmodel2Fneck2Fout_convs2E12Fcna2Factivate2FRelu_output_0",
                    "addr": 4087808,
                    "size": 106496
                },
                {
                    "name": "FetchParam.layer.Conv2d.layer./model/person/head_module/kpt_pred.1/kpt_pred.1.0/depthwise_conv/conv/Conv_im_0.0.fetch_param_data.layer",
                    "addr": 0,
                    "size": 512
                },
                {
                    "name": "FetchParam.layer.Conv2d.layer./model/person/head_module/kpt_pred.1/kpt_pred.1.0/depthwise_conv/conv/Conv_im_0.1.fetch_param_data.layer",
                    "addr": 512,
                    "size": 512
                }
            ],
            "free": []
        },
        "kernel[3]": {
            "name": "DummyConcat.layer./model/person/head_module/kpt_pred.1/kpt_pred.1.0/depthwise_conv/conv/Conv_im_0.6",
            "idx": 3,
            "mem_used_rate": 0.051025390625,
            "malloc": [
                {
                    "addr": 1024,
                    "ori_size": 0,
                    "size": 106496
                }
            ],
            "used": [
                {
                    "name": "DmaIn.layer.copy_in_2Fmodel2Fneck2Fout_convs2E12Fcna2Factivate2FRelu_output_0",
                    "addr": 4087808,
                    "size": 106496
                },
                {
                    "name": "FetchParam.layer.Conv2d.layer./model/person/head_module/kpt_pred.1/kpt_pred.1.0/depthwise_conv/conv/Conv_im_0.0.fetch_param_data.layer",
                    "addr": 0,
                    "size": 512
                },
                {
                    "name": "FetchParam.layer.Conv2d.layer./model/person/head_module/kpt_pred.1/kpt_pred.1.0/depthwise_conv/conv/Conv_im_0.1.fetch_param_data.layer",
                    "addr": 512,
                    "size": 512
                },
                {
                    "name": "DummyConcat.layer./model/person/head_module/kpt_pred.1/kpt_pred.1.0/depthwise_conv/conv/Conv_im_0.6",
                    "addr": 1024,
                    "size": 106496
                }
            ],
            "free": []
        },
        "kernel[4]": {
            "name": "FetchParam.layer.Conv2d.layer./model/person/head_module/kpt_pred.1/kpt_pred.1.0/depthwise_conv/conv/Conv_im_0.2.fetch_param_data.layer",
            "idx": 4,
            "mem_used_rate": 0.0511474609375,
            "malloc": [
                {
                    "addr": 107520,
                    "ori_size": 0,
                    "size": 512
                }
            ],
            "used": [
                {
                    "name": "DmaIn.layer.copy_in_2Fmodel2Fneck2Fout_convs2E12Fcna2Factivate2FRelu_output_0",
                    "addr": 4087808,
                    "size": 106496
                },
                {
                    "name": "FetchParam.layer.Conv2d.layer./model/person/head_module/kpt_pred.1/kpt_pred.1.0/depthwise_conv/conv/Conv_im_0.0.fetch_param_data.layer",
                    "addr": 0,
                    "size": 512
                },
                {
                    "name": "FetchParam.layer.Conv2d.layer./model/person/head_module/kpt_pred.1/kpt_pred.1.0/depthwise_conv/conv/Conv_im_0.1.fetch_param_data.layer",
                    "addr": 512,
                    "size": 512
                },
                {
                    "name": "DummyConcat.layer./model/person/head_module/kpt_pred.1/kpt_pred.1.0/depthwise_conv/conv/Conv_im_0.6",
                    "addr": 1024,
                    "size": 106496
                },
                {
                    "name": "FetchParam.layer.Conv2d.layer./model/person/head_module/kpt_pred.1/kpt_pred.1.0/depthwise_conv/conv/Conv_im_0.2.fetch_param_data.layer",
                    "addr": 107520,
                    "size": 512
                }
            ],
            "free": []
        },
        "kernel[5]": {
            "name": "FetchParam.layer.Conv2d.layer./model/person/head_module/kpt_pred.1/kpt_pred.1.0/depthwise_conv/conv/Conv_im_0.3.fetch_param_data.layer",
            "idx": 5,
            "mem_used_rate": 0.05126953125,
            "malloc": [
                {
                    "addr": 108032,
                    "ori_size": 0,
                    "size": 512
                }
            ],
            "used": [
                {
                    "name": "DmaIn.layer.copy_in_2Fmodel2Fneck2Fout_convs2E12Fcna2Factivate2FRelu_output_0",
                    "addr": 4087808,
                    "size": 106496
                },
                {
                    "name": "FetchParam.layer.Conv2d.layer./model/person/head_module/kpt_pred.1/kpt_pred.1.0/depthwise_conv/conv/Conv_im_0.0.fetch_param_data.layer",
                    "addr": 0,
                    "size": 512
                },
                {
                    "name": "FetchParam.layer.Conv2d.layer./model/person/head_module/kpt_pred.1/kpt_pred.1.0/depthwise_conv/conv/Conv_im_0.1.fetch_param_data.layer",
                    "addr": 512,
                    "size": 512
                },
                {
                    "name": "DummyConcat.layer./model/person/head_module/kpt_pred.1/kpt_pred.1.0/depthwise_conv/conv/Conv_im_0.6",
                    "addr": 1024,
                    "size": 106496
                },
                {
                    "name": "FetchParam.layer.Conv2d.layer./model/person/head_module/kpt_pred.1/kpt_pred.1.0/depthwise_conv/conv/Conv_im_0.2.fetch_param_data.layer",
                    "addr": 107520,
                    "size": 512
                },
                {
                    "name": "FetchParam.layer.Conv2d.layer./model/person/head_module/kpt_pred.1/kpt_pred.1.0/depthwise_conv/conv/Conv_im_0.3.fetch_param_data.layer",
                    "addr": 108032,
                    "size": 512
                }
            ],
            "free": []
        },
        "kernel[6]": {
            "name": "FetchParam.layer.Conv2d.layer./model/person/head_module/kpt_pred.1/kpt_pred.1.0/depthwise_conv/conv/Conv_im_0.4.fetch_param_data.layer",
            "idx": 6,
            "mem_used_rate": 0.0513916015625,
            "malloc": [
                {
                    "addr": 108544,
                    "ori_size": 0,
                    "size": 512
                }
            ],
            "used": [
                {
                    "name": "DmaIn.layer.copy_in_2Fmodel2Fneck2Fout_convs2E12Fcna2Factivate2FRelu_output_0",
                    "addr": 4087808,
                    "size": 106496
                },
                {
                    "name": "FetchParam.layer.Conv2d.layer./model/person/head_module/kpt_pred.1/kpt_pred.1.0/depthwise_conv/conv/Conv_im_0.0.fetch_param_data.layer",
                    "addr": 0,
                    "size": 512
                },
                {
                    "name": "FetchParam.layer.Conv2d.layer./model/person/head_module/kpt_pred.1/kpt_pred.1.0/depthwise_conv/conv/Conv_im_0.1.fetch_param_data.layer",
                    "addr": 512,
                    "size": 512
                },
                {
                    "name": "DummyConcat.layer./model/person/head_module/kpt_pred.1/kpt_pred.1.0/depthwise_conv/conv/Conv_im_0.6",
                    "addr": 1024,
                    "size": 106496
                },
                {
                    "name": "FetchParam.layer.Conv2d.layer./model/person/head_module/kpt_pred.1/kpt_pred.1.0/depthwise_conv/conv/Conv_im_0.2.fetch_param_data.layer",
                    "addr": 107520,
                    "size": 512
                },
                {
                    "name": "FetchParam.layer.Conv2d.layer./model/person/head_module/kpt_pred.1/kpt_pred.1.0/depthwise_conv/conv/Conv_im_0.3.fetch_param_data.layer",
                    "addr": 108032,
                    "size": 512
                },
                {
                    "name": "FetchParam.layer.Conv2d.layer./model/person/head_module/kpt_pred.1/kpt_pred.1.0/depthwise_conv/conv/Conv_im_0.4.fetch_param_data.layer",
                    "addr": 108544,
                    "size": 512
                }
            ],
            "free": []
        },
        "kernel[7]": {
            "name": "FetchParam.layer.Conv2d.layer./model/person/head_module/kpt_pred.1/kpt_pred.1.0/depthwise_conv/conv/Conv_im_0.5.fetch_param_data.layer",
            "idx": 7,
            "mem_used_rate": 0.051513671875,
            "malloc": [
                {
                    "addr": 109056,
                    "ori_size": 0,
                    "size": 512
                }
            ],
            "used": [
                {
                    "name": "DmaIn.layer.copy_in_2Fmodel2Fneck2Fout_convs2E12Fcna2Factivate2FRelu_output_0",
                    "addr": 4087808,
                    "size": 106496
                },
                {
                    "name": "FetchParam.layer.Conv2d.layer./model/person/head_module/kpt_pred.1/kpt_pred.1.0/depthwise_conv/conv/Conv_im_0.0.fetch_param_data.layer",
                    "addr": 0,
                    "size": 512
                },
                {
                    "name": "FetchParam.layer.Conv2d.layer./model/person/head_module/kpt_pred.1/kpt_pred.1.0/depthwise_conv/conv/Conv_im_0.1.fetch_param_data.layer",
                    "addr": 512,
                    "size": 512
                },
                {
                    "name": "DummyConcat.layer./model/person/head_module/kpt_pred.1/kpt_pred.1.0/depthwise_conv/conv/Conv_im_0.6",
                    "addr": 1024,
                    "size": 106496
                },
                {
                    "name": "FetchParam.layer.Conv2d.layer./model/person/head_module/kpt_pred.1/kpt_pred.1.0/depthwise_conv/conv/Conv_im_0.2.fetch_param_data.layer",
                    "addr": 107520,
                    "size": 512
                },
                {
                    "name": "FetchParam.layer.Conv2d.layer./model/person/head_module/kpt_pred.1/kpt_pred.1.0/depthwise_conv/conv/Conv_im_0.3.fetch_param_data.layer",
                    "addr": 108032,
                    "size": 512
                },
                {
                    "name": "FetchParam.layer.Conv2d.layer./model/person/head_module/kpt_pred.1/kpt_pred.1.0/depthwise_conv/conv/Conv_im_0.4.fetch_param_data.layer",
                    "addr": 108544,
                    "size": 512
                },
                {
                    "name": "FetchParam.layer.Conv2d.layer./model/person/head_module/kpt_pred.1/kpt_pred.1.0/depthwise_conv/conv/Conv_im_0.5.fetch_param_data.layer",
                    "addr": 109056,
                    "size": 512
                }
            ],
            "free": []
        },
        "kernel[8]": {
            "name": "FetchParam.layer.Conv2d.layer./model/person/head_module/kpt_pred.1/kpt_pred.1.0/depthwise_conv/conv/Conv_im_0.6.fetch_param_data.layer",
            "idx": 8,
            "mem_used_rate": 0.0516357421875,
            "malloc": [
                {
                    "addr": 109568,
                    "ori_size": 0,
                    "size": 512
                }
            ],
            "used": [
                {
                    "name": "DmaIn.layer.copy_in_2Fmodel2Fneck2Fout_convs2E12Fcna2Factivate2FRelu_output_0",
                    "addr": 4087808,
                    "size": 106496
                },
                {
                    "name": "FetchParam.layer.Conv2d.layer./model/person/head_module/kpt_pred.1/kpt_pred.1.0/depthwise_conv/conv/Conv_im_0.0.fetch_param_data.layer",
                    "addr": 0,
                    "size": 512
                },
                {
                    "name": "FetchParam.layer.Conv2d.layer./model/person/head_module/kpt_pred.1/kpt_pred.1.0/depthwise_conv/conv/Conv_im_0.1.fetch_param_data.layer",
                    "addr": 512,
                    "size": 512
                },
                {
                    "name": "DummyConcat.layer./model/person/head_module/kpt_pred.1/kpt_pred.1.0/depthwise_conv/conv/Conv_im_0.6",
                    "addr": 1024,
                    "size": 106496
                },
                {
                    "name": "FetchParam.layer.Conv2d.layer./model/person/head_module/kpt_pred.1/kpt_pred.1.0/depthwise_conv/conv/Conv_im_0.2.fetch_param_data.layer",
                    "addr": 107520,
                    "size": 512
                },
                {
                    "name": "FetchParam.layer.Conv2d.layer./model/person/head_module/kpt_pred.1/kpt_pred.1.0/depthwise_conv/conv/Conv_im_0.3.fetch_param_data.layer",
                    "addr": 108032,
                    "size": 512
                },
                {
                    "name": "FetchParam.layer.Conv2d.layer./model/person/head_module/kpt_pred.1/kpt_pred.1.0/depthwise_conv/conv/Conv_im_0.4.fetch_param_data.layer",
                    "addr": 108544,
                    "size": 512
                },
                {
                    "name": "FetchParam.layer.Conv2d.layer./model/person/head_module/kpt_pred.1/kpt_pred.1.0/depthwise_conv/conv/Conv_im_0.5.fetch_param_data.layer",
                    "addr": 109056,
                    "size": 512
                },
                {
                    "name": "FetchParam.layer.Conv2d.layer./model/person/head_module/kpt_pred.1/kpt_pred.1.0/depthwise_conv/conv/Conv_im_0.6.fetch_param_data.layer",
                    "addr": 109568,
                    "size": 512
                }
            ],
            "free": []
        },
        "kernel[9]": {
            "name": "FetchParam.layer.Conv2d.layer./model/person/head_module/kpt_pred.1/kpt_pred.1.0/depthwise_conv/conv/Conv_im_0.7.fetch_param_data.layer",
            "idx": 9,
            "mem_used_rate": 0.0517578125,
            "malloc": [
                {
                    "addr": 110080,
                    "ori_size": 0,
                    "size": 512
                }
            ],
            "used": [
                {
                    "name": "DmaIn.layer.copy_in_2Fmodel2Fneck2Fout_convs2E12Fcna2Factivate2FRelu_output_0",
                    "addr": 4087808,
                    "size": 106496
                },
                {
                    "name": "FetchParam.layer.Conv2d.layer./model/person/head_module/kpt_pred.1/kpt_pred.1.0/depthwise_conv/conv/Conv_im_0.0.fetch_param_data.layer",
                    "addr": 0,
                    "size": 512
                },
                {
                    "name": "FetchParam.layer.Conv2d.layer./model/person/head_module/kpt_pred.1/kpt_pred.1.0/depthwise_conv/conv/Conv_im_0.1.fetch_param_data.layer",
                    "addr": 512,
                    "size": 512
                },
                {
                    "name": "DummyConcat.layer./model/person/head_module/kpt_pred.1/kpt_pred.1.0/depthwise_conv/conv/Conv_im_0.6",
                    "addr": 1024,
                    "size": 106496
                },
                {
                    "name": "FetchParam.layer.Conv2d.layer./model/person/head_module/kpt_pred.1/kpt_pred.1.0/depthwise_conv/conv/Conv_im_0.2.fetch_param_data.layer",
                    "addr": 107520,
                    "size": 512
                },
                {
                    "name": "FetchParam.layer.Conv2d.layer./model/person/head_module/kpt_pred.1/kpt_pred.1.0/depthwise_conv/conv/Conv_im_0.3.fetch_param_data.layer",
                    "addr": 108032,
                    "size": 512
                },
                {
                    "name": "FetchParam.layer.Conv2d.layer./model/person/head_module/kpt_pred.1/kpt_pred.1.0/depthwise_conv/conv/Conv_im_0.4.fetch_param_data.layer",
                    "addr": 108544,
                    "size": 512
                },
                {
                    "name": "FetchParam.layer.Conv2d.layer./model/person/head_module/kpt_pred.1/kpt_pred.1.0/depthwise_conv/conv/Conv_im_0.5.fetch_param_data.layer",
                    "addr": 109056,
                    "size": 512
                },
                {
                    "name": "FetchParam.layer.Conv2d.layer./model/person/head_module/kpt_pred.1/kpt_pred.1.0/depthwise_conv/conv/Conv_im_0.6.fetch_param_data.layer",
                    "addr": 109568,
                    "size": 512
                },
                {
                    "name": "FetchParam.layer.Conv2d.layer./model/person/head_module/kpt_pred.1/kpt_pred.1.0/depthwise_conv/conv/Conv_im_0.7.fetch_param_data.layer",
                    "addr": 110080,
                    "size": 512
                }
            ],
            "free": []
        },
        "kernel[10]": {
            "name": "Conv2d.layer./model/person/head_module/kpt_pred.1/kpt_pred.1.0/depthwise_conv/conv/Conv_im_0.0",
            "idx": 10,
            "mem_used_rate": 0.048583984375,
            "malloc": [],
            "used": [
                {
                    "name": "DmaIn.layer.copy_in_2Fmodel2Fneck2Fout_convs2E12Fcna2Factivate2FRelu_output_0",
                    "addr": 4087808,
                    "size": 106496
                },
                {
                    "name": "FetchParam.layer.Conv2d.layer./model/person/head_module/kpt_pred.1/kpt_pred.1.0/depthwise_conv/conv/Conv_im_0.0.fetch_param_data.layer",
                    "addr": 0,
                    "size": 512
                },
                {
                    "name": "FetchParam.layer.Conv2d.layer./model/person/head_module/kpt_pred.1/kpt_pred.1.0/depthwise_conv/conv/Conv_im_0.1.fetch_param_data.layer",
                    "addr": 512,
                    "size": 512
                },
                {
                    "name": "DummyConcat.layer./model/person/head_module/kpt_pred.1/kpt_pred.1.0/depthwise_conv/conv/Conv_im_0.6",
                    "addr": 1024,
                    "size": 106496
                },
                {
                    "name": "FetchParam.layer.Conv2d.layer./model/person/head_module/kpt_pred.1/kpt_pred.1.0/depthwise_conv/conv/Conv_im_0.2.fetch_param_data.layer",
                    "addr": 107520,
                    "size": 512
                },
                {
                    "name": "FetchParam.layer.Conv2d.layer./model/person/head_module/kpt_pred.1/kpt_pred.1.0/depthwise_conv/conv/Conv_im_0.3.fetch_param_data.layer",
                    "addr": 108032,
                    "size": 512
                },
                {
                    "name": "FetchParam.layer.Conv2d.layer./model/person/head_module/kpt_pred.1/kpt_pred.1.0/depthwise_conv/conv/Conv_im_0.4.fetch_param_data.layer",
                    "addr": 108544,
                    "size": 512
                },
                {
                    "name": "FetchParam.layer.Conv2d.layer./model/person/head_module/kpt_pred.1/kpt_pred.1.0/depthwise_conv/conv/Conv_im_0.5.fetch_param_data.layer",
                    "addr": 109056,
                    "size": 512
                },
                {
                    "name": "FetchParam.layer.Conv2d.layer./model/person/head_module/kpt_pred.1/kpt_pred.1.0/depthwise_conv/conv/Conv_im_0.6.fetch_param_data.layer",
                    "addr": 109568,
                    "size": 512
                },
                {
                    "name": "FetchParam.layer.Conv2d.layer./model/person/head_module/kpt_pred.1/kpt_pred.1.0/depthwise_conv/conv/Conv_im_0.7.fetch_param_data.layer",
                    "addr": 110080,
                    "size": 512
                }
            ],
            "free": [
                {
                    "name": "Conv2d.layer./model/person/head_module/kpt_pred.1/kpt_pred.1.0/depthwise_conv/conv/Conv_im_0.0",
                    "addr": 4087808,
                    "size": 13312
                },
                {
                    "name": "Conv2d.layer./model/person/head_module/kpt_pred.1/kpt_pred.1.0/depthwise_conv/conv/Conv_im_0.0",
                    "addr": 0,
                    "size": 512
                }
            ]
        },
        "kernel[11]": {
            "name": "Conv2d.layer./model/person/head_module/kpt_pred.1/kpt_pred.1.0/depthwise_conv/conv/Conv_im_0.1",
            "idx": 11,
            "mem_used_rate": 0.0452880859375,
            "malloc": [],
            "used": [
                {
                    "name": "DmaIn.layer.copy_in_2Fmodel2Fneck2Fout_convs2E12Fcna2Factivate2FRelu_output_0",
                    "addr": 4101120,
                    "size": 93184
                },
                {
                    "name": "FetchParam.layer.Conv2d.layer./model/person/head_module/kpt_pred.1/kpt_pred.1.0/depthwise_conv/conv/Conv_im_0.1.fetch_param_data.layer",
                    "addr": 512,
                    "size": 512
                },
                {
                    "name": "DummyConcat.layer./model/person/head_module/kpt_pred.1/kpt_pred.1.0/depthwise_conv/conv/Conv_im_0.6",
                    "addr": 1024,
                    "size": 106496
                },
                {
                    "name": "FetchParam.layer.Conv2d.layer./model/person/head_module/kpt_pred.1/kpt_pred.1.0/depthwise_conv/conv/Conv_im_0.2.fetch_param_data.layer",
                    "addr": 107520,
                    "size": 512
                },
                {
                    "name": "FetchParam.layer.Conv2d.layer./model/person/head_module/kpt_pred.1/kpt_pred.1.0/depthwise_conv/conv/Conv_im_0.3.fetch_param_data.layer",
                    "addr": 108032,
                    "size": 512
                },
                {
                    "name": "FetchParam.layer.Conv2d.layer./model/person/head_module/kpt_pred.1/kpt_pred.1.0/depthwise_conv/conv/Conv_im_0.4.fetch_param_data.layer",
                    "addr": 108544,
                    "size": 512
                },
                {
                    "name": "FetchParam.layer.Conv2d.layer./model/person/head_module/kpt_pred.1/kpt_pred.1.0/depthwise_conv/conv/Conv_im_0.5.fetch_param_data.layer",
                    "addr": 109056,
                    "size": 512
                },
                {
                    "name": "FetchParam.layer.Conv2d.layer./model/person/head_module/kpt_pred.1/kpt_pred.1.0/depthwise_conv/conv/Conv_im_0.6.fetch_param_data.layer",
                    "addr": 109568,
                    "size": 512
                },
                {
                    "name": "FetchParam.layer.Conv2d.layer./model/person/head_module/kpt_pred.1/kpt_pred.1.0/depthwise_conv/conv/Conv_im_0.7.fetch_param_data.layer",
                    "addr": 110080,
                    "size": 512
                }
            ],
            "free": [
                {
                    "name": "Conv2d.layer./model/person/head_module/kpt_pred.1/kpt_pred.1.0/depthwise_conv/conv/Conv_im_0.1",
                    "addr": 4101120,
                    "size": 13312
                },
                {
                    "name": "Conv2d.layer./model/person/head_module/kpt_pred.1/kpt_pred.1.0/depthwise_conv/conv/Conv_im_0.1",
                    "addr": 512,
                    "size": 512
                }
            ]
        },
        "kernel[12]": {
            "name": "Conv2d.layer./model/person/head_module/kpt_pred.1/kpt_pred.1.0/depthwise_conv/conv/Conv_im_0.2",
            "idx": 12,
            "mem_used_rate": 0.0419921875,
            "malloc": [],
            "used": [
                {
                    "name": "DmaIn.layer.copy_in_2Fmodel2Fneck2Fout_convs2E12Fcna2Factivate2FRelu_output_0",
                    "addr": 4114432,
                    "size": 79872
                },
                {
                    "name": "DummyConcat.layer./model/person/head_module/kpt_pred.1/kpt_pred.1.0/depthwise_conv/conv/Conv_im_0.6",
                    "addr": 1024,
                    "size": 106496
                },
                {
                    "name": "FetchParam.layer.Conv2d.layer./model/person/head_module/kpt_pred.1/kpt_pred.1.0/depthwise_conv/conv/Conv_im_0.2.fetch_param_data.layer",
                    "addr": 107520,
                    "size": 512
                },
                {
                    "name": "FetchParam.layer.Conv2d.layer./model/person/head_module/kpt_pred.1/kpt_pred.1.0/depthwise_conv/conv/Conv_im_0.3.fetch_param_data.layer",
                    "addr": 108032,
                    "size": 512
                },
                {
                    "name": "FetchParam.layer.Conv2d.layer./model/person/head_module/kpt_pred.1/kpt_pred.1.0/depthwise_conv/conv/Conv_im_0.4.fetch_param_data.layer",
                    "addr": 108544,
                    "size": 512
                },
                {
                    "name": "FetchParam.layer.Conv2d.layer./model/person/head_module/kpt_pred.1/kpt_pred.1.0/depthwise_conv/conv/Conv_im_0.5.fetch_param_data.layer",
                    "addr": 109056,
                    "size": 512
                },
                {
                    "name": "FetchParam.layer.Conv2d.layer./model/person/head_module/kpt_pred.1/kpt_pred.1.0/depthwise_conv/conv/Conv_im_0.6.fetch_param_data.layer",
                    "addr": 109568,
                    "size": 512
                },
                {
                    "name": "FetchParam.layer.Conv2d.layer./model/person/head_module/kpt_pred.1/kpt_pred.1.0/depthwise_conv/conv/Conv_im_0.7.fetch_param_data.layer",
                    "addr": 110080,
                    "size": 512
                }
            ],
            "free": [
                {
                    "name": "Conv2d.layer./model/person/head_module/kpt_pred.1/kpt_pred.1.0/depthwise_conv/conv/Conv_im_0.2",
                    "addr": 4114432,
                    "size": 13312
                },
                {
                    "name": "Conv2d.layer./model/person/head_module/kpt_pred.1/kpt_pred.1.0/depthwise_conv/conv/Conv_im_0.2",
                    "addr": 107520,
                    "size": 512
                }
            ]
        },
        "kernel[13]": {
            "name": "Conv2d.layer./model/person/head_module/kpt_pred.1/kpt_pred.1.0/depthwise_conv/conv/Conv_im_0.3",
            "idx": 13,
            "mem_used_rate": 0.0386962890625,
            "malloc": [],
            "used": [
                {
                    "name": "DmaIn.layer.copy_in_2Fmodel2Fneck2Fout_convs2E12Fcna2Factivate2FRelu_output_0",
                    "addr": 4127744,
                    "size": 66560
                },
                {
                    "name": "DummyConcat.layer./model/person/head_module/kpt_pred.1/kpt_pred.1.0/depthwise_conv/conv/Conv_im_0.6",
                    "addr": 1024,
                    "size": 106496
                },
                {
                    "name": "FetchParam.layer.Conv2d.layer./model/person/head_module/kpt_pred.1/kpt_pred.1.0/depthwise_conv/conv/Conv_im_0.3.fetch_param_data.layer",
                    "addr": 108032,
                    "size": 512
                },
                {
                    "name": "FetchParam.layer.Conv2d.layer./model/person/head_module/kpt_pred.1/kpt_pred.1.0/depthwise_conv/conv/Conv_im_0.4.fetch_param_data.layer",
                    "addr": 108544,
                    "size": 512
                },
                {
                    "name": "FetchParam.layer.Conv2d.layer./model/person/head_module/kpt_pred.1/kpt_pred.1.0/depthwise_conv/conv/Conv_im_0.5.fetch_param_data.layer",
                    "addr": 109056,
                    "size": 512
                },
                {
                    "name": "FetchParam.layer.Conv2d.layer./model/person/head_module/kpt_pred.1/kpt_pred.1.0/depthwise_conv/conv/Conv_im_0.6.fetch_param_data.layer",
                    "addr": 109568,
                    "size": 512
                },
                {
                    "name": "FetchParam.layer.Conv2d.layer./model/person/head_module/kpt_pred.1/kpt_pred.1.0/depthwise_conv/conv/Conv_im_0.7.fetch_param_data.layer",
                    "addr": 110080,
                    "size": 512
                }
            ],
            "free": [
                {
                    "name": "Conv2d.layer./model/person/head_module/kpt_pred.1/kpt_pred.1.0/depthwise_conv/conv/Conv_im_0.3",
                    "addr": 4127744,
                    "size": 13312
                },
                {
                    "name": "Conv2d.layer./model/person/head_module/kpt_pred.1/kpt_pred.1.0/depthwise_conv/conv/Conv_im_0.3",
                    "addr": 108032,
                    "size": 512
                }
            ]
        },
        "kernel[14]": {
            "name": "Conv2d.layer./model/person/head_module/kpt_pred.1/kpt_pred.1.0/depthwise_conv/conv/Conv_im_0.4",
            "idx": 14,
            "mem_used_rate": 0.035400390625,
            "malloc": [],
            "used": [
                {
                    "name": "DmaIn.layer.copy_in_2Fmodel2Fneck2Fout_convs2E12Fcna2Factivate2FRelu_output_0",
                    "addr": 4141056,
                    "size": 53248
                },
                {
                    "name": "DummyConcat.layer./model/person/head_module/kpt_pred.1/kpt_pred.1.0/depthwise_conv/conv/Conv_im_0.6",
                    "addr": 1024,
                    "size": 106496
                },
                {
                    "name": "FetchParam.layer.Conv2d.layer./model/person/head_module/kpt_pred.1/kpt_pred.1.0/depthwise_conv/conv/Conv_im_0.4.fetch_param_data.layer",
                    "addr": 108544,
                    "size": 512
                },
                {
                    "name": "FetchParam.layer.Conv2d.layer./model/person/head_module/kpt_pred.1/kpt_pred.1.0/depthwise_conv/conv/Conv_im_0.5.fetch_param_data.layer",
                    "addr": 109056,
                    "size": 512
                },
                {
                    "name": "FetchParam.layer.Conv2d.layer./model/person/head_module/kpt_pred.1/kpt_pred.1.0/depthwise_conv/conv/Conv_im_0.6.fetch_param_data.layer",
                    "addr": 109568,
                    "size": 512
                },
                {
                    "name": "FetchParam.layer.Conv2d.layer./model/person/head_module/kpt_pred.1/kpt_pred.1.0/depthwise_conv/conv/Conv_im_0.7.fetch_param_data.layer",
                    "addr": 110080,
                    "size": 512
                }
            ],
            "free": [
                {
                    "name": "Conv2d.layer./model/person/head_module/kpt_pred.1/kpt_pred.1.0/depthwise_conv/conv/Conv_im_0.4",
                    "addr": 4141056,
                    "size": 13312
                },
                {
                    "name": "Conv2d.layer./model/person/head_module/kpt_pred.1/kpt_pred.1.0/depthwise_conv/conv/Conv_im_0.4",
                    "addr": 108544,
                    "size": 512
                }
            ]
        },
        "kernel[15]": {
            "name": "Conv2d.layer./model/person/head_module/kpt_pred.1/kpt_pred.1.0/depthwise_conv/conv/Conv_im_0.5",
            "idx": 15,
            "mem_used_rate": 0.0321044921875,
            "malloc": [],
            "used": [
                {
                    "name": "DmaIn.layer.copy_in_2Fmodel2Fneck2Fout_convs2E12Fcna2Factivate2FRelu_output_0",
                    "addr": 4154368,
                    "size": 39936
                },
                {
                    "name": "DummyConcat.layer./model/person/head_module/kpt_pred.1/kpt_pred.1.0/depthwise_conv/conv/Conv_im_0.6",
                    "addr": 1024,
                    "size": 106496
                },
                {
                    "name": "FetchParam.layer.Conv2d.layer./model/person/head_module/kpt_pred.1/kpt_pred.1.0/depthwise_conv/conv/Conv_im_0.5.fetch_param_data.layer",
                    "addr": 109056,
                    "size": 512
                },
                {
                    "name": "FetchParam.layer.Conv2d.layer./model/person/head_module/kpt_pred.1/kpt_pred.1.0/depthwise_conv/conv/Conv_im_0.6.fetch_param_data.layer",
                    "addr": 109568,
                    "size": 512
                },
                {
                    "name": "FetchParam.layer.Conv2d.layer./model/person/head_module/kpt_pred.1/kpt_pred.1.0/depthwise_conv/conv/Conv_im_0.7.fetch_param_data.layer",
                    "addr": 110080,
                    "size": 512
                }
            ],
            "free": [
                {
                    "name": "Conv2d.layer./model/person/head_module/kpt_pred.1/kpt_pred.1.0/depthwise_conv/conv/Conv_im_0.5",
                    "addr": 4154368,
                    "size": 13312
                },
                {
                    "name": "Conv2d.layer./model/person/head_module/kpt_pred.1/kpt_pred.1.0/depthwise_conv/conv/Conv_im_0.5",
                    "addr": 109056,
                    "size": 512
                }
            ]
        },
        "kernel[16]": {
            "name": "Conv2d.layer./model/person/head_module/kpt_pred.1/kpt_pred.1.0/depthwise_conv/conv/Conv_im_0.6",
            "idx": 16,
            "mem_used_rate": 0.02880859375,
            "malloc": [],
            "used": [
                {
                    "name": "DmaIn.layer.copy_in_2Fmodel2Fneck2Fout_convs2E12Fcna2Factivate2FRelu_output_0",
                    "addr": 4167680,
                    "size": 26624
                },
                {
                    "name": "DummyConcat.layer./model/person/head_module/kpt_pred.1/kpt_pred.1.0/depthwise_conv/conv/Conv_im_0.6",
                    "addr": 1024,
                    "size": 106496
                },
                {
                    "name": "FetchParam.layer.Conv2d.layer./model/person/head_module/kpt_pred.1/kpt_pred.1.0/depthwise_conv/conv/Conv_im_0.6.fetch_param_data.layer",
                    "addr": 109568,
                    "size": 512
                },
                {
                    "name": "FetchParam.layer.Conv2d.layer./model/person/head_module/kpt_pred.1/kpt_pred.1.0/depthwise_conv/conv/Conv_im_0.7.fetch_param_data.layer",
                    "addr": 110080,
                    "size": 512
                }
            ],
            "free": [
                {
                    "name": "Conv2d.layer./model/person/head_module/kpt_pred.1/kpt_pred.1.0/depthwise_conv/conv/Conv_im_0.6",
                    "addr": 4167680,
                    "size": 13312
                },
                {
                    "name": "Conv2d.layer./model/person/head_module/kpt_pred.1/kpt_pred.1.0/depthwise_conv/conv/Conv_im_0.6",
                    "addr": 109568,
                    "size": 512
                }
            ]
        },
        "kernel[17]": {
            "name": "Conv2d.layer./model/person/head_module/kpt_pred.1/kpt_pred.1.0/depthwise_conv/conv/Conv_im_0.7",
            "idx": 17,
            "mem_used_rate": 0.0255126953125,
            "malloc": [],
            "used": [
                {
                    "name": "DmaIn.layer.copy_in_2Fmodel2Fneck2Fout_convs2E12Fcna2Factivate2FRelu_output_0",
                    "addr": 4180992,
                    "size": 13312
                },
                {
                    "name": "DummyConcat.layer./model/person/head_module/kpt_pred.1/kpt_pred.1.0/depthwise_conv/conv/Conv_im_0.6",
                    "addr": 1024,
                    "size": 106496
                },
                {
                    "name": "FetchParam.layer.Conv2d.layer./model/person/head_module/kpt_pred.1/kpt_pred.1.0/depthwise_conv/conv/Conv_im_0.7.fetch_param_data.layer",
                    "addr": 110080,
                    "size": 512
                }
            ],
            "free": [
                {
                    "name": "Conv2d.layer./model/person/head_module/kpt_pred.1/kpt_pred.1.0/depthwise_conv/conv/Conv_im_0.7",
                    "addr": 4180992,
                    "size": 13312
                },
                {
                    "name": "Conv2d.layer./model/person/head_module/kpt_pred.1/kpt_pred.1.0/depthwise_conv/conv/Conv_im_0.7",
                    "addr": 110080,
                    "size": 512
                }
            ]
        },
        "kernel[18]": {
            "name": "DmaOut.layer.copy_out_2Fmodel2Fperson2Fhead_module2Fkpt_pred2E12Fkpt_pred2E12E02Fdepthwise_conv2Fconv2FConv_output_0",
            "idx": 18,
            "mem_used_rate": 0.003173828125,
            "malloc": [],
            "used": [
                {
                    "name": "DummyConcat.layer./model/person/head_module/kpt_pred.1/kpt_pred.1.0/depthwise_conv/conv/Conv_im_0.6",
                    "addr": 1024,
                    "size": 106496
                }
            ],
            "free": [
                {
                    "name": "DmaOut.layer.copy_out_2Fmodel2Fperson2Fhead_module2Fkpt_pred2E12Fkpt_pred2E12E02Fdepthwise_conv2Fconv2FConv_output_0",
                    "addr": 1024,
                    "size": 13312
                },
                {
                    "name": "DmaOut.layer.copy_out_2Fmodel2Fperson2Fhead_module2Fkpt_pred2E12Fkpt_pred2E12E02Fdepthwise_conv2Fconv2FConv_output_0",
                    "addr": 14336,
                    "size": 13312
                },
                {
                    "name": "DmaOut.layer.copy_out_2Fmodel2Fperson2Fhead_module2Fkpt_pred2E12Fkpt_pred2E12E02Fdepthwise_conv2Fconv2FConv_output_0",
                    "addr": 27648,
                    "size": 13312
                },
                {
                    "name": "DmaOut.layer.copy_out_2Fmodel2Fperson2Fhead_module2Fkpt_pred2E12Fkpt_pred2E12E02Fdepthwise_conv2Fconv2FConv_output_0",
                    "addr": 40960,
                    "size": 13312
                },
                {
                    "name": "DmaOut.layer.copy_out_2Fmodel2Fperson2Fhead_module2Fkpt_pred2E12Fkpt_pred2E12E02Fdepthwise_conv2Fconv2FConv_output_0",
                    "addr": 54272,
                    "size": 13312
                },
                {
                    "name": "DmaOut.layer.copy_out_2Fmodel2Fperson2Fhead_module2Fkpt_pred2E12Fkpt_pred2E12E02Fdepthwise_conv2Fconv2FConv_output_0",
                    "addr": 67584,
                    "size": 13312
                },
                {
                    "name": "DmaOut.layer.copy_out_2Fmodel2Fperson2Fhead_module2Fkpt_pred2E12Fkpt_pred2E12E02Fdepthwise_conv2Fconv2FConv_output_0",
                    "addr": 80896,
                    "size": 13312
                },
                {
                    "name": "DmaOut.layer.copy_out_2Fmodel2Fperson2Fhead_module2Fkpt_pred2E12Fkpt_pred2E12E02Fdepthwise_conv2Fconv2FConv_output_0",
                    "addr": 94208,
                    "size": 13312
                }
            ]
        }
    },
    "max_peak_size": [
        {
            "size": 217088
        }
    ]
}