{
    "banks": [
        {
            "addr": 0,
            "size": 0
        }
    ],
    "patch_reserve": [],
    "param_reserve": [],
    "ops": {
        "kernel[0]": {
            "name": "DmaIn.layer.copy_in_2Fmodel2Fbackbone2Fstage32Fstage32E12Fblocks2E02FAdd_output_0",
            "idx": 0,
            "mem_used_rate": 0.025390625,
            "malloc": [
                {
                    "addr": 0,
                    "ori_size": 0,
                    "size": 106496
                }
            ],
            "used": [
                {
                    "name": "DmaIn.layer.copy_in_2Fmodel2Fbackbone2Fstage32Fstage32E12Fblocks2E02FAdd_output_0",
                    "addr": 0,
                    "size": 106496
                }
            ],
            "free": []
        },
        "kernel[1]": {
            "name": "FetchParam.layer.ConvFusion.layer./model/backbone/stage3/stage3.1/blocks.1/conv1/conv/Conv_im_0.fused./model/backbone/stage3/stage3.1/blocks.1/conv1/activate/Relu.split.co.0.fetch_param_data.layer",
            "idx": 1,
            "mem_used_rate": 0.04107666015625,
            "malloc": [
                {
                    "addr": 106496,
                    "ori_size": 0,
                    "size": 65792
                }
            ],
            "used": [
                {
                    "name": "DmaIn.layer.copy_in_2Fmodel2Fbackbone2Fstage32Fstage32E12Fblocks2E02FAdd_output_0",
                    "addr": 0,
                    "size": 106496
                },
                {
                    "name": "FetchParam.layer.ConvFusion.layer./model/backbone/stage3/stage3.1/blocks.1/conv1/conv/Conv_im_0.fused./model/backbone/stage3/stage3.1/blocks.1/conv1/activate/Relu.split.co.0.fetch_param_data.layer",
                    "addr": 106496,
                    "size": 65792
                }
            ],
            "free": []
        },
        "kernel[2]": {
            "name": "FetchParam.layer.ConvFusion.layer./model/backbone/stage3/stage3.1/blocks.1/conv1/conv/Conv_im_0.fused./model/backbone/stage3/stage3.1/blocks.1/conv1/activate/Relu.split.co.1.fetch_param_data.layer",
            "idx": 2,
            "mem_used_rate": 0.0567626953125,
            "malloc": [
                {
                    "addr": 172288,
                    "ori_size": 0,
                    "size": 65792
                }
            ],
            "used": [
                {
                    "name": "DmaIn.layer.copy_in_2Fmodel2Fbackbone2Fstage32Fstage32E12Fblocks2E02FAdd_output_0",
                    "addr": 0,
                    "size": 106496
                },
                {
                    "name": "FetchParam.layer.ConvFusion.layer./model/backbone/stage3/stage3.1/blocks.1/conv1/conv/Conv_im_0.fused./model/backbone/stage3/stage3.1/blocks.1/conv1/activate/Relu.split.co.0.fetch_param_data.layer",
                    "addr": 106496,
                    "size": 65792
                },
                {
                    "name": "FetchParam.layer.ConvFusion.layer./model/backbone/stage3/stage3.1/blocks.1/conv1/conv/Conv_im_0.fused./model/backbone/stage3/stage3.1/blocks.1/conv1/activate/Relu.split.co.1.fetch_param_data.layer",
                    "addr": 172288,
                    "size": 65792
                }
            ],
            "free": []
        },
        "kernel[3]": {
            "name": "DummyConcat.layer./model/backbone/stage3/stage3.1/blocks.1/conv1/conv/Conv_im_0.fused./model/backbone/stage3/stage3.1/blocks.1/conv1/activate/Relu.0",
            "idx": 3,
            "mem_used_rate": 0.0821533203125,
            "malloc": [
                {
                    "addr": 238080,
                    "ori_size": 0,
                    "size": 106496
                }
            ],
            "used": [
                {
                    "name": "DmaIn.layer.copy_in_2Fmodel2Fbackbone2Fstage32Fstage32E12Fblocks2E02FAdd_output_0",
                    "addr": 0,
                    "size": 106496
                },
                {
                    "name": "FetchParam.layer.ConvFusion.layer./model/backbone/stage3/stage3.1/blocks.1/conv1/conv/Conv_im_0.fused./model/backbone/stage3/stage3.1/blocks.1/conv1/activate/Relu.split.co.0.fetch_param_data.layer",
                    "addr": 106496,
                    "size": 65792
                },
                {
                    "name": "FetchParam.layer.ConvFusion.layer./model/backbone/stage3/stage3.1/blocks.1/conv1/conv/Conv_im_0.fused./model/backbone/stage3/stage3.1/blocks.1/conv1/activate/Relu.split.co.1.fetch_param_data.layer",
                    "addr": 172288,
                    "size": 65792
                },
                {
                    "name": "DummyConcat.layer./model/backbone/stage3/stage3.1/blocks.1/conv1/conv/Conv_im_0.fused./model/backbone/stage3/stage3.1/blocks.1/conv1/activate/Relu.0",
                    "addr": 238080,
                    "size": 106496
                }
            ],
            "free": []
        },
        "kernel[4]": {
            "name": "ConvFusion.layer./model/backbone/stage3/stage3.1/blocks.1/conv1/conv/Conv_im_0.fused./model/backbone/stage3/stage3.1/blocks.1/conv1/activate/Relu.split.co.0",
            "idx": 4,
            "mem_used_rate": 0.0821533203125,
            "malloc": [],
            "used": [
                {
                    "name": "DmaIn.layer.copy_in_2Fmodel2Fbackbone2Fstage32Fstage32E12Fblocks2E02FAdd_output_0",
                    "addr": 0,
                    "size": 106496
                },
                {
                    "name": "FetchParam.layer.ConvFusion.layer./model/backbone/stage3/stage3.1/blocks.1/conv1/conv/Conv_im_0.fused./model/backbone/stage3/stage3.1/blocks.1/conv1/activate/Relu.split.co.0.fetch_param_data.layer",
                    "addr": 106496,
                    "size": 65792
                },
                {
                    "name": "FetchParam.layer.ConvFusion.layer./model/backbone/stage3/stage3.1/blocks.1/conv1/conv/Conv_im_0.fused./model/backbone/stage3/stage3.1/blocks.1/conv1/activate/Relu.split.co.1.fetch_param_data.layer",
                    "addr": 172288,
                    "size": 65792
                },
                {
                    "name": "DummyConcat.layer./model/backbone/stage3/stage3.1/blocks.1/conv1/conv/Conv_im_0.fused./model/backbone/stage3/stage3.1/blocks.1/conv1/activate/Relu.0",
                    "addr": 238080,
                    "size": 106496
                }
            ],
            "free": [
                {
                    "name": "ConvFusion.layer./model/backbone/stage3/stage3.1/blocks.1/conv1/conv/Conv_im_0.fused./model/backbone/stage3/stage3.1/blocks.1/conv1/activate/Relu.split.co.0",
                    "addr": 106496,
                    "size": 65792
                }
            ]
        },
        "kernel[5]": {
            "name": "ConvFusion.layer./model/backbone/stage3/stage3.1/blocks.1/conv1/conv/Conv_im_0.fused./model/backbone/stage3/stage3.1/blocks.1/conv1/activate/Relu.split.co.1",
            "idx": 5,
            "mem_used_rate": 0.04107666015625,
            "malloc": [],
            "used": [
                {
                    "name": "DmaIn.layer.copy_in_2Fmodel2Fbackbone2Fstage32Fstage32E12Fblocks2E02FAdd_output_0",
                    "addr": 0,
                    "size": 106496
                },
                {
                    "name": "FetchParam.layer.ConvFusion.layer./model/backbone/stage3/stage3.1/blocks.1/conv1/conv/Conv_im_0.fused./model/backbone/stage3/stage3.1/blocks.1/conv1/activate/Relu.split.co.1.fetch_param_data.layer",
                    "addr": 172288,
                    "size": 65792
                },
                {
                    "name": "DummyConcat.layer./model/backbone/stage3/stage3.1/blocks.1/conv1/conv/Conv_im_0.fused./model/backbone/stage3/stage3.1/blocks.1/conv1/activate/Relu.0",
                    "addr": 238080,
                    "size": 106496
                }
            ],
            "free": [
                {
                    "name": "ConvFusion.layer./model/backbone/stage3/stage3.1/blocks.1/conv1/conv/Conv_im_0.fused./model/backbone/stage3/stage3.1/blocks.1/conv1/activate/Relu.split.co.1",
                    "addr": 0,
                    "size": 106496
                },
                {
                    "name": "ConvFusion.layer./model/backbone/stage3/stage3.1/blocks.1/conv1/conv/Conv_im_0.fused./model/backbone/stage3/stage3.1/blocks.1/conv1/activate/Relu.split.co.1",
                    "addr": 172288,
                    "size": 65792
                }
            ]
        },
        "kernel[6]": {
            "name": "FetchParam.layer.ConvFusion.layer./model/backbone/stage3/stage3.1/blocks.1/conv2/conv/Conv_im_0.fused./model/backbone/stage3/stage3.1/blocks.1/conv2/activate/Relu.split.co.0.fetch_param_data.layer",
            "idx": 6,
            "mem_used_rate": 0.04107666015625,
            "malloc": [
                {
                    "addr": 344576,
                    "ori_size": 0,
                    "size": 65792
                }
            ],
            "used": [
                {
                    "name": "DummyConcat.layer./model/backbone/stage3/stage3.1/blocks.1/conv1/conv/Conv_im_0.fused./model/backbone/stage3/stage3.1/blocks.1/conv1/activate/Relu.0",
                    "addr": 238080,
                    "size": 106496
                },
                {
                    "name": "FetchParam.layer.ConvFusion.layer./model/backbone/stage3/stage3.1/blocks.1/conv2/conv/Conv_im_0.fused./model/backbone/stage3/stage3.1/blocks.1/conv2/activate/Relu.split.co.0.fetch_param_data.layer",
                    "addr": 344576,
                    "size": 65792
                }
            ],
            "free": []
        },
        "kernel[7]": {
            "name": "FetchParam.layer.ConvFusion.layer./model/backbone/stage3/stage3.1/blocks.1/conv2/conv/Conv_im_0.fused./model/backbone/stage3/stage3.1/blocks.1/conv2/activate/Relu.split.co.1.fetch_param_data.layer",
            "idx": 7,
            "mem_used_rate": 0.0567626953125,
            "malloc": [
                {
                    "addr": 410368,
                    "ori_size": 0,
                    "size": 65792
                }
            ],
            "used": [
                {
                    "name": "DummyConcat.layer./model/backbone/stage3/stage3.1/blocks.1/conv1/conv/Conv_im_0.fused./model/backbone/stage3/stage3.1/blocks.1/conv1/activate/Relu.0",
                    "addr": 238080,
                    "size": 106496
                },
                {
                    "name": "FetchParam.layer.ConvFusion.layer./model/backbone/stage3/stage3.1/blocks.1/conv2/conv/Conv_im_0.fused./model/backbone/stage3/stage3.1/blocks.1/conv2/activate/Relu.split.co.0.fetch_param_data.layer",
                    "addr": 344576,
                    "size": 65792
                },
                {
                    "name": "FetchParam.layer.ConvFusion.layer./model/backbone/stage3/stage3.1/blocks.1/conv2/conv/Conv_im_0.fused./model/backbone/stage3/stage3.1/blocks.1/conv2/activate/Relu.split.co.1.fetch_param_data.layer",
                    "addr": 410368,
                    "size": 65792
                }
            ],
            "free": []
        },
        "kernel[8]": {
            "name": "DummyConcat.layer./model/backbone/stage3/stage3.1/blocks.1/conv2/conv/Conv_im_0.fused./model/backbone/stage3/stage3.1/blocks.1/conv2/activate/Relu.0",
            "idx": 8,
            "mem_used_rate": 0.0821533203125,
            "malloc": [
                {
                    "addr": 476160,
                    "ori_size": 0,
                    "size": 106496
                }
            ],
            "used": [
                {
                    "name": "DummyConcat.layer./model/backbone/stage3/stage3.1/blocks.1/conv1/conv/Conv_im_0.fused./model/backbone/stage3/stage3.1/blocks.1/conv1/activate/Relu.0",
                    "addr": 238080,
                    "size": 106496
                },
                {
                    "name": "FetchParam.layer.ConvFusion.layer./model/backbone/stage3/stage3.1/blocks.1/conv2/conv/Conv_im_0.fused./model/backbone/stage3/stage3.1/blocks.1/conv2/activate/Relu.split.co.0.fetch_param_data.layer",
                    "addr": 344576,
                    "size": 65792
                },
                {
                    "name": "FetchParam.layer.ConvFusion.layer./model/backbone/stage3/stage3.1/blocks.1/conv2/conv/Conv_im_0.fused./model/backbone/stage3/stage3.1/blocks.1/conv2/activate/Relu.split.co.1.fetch_param_data.layer",
                    "addr": 410368,
                    "size": 65792
                },
                {
                    "name": "DummyConcat.layer./model/backbone/stage3/stage3.1/blocks.1/conv2/conv/Conv_im_0.fused./model/backbone/stage3/stage3.1/blocks.1/conv2/activate/Relu.0",
                    "addr": 476160,
                    "size": 106496
                }
            ],
            "free": []
        },
        "kernel[9]": {
            "name": "ConvFusion.layer./model/backbone/stage3/stage3.1/blocks.1/conv2/conv/Conv_im_0.fused./model/backbone/stage3/stage3.1/blocks.1/conv2/activate/Relu.split.co.0",
            "idx": 9,
            "mem_used_rate": 0.0821533203125,
            "malloc": [],
            "used": [
                {
                    "name": "DummyConcat.layer./model/backbone/stage3/stage3.1/blocks.1/conv1/conv/Conv_im_0.fused./model/backbone/stage3/stage3.1/blocks.1/conv1/activate/Relu.0",
                    "addr": 238080,
                    "size": 106496
                },
                {
                    "name": "FetchParam.layer.ConvFusion.layer./model/backbone/stage3/stage3.1/blocks.1/conv2/conv/Conv_im_0.fused./model/backbone/stage3/stage3.1/blocks.1/conv2/activate/Relu.split.co.0.fetch_param_data.layer",
                    "addr": 344576,
                    "size": 65792
                },
                {
                    "name": "FetchParam.layer.ConvFusion.layer./model/backbone/stage3/stage3.1/blocks.1/conv2/conv/Conv_im_0.fused./model/backbone/stage3/stage3.1/blocks.1/conv2/activate/Relu.split.co.1.fetch_param_data.layer",
                    "addr": 410368,
                    "size": 65792
                },
                {
                    "name": "DummyConcat.layer./model/backbone/stage3/stage3.1/blocks.1/conv2/conv/Conv_im_0.fused./model/backbone/stage3/stage3.1/blocks.1/conv2/activate/Relu.0",
                    "addr": 476160,
                    "size": 106496
                }
            ],
            "free": [
                {
                    "name": "ConvFusion.layer./model/backbone/stage3/stage3.1/blocks.1/conv2/conv/Conv_im_0.fused./model/backbone/stage3/stage3.1/blocks.1/conv2/activate/Relu.split.co.0",
                    "addr": 344576,
                    "size": 65792
                }
            ]
        },
        "kernel[10]": {
            "name": "ConvFusion.layer./model/backbone/stage3/stage3.1/blocks.1/conv2/conv/Conv_im_0.fused./model/backbone/stage3/stage3.1/blocks.1/conv2/activate/Relu.split.co.1",
            "idx": 10,
            "mem_used_rate": 0.04107666015625,
            "malloc": [],
            "used": [
                {
                    "name": "DummyConcat.layer./model/backbone/stage3/stage3.1/blocks.1/conv1/conv/Conv_im_0.fused./model/backbone/stage3/stage3.1/blocks.1/conv1/activate/Relu.0",
                    "addr": 238080,
                    "size": 106496
                },
                {
                    "name": "FetchParam.layer.ConvFusion.layer./model/backbone/stage3/stage3.1/blocks.1/conv2/conv/Conv_im_0.fused./model/backbone/stage3/stage3.1/blocks.1/conv2/activate/Relu.split.co.1.fetch_param_data.layer",
                    "addr": 410368,
                    "size": 65792
                },
                {
                    "name": "DummyConcat.layer./model/backbone/stage3/stage3.1/blocks.1/conv2/conv/Conv_im_0.fused./model/backbone/stage3/stage3.1/blocks.1/conv2/activate/Relu.0",
                    "addr": 476160,
                    "size": 106496
                }
            ],
            "free": [
                {
                    "name": "ConvFusion.layer./model/backbone/stage3/stage3.1/blocks.1/conv2/conv/Conv_im_0.fused./model/backbone/stage3/stage3.1/blocks.1/conv2/activate/Relu.split.co.1",
                    "addr": 238080,
                    "size": 53248
                },
                {
                    "name": "ConvFusion.layer./model/backbone/stage3/stage3.1/blocks.1/conv2/conv/Conv_im_0.fused./model/backbone/stage3/stage3.1/blocks.1/conv2/activate/Relu.split.co.1",
                    "addr": 291328,
                    "size": 53248
                },
                {
                    "name": "ConvFusion.layer./model/backbone/stage3/stage3.1/blocks.1/conv2/conv/Conv_im_0.fused./model/backbone/stage3/stage3.1/blocks.1/conv2/activate/Relu.split.co.1",
                    "addr": 410368,
                    "size": 65792
                }
            ]
        },
        "kernel[11]": {
            "name": "DmaOut.layer.copy_out_2Fmodel2Fbackbone2Fstage32Fstage32E12Fblocks2E12Fconv22Factivate2FRelu_output_0",
            "idx": 11,
            "mem_used_rate": 0.0126953125,
            "malloc": [],
            "used": [
                {
                    "name": "DummyConcat.layer./model/backbone/stage3/stage3.1/blocks.1/conv2/conv/Conv_im_0.fused./model/backbone/stage3/stage3.1/blocks.1/conv2/activate/Relu.0",
                    "addr": 476160,
                    "size": 106496
                }
            ],
            "free": [
                {
                    "name": "DmaOut.layer.copy_out_2Fmodel2Fbackbone2Fstage32Fstage32E12Fblocks2E12Fconv22Factivate2FRelu_output_0",
                    "addr": 476160,
                    "size": 53248
                },
                {
                    "name": "DmaOut.layer.copy_out_2Fmodel2Fbackbone2Fstage32Fstage32E12Fblocks2E12Fconv22Factivate2FRelu_output_0",
                    "addr": 529408,
                    "size": 53248
                }
            ]
        }
    },
    "max_peak_size": [
        {
            "size": 238080
        }
    ]
}