{
    "banks": [
        {
            "addr": 0,
            "size": 0
        }
    ],
    "patch_reserve": [],
    "param_reserve": [],
    "ops": {
        "kernel[0]": {
            "name": "DmaIn.layer.copy_in_399",
            "idx": 0,
            "mem_used_rate": 0.05859375,
            "malloc": [
                {
                    "addr": 3948544,
                    "ori_size": 0,
                    "size": 245760
                }
            ],
            "used": [
                {
                    "name": "DmaIn.layer.copy_in_399",
                    "addr": 3948544,
                    "size": 245760
                }
            ],
            "free": []
        },
        "kernel[1]": {
            "name": "DmaIn.layer.copy_in_374",
            "idx": 1,
            "mem_used_rate": 0.17578125,
            "malloc": [
                {
                    "addr": 0,
                    "ori_size": 0,
                    "size": 491520
                }
            ],
            "used": [
                {
                    "name": "DmaIn.layer.copy_in_399",
                    "addr": 3948544,
                    "size": 245760
                },
                {
                    "name": "DmaIn.layer.copy_in_374",
                    "addr": 0,
                    "size": 491520
                }
            ],
            "free": []
        },
        "kernel[2]": {
            "name": "Concat.layer.Concat_187",
            "idx": 2,
            "mem_used_rate": 0.29296875,
            "malloc": [
                {
                    "addr": 491520,
                    "ori_size": 0,
                    "size": 737280
                }
            ],
            "used": [
                {
                    "name": "DmaIn.layer.copy_in_399",
                    "addr": 3948544,
                    "size": 245760
                },
                {
                    "name": "DmaIn.layer.copy_in_374",
                    "addr": 0,
                    "size": 491520
                },
                {
                    "name": "Concat.layer.Concat_187",
                    "addr": 491520,
                    "size": 737280
                }
            ],
            "free": [
                {
                    "name": "Concat.layer.Concat_187",
                    "addr": 3948544,
                    "size": 245760
                },
                {
                    "name": "Concat.layer.Concat_187",
                    "addr": 0,
                    "size": 491520
                }
            ]
        },
        "kernel[3]": {
            "name": "DmaOut.layer.copy_out_400",
            "idx": 3,
            "mem_used_rate": 0.17578125,
            "malloc": [],
            "used": [
                {
                    "name": "Concat.layer.Concat_187",
                    "addr": 491520,
                    "size": 737280
                }
            ],
            "free": [
                {
                    "name": "DmaOut.layer.copy_out_400",
                    "addr": 491520,
                    "size": 737280
                }
            ]
        }
    },
    "max_peak_size": [
        {
            "size": 737280
        }
    ]
}