{
    "banks": [
        {
            "addr": 0,
            "size": 0
        }
    ],
    "patch_reserve": [],
    "param_reserve": [],
    "ops": {
        "kernel[0]": {
            "name": "DmaIn.layer.DmaIn.layer.copy_in_317.0",
            "idx": 0,
            "mem_used_rate": 0.0244140625,
            "malloc": [
                {
                    "addr": 4091904,
                    "ori_size": 0,
                    "size": 102400
                }
            ],
            "used": [
                {
                    "name": "DmaIn.layer.DmaIn.layer.copy_in_317.0",
                    "addr": 4091904,
                    "size": 102400
                }
            ],
            "free": []
        },
        "kernel[1]": {
            "name": "DmaOut.layer.copy_out_320",
            "idx": 1,
            "mem_used_rate": 0.0244140625,
            "malloc": [],
            "used": [
                {
                    "name": "DmaIn.layer.DmaIn.layer.copy_in_317.0",
                    "addr": 4091904,
                    "size": 102400
                }
            ],
            "free": [
                {
                    "name": "DmaOut.layer.copy_out_320",
                    "addr": 4091904,
                    "size": 102400
                }
            ]
        }
    },
    "max_peak_size": [
        {
            "size": 102400
        }
    ]
}