{
    "banks": [
        {
            "addr": 0,
            "size": 0
        }
    ],
    "patch_reserve": [],
    "param_reserve": [],
    "ops": {
        "kernel[0]": {
            "name": "DmaIn.layer.copy_in__im_PropagateOutputNames_added_name_38",
            "idx": 0,
            "mem_used_rate": 0.00634765625,
            "malloc": [
                {
                    "addr": 4167680,
                    "ori_size": 0,
                    "size": 26624
                }
            ],
            "used": [
                {
                    "name": "DmaIn.layer.copy_in__im_PropagateOutputNames_added_name_38",
                    "addr": 4167680,
                    "size": 26624
                }
            ],
            "free": []
        },
        "kernel[1]": {
            "name": "DmaIn.layer.copy_in_2Fmodel2Fpet2Fhead_module2FExp_2_output_0",
            "idx": 1,
            "mem_used_rate": 0.006744384765625,
            "malloc": [
                {
                    "addr": 0,
                    "ori_size": 0,
                    "size": 1664
                }
            ],
            "used": [
                {
                    "name": "DmaIn.layer.copy_in__im_PropagateOutputNames_added_name_38",
                    "addr": 4167680,
                    "size": 26624
                },
                {
                    "name": "DmaIn.layer.copy_in_2Fmodel2Fpet2Fhead_module2FExp_2_output_0",
                    "addr": 0,
                    "size": 1664
                }
            ],
            "free": []
        },
        "kernel[2]": {
            "name": "Concat.layer.im_propagate_output_names_generated_span_31",
            "idx": 2,
            "mem_used_rate": 0.0069427490234375,
            "malloc": [
                {
                    "addr": 1792,
                    "ori_size": 0,
                    "size": 27456
                }
            ],
            "used": [
                {
                    "name": "DmaIn.layer.copy_in__im_PropagateOutputNames_added_name_38",
                    "addr": 4167680,
                    "size": 26624
                },
                {
                    "name": "DmaIn.layer.copy_in_2Fmodel2Fpet2Fhead_module2FExp_2_output_0",
                    "addr": 0,
                    "size": 1664
                },
                {
                    "name": "Concat.layer.im_propagate_output_names_generated_span_31",
                    "addr": 1792,
                    "size": 27456
                }
            ],
            "free": [
                {
                    "name": "Concat.layer.im_propagate_output_names_generated_span_31",
                    "addr": 4167680,
                    "size": 26624
                },
                {
                    "name": "Concat.layer.im_propagate_output_names_generated_span_31",
                    "addr": 0,
                    "size": 1664
                }
            ]
        },
        "kernel[3]": {
            "name": "DmaOut.layer.copy_out__im_PropagateOutputNames_added_name_39",
            "idx": 3,
            "mem_used_rate": 0.0065460205078125,
            "malloc": [],
            "used": [
                {
                    "name": "Concat.layer.im_propagate_output_names_generated_span_31",
                    "addr": 1792,
                    "size": 27456
                }
            ],
            "free": [
                {
                    "name": "DmaOut.layer.copy_out__im_PropagateOutputNames_added_name_39",
                    "addr": 1792,
                    "size": 27456
                }
            ]
        }
    },
    "max_peak_size": [
        {
            "size": 28288
        }
    ]
}