{
    "banks": [
        {
            "addr": 0,
            "size": 0
        }
    ],
    "patch_reserve": [],
    "param_reserve": [],
    "ops": {
        "kernel[0]": {
            "name": "DmaIn.layer.copy_in_333",
            "idx": 0,
            "mem_used_rate": 0.0390625,
            "malloc": [
                {
                    "addr": 4030464,
                    "ori_size": 0,
                    "size": 163840
                }
            ],
            "used": [
                {
                    "name": "DmaIn.layer.copy_in_333",
                    "addr": 4030464,
                    "size": 163840
                }
            ],
            "free": []
        },
        "kernel[1]": {
            "name": "DmaIn.layer.copy_in_340",
            "idx": 1,
            "mem_used_rate": 0.078125,
            "malloc": [
                {
                    "addr": 0,
                    "ori_size": 0,
                    "size": 163840
                }
            ],
            "used": [
                {
                    "name": "DmaIn.layer.copy_in_333",
                    "addr": 4030464,
                    "size": 163840
                },
                {
                    "name": "DmaIn.layer.copy_in_340",
                    "addr": 0,
                    "size": 163840
                }
            ],
            "free": []
        },
        "kernel[2]": {
            "name": "Eltwise.layer.Add_136",
            "idx": 2,
            "mem_used_rate": 0.078125,
            "malloc": [
                {
                    "addr": 4030464,
                    "ori_size": 0,
                    "size": 163840
                }
            ],
            "used": [
                {
                    "name": "DmaIn.layer.copy_in_333",
                    "addr": 4030464,
                    "size": 163840
                },
                {
                    "name": "DmaIn.layer.copy_in_340",
                    "addr": 0,
                    "size": 163840
                }
            ],
            "free": [
                {
                    "name": "Eltwise.layer.Add_136",
                    "addr": 0,
                    "size": 163840
                }
            ]
        },
        "kernel[3]": {
            "name": "DmaOut.layer.copy_out_341",
            "idx": 3,
            "mem_used_rate": 0.0390625,
            "malloc": [],
            "used": [
                {
                    "name": "DmaIn.layer.copy_in_333",
                    "addr": 4030464,
                    "size": 163840
                }
            ],
            "free": [
                {
                    "name": "DmaOut.layer.copy_out_341",
                    "addr": 4030464,
                    "size": 163840
                }
            ]
        }
    },
    "max_peak_size": [
        {
            "size": 327680
        }
    ]
}