{
    "banks": [
        {
            "addr": 0,
            "size": 0
        }
    ],
    "patch_reserve": [],
    "param_reserve": [],
    "ops": {
        "kernel[0]": {
            "name": "DmaIn.layer.copy_in_2Fmodel2Fperson2Fhead_module2Fkpt_pred2E22Fkpt_pred2E22E12Fpointwise_conv2Fconv2FConv_output_0",
            "idx": 0,
            "mem_used_rate": 0.00634765625,
            "malloc": [
                {
                    "addr": 4167680,
                    "ori_size": 0,
                    "size": 26624
                }
            ],
            "used": [
                {
                    "name": "DmaIn.layer.copy_in_2Fmodel2Fperson2Fhead_module2Fkpt_pred2E22Fkpt_pred2E22E12Fpointwise_conv2Fconv2FConv_output_0",
                    "addr": 4167680,
                    "size": 26624
                }
            ],
            "free": []
        },
        "kernel[1]": {
            "name": "DmaIn.layer.copy_in_2Fmodel2Fperson2Fhead_module2Fkpt_pred2E22Fkpt_pred2E22E12Fpointwise_conv2Factivate2FSigmoid_output_0",
            "idx": 1,
            "mem_used_rate": 0.0126953125,
            "malloc": [
                {
                    "addr": 0,
                    "ori_size": 0,
                    "size": 26624
                }
            ],
            "used": [
                {
                    "name": "DmaIn.layer.copy_in_2Fmodel2Fperson2Fhead_module2Fkpt_pred2E22Fkpt_pred2E22E12Fpointwise_conv2Fconv2FConv_output_0",
                    "addr": 4167680,
                    "size": 26624
                },
                {
                    "name": "DmaIn.layer.copy_in_2Fmodel2Fperson2Fhead_module2Fkpt_pred2E22Fkpt_pred2E22E12Fpointwise_conv2Factivate2FSigmoid_output_0",
                    "addr": 0,
                    "size": 26624
                }
            ],
            "free": []
        },
        "kernel[2]": {
            "name": "Eltwise.layer./model/person/head_module/kpt_pred.2/kpt_pred.2.1/pointwise_conv/activate/Mul",
            "idx": 2,
            "mem_used_rate": 0.0126953125,
            "malloc": [
                {
                    "addr": 4167680,
                    "ori_size": 0,
                    "size": 26624
                }
            ],
            "used": [
                {
                    "name": "DmaIn.layer.copy_in_2Fmodel2Fperson2Fhead_module2Fkpt_pred2E22Fkpt_pred2E22E12Fpointwise_conv2Fconv2FConv_output_0",
                    "addr": 4167680,
                    "size": 26624
                },
                {
                    "name": "DmaIn.layer.copy_in_2Fmodel2Fperson2Fhead_module2Fkpt_pred2E22Fkpt_pred2E22E12Fpointwise_conv2Factivate2FSigmoid_output_0",
                    "addr": 0,
                    "size": 26624
                }
            ],
            "free": [
                {
                    "name": "Eltwise.layer./model/person/head_module/kpt_pred.2/kpt_pred.2.1/pointwise_conv/activate/Mul",
                    "addr": 0,
                    "size": 26624
                }
            ]
        },
        "kernel[3]": {
            "name": "FetchParam.layer./model/person/head_module/kpt_pred.2/kpt_pred.2.2/Add.fetch_param_data.kernel",
            "idx": 3,
            "mem_used_rate": 0.00640869140625,
            "malloc": [
                {
                    "addr": 26624,
                    "ori_size": 0,
                    "size": 256
                }
            ],
            "used": [
                {
                    "name": "DmaIn.layer.copy_in_2Fmodel2Fperson2Fhead_module2Fkpt_pred2E22Fkpt_pred2E22E12Fpointwise_conv2Fconv2FConv_output_0",
                    "addr": 4167680,
                    "size": 26624
                },
                {
                    "name": "FetchParam.layer./model/person/head_module/kpt_pred.2/kpt_pred.2.2/Add.fetch_param_data.kernel",
                    "addr": 26624,
                    "size": 256
                }
            ],
            "free": []
        },
        "kernel[4]": {
            "name": "BatchNorm.layer./model/person/head_module/kpt_pred.2/kpt_pred.2.2/Add",
            "idx": 4,
            "mem_used_rate": 0.00640869140625,
            "malloc": [
                {
                    "addr": 4167680,
                    "ori_size": 0,
                    "size": 26624
                }
            ],
            "used": [
                {
                    "name": "DmaIn.layer.copy_in_2Fmodel2Fperson2Fhead_module2Fkpt_pred2E22Fkpt_pred2E22E12Fpointwise_conv2Fconv2FConv_output_0",
                    "addr": 4167680,
                    "size": 26624
                },
                {
                    "name": "FetchParam.layer./model/person/head_module/kpt_pred.2/kpt_pred.2.2/Add.fetch_param_data.kernel",
                    "addr": 26624,
                    "size": 256
                }
            ],
            "free": [
                {
                    "name": "BatchNorm.layer./model/person/head_module/kpt_pred.2/kpt_pred.2.2/Add",
                    "addr": 26624,
                    "size": 256
                }
            ]
        },
        "kernel[5]": {
            "name": "FetchParam.layer.Conv2d.layer./model/person/head_module/kpt_pred.2/kpt_pred.2.3/Conv_im_0.split.co.0.fetch_param_data.layer",
            "idx": 5,
            "mem_used_rate": 0.00714111328125,
            "malloc": [
                {
                    "addr": 26880,
                    "ori_size": 0,
                    "size": 3328
                }
            ],
            "used": [
                {
                    "name": "DmaIn.layer.copy_in_2Fmodel2Fperson2Fhead_module2Fkpt_pred2E22Fkpt_pred2E22E12Fpointwise_conv2Fconv2FConv_output_0",
                    "addr": 4167680,
                    "size": 26624
                },
                {
                    "name": "FetchParam.layer.Conv2d.layer./model/person/head_module/kpt_pred.2/kpt_pred.2.3/Conv_im_0.split.co.0.fetch_param_data.layer",
                    "addr": 26880,
                    "size": 3328
                }
            ],
            "free": []
        },
        "kernel[6]": {
            "name": "FetchParam.layer.Conv2d.layer./model/person/head_module/kpt_pred.2/kpt_pred.2.3/Conv_im_0.split.co.1.fetch_param_data.layer",
            "idx": 6,
            "mem_used_rate": 0.0079345703125,
            "malloc": [
                {
                    "addr": 30208,
                    "ori_size": 0,
                    "size": 3328
                }
            ],
            "used": [
                {
                    "name": "DmaIn.layer.copy_in_2Fmodel2Fperson2Fhead_module2Fkpt_pred2E22Fkpt_pred2E22E12Fpointwise_conv2Fconv2FConv_output_0",
                    "addr": 4167680,
                    "size": 26624
                },
                {
                    "name": "FetchParam.layer.Conv2d.layer./model/person/head_module/kpt_pred.2/kpt_pred.2.3/Conv_im_0.split.co.0.fetch_param_data.layer",
                    "addr": 26880,
                    "size": 3328
                },
                {
                    "name": "FetchParam.layer.Conv2d.layer./model/person/head_module/kpt_pred.2/kpt_pred.2.3/Conv_im_0.split.co.1.fetch_param_data.layer",
                    "addr": 30208,
                    "size": 3328
                }
            ],
            "free": []
        },
        "kernel[7]": {
            "name": "DummyConcat.layer./model/person/head_module/kpt_pred.2/kpt_pred.2.3/Conv_im_0.1",
            "idx": 7,
            "mem_used_rate": 0.013092041015625,
            "malloc": [
                {
                    "addr": 33536,
                    "ori_size": 0,
                    "size": 21632
                }
            ],
            "used": [
                {
                    "name": "DmaIn.layer.copy_in_2Fmodel2Fperson2Fhead_module2Fkpt_pred2E22Fkpt_pred2E22E12Fpointwise_conv2Fconv2FConv_output_0",
                    "addr": 4167680,
                    "size": 26624
                },
                {
                    "name": "FetchParam.layer.Conv2d.layer./model/person/head_module/kpt_pred.2/kpt_pred.2.3/Conv_im_0.split.co.0.fetch_param_data.layer",
                    "addr": 26880,
                    "size": 3328
                },
                {
                    "name": "FetchParam.layer.Conv2d.layer./model/person/head_module/kpt_pred.2/kpt_pred.2.3/Conv_im_0.split.co.1.fetch_param_data.layer",
                    "addr": 30208,
                    "size": 3328
                },
                {
                    "name": "DummyConcat.layer./model/person/head_module/kpt_pred.2/kpt_pred.2.3/Conv_im_0.1",
                    "addr": 33536,
                    "size": 21632
                }
            ],
            "free": []
        },
        "kernel[8]": {
            "name": "FetchParam.layer.Conv2d.layer./model/person/head_module/kpt_pred.2/kpt_pred.2.3/Conv_im_0.split.co.2.fetch_param_data.layer",
            "idx": 8,
            "mem_used_rate": 0.013275146484375,
            "malloc": [
                {
                    "addr": 55296,
                    "ori_size": 0,
                    "size": 768
                }
            ],
            "used": [
                {
                    "name": "DmaIn.layer.copy_in_2Fmodel2Fperson2Fhead_module2Fkpt_pred2E22Fkpt_pred2E22E12Fpointwise_conv2Fconv2FConv_output_0",
                    "addr": 4167680,
                    "size": 26624
                },
                {
                    "name": "FetchParam.layer.Conv2d.layer./model/person/head_module/kpt_pred.2/kpt_pred.2.3/Conv_im_0.split.co.0.fetch_param_data.layer",
                    "addr": 26880,
                    "size": 3328
                },
                {
                    "name": "FetchParam.layer.Conv2d.layer./model/person/head_module/kpt_pred.2/kpt_pred.2.3/Conv_im_0.split.co.1.fetch_param_data.layer",
                    "addr": 30208,
                    "size": 3328
                },
                {
                    "name": "DummyConcat.layer./model/person/head_module/kpt_pred.2/kpt_pred.2.3/Conv_im_0.1",
                    "addr": 33536,
                    "size": 21632
                },
                {
                    "name": "FetchParam.layer.Conv2d.layer./model/person/head_module/kpt_pred.2/kpt_pred.2.3/Conv_im_0.split.co.2.fetch_param_data.layer",
                    "addr": 55296,
                    "size": 768
                }
            ],
            "free": []
        },
        "kernel[9]": {
            "name": "Conv2d.layer./model/person/head_module/kpt_pred.2/kpt_pred.2.3/Conv_im_0.split.co.0",
            "idx": 9,
            "mem_used_rate": 0.013275146484375,
            "malloc": [],
            "used": [
                {
                    "name": "DmaIn.layer.copy_in_2Fmodel2Fperson2Fhead_module2Fkpt_pred2E22Fkpt_pred2E22E12Fpointwise_conv2Fconv2FConv_output_0",
                    "addr": 4167680,
                    "size": 26624
                },
                {
                    "name": "FetchParam.layer.Conv2d.layer./model/person/head_module/kpt_pred.2/kpt_pred.2.3/Conv_im_0.split.co.0.fetch_param_data.layer",
                    "addr": 26880,
                    "size": 3328
                },
                {
                    "name": "FetchParam.layer.Conv2d.layer./model/person/head_module/kpt_pred.2/kpt_pred.2.3/Conv_im_0.split.co.1.fetch_param_data.layer",
                    "addr": 30208,
                    "size": 3328
                },
                {
                    "name": "DummyConcat.layer./model/person/head_module/kpt_pred.2/kpt_pred.2.3/Conv_im_0.1",
                    "addr": 33536,
                    "size": 21632
                },
                {
                    "name": "FetchParam.layer.Conv2d.layer./model/person/head_module/kpt_pred.2/kpt_pred.2.3/Conv_im_0.split.co.2.fetch_param_data.layer",
                    "addr": 55296,
                    "size": 768
                }
            ],
            "free": [
                {
                    "name": "Conv2d.layer./model/person/head_module/kpt_pred.2/kpt_pred.2.3/Conv_im_0.split.co.0",
                    "addr": 26880,
                    "size": 3328
                }
            ]
        },
        "kernel[10]": {
            "name": "Conv2d.layer./model/person/head_module/kpt_pred.2/kpt_pred.2.3/Conv_im_0.split.co.1",
            "idx": 10,
            "mem_used_rate": 0.012481689453125,
            "malloc": [],
            "used": [
                {
                    "name": "DmaIn.layer.copy_in_2Fmodel2Fperson2Fhead_module2Fkpt_pred2E22Fkpt_pred2E22E12Fpointwise_conv2Fconv2FConv_output_0",
                    "addr": 4167680,
                    "size": 26624
                },
                {
                    "name": "FetchParam.layer.Conv2d.layer./model/person/head_module/kpt_pred.2/kpt_pred.2.3/Conv_im_0.split.co.1.fetch_param_data.layer",
                    "addr": 30208,
                    "size": 3328
                },
                {
                    "name": "DummyConcat.layer./model/person/head_module/kpt_pred.2/kpt_pred.2.3/Conv_im_0.1",
                    "addr": 33536,
                    "size": 21632
                },
                {
                    "name": "FetchParam.layer.Conv2d.layer./model/person/head_module/kpt_pred.2/kpt_pred.2.3/Conv_im_0.split.co.2.fetch_param_data.layer",
                    "addr": 55296,
                    "size": 768
                }
            ],
            "free": [
                {
                    "name": "Conv2d.layer./model/person/head_module/kpt_pred.2/kpt_pred.2.3/Conv_im_0.split.co.1",
                    "addr": 30208,
                    "size": 3328
                }
            ]
        },
        "kernel[11]": {
            "name": "Conv2d.layer./model/person/head_module/kpt_pred.2/kpt_pred.2.3/Conv_im_0.split.co.2",
            "idx": 11,
            "mem_used_rate": 0.005340576171875,
            "malloc": [],
            "used": [
                {
                    "name": "DmaIn.layer.copy_in_2Fmodel2Fperson2Fhead_module2Fkpt_pred2E22Fkpt_pred2E22E12Fpointwise_conv2Fconv2FConv_output_0",
                    "addr": 4167680,
                    "size": 26624
                },
                {
                    "name": "DummyConcat.layer./model/person/head_module/kpt_pred.2/kpt_pred.2.3/Conv_im_0.1",
                    "addr": 33536,
                    "size": 21632
                },
                {
                    "name": "FetchParam.layer.Conv2d.layer./model/person/head_module/kpt_pred.2/kpt_pred.2.3/Conv_im_0.split.co.2.fetch_param_data.layer",
                    "addr": 55296,
                    "size": 768
                }
            ],
            "free": [
                {
                    "name": "Conv2d.layer./model/person/head_module/kpt_pred.2/kpt_pred.2.3/Conv_im_0.split.co.2",
                    "addr": 4167680,
                    "size": 26624
                },
                {
                    "name": "Conv2d.layer./model/person/head_module/kpt_pred.2/kpt_pred.2.3/Conv_im_0.split.co.2",
                    "addr": 55296,
                    "size": 768
                }
            ]
        },
        "kernel[12]": {
            "name": "FetchParam.layer./model/person/head_module/kpt_pred.2/kpt_pred.2.4/Mul.fetch_param_data.kernel",
            "idx": 12,
            "mem_used_rate": 0.005218505859375,
            "malloc": [
                {
                    "addr": 56064,
                    "ori_size": 0,
                    "size": 256
                }
            ],
            "used": [
                {
                    "name": "DummyConcat.layer./model/person/head_module/kpt_pred.2/kpt_pred.2.3/Conv_im_0.1",
                    "addr": 33536,
                    "size": 21632
                },
                {
                    "name": "FetchParam.layer./model/person/head_module/kpt_pred.2/kpt_pred.2.4/Mul.fetch_param_data.kernel",
                    "addr": 56064,
                    "size": 256
                }
            ],
            "free": []
        },
        "kernel[13]": {
            "name": "BatchNorm.layer./model/person/head_module/kpt_pred.2/kpt_pred.2.4/Mul",
            "idx": 13,
            "mem_used_rate": 0.005218505859375,
            "malloc": [
                {
                    "addr": 33536,
                    "ori_size": 0,
                    "size": 21632
                }
            ],
            "used": [
                {
                    "name": "DummyConcat.layer./model/person/head_module/kpt_pred.2/kpt_pred.2.3/Conv_im_0.1",
                    "addr": 33536,
                    "size": 21632
                },
                {
                    "name": "FetchParam.layer./model/person/head_module/kpt_pred.2/kpt_pred.2.4/Mul.fetch_param_data.kernel",
                    "addr": 56064,
                    "size": 256
                }
            ],
            "free": [
                {
                    "name": "BatchNorm.layer./model/person/head_module/kpt_pred.2/kpt_pred.2.4/Mul",
                    "addr": 56064,
                    "size": 256
                }
            ]
        },
        "kernel[14]": {
            "name": "DmaOut.layer.copy_out_2Fmodel2Fperson2Fhead_module2Fkpt_pred2E22Fkpt_pred2E22E42FMul_output_0",
            "idx": 14,
            "mem_used_rate": 0.005157470703125,
            "malloc": [],
            "used": [
                {
                    "name": "DummyConcat.layer./model/person/head_module/kpt_pred.2/kpt_pred.2.3/Conv_im_0.1",
                    "addr": 33536,
                    "size": 21632
                }
            ],
            "free": [
                {
                    "name": "DmaOut.layer.copy_out_2Fmodel2Fperson2Fhead_module2Fkpt_pred2E22Fkpt_pred2E22E42FMul_output_0",
                    "addr": 33536,
                    "size": 21632
                }
            ]
        }
    },
    "max_peak_size": [
        {
            "size": 55680
        }
    ]
}