{
    "banks": [
        {
            "addr": 0,
            "size": 0
        }
    ],
    "patch_reserve": [],
    "param_reserve": [],
    "ops": {
        "kernel[0]": {
            "name": "DmaIn.layer.copy_in_209",
            "idx": 0,
            "mem_used_rate": 0.09765625,
            "malloc": [
                {
                    "addr": 0,
                    "ori_size": 0,
                    "size": 409600
                }
            ],
            "used": [
                {
                    "name": "DmaIn.layer.copy_in_209",
                    "addr": 0,
                    "size": 409600
                }
            ],
            "free": []
        },
        "kernel[1]": {
            "name": "FetchParam.layer.Activation.layer.Sigmoid_32.c.0.fetch_param_data.layer",
            "idx": 1,
            "mem_used_rate": 0.0977783203125,
            "malloc": [
                {
                    "addr": 409600,
                    "ori_size": 0,
                    "size": 512
                }
            ],
            "used": [
                {
                    "name": "DmaIn.layer.copy_in_209",
                    "addr": 0,
                    "size": 409600
                },
                {
                    "name": "FetchParam.layer.Activation.layer.Sigmoid_32.c.0.fetch_param_data.layer",
                    "addr": 409600,
                    "size": 512
                }
            ],
            "free": []
        },
        "kernel[2]": {
            "name": "FetchParam.layer.Activation.layer.Sigmoid_32.c.1.fetch_param_data.layer",
            "idx": 2,
            "mem_used_rate": 0.097900390625,
            "malloc": [
                {
                    "addr": 410112,
                    "ori_size": 0,
                    "size": 512
                }
            ],
            "used": [
                {
                    "name": "DmaIn.layer.copy_in_209",
                    "addr": 0,
                    "size": 409600
                },
                {
                    "name": "FetchParam.layer.Activation.layer.Sigmoid_32.c.0.fetch_param_data.layer",
                    "addr": 409600,
                    "size": 512
                },
                {
                    "name": "FetchParam.layer.Activation.layer.Sigmoid_32.c.1.fetch_param_data.layer",
                    "addr": 410112,
                    "size": 512
                }
            ],
            "free": []
        },
        "kernel[3]": {
            "name": "Activation.layer.Sigmoid_32.c.0",
            "idx": 3,
            "mem_used_rate": 0.097900390625,
            "malloc": [
                {
                    "addr": 0,
                    "ori_size": 0,
                    "size": 204800
                }
            ],
            "used": [
                {
                    "name": "DmaIn.layer.copy_in_209",
                    "addr": 0,
                    "size": 409600
                },
                {
                    "name": "FetchParam.layer.Activation.layer.Sigmoid_32.c.0.fetch_param_data.layer",
                    "addr": 409600,
                    "size": 512
                },
                {
                    "name": "FetchParam.layer.Activation.layer.Sigmoid_32.c.1.fetch_param_data.layer",
                    "addr": 410112,
                    "size": 512
                }
            ],
            "free": [
                {
                    "name": "Activation.layer.Sigmoid_32.c.0",
                    "addr": 409600,
                    "size": 512
                }
            ]
        },
        "kernel[4]": {
            "name": "Activation.layer.Sigmoid_32.c.1",
            "idx": 4,
            "mem_used_rate": 0.0977783203125,
            "malloc": [
                {
                    "addr": 204800,
                    "ori_size": 0,
                    "size": 204800
                }
            ],
            "used": [
                {
                    "name": "DmaIn.layer.copy_in_209",
                    "addr": 0,
                    "size": 409600
                },
                {
                    "name": "FetchParam.layer.Activation.layer.Sigmoid_32.c.0.fetch_param_data.layer",
                    "addr": 409600,
                    "size": 512
                },
                {
                    "name": "FetchParam.layer.Activation.layer.Sigmoid_32.c.1.fetch_param_data.layer",
                    "addr": 410112,
                    "size": 512
                }
            ],
            "free": [
                {
                    "name": "Activation.layer.Sigmoid_32.c.1",
                    "addr": 410112,
                    "size": 512
                }
            ]
        },
        "kernel[5]": {
            "name": "DummyConcat.layer.Sigmoid_32.0",
            "idx": 5,
            "mem_used_rate": 0.097900390625,
            "malloc": [
                {
                    "addr": 0,
                    "ori_size": 0,
                    "size": 409600
                }
            ],
            "used": [
                {
                    "name": "DmaIn.layer.copy_in_209",
                    "addr": 0,
                    "size": 409600
                },
                {
                    "name": "FetchParam.layer.Activation.layer.Sigmoid_32.c.0.fetch_param_data.layer",
                    "addr": 409600,
                    "size": 512
                },
                {
                    "name": "FetchParam.layer.Activation.layer.Sigmoid_32.c.1.fetch_param_data.layer",
                    "addr": 410112,
                    "size": 512
                }
            ],
            "free": []
        },
        "kernel[6]": {
            "name": "DmaOut.layer.copy_out_210",
            "idx": 6,
            "mem_used_rate": 0.048828125,
            "malloc": [],
            "used": [
                {
                    "name": "DmaIn.layer.copy_in_209",
                    "addr": 0,
                    "size": 409600
                }
            ],
            "free": [
                {
                    "name": "DmaOut.layer.copy_out_210",
                    "addr": 0,
                    "size": 204800
                },
                {
                    "name": "DmaOut.layer.copy_out_210",
                    "addr": 204800,
                    "size": 204800
                }
            ]
        }
    },
    "max_peak_size": [
        {
            "size": 410624
        }
    ]
}