{
    "banks": [
        {
            "addr": 0,
            "size": 0
        }
    ],
    "patch_reserve": [],
    "param_reserve": [],
    "ops": {
        "kernel[0]": {
            "name": "DmaIn.layer.copy_in_555",
            "idx": 0,
            "mem_used_rate": 0.016021728515625,
            "malloc": [
                {
                    "addr": 0,
                    "ori_size": 0,
                    "size": 67200
                }
            ],
            "used": [
                {
                    "name": "DmaIn.layer.copy_in_555",
                    "addr": 0,
                    "size": 67200
                }
            ],
            "free": []
        },
        "kernel[1]": {
            "name": "DmaOut.layer.Reshape_312.npufmt2nchw",
            "idx": 1,
            "mem_used_rate": 0.03204345703125,
            "malloc": [
                {
                    "addr": 67328,
                    "ori_size": 0,
                    "size": 67200
                }
            ],
            "used": [
                {
                    "name": "DmaIn.layer.copy_in_555",
                    "addr": 0,
                    "size": 67200
                },
                {
                    "name": "DmaOut.layer.Reshape_312.npufmt2nchw",
                    "addr": 67328,
                    "size": 67200
                }
            ],
            "free": [
                {
                    "name": "DmaOut.layer.Reshape_312.npufmt2nchw",
                    "addr": 0,
                    "size": 67200
                }
            ]
        },
        "kernel[2]": {
            "name": "DummyConcat.layer.Reshape_312.reshape_dc.2",
            "idx": 2,
            "mem_used_rate": 0.03204345703125,
            "malloc": [
                {
                    "addr": 134656,
                    "ori_size": 0,
                    "size": 67200
                }
            ],
            "used": [
                {
                    "name": "DmaOut.layer.Reshape_312.npufmt2nchw",
                    "addr": 67328,
                    "size": 67200
                },
                {
                    "name": "DummyConcat.layer.Reshape_312.reshape_dc.2",
                    "addr": 134656,
                    "size": 67200
                }
            ],
            "free": []
        },
        "kernel[3]": {
            "name": "Slice.layer.Reshape_312.3",
            "idx": 3,
            "mem_used_rate": 0.03204345703125,
            "malloc": [],
            "used": [
                {
                    "name": "DmaOut.layer.Reshape_312.npufmt2nchw",
                    "addr": 67328,
                    "size": 67200
                },
                {
                    "name": "DummyConcat.layer.Reshape_312.reshape_dc.2",
                    "addr": 134656,
                    "size": 67200
                }
            ],
            "free": [
                {
                    "name": "Slice.layer.Reshape_312.3",
                    "addr": 67328,
                    "size": 67200
                }
            ]
        },
        "kernel[4]": {
            "name": "DmaOut.layer.copy_out_561",
            "idx": 4,
            "mem_used_rate": 0.00400543212890625,
            "malloc": [],
            "used": [
                {
                    "name": "DummyConcat.layer.Reshape_312.reshape_dc.2",
                    "addr": 134656,
                    "size": 67200
                }
            ],
            "free": [
                {
                    "name": "DmaOut.layer.copy_out_561",
                    "addr": 134656,
                    "size": 16800
                },
                {
                    "name": "DmaOut.layer.copy_out_561",
                    "addr": 151456,
                    "size": 16800
                },
                {
                    "name": "DmaOut.layer.copy_out_561",
                    "addr": 168256,
                    "size": 16800
                },
                {
                    "name": "DmaOut.layer.copy_out_561",
                    "addr": 185056,
                    "size": 16800
                }
            ]
        }
    },
    "max_peak_size": [
        {
            "size": 134400
        }
    ]
}