{
    "banks": [
        {
            "addr": 0,
            "size": 0
        }
    ],
    "patch_reserve": [],
    "param_reserve": [],
    "ops": {
        "kernel[0]": {
            "name": "DmaIn.layer.copy_in_2Fmodel2Fneck2Fout_convs2E02Fcna2Factivate2FRelu_output_0",
            "idx": 0,
            "mem_used_rate": 0.1015625,
            "malloc": [
                {
                    "addr": 3768320,
                    "ori_size": 0,
                    "size": 425984
                }
            ],
            "used": [
                {
                    "name": "DmaIn.layer.copy_in_2Fmodel2Fneck2Fout_convs2E02Fcna2Factivate2FRelu_output_0",
                    "addr": 3768320,
                    "size": 425984
                }
            ],
            "free": []
        },
        "kernel[1]": {
            "name": "FetchParam.layer.Conv2d.layer./model/person/head_module/cls_pred.0/Conv_im_0.h.0.fetch_param_data.layer",
            "idx": 1,
            "mem_used_rate": 0.10162353515625,
            "malloc": [
                {
                    "addr": 0,
                    "ori_size": 0,
                    "size": 256
                }
            ],
            "used": [
                {
                    "name": "DmaIn.layer.copy_in_2Fmodel2Fneck2Fout_convs2E02Fcna2Factivate2FRelu_output_0",
                    "addr": 3768320,
                    "size": 425984
                },
                {
                    "name": "FetchParam.layer.Conv2d.layer./model/person/head_module/cls_pred.0/Conv_im_0.h.0.fetch_param_data.layer",
                    "addr": 0,
                    "size": 256
                }
            ],
            "free": []
        },
        "kernel[2]": {
            "name": "FetchParam.layer.Conv2d.layer./model/person/head_module/cls_pred.0/Conv_im_0.h.1.fetch_param_data.layer",
            "idx": 2,
            "mem_used_rate": 0.1016845703125,
            "malloc": [
                {
                    "addr": 256,
                    "ori_size": 0,
                    "size": 256
                }
            ],
            "used": [
                {
                    "name": "DmaIn.layer.copy_in_2Fmodel2Fneck2Fout_convs2E02Fcna2Factivate2FRelu_output_0",
                    "addr": 3768320,
                    "size": 425984
                },
                {
                    "name": "FetchParam.layer.Conv2d.layer./model/person/head_module/cls_pred.0/Conv_im_0.h.0.fetch_param_data.layer",
                    "addr": 0,
                    "size": 256
                },
                {
                    "name": "FetchParam.layer.Conv2d.layer./model/person/head_module/cls_pred.0/Conv_im_0.h.1.fetch_param_data.layer",
                    "addr": 256,
                    "size": 256
                }
            ],
            "free": []
        },
        "kernel[3]": {
            "name": "DummyConcat.layer./model/person/head_module/cls_pred.0/Conv_im_0.split_h",
            "idx": 3,
            "mem_used_rate": 0.103271484375,
            "malloc": [
                {
                    "addr": 512,
                    "ori_size": 0,
                    "size": 6656
                }
            ],
            "used": [
                {
                    "name": "DmaIn.layer.copy_in_2Fmodel2Fneck2Fout_convs2E02Fcna2Factivate2FRelu_output_0",
                    "addr": 3768320,
                    "size": 425984
                },
                {
                    "name": "FetchParam.layer.Conv2d.layer./model/person/head_module/cls_pred.0/Conv_im_0.h.0.fetch_param_data.layer",
                    "addr": 0,
                    "size": 256
                },
                {
                    "name": "FetchParam.layer.Conv2d.layer./model/person/head_module/cls_pred.0/Conv_im_0.h.1.fetch_param_data.layer",
                    "addr": 256,
                    "size": 256
                },
                {
                    "name": "DummyConcat.layer./model/person/head_module/cls_pred.0/Conv_im_0.split_h",
                    "addr": 512,
                    "size": 6656
                }
            ],
            "free": []
        },
        "kernel[4]": {
            "name": "Conv2d.layer./model/person/head_module/cls_pred.0/Conv_im_0.h.0",
            "idx": 4,
            "mem_used_rate": 0.103271484375,
            "malloc": [],
            "used": [
                {
                    "name": "DmaIn.layer.copy_in_2Fmodel2Fneck2Fout_convs2E02Fcna2Factivate2FRelu_output_0",
                    "addr": 3768320,
                    "size": 425984
                },
                {
                    "name": "FetchParam.layer.Conv2d.layer./model/person/head_module/cls_pred.0/Conv_im_0.h.0.fetch_param_data.layer",
                    "addr": 0,
                    "size": 256
                },
                {
                    "name": "FetchParam.layer.Conv2d.layer./model/person/head_module/cls_pred.0/Conv_im_0.h.1.fetch_param_data.layer",
                    "addr": 256,
                    "size": 256
                },
                {
                    "name": "DummyConcat.layer./model/person/head_module/cls_pred.0/Conv_im_0.split_h",
                    "addr": 512,
                    "size": 6656
                }
            ],
            "free": [
                {
                    "name": "Conv2d.layer./model/person/head_module/cls_pred.0/Conv_im_0.h.0",
                    "addr": 0,
                    "size": 256
                }
            ]
        },
        "kernel[5]": {
            "name": "Conv2d.layer./model/person/head_module/cls_pred.0/Conv_im_0.h.1",
            "idx": 5,
            "mem_used_rate": 0.00164794921875,
            "malloc": [],
            "used": [
                {
                    "name": "DmaIn.layer.copy_in_2Fmodel2Fneck2Fout_convs2E02Fcna2Factivate2FRelu_output_0",
                    "addr": 3768320,
                    "size": 425984
                },
                {
                    "name": "FetchParam.layer.Conv2d.layer./model/person/head_module/cls_pred.0/Conv_im_0.h.1.fetch_param_data.layer",
                    "addr": 256,
                    "size": 256
                },
                {
                    "name": "DummyConcat.layer./model/person/head_module/cls_pred.0/Conv_im_0.split_h",
                    "addr": 512,
                    "size": 6656
                }
            ],
            "free": [
                {
                    "name": "Conv2d.layer./model/person/head_module/cls_pred.0/Conv_im_0.h.1",
                    "addr": 3768320,
                    "size": 425984
                },
                {
                    "name": "Conv2d.layer./model/person/head_module/cls_pred.0/Conv_im_0.h.1",
                    "addr": 256,
                    "size": 256
                }
            ]
        },
        "kernel[6]": {
            "name": "DmaOut.layer.copy_out_2Fmodel2Fperson2Fhead_module2Fcls_pred2E02FConv_output_0",
            "idx": 6,
            "mem_used_rate": 0.000762939453125,
            "malloc": [],
            "used": [
                {
                    "name": "DummyConcat.layer./model/person/head_module/cls_pred.0/Conv_im_0.split_h",
                    "addr": 512,
                    "size": 6656
                }
            ],
            "free": [
                {
                    "name": "DmaOut.layer.copy_out_2Fmodel2Fperson2Fhead_module2Fcls_pred2E02FConv_output_0",
                    "addr": 512,
                    "size": 3456
                },
                {
                    "name": "DmaOut.layer.copy_out_2Fmodel2Fperson2Fhead_module2Fcls_pred2E02FConv_output_0",
                    "addr": 3968,
                    "size": 3200
                }
            ]
        }
    },
    "max_peak_size": [
        {
            "size": 426496
        }
    ]
}