{
    "banks": [
        {
            "addr": 0,
            "size": 0
        }
    ],
    "patch_reserve": [],
    "param_reserve": [],
    "ops": {
        "kernel[0]": {
            "name": "DmaIn.layer.copy_in_292",
            "idx": 0,
            "mem_used_rate": 0.0390625,
            "malloc": [
                {
                    "addr": 4030464,
                    "ori_size": 0,
                    "size": 163840
                }
            ],
            "used": [
                {
                    "name": "DmaIn.layer.copy_in_292",
                    "addr": 4030464,
                    "size": 163840
                }
            ],
            "free": []
        },
        "kernel[1]": {
            "name": "Pool2d.layer.MaxPool_113",
            "idx": 1,
            "mem_used_rate": 0.078125,
            "malloc": [
                {
                    "addr": 3866624,
                    "ori_size": 0,
                    "size": 163840
                }
            ],
            "used": [
                {
                    "name": "DmaIn.layer.copy_in_292",
                    "addr": 4030464,
                    "size": 163840
                },
                {
                    "name": "Pool2d.layer.MaxPool_113",
                    "addr": 3866624,
                    "size": 163840
                }
            ],
            "free": [
                {
                    "name": "Pool2d.layer.MaxPool_113",
                    "addr": 4030464,
                    "size": 163840
                }
            ]
        },
        "kernel[2]": {
            "name": "DmaOut.layer.copy_out_293",
            "idx": 2,
            "mem_used_rate": 0.0390625,
            "malloc": [],
            "used": [
                {
                    "name": "Pool2d.layer.MaxPool_113",
                    "addr": 3866624,
                    "size": 163840
                }
            ],
            "free": [
                {
                    "name": "DmaOut.layer.copy_out_293",
                    "addr": 3866624,
                    "size": 163840
                }
            ]
        }
    },
    "max_peak_size": [
        {
            "size": 163840
        }
    ]
}