{
    "banks": [
        {
            "addr": 0,
            "size": 0
        }
    ],
    "patch_reserve": [],
    "param_reserve": [],
    "ops": {
        "kernel[0]": {
            "name": "DmaIn.layer.copy_in__im_PropagateOutputNames_added_name_12",
            "idx": 0,
            "mem_used_rate": 0.0126953125,
            "malloc": [
                {
                    "addr": 0,
                    "ori_size": 0,
                    "size": 53248
                }
            ],
            "used": [
                {
                    "name": "DmaIn.layer.copy_in__im_PropagateOutputNames_added_name_12",
                    "addr": 0,
                    "size": 53248
                }
            ],
            "free": []
        },
        "kernel[1]": {
            "name": "FetchParam.layer.ConvFusion.layer./model/backbone/stage4/stage4.1/blocks.0/conv1/conv/Conv_im_0.fused./model/backbone/stage4/stage4.1/blocks.0/conv1/activate/Relu.split.co.0.fetch_param_data.layer",
            "idx": 1,
            "mem_used_rate": 0.07525634765625,
            "malloc": [
                {
                    "addr": 53248,
                    "ori_size": 0,
                    "size": 262400
                }
            ],
            "used": [
                {
                    "name": "DmaIn.layer.copy_in__im_PropagateOutputNames_added_name_12",
                    "addr": 0,
                    "size": 53248
                },
                {
                    "name": "FetchParam.layer.ConvFusion.layer./model/backbone/stage4/stage4.1/blocks.0/conv1/conv/Conv_im_0.fused./model/backbone/stage4/stage4.1/blocks.0/conv1/activate/Relu.split.co.0.fetch_param_data.layer",
                    "addr": 53248,
                    "size": 262400
                }
            ],
            "free": []
        },
        "kernel[2]": {
            "name": "FetchParam.layer.ConvFusion.layer./model/backbone/stage4/stage4.1/blocks.0/conv1/conv/Conv_im_0.fused./model/backbone/stage4/stage4.1/blocks.0/conv1/activate/Relu.split.co.1.fetch_param_data.layer",
            "idx": 2,
            "mem_used_rate": 0.1378173828125,
            "malloc": [
                {
                    "addr": 315648,
                    "ori_size": 0,
                    "size": 262400
                }
            ],
            "used": [
                {
                    "name": "DmaIn.layer.copy_in__im_PropagateOutputNames_added_name_12",
                    "addr": 0,
                    "size": 53248
                },
                {
                    "name": "FetchParam.layer.ConvFusion.layer./model/backbone/stage4/stage4.1/blocks.0/conv1/conv/Conv_im_0.fused./model/backbone/stage4/stage4.1/blocks.0/conv1/activate/Relu.split.co.0.fetch_param_data.layer",
                    "addr": 53248,
                    "size": 262400
                },
                {
                    "name": "FetchParam.layer.ConvFusion.layer./model/backbone/stage4/stage4.1/blocks.0/conv1/conv/Conv_im_0.fused./model/backbone/stage4/stage4.1/blocks.0/conv1/activate/Relu.split.co.1.fetch_param_data.layer",
                    "addr": 315648,
                    "size": 262400
                }
            ],
            "free": []
        },
        "kernel[3]": {
            "name": "DummyConcat.layer./model/backbone/stage4/stage4.1/blocks.0/conv1/conv/Conv_im_0.fused./model/backbone/stage4/stage4.1/blocks.0/conv1/activate/Relu.0",
            "idx": 3,
            "mem_used_rate": 0.1505126953125,
            "malloc": [
                {
                    "addr": 578048,
                    "ori_size": 0,
                    "size": 53248
                }
            ],
            "used": [
                {
                    "name": "DmaIn.layer.copy_in__im_PropagateOutputNames_added_name_12",
                    "addr": 0,
                    "size": 53248
                },
                {
                    "name": "FetchParam.layer.ConvFusion.layer./model/backbone/stage4/stage4.1/blocks.0/conv1/conv/Conv_im_0.fused./model/backbone/stage4/stage4.1/blocks.0/conv1/activate/Relu.split.co.0.fetch_param_data.layer",
                    "addr": 53248,
                    "size": 262400
                },
                {
                    "name": "FetchParam.layer.ConvFusion.layer./model/backbone/stage4/stage4.1/blocks.0/conv1/conv/Conv_im_0.fused./model/backbone/stage4/stage4.1/blocks.0/conv1/activate/Relu.split.co.1.fetch_param_data.layer",
                    "addr": 315648,
                    "size": 262400
                },
                {
                    "name": "DummyConcat.layer./model/backbone/stage4/stage4.1/blocks.0/conv1/conv/Conv_im_0.fused./model/backbone/stage4/stage4.1/blocks.0/conv1/activate/Relu.0",
                    "addr": 578048,
                    "size": 53248
                }
            ],
            "free": []
        },
        "kernel[4]": {
            "name": "ConvFusion.layer./model/backbone/stage4/stage4.1/blocks.0/conv1/conv/Conv_im_0.fused./model/backbone/stage4/stage4.1/blocks.0/conv1/activate/Relu.split.co.0",
            "idx": 4,
            "mem_used_rate": 0.1505126953125,
            "malloc": [],
            "used": [
                {
                    "name": "DmaIn.layer.copy_in__im_PropagateOutputNames_added_name_12",
                    "addr": 0,
                    "size": 53248
                },
                {
                    "name": "FetchParam.layer.ConvFusion.layer./model/backbone/stage4/stage4.1/blocks.0/conv1/conv/Conv_im_0.fused./model/backbone/stage4/stage4.1/blocks.0/conv1/activate/Relu.split.co.0.fetch_param_data.layer",
                    "addr": 53248,
                    "size": 262400
                },
                {
                    "name": "FetchParam.layer.ConvFusion.layer./model/backbone/stage4/stage4.1/blocks.0/conv1/conv/Conv_im_0.fused./model/backbone/stage4/stage4.1/blocks.0/conv1/activate/Relu.split.co.1.fetch_param_data.layer",
                    "addr": 315648,
                    "size": 262400
                },
                {
                    "name": "DummyConcat.layer./model/backbone/stage4/stage4.1/blocks.0/conv1/conv/Conv_im_0.fused./model/backbone/stage4/stage4.1/blocks.0/conv1/activate/Relu.0",
                    "addr": 578048,
                    "size": 53248
                }
            ],
            "free": [
                {
                    "name": "ConvFusion.layer./model/backbone/stage4/stage4.1/blocks.0/conv1/conv/Conv_im_0.fused./model/backbone/stage4/stage4.1/blocks.0/conv1/activate/Relu.split.co.0",
                    "addr": 53248,
                    "size": 262400
                }
            ]
        },
        "kernel[5]": {
            "name": "ConvFusion.layer./model/backbone/stage4/stage4.1/blocks.0/conv1/conv/Conv_im_0.fused./model/backbone/stage4/stage4.1/blocks.0/conv1/activate/Relu.split.co.1",
            "idx": 5,
            "mem_used_rate": 0.07525634765625,
            "malloc": [],
            "used": [
                {
                    "name": "DmaIn.layer.copy_in__im_PropagateOutputNames_added_name_12",
                    "addr": 0,
                    "size": 53248
                },
                {
                    "name": "FetchParam.layer.ConvFusion.layer./model/backbone/stage4/stage4.1/blocks.0/conv1/conv/Conv_im_0.fused./model/backbone/stage4/stage4.1/blocks.0/conv1/activate/Relu.split.co.1.fetch_param_data.layer",
                    "addr": 315648,
                    "size": 262400
                },
                {
                    "name": "DummyConcat.layer./model/backbone/stage4/stage4.1/blocks.0/conv1/conv/Conv_im_0.fused./model/backbone/stage4/stage4.1/blocks.0/conv1/activate/Relu.0",
                    "addr": 578048,
                    "size": 53248
                }
            ],
            "free": [
                {
                    "name": "ConvFusion.layer./model/backbone/stage4/stage4.1/blocks.0/conv1/conv/Conv_im_0.fused./model/backbone/stage4/stage4.1/blocks.0/conv1/activate/Relu.split.co.1",
                    "addr": 0,
                    "size": 53248
                },
                {
                    "name": "ConvFusion.layer./model/backbone/stage4/stage4.1/blocks.0/conv1/conv/Conv_im_0.fused./model/backbone/stage4/stage4.1/blocks.0/conv1/activate/Relu.split.co.1",
                    "addr": 315648,
                    "size": 262400
                }
            ]
        },
        "kernel[6]": {
            "name": "FetchParam.layer.ConvFusion.layer./model/backbone/stage4/stage4.1/blocks.0/conv2/conv/Conv_im_0.fused./model/backbone/stage4/stage4.1/blocks.0/conv2/activate/Relu.split.co.0.fetch_param_data.layer",
            "idx": 6,
            "mem_used_rate": 0.07525634765625,
            "malloc": [
                {
                    "addr": 631296,
                    "ori_size": 0,
                    "size": 262400
                }
            ],
            "used": [
                {
                    "name": "DummyConcat.layer./model/backbone/stage4/stage4.1/blocks.0/conv1/conv/Conv_im_0.fused./model/backbone/stage4/stage4.1/blocks.0/conv1/activate/Relu.0",
                    "addr": 578048,
                    "size": 53248
                },
                {
                    "name": "FetchParam.layer.ConvFusion.layer./model/backbone/stage4/stage4.1/blocks.0/conv2/conv/Conv_im_0.fused./model/backbone/stage4/stage4.1/blocks.0/conv2/activate/Relu.split.co.0.fetch_param_data.layer",
                    "addr": 631296,
                    "size": 262400
                }
            ],
            "free": []
        },
        "kernel[7]": {
            "name": "FetchParam.layer.ConvFusion.layer./model/backbone/stage4/stage4.1/blocks.0/conv2/conv/Conv_im_0.fused./model/backbone/stage4/stage4.1/blocks.0/conv2/activate/Relu.split.co.1.fetch_param_data.layer",
            "idx": 7,
            "mem_used_rate": 0.1378173828125,
            "malloc": [
                {
                    "addr": 893696,
                    "ori_size": 0,
                    "size": 262400
                }
            ],
            "used": [
                {
                    "name": "DummyConcat.layer./model/backbone/stage4/stage4.1/blocks.0/conv1/conv/Conv_im_0.fused./model/backbone/stage4/stage4.1/blocks.0/conv1/activate/Relu.0",
                    "addr": 578048,
                    "size": 53248
                },
                {
                    "name": "FetchParam.layer.ConvFusion.layer./model/backbone/stage4/stage4.1/blocks.0/conv2/conv/Conv_im_0.fused./model/backbone/stage4/stage4.1/blocks.0/conv2/activate/Relu.split.co.0.fetch_param_data.layer",
                    "addr": 631296,
                    "size": 262400
                },
                {
                    "name": "FetchParam.layer.ConvFusion.layer./model/backbone/stage4/stage4.1/blocks.0/conv2/conv/Conv_im_0.fused./model/backbone/stage4/stage4.1/blocks.0/conv2/activate/Relu.split.co.1.fetch_param_data.layer",
                    "addr": 893696,
                    "size": 262400
                }
            ],
            "free": []
        },
        "kernel[8]": {
            "name": "DummyConcat.layer./model/backbone/stage4/stage4.1/blocks.0/conv2/conv/Conv_im_0.fused./model/backbone/stage4/stage4.1/blocks.0/conv2/activate/Relu.0",
            "idx": 8,
            "mem_used_rate": 0.1505126953125,
            "malloc": [
                {
                    "addr": 1156096,
                    "ori_size": 0,
                    "size": 53248
                }
            ],
            "used": [
                {
                    "name": "DummyConcat.layer./model/backbone/stage4/stage4.1/blocks.0/conv1/conv/Conv_im_0.fused./model/backbone/stage4/stage4.1/blocks.0/conv1/activate/Relu.0",
                    "addr": 578048,
                    "size": 53248
                },
                {
                    "name": "FetchParam.layer.ConvFusion.layer./model/backbone/stage4/stage4.1/blocks.0/conv2/conv/Conv_im_0.fused./model/backbone/stage4/stage4.1/blocks.0/conv2/activate/Relu.split.co.0.fetch_param_data.layer",
                    "addr": 631296,
                    "size": 262400
                },
                {
                    "name": "FetchParam.layer.ConvFusion.layer./model/backbone/stage4/stage4.1/blocks.0/conv2/conv/Conv_im_0.fused./model/backbone/stage4/stage4.1/blocks.0/conv2/activate/Relu.split.co.1.fetch_param_data.layer",
                    "addr": 893696,
                    "size": 262400
                },
                {
                    "name": "DummyConcat.layer./model/backbone/stage4/stage4.1/blocks.0/conv2/conv/Conv_im_0.fused./model/backbone/stage4/stage4.1/blocks.0/conv2/activate/Relu.0",
                    "addr": 1156096,
                    "size": 53248
                }
            ],
            "free": []
        },
        "kernel[9]": {
            "name": "ConvFusion.layer./model/backbone/stage4/stage4.1/blocks.0/conv2/conv/Conv_im_0.fused./model/backbone/stage4/stage4.1/blocks.0/conv2/activate/Relu.split.co.0",
            "idx": 9,
            "mem_used_rate": 0.1505126953125,
            "malloc": [],
            "used": [
                {
                    "name": "DummyConcat.layer./model/backbone/stage4/stage4.1/blocks.0/conv1/conv/Conv_im_0.fused./model/backbone/stage4/stage4.1/blocks.0/conv1/activate/Relu.0",
                    "addr": 578048,
                    "size": 53248
                },
                {
                    "name": "FetchParam.layer.ConvFusion.layer./model/backbone/stage4/stage4.1/blocks.0/conv2/conv/Conv_im_0.fused./model/backbone/stage4/stage4.1/blocks.0/conv2/activate/Relu.split.co.0.fetch_param_data.layer",
                    "addr": 631296,
                    "size": 262400
                },
                {
                    "name": "FetchParam.layer.ConvFusion.layer./model/backbone/stage4/stage4.1/blocks.0/conv2/conv/Conv_im_0.fused./model/backbone/stage4/stage4.1/blocks.0/conv2/activate/Relu.split.co.1.fetch_param_data.layer",
                    "addr": 893696,
                    "size": 262400
                },
                {
                    "name": "DummyConcat.layer./model/backbone/stage4/stage4.1/blocks.0/conv2/conv/Conv_im_0.fused./model/backbone/stage4/stage4.1/blocks.0/conv2/activate/Relu.0",
                    "addr": 1156096,
                    "size": 53248
                }
            ],
            "free": [
                {
                    "name": "ConvFusion.layer./model/backbone/stage4/stage4.1/blocks.0/conv2/conv/Conv_im_0.fused./model/backbone/stage4/stage4.1/blocks.0/conv2/activate/Relu.split.co.0",
                    "addr": 631296,
                    "size": 262400
                }
            ]
        },
        "kernel[10]": {
            "name": "ConvFusion.layer./model/backbone/stage4/stage4.1/blocks.0/conv2/conv/Conv_im_0.fused./model/backbone/stage4/stage4.1/blocks.0/conv2/activate/Relu.split.co.1",
            "idx": 10,
            "mem_used_rate": 0.07525634765625,
            "malloc": [],
            "used": [
                {
                    "name": "DummyConcat.layer./model/backbone/stage4/stage4.1/blocks.0/conv1/conv/Conv_im_0.fused./model/backbone/stage4/stage4.1/blocks.0/conv1/activate/Relu.0",
                    "addr": 578048,
                    "size": 53248
                },
                {
                    "name": "FetchParam.layer.ConvFusion.layer./model/backbone/stage4/stage4.1/blocks.0/conv2/conv/Conv_im_0.fused./model/backbone/stage4/stage4.1/blocks.0/conv2/activate/Relu.split.co.1.fetch_param_data.layer",
                    "addr": 893696,
                    "size": 262400
                },
                {
                    "name": "DummyConcat.layer./model/backbone/stage4/stage4.1/blocks.0/conv2/conv/Conv_im_0.fused./model/backbone/stage4/stage4.1/blocks.0/conv2/activate/Relu.0",
                    "addr": 1156096,
                    "size": 53248
                }
            ],
            "free": [
                {
                    "name": "ConvFusion.layer./model/backbone/stage4/stage4.1/blocks.0/conv2/conv/Conv_im_0.fused./model/backbone/stage4/stage4.1/blocks.0/conv2/activate/Relu.split.co.1",
                    "addr": 578048,
                    "size": 26624
                },
                {
                    "name": "ConvFusion.layer./model/backbone/stage4/stage4.1/blocks.0/conv2/conv/Conv_im_0.fused./model/backbone/stage4/stage4.1/blocks.0/conv2/activate/Relu.split.co.1",
                    "addr": 604672,
                    "size": 26624
                },
                {
                    "name": "ConvFusion.layer./model/backbone/stage4/stage4.1/blocks.0/conv2/conv/Conv_im_0.fused./model/backbone/stage4/stage4.1/blocks.0/conv2/activate/Relu.split.co.1",
                    "addr": 893696,
                    "size": 262400
                }
            ]
        },
        "kernel[11]": {
            "name": "DmaOut.layer.copy_out_2Fmodel2Fbackbone2Fstage42Fstage42E12Fblocks2E02Fconv22Factivate2FRelu_output_0",
            "idx": 11,
            "mem_used_rate": 0.00634765625,
            "malloc": [],
            "used": [
                {
                    "name": "DummyConcat.layer./model/backbone/stage4/stage4.1/blocks.0/conv2/conv/Conv_im_0.fused./model/backbone/stage4/stage4.1/blocks.0/conv2/activate/Relu.0",
                    "addr": 1156096,
                    "size": 53248
                }
            ],
            "free": [
                {
                    "name": "DmaOut.layer.copy_out_2Fmodel2Fbackbone2Fstage42Fstage42E12Fblocks2E02Fconv22Factivate2FRelu_output_0",
                    "addr": 1156096,
                    "size": 26624
                },
                {
                    "name": "DmaOut.layer.copy_out_2Fmodel2Fbackbone2Fstage42Fstage42E12Fblocks2E02Fconv22Factivate2FRelu_output_0",
                    "addr": 1182720,
                    "size": 26624
                }
            ]
        }
    },
    "max_peak_size": [
        {
            "size": 578048
        }
    ]
}