{
    "banks": [
        {
            "addr": 0,
            "size": 0
        }
    ],
    "patch_reserve": [],
    "param_reserve": [],
    "ops": {
        "kernel[0]": {
            "name": "DmaIn.layer.copy_in_PPQ_Variable_144",
            "idx": 0,
            "mem_used_rate": 0.46875,
            "malloc": [
                {
                    "addr": 2228224,
                    "ori_size": 0,
                    "size": 1966080
                }
            ],
            "used": [
                {
                    "name": "DmaIn.layer.copy_in_PPQ_Variable_144",
                    "addr": 2228224,
                    "size": 1966080
                }
            ],
            "free": []
        },
        "kernel[1]": {
            "name": "FetchParam.layer.Conv2d.layer.Conv_169_im_0.split.co.0.fetch_param_data.layer",
            "idx": 1,
            "mem_used_rate": 0.47076416015625,
            "malloc": [
                {
                    "addr": 0,
                    "ori_size": 0,
                    "size": 8448
                }
            ],
            "used": [
                {
                    "name": "DmaIn.layer.copy_in_PPQ_Variable_144",
                    "addr": 2228224,
                    "size": 1966080
                },
                {
                    "name": "FetchParam.layer.Conv2d.layer.Conv_169_im_0.split.co.0.fetch_param_data.layer",
                    "addr": 0,
                    "size": 8448
                }
            ],
            "free": []
        },
        "kernel[2]": {
            "name": "FetchParam.layer.Conv2d.layer.Conv_169_im_0.split.co.1.fetch_param_data.layer",
            "idx": 2,
            "mem_used_rate": 0.4727783203125,
            "malloc": [
                {
                    "addr": 8448,
                    "ori_size": 0,
                    "size": 8448
                }
            ],
            "used": [
                {
                    "name": "DmaIn.layer.copy_in_PPQ_Variable_144",
                    "addr": 2228224,
                    "size": 1966080
                },
                {
                    "name": "FetchParam.layer.Conv2d.layer.Conv_169_im_0.split.co.0.fetch_param_data.layer",
                    "addr": 0,
                    "size": 8448
                },
                {
                    "name": "FetchParam.layer.Conv2d.layer.Conv_169_im_0.split.co.1.fetch_param_data.layer",
                    "addr": 8448,
                    "size": 8448
                }
            ],
            "free": []
        },
        "kernel[3]": {
            "name": "DummyConcat.layer.Conv_169_im_0.0",
            "idx": 3,
            "mem_used_rate": 0.6680908203125,
            "malloc": [
                {
                    "addr": 16896,
                    "ori_size": 0,
                    "size": 819200
                }
            ],
            "used": [
                {
                    "name": "DmaIn.layer.copy_in_PPQ_Variable_144",
                    "addr": 2228224,
                    "size": 1966080
                },
                {
                    "name": "FetchParam.layer.Conv2d.layer.Conv_169_im_0.split.co.0.fetch_param_data.layer",
                    "addr": 0,
                    "size": 8448
                },
                {
                    "name": "FetchParam.layer.Conv2d.layer.Conv_169_im_0.split.co.1.fetch_param_data.layer",
                    "addr": 8448,
                    "size": 8448
                },
                {
                    "name": "DummyConcat.layer.Conv_169_im_0.0",
                    "addr": 16896,
                    "size": 819200
                }
            ],
            "free": []
        },
        "kernel[4]": {
            "name": "Conv2d.layer.Conv_169_im_0.split.co.0",
            "idx": 4,
            "mem_used_rate": 0.6680908203125,
            "malloc": [],
            "used": [
                {
                    "name": "DmaIn.layer.copy_in_PPQ_Variable_144",
                    "addr": 2228224,
                    "size": 1966080
                },
                {
                    "name": "FetchParam.layer.Conv2d.layer.Conv_169_im_0.split.co.0.fetch_param_data.layer",
                    "addr": 0,
                    "size": 8448
                },
                {
                    "name": "FetchParam.layer.Conv2d.layer.Conv_169_im_0.split.co.1.fetch_param_data.layer",
                    "addr": 8448,
                    "size": 8448
                },
                {
                    "name": "DummyConcat.layer.Conv_169_im_0.0",
                    "addr": 16896,
                    "size": 819200
                }
            ],
            "free": [
                {
                    "name": "Conv2d.layer.Conv_169_im_0.split.co.0",
                    "addr": 0,
                    "size": 8448
                }
            ]
        },
        "kernel[5]": {
            "name": "Conv2d.layer.Conv_169_im_0.split.co.1",
            "idx": 5,
            "mem_used_rate": 0.19732666015625,
            "malloc": [],
            "used": [
                {
                    "name": "DmaIn.layer.copy_in_PPQ_Variable_144",
                    "addr": 2228224,
                    "size": 1966080
                },
                {
                    "name": "FetchParam.layer.Conv2d.layer.Conv_169_im_0.split.co.1.fetch_param_data.layer",
                    "addr": 8448,
                    "size": 8448
                },
                {
                    "name": "DummyConcat.layer.Conv_169_im_0.0",
                    "addr": 16896,
                    "size": 819200
                }
            ],
            "free": [
                {
                    "name": "Conv2d.layer.Conv_169_im_0.split.co.1",
                    "addr": 2228224,
                    "size": 1966080
                },
                {
                    "name": "Conv2d.layer.Conv_169_im_0.split.co.1",
                    "addr": 8448,
                    "size": 8448
                }
            ]
        },
        "kernel[6]": {
            "name": "DmaOut.layer.copy_out_381",
            "idx": 6,
            "mem_used_rate": 0.09765625,
            "malloc": [],
            "used": [
                {
                    "name": "DummyConcat.layer.Conv_169_im_0.0",
                    "addr": 16896,
                    "size": 819200
                }
            ],
            "free": [
                {
                    "name": "DmaOut.layer.copy_out_381",
                    "addr": 16896,
                    "size": 409600
                },
                {
                    "name": "DmaOut.layer.copy_out_381",
                    "addr": 426496,
                    "size": 409600
                }
            ]
        }
    },
    "max_peak_size": [
        {
            "size": 1982976
        }
    ]
}