{
    "banks": [
        {
            "addr": 0,
            "size": 0
        }
    ],
    "patch_reserve": [],
    "param_reserve": [],
    "ops": {
        "kernel[0]": {
            "name": "DmaIn.layer.copy_in_394",
            "idx": 0,
            "mem_used_rate": 0.1953125,
            "malloc": [
                {
                    "addr": 0,
                    "ori_size": 0,
                    "size": 819200
                }
            ],
            "used": [
                {
                    "name": "DmaIn.layer.copy_in_394",
                    "addr": 0,
                    "size": 819200
                }
            ],
            "free": []
        },
        "kernel[1]": {
            "name": "FetchParam.layer.Activation.layer.Sigmoid_182.c.0.fetch_param_data.layer",
            "idx": 1,
            "mem_used_rate": 0.1954345703125,
            "malloc": [
                {
                    "addr": 819200,
                    "ori_size": 0,
                    "size": 512
                }
            ],
            "used": [
                {
                    "name": "DmaIn.layer.copy_in_394",
                    "addr": 0,
                    "size": 819200
                },
                {
                    "name": "FetchParam.layer.Activation.layer.Sigmoid_182.c.0.fetch_param_data.layer",
                    "addr": 819200,
                    "size": 512
                }
            ],
            "free": []
        },
        "kernel[2]": {
            "name": "FetchParam.layer.Activation.layer.Sigmoid_182.c.1.fetch_param_data.layer",
            "idx": 2,
            "mem_used_rate": 0.195556640625,
            "malloc": [
                {
                    "addr": 819712,
                    "ori_size": 0,
                    "size": 512
                }
            ],
            "used": [
                {
                    "name": "DmaIn.layer.copy_in_394",
                    "addr": 0,
                    "size": 819200
                },
                {
                    "name": "FetchParam.layer.Activation.layer.Sigmoid_182.c.0.fetch_param_data.layer",
                    "addr": 819200,
                    "size": 512
                },
                {
                    "name": "FetchParam.layer.Activation.layer.Sigmoid_182.c.1.fetch_param_data.layer",
                    "addr": 819712,
                    "size": 512
                }
            ],
            "free": []
        },
        "kernel[3]": {
            "name": "Activation.layer.Sigmoid_182.c.0",
            "idx": 3,
            "mem_used_rate": 0.195556640625,
            "malloc": [
                {
                    "addr": 0,
                    "ori_size": 0,
                    "size": 409600
                }
            ],
            "used": [
                {
                    "name": "DmaIn.layer.copy_in_394",
                    "addr": 0,
                    "size": 819200
                },
                {
                    "name": "FetchParam.layer.Activation.layer.Sigmoid_182.c.0.fetch_param_data.layer",
                    "addr": 819200,
                    "size": 512
                },
                {
                    "name": "FetchParam.layer.Activation.layer.Sigmoid_182.c.1.fetch_param_data.layer",
                    "addr": 819712,
                    "size": 512
                }
            ],
            "free": [
                {
                    "name": "Activation.layer.Sigmoid_182.c.0",
                    "addr": 819200,
                    "size": 512
                }
            ]
        },
        "kernel[4]": {
            "name": "Activation.layer.Sigmoid_182.c.1",
            "idx": 4,
            "mem_used_rate": 0.1954345703125,
            "malloc": [
                {
                    "addr": 409600,
                    "ori_size": 0,
                    "size": 409600
                }
            ],
            "used": [
                {
                    "name": "DmaIn.layer.copy_in_394",
                    "addr": 0,
                    "size": 819200
                },
                {
                    "name": "FetchParam.layer.Activation.layer.Sigmoid_182.c.0.fetch_param_data.layer",
                    "addr": 819200,
                    "size": 512
                },
                {
                    "name": "FetchParam.layer.Activation.layer.Sigmoid_182.c.1.fetch_param_data.layer",
                    "addr": 819712,
                    "size": 512
                }
            ],
            "free": [
                {
                    "name": "Activation.layer.Sigmoid_182.c.1",
                    "addr": 819712,
                    "size": 512
                }
            ]
        },
        "kernel[5]": {
            "name": "DummyConcat.layer.Sigmoid_182.0",
            "idx": 5,
            "mem_used_rate": 0.195556640625,
            "malloc": [
                {
                    "addr": 0,
                    "ori_size": 0,
                    "size": 819200
                }
            ],
            "used": [
                {
                    "name": "DmaIn.layer.copy_in_394",
                    "addr": 0,
                    "size": 819200
                },
                {
                    "name": "FetchParam.layer.Activation.layer.Sigmoid_182.c.0.fetch_param_data.layer",
                    "addr": 819200,
                    "size": 512
                },
                {
                    "name": "FetchParam.layer.Activation.layer.Sigmoid_182.c.1.fetch_param_data.layer",
                    "addr": 819712,
                    "size": 512
                }
            ],
            "free": []
        },
        "kernel[6]": {
            "name": "DmaOut.layer.copy_out_395",
            "idx": 6,
            "mem_used_rate": 0.09765625,
            "malloc": [],
            "used": [
                {
                    "name": "DmaIn.layer.copy_in_394",
                    "addr": 0,
                    "size": 819200
                }
            ],
            "free": [
                {
                    "name": "DmaOut.layer.copy_out_395",
                    "addr": 0,
                    "size": 409600
                },
                {
                    "name": "DmaOut.layer.copy_out_395",
                    "addr": 409600,
                    "size": 409600
                }
            ]
        }
    },
    "max_peak_size": [
        {
            "size": 820224
        }
    ]
}