{
    "banks": [
        {
            "addr": 0,
            "size": 0
        }
    ],
    "patch_reserve": [],
    "param_reserve": [],
    "ops": {
        "kernel[0]": {
            "name": "DmaIn.layer.copy_in_PPQ_Variable_39",
            "idx": 0,
            "mem_used_rate": 0.390625,
            "malloc": [
                {
                    "addr": 2555904,
                    "ori_size": 0,
                    "size": 1638400
                }
            ],
            "used": [
                {
                    "name": "DmaIn.layer.copy_in_PPQ_Variable_39",
                    "addr": 2555904,
                    "size": 1638400
                }
            ],
            "free": []
        },
        "kernel[1]": {
            "name": "FetchParam.layer.Conv2d.layer.Conv_21_im_0.split.co.0.fetch_param_data.layer",
            "idx": 1,
            "mem_used_rate": 0.39654541015625,
            "malloc": [
                {
                    "addr": 0,
                    "ori_size": 0,
                    "size": 24832
                }
            ],
            "used": [
                {
                    "name": "DmaIn.layer.copy_in_PPQ_Variable_39",
                    "addr": 2555904,
                    "size": 1638400
                },
                {
                    "name": "FetchParam.layer.Conv2d.layer.Conv_21_im_0.split.co.0.fetch_param_data.layer",
                    "addr": 0,
                    "size": 24832
                }
            ],
            "free": []
        },
        "kernel[2]": {
            "name": "FetchParam.layer.Conv2d.layer.Conv_21_im_0.split.co.1.fetch_param_data.layer",
            "idx": 2,
            "mem_used_rate": 0.4024658203125,
            "malloc": [
                {
                    "addr": 24832,
                    "ori_size": 0,
                    "size": 24832
                }
            ],
            "used": [
                {
                    "name": "DmaIn.layer.copy_in_PPQ_Variable_39",
                    "addr": 2555904,
                    "size": 1638400
                },
                {
                    "name": "FetchParam.layer.Conv2d.layer.Conv_21_im_0.split.co.0.fetch_param_data.layer",
                    "addr": 0,
                    "size": 24832
                },
                {
                    "name": "FetchParam.layer.Conv2d.layer.Conv_21_im_0.split.co.1.fetch_param_data.layer",
                    "addr": 24832,
                    "size": 24832
                }
            ],
            "free": []
        },
        "kernel[3]": {
            "name": "DummyConcat.layer.Conv_21_im_0.0",
            "idx": 3,
            "mem_used_rate": 0.5977783203125,
            "malloc": [
                {
                    "addr": 49664,
                    "ori_size": 0,
                    "size": 819200
                }
            ],
            "used": [
                {
                    "name": "DmaIn.layer.copy_in_PPQ_Variable_39",
                    "addr": 2555904,
                    "size": 1638400
                },
                {
                    "name": "FetchParam.layer.Conv2d.layer.Conv_21_im_0.split.co.0.fetch_param_data.layer",
                    "addr": 0,
                    "size": 24832
                },
                {
                    "name": "FetchParam.layer.Conv2d.layer.Conv_21_im_0.split.co.1.fetch_param_data.layer",
                    "addr": 24832,
                    "size": 24832
                },
                {
                    "name": "DummyConcat.layer.Conv_21_im_0.0",
                    "addr": 49664,
                    "size": 819200
                }
            ],
            "free": []
        },
        "kernel[4]": {
            "name": "Conv2d.layer.Conv_21_im_0.split.co.0",
            "idx": 4,
            "mem_used_rate": 0.5977783203125,
            "malloc": [],
            "used": [
                {
                    "name": "DmaIn.layer.copy_in_PPQ_Variable_39",
                    "addr": 2555904,
                    "size": 1638400
                },
                {
                    "name": "FetchParam.layer.Conv2d.layer.Conv_21_im_0.split.co.0.fetch_param_data.layer",
                    "addr": 0,
                    "size": 24832
                },
                {
                    "name": "FetchParam.layer.Conv2d.layer.Conv_21_im_0.split.co.1.fetch_param_data.layer",
                    "addr": 24832,
                    "size": 24832
                },
                {
                    "name": "DummyConcat.layer.Conv_21_im_0.0",
                    "addr": 49664,
                    "size": 819200
                }
            ],
            "free": [
                {
                    "name": "Conv2d.layer.Conv_21_im_0.split.co.0",
                    "addr": 0,
                    "size": 24832
                }
            ]
        },
        "kernel[5]": {
            "name": "Conv2d.layer.Conv_21_im_0.split.co.1",
            "idx": 5,
            "mem_used_rate": 0.20123291015625,
            "malloc": [],
            "used": [
                {
                    "name": "DmaIn.layer.copy_in_PPQ_Variable_39",
                    "addr": 2555904,
                    "size": 1638400
                },
                {
                    "name": "FetchParam.layer.Conv2d.layer.Conv_21_im_0.split.co.1.fetch_param_data.layer",
                    "addr": 24832,
                    "size": 24832
                },
                {
                    "name": "DummyConcat.layer.Conv_21_im_0.0",
                    "addr": 49664,
                    "size": 819200
                }
            ],
            "free": [
                {
                    "name": "Conv2d.layer.Conv_21_im_0.split.co.1",
                    "addr": 2555904,
                    "size": 1638400
                },
                {
                    "name": "Conv2d.layer.Conv_21_im_0.split.co.1",
                    "addr": 24832,
                    "size": 24832
                }
            ]
        },
        "kernel[6]": {
            "name": "DmaOut.layer.copy_out_198",
            "idx": 6,
            "mem_used_rate": 0.09765625,
            "malloc": [],
            "used": [
                {
                    "name": "DummyConcat.layer.Conv_21_im_0.0",
                    "addr": 49664,
                    "size": 819200
                }
            ],
            "free": [
                {
                    "name": "DmaOut.layer.copy_out_198",
                    "addr": 49664,
                    "size": 409600
                },
                {
                    "name": "DmaOut.layer.copy_out_198",
                    "addr": 459264,
                    "size": 409600
                }
            ]
        }
    },
    "max_peak_size": [
        {
            "size": 1688064
        }
    ]
}