{
    "banks": [
        {
            "addr": 0,
            "size": 0
        }
    ],
    "patch_reserve": [],
    "param_reserve": [],
    "ops": {
        "kernel[0]": {
            "name": "DmaIn.layer.copy_in__im_PropagateOutputNames_added_name_1",
            "idx": 0,
            "mem_used_rate": 0.0080108642578125,
            "malloc": [
                {
                    "addr": 4160704,
                    "ori_size": 0,
                    "size": 33600
                }
            ],
            "used": [
                {
                    "name": "DmaIn.layer.copy_in__im_PropagateOutputNames_added_name_1",
                    "addr": 4160704,
                    "size": 33600
                }
            ],
            "free": []
        },
        "kernel[1]": {
            "name": "FetchParam.layer.Sub_328_im_0.fetch_param_data.kernel",
            "idx": 1,
            "mem_used_rate": 0.0160675048828125,
            "malloc": [
                {
                    "addr": 0,
                    "ori_size": 0,
                    "size": 33792
                }
            ],
            "used": [
                {
                    "name": "DmaIn.layer.copy_in__im_PropagateOutputNames_added_name_1",
                    "addr": 4160704,
                    "size": 33600
                },
                {
                    "name": "FetchParam.layer.Sub_328_im_0.fetch_param_data.kernel",
                    "addr": 0,
                    "size": 33792
                }
            ],
            "free": []
        },
        "kernel[2]": {
            "name": "Eltwise.layer.Sub_328_im_0",
            "idx": 2,
            "mem_used_rate": 0.0160675048828125,
            "malloc": [
                {
                    "addr": 4160704,
                    "ori_size": 0,
                    "size": 33600
                }
            ],
            "used": [
                {
                    "name": "DmaIn.layer.copy_in__im_PropagateOutputNames_added_name_1",
                    "addr": 4160704,
                    "size": 33600
                },
                {
                    "name": "FetchParam.layer.Sub_328_im_0.fetch_param_data.kernel",
                    "addr": 0,
                    "size": 33792
                }
            ],
            "free": [
                {
                    "name": "Eltwise.layer.Sub_328_im_0",
                    "addr": 0,
                    "size": 33792
                }
            ]
        },
        "kernel[3]": {
            "name": "DmaOut.layer.copy_out_577",
            "idx": 3,
            "mem_used_rate": 0.0080108642578125,
            "malloc": [],
            "used": [
                {
                    "name": "DmaIn.layer.copy_in__im_PropagateOutputNames_added_name_1",
                    "addr": 4160704,
                    "size": 33600
                }
            ],
            "free": [
                {
                    "name": "DmaOut.layer.copy_out_577",
                    "addr": 4160704,
                    "size": 33600
                }
            ]
        }
    },
    "max_peak_size": [
        {
            "size": 67392
        }
    ]
}