{
    "banks": [
        {
            "addr": 0,
            "size": 0
        }
    ],
    "patch_reserve": [],
    "param_reserve": [],
    "ops": {
        "kernel[0]": {
            "name": "DmaIn.layer.copy_in_2Fmodel2Fbackbone2Fstage42Fstage42E22Fpoolings2FMaxPool_output_0",
            "idx": 0,
            "mem_used_rate": 0.0126953125,
            "malloc": [
                {
                    "addr": 4141056,
                    "ori_size": 0,
                    "size": 53248
                }
            ],
            "used": [
                {
                    "name": "DmaIn.layer.copy_in_2Fmodel2Fbackbone2Fstage42Fstage42E22Fpoolings2FMaxPool_output_0",
                    "addr": 4141056,
                    "size": 53248
                }
            ],
            "free": []
        },
        "kernel[1]": {
            "name": "Pool2d.layer./model/backbone/stage4/stage4.2/poolings_1/MaxPool",
            "idx": 1,
            "mem_used_rate": 0.025390625,
            "malloc": [
                {
                    "addr": 4087808,
                    "ori_size": 0,
                    "size": 53248
                }
            ],
            "used": [
                {
                    "name": "DmaIn.layer.copy_in_2Fmodel2Fbackbone2Fstage42Fstage42E22Fpoolings2FMaxPool_output_0",
                    "addr": 4141056,
                    "size": 53248
                },
                {
                    "name": "Pool2d.layer./model/backbone/stage4/stage4.2/poolings_1/MaxPool",
                    "addr": 4087808,
                    "size": 53248
                }
            ],
            "free": [
                {
                    "name": "Pool2d.layer./model/backbone/stage4/stage4.2/poolings_1/MaxPool",
                    "addr": 4141056,
                    "size": 53248
                }
            ]
        },
        "kernel[2]": {
            "name": "DmaOut.layer.copy_out_2Fmodel2Fbackbone2Fstage42Fstage42E22Fpoolings_12FMaxPool_output_0",
            "idx": 2,
            "mem_used_rate": 0.0126953125,
            "malloc": [],
            "used": [
                {
                    "name": "Pool2d.layer./model/backbone/stage4/stage4.2/poolings_1/MaxPool",
                    "addr": 4087808,
                    "size": 53248
                }
            ],
            "free": [
                {
                    "name": "DmaOut.layer.copy_out_2Fmodel2Fbackbone2Fstage42Fstage42E22Fpoolings_12FMaxPool_output_0",
                    "addr": 4087808,
                    "size": 53248
                }
            ]
        }
    },
    "max_peak_size": [
        {
            "size": 53248
        }
    ]
}