{
    "banks": [
        {
            "addr": 0,
            "size": 0
        }
    ],
    "patch_reserve": [],
    "param_reserve": [],
    "ops": {
        "kernel[0]": {
            "name": "DmaIn.layer.copy_in_2Fmodel2Fneck2Fupsample_12FResize_output_0",
            "idx": 0,
            "mem_used_rate": 0.203125,
            "malloc": [
                {
                    "addr": 3342336,
                    "ori_size": 0,
                    "size": 851968
                }
            ],
            "used": [
                {
                    "name": "DmaIn.layer.copy_in_2Fmodel2Fneck2Fupsample_12FResize_output_0",
                    "addr": 3342336,
                    "size": 851968
                }
            ],
            "free": []
        },
        "kernel[1]": {
            "name": "DmaIn.layer.copy_in_2Fmodel2Fbackbone2Fstage22Fstage22E12Ffinal_conv2Factivate2FRelu_output_0",
            "idx": 1,
            "mem_used_rate": 0.3046875,
            "malloc": [
                {
                    "addr": 2916352,
                    "ori_size": 0,
                    "size": 425984
                }
            ],
            "used": [
                {
                    "name": "DmaIn.layer.copy_in_2Fmodel2Fneck2Fupsample_12FResize_output_0",
                    "addr": 3342336,
                    "size": 851968
                },
                {
                    "name": "DmaIn.layer.copy_in_2Fmodel2Fbackbone2Fstage22Fstage22E12Ffinal_conv2Factivate2FRelu_output_0",
                    "addr": 2916352,
                    "size": 425984
                }
            ],
            "free": []
        },
        "kernel[2]": {
            "name": "FetchParam.layer.ConvFusion.layer./model/neck/top_down_blocks.1/cv1/cna/conv/Conv_im_0.fused./model/neck/top_down_blocks.1/cv1/cna/activate/Relu.split.co.0.fetch_param_data.layer",
            "idx": 2,
            "mem_used_rate": 0.30767822265625,
            "malloc": [
                {
                    "addr": 0,
                    "ori_size": 0,
                    "size": 12544
                }
            ],
            "used": [
                {
                    "name": "DmaIn.layer.copy_in_2Fmodel2Fneck2Fupsample_12FResize_output_0",
                    "addr": 3342336,
                    "size": 851968
                },
                {
                    "name": "DmaIn.layer.copy_in_2Fmodel2Fbackbone2Fstage22Fstage22E12Ffinal_conv2Factivate2FRelu_output_0",
                    "addr": 2916352,
                    "size": 425984
                },
                {
                    "name": "FetchParam.layer.ConvFusion.layer./model/neck/top_down_blocks.1/cv1/cna/conv/Conv_im_0.fused./model/neck/top_down_blocks.1/cv1/cna/activate/Relu.split.co.0.fetch_param_data.layer",
                    "addr": 0,
                    "size": 12544
                }
            ],
            "free": []
        },
        "kernel[3]": {
            "name": "FetchParam.layer.ConvFusion.layer./model/neck/top_down_blocks.1/cv1/cna/conv/Conv_im_0.fused./model/neck/top_down_blocks.1/cv1/cna/activate/Relu.split.co.1.fetch_param_data.layer",
            "idx": 3,
            "mem_used_rate": 0.3106689453125,
            "malloc": [
                {
                    "addr": 12544,
                    "ori_size": 0,
                    "size": 12544
                }
            ],
            "used": [
                {
                    "name": "DmaIn.layer.copy_in_2Fmodel2Fneck2Fupsample_12FResize_output_0",
                    "addr": 3342336,
                    "size": 851968
                },
                {
                    "name": "DmaIn.layer.copy_in_2Fmodel2Fbackbone2Fstage22Fstage22E12Ffinal_conv2Factivate2FRelu_output_0",
                    "addr": 2916352,
                    "size": 425984
                },
                {
                    "name": "FetchParam.layer.ConvFusion.layer./model/neck/top_down_blocks.1/cv1/cna/conv/Conv_im_0.fused./model/neck/top_down_blocks.1/cv1/cna/activate/Relu.split.co.0.fetch_param_data.layer",
                    "addr": 0,
                    "size": 12544
                },
                {
                    "name": "FetchParam.layer.ConvFusion.layer./model/neck/top_down_blocks.1/cv1/cna/conv/Conv_im_0.fused./model/neck/top_down_blocks.1/cv1/cna/activate/Relu.split.co.1.fetch_param_data.layer",
                    "addr": 12544,
                    "size": 12544
                }
            ],
            "free": []
        },
        "kernel[4]": {
            "name": "DummyConcat.layer./model/neck/top_down_blocks.1/cv1/cna/conv/Conv_im_0.fused./model/neck/top_down_blocks.1/cv1/cna/activate/Relu.0",
            "idx": 4,
            "mem_used_rate": 0.4122314453125,
            "malloc": [
                {
                    "addr": 25088,
                    "ori_size": 0,
                    "size": 425984
                }
            ],
            "used": [
                {
                    "name": "DmaIn.layer.copy_in_2Fmodel2Fneck2Fupsample_12FResize_output_0",
                    "addr": 3342336,
                    "size": 851968
                },
                {
                    "name": "DmaIn.layer.copy_in_2Fmodel2Fbackbone2Fstage22Fstage22E12Ffinal_conv2Factivate2FRelu_output_0",
                    "addr": 2916352,
                    "size": 425984
                },
                {
                    "name": "FetchParam.layer.ConvFusion.layer./model/neck/top_down_blocks.1/cv1/cna/conv/Conv_im_0.fused./model/neck/top_down_blocks.1/cv1/cna/activate/Relu.split.co.0.fetch_param_data.layer",
                    "addr": 0,
                    "size": 12544
                },
                {
                    "name": "FetchParam.layer.ConvFusion.layer./model/neck/top_down_blocks.1/cv1/cna/conv/Conv_im_0.fused./model/neck/top_down_blocks.1/cv1/cna/activate/Relu.split.co.1.fetch_param_data.layer",
                    "addr": 12544,
                    "size": 12544
                },
                {
                    "name": "DummyConcat.layer./model/neck/top_down_blocks.1/cv1/cna/conv/Conv_im_0.fused./model/neck/top_down_blocks.1/cv1/cna/activate/Relu.0",
                    "addr": 25088,
                    "size": 425984
                }
            ],
            "free": []
        },
        "kernel[5]": {
            "name": "ConvFusion.layer./model/neck/top_down_blocks.1/cv1/cna/conv/Conv_im_0.fused./model/neck/top_down_blocks.1/cv1/cna/activate/Relu.split.co.0",
            "idx": 5,
            "mem_used_rate": 0.4122314453125,
            "malloc": [],
            "used": [
                {
                    "name": "DmaIn.layer.copy_in_2Fmodel2Fneck2Fupsample_12FResize_output_0",
                    "addr": 3342336,
                    "size": 851968
                },
                {
                    "name": "DmaIn.layer.copy_in_2Fmodel2Fbackbone2Fstage22Fstage22E12Ffinal_conv2Factivate2FRelu_output_0",
                    "addr": 2916352,
                    "size": 425984
                },
                {
                    "name": "FetchParam.layer.ConvFusion.layer./model/neck/top_down_blocks.1/cv1/cna/conv/Conv_im_0.fused./model/neck/top_down_blocks.1/cv1/cna/activate/Relu.split.co.0.fetch_param_data.layer",
                    "addr": 0,
                    "size": 12544
                },
                {
                    "name": "FetchParam.layer.ConvFusion.layer./model/neck/top_down_blocks.1/cv1/cna/conv/Conv_im_0.fused./model/neck/top_down_blocks.1/cv1/cna/activate/Relu.split.co.1.fetch_param_data.layer",
                    "addr": 12544,
                    "size": 12544
                },
                {
                    "name": "DummyConcat.layer./model/neck/top_down_blocks.1/cv1/cna/conv/Conv_im_0.fused./model/neck/top_down_blocks.1/cv1/cna/activate/Relu.0",
                    "addr": 25088,
                    "size": 425984
                }
            ],
            "free": [
                {
                    "name": "ConvFusion.layer./model/neck/top_down_blocks.1/cv1/cna/conv/Conv_im_0.fused./model/neck/top_down_blocks.1/cv1/cna/activate/Relu.split.co.0",
                    "addr": 0,
                    "size": 12544
                }
            ]
        },
        "kernel[6]": {
            "name": "ConvFusion.layer./model/neck/top_down_blocks.1/cv1/cna/conv/Conv_im_0.fused./model/neck/top_down_blocks.1/cv1/cna/activate/Relu.split.co.1",
            "idx": 6,
            "mem_used_rate": 0.10455322265625,
            "malloc": [],
            "used": [
                {
                    "name": "DmaIn.layer.copy_in_2Fmodel2Fneck2Fupsample_12FResize_output_0",
                    "addr": 3342336,
                    "size": 851968
                },
                {
                    "name": "DmaIn.layer.copy_in_2Fmodel2Fbackbone2Fstage22Fstage22E12Ffinal_conv2Factivate2FRelu_output_0",
                    "addr": 2916352,
                    "size": 425984
                },
                {
                    "name": "FetchParam.layer.ConvFusion.layer./model/neck/top_down_blocks.1/cv1/cna/conv/Conv_im_0.fused./model/neck/top_down_blocks.1/cv1/cna/activate/Relu.split.co.1.fetch_param_data.layer",
                    "addr": 12544,
                    "size": 12544
                },
                {
                    "name": "DummyConcat.layer./model/neck/top_down_blocks.1/cv1/cna/conv/Conv_im_0.fused./model/neck/top_down_blocks.1/cv1/cna/activate/Relu.0",
                    "addr": 25088,
                    "size": 425984
                }
            ],
            "free": [
                {
                    "name": "ConvFusion.layer./model/neck/top_down_blocks.1/cv1/cna/conv/Conv_im_0.fused./model/neck/top_down_blocks.1/cv1/cna/activate/Relu.split.co.1",
                    "addr": 3342336,
                    "size": 851968
                },
                {
                    "name": "ConvFusion.layer./model/neck/top_down_blocks.1/cv1/cna/conv/Conv_im_0.fused./model/neck/top_down_blocks.1/cv1/cna/activate/Relu.split.co.1",
                    "addr": 2916352,
                    "size": 425984
                },
                {
                    "name": "ConvFusion.layer./model/neck/top_down_blocks.1/cv1/cna/conv/Conv_im_0.fused./model/neck/top_down_blocks.1/cv1/cna/activate/Relu.split.co.1",
                    "addr": 12544,
                    "size": 12544
                }
            ]
        },
        "kernel[7]": {
            "name": "DmaOut.layer.copy_out_2Fmodel2Fneck2Ftop_down_blocks2E12Fcv12Fcna2Factivate2FRelu_output_0",
            "idx": 7,
            "mem_used_rate": 0.05078125,
            "malloc": [],
            "used": [
                {
                    "name": "DummyConcat.layer./model/neck/top_down_blocks.1/cv1/cna/conv/Conv_im_0.fused./model/neck/top_down_blocks.1/cv1/cna/activate/Relu.0",
                    "addr": 25088,
                    "size": 425984
                }
            ],
            "free": [
                {
                    "name": "DmaOut.layer.copy_out_2Fmodel2Fneck2Ftop_down_blocks2E12Fcv12Fcna2Factivate2FRelu_output_0",
                    "addr": 25088,
                    "size": 212992
                },
                {
                    "name": "DmaOut.layer.copy_out_2Fmodel2Fneck2Ftop_down_blocks2E12Fcv12Fcna2Factivate2FRelu_output_0",
                    "addr": 238080,
                    "size": 212992
                }
            ]
        }
    },
    "max_peak_size": [
        {
            "size": 1303040
        }
    ]
}