{
    "banks": [
        {
            "addr": 0,
            "size": 0
        }
    ],
    "patch_reserve": [],
    "param_reserve": [],
    "ops": {
        "kernel[0]": {
            "name": "DmaIn.layer.DmaIn.layer.copy_in_2Fmodel2Fneck2Fbottom_up_blocks2E12Fcv12Fcna2Factivate2FRelu_output_0.0",
            "idx": 0,
            "mem_used_rate": 0.0126953125,
            "malloc": [
                {
                    "addr": 4141056,
                    "ori_size": 0,
                    "size": 53248
                }
            ],
            "used": [
                {
                    "name": "DmaIn.layer.DmaIn.layer.copy_in_2Fmodel2Fneck2Fbottom_up_blocks2E12Fcv12Fcna2Factivate2FRelu_output_0.0",
                    "addr": 4141056,
                    "size": 53248
                }
            ],
            "free": []
        },
        "kernel[1]": {
            "name": "DmaOut.layer.copy_out_2Fmodel2Fneck2Fbottom_up_blocks2E12FSlice_1_output_0",
            "idx": 1,
            "mem_used_rate": 0.0126953125,
            "malloc": [],
            "used": [
                {
                    "name": "DmaIn.layer.DmaIn.layer.copy_in_2Fmodel2Fneck2Fbottom_up_blocks2E12Fcv12Fcna2Factivate2FRelu_output_0.0",
                    "addr": 4141056,
                    "size": 53248
                }
            ],
            "free": [
                {
                    "name": "DmaOut.layer.copy_out_2Fmodel2Fneck2Fbottom_up_blocks2E12FSlice_1_output_0",
                    "addr": 4141056,
                    "size": 53248
                }
            ]
        }
    },
    "max_peak_size": [
        {
            "size": 53248
        }
    ]
}