{
    "banks": [
        {
            "addr": 0,
            "size": 0
        }
    ],
    "patch_reserve": [],
    "param_reserve": [],
    "ops": {
        "kernel[0]": {
            "name": "DmaIn.layer.copy_in_PPQ_Variable_54",
            "idx": 0,
            "mem_used_rate": 0.234375,
            "malloc": [
                {
                    "addr": 3211264,
                    "ori_size": 0,
                    "size": 983040
                }
            ],
            "used": [
                {
                    "name": "DmaIn.layer.copy_in_PPQ_Variable_54",
                    "addr": 3211264,
                    "size": 983040
                }
            ],
            "free": []
        },
        "kernel[1]": {
            "name": "FetchParam.layer.Conv2d.layer.Conv_39_im_0.split.co.0.fetch_param_data.layer",
            "idx": 1,
            "mem_used_rate": 0.25787353515625,
            "malloc": [
                {
                    "addr": 0,
                    "ori_size": 0,
                    "size": 98560
                }
            ],
            "used": [
                {
                    "name": "DmaIn.layer.copy_in_PPQ_Variable_54",
                    "addr": 3211264,
                    "size": 983040
                },
                {
                    "name": "FetchParam.layer.Conv2d.layer.Conv_39_im_0.split.co.0.fetch_param_data.layer",
                    "addr": 0,
                    "size": 98560
                }
            ],
            "free": []
        },
        "kernel[2]": {
            "name": "FetchParam.layer.Conv2d.layer.Conv_39_im_0.split.co.1.fetch_param_data.layer",
            "idx": 2,
            "mem_used_rate": 0.2813720703125,
            "malloc": [
                {
                    "addr": 98560,
                    "ori_size": 0,
                    "size": 98560
                }
            ],
            "used": [
                {
                    "name": "DmaIn.layer.copy_in_PPQ_Variable_54",
                    "addr": 3211264,
                    "size": 983040
                },
                {
                    "name": "FetchParam.layer.Conv2d.layer.Conv_39_im_0.split.co.0.fetch_param_data.layer",
                    "addr": 0,
                    "size": 98560
                },
                {
                    "name": "FetchParam.layer.Conv2d.layer.Conv_39_im_0.split.co.1.fetch_param_data.layer",
                    "addr": 98560,
                    "size": 98560
                }
            ],
            "free": []
        },
        "kernel[3]": {
            "name": "DummyConcat.layer.Conv_39_im_0.0",
            "idx": 3,
            "mem_used_rate": 0.3985595703125,
            "malloc": [
                {
                    "addr": 197120,
                    "ori_size": 0,
                    "size": 491520
                }
            ],
            "used": [
                {
                    "name": "DmaIn.layer.copy_in_PPQ_Variable_54",
                    "addr": 3211264,
                    "size": 983040
                },
                {
                    "name": "FetchParam.layer.Conv2d.layer.Conv_39_im_0.split.co.0.fetch_param_data.layer",
                    "addr": 0,
                    "size": 98560
                },
                {
                    "name": "FetchParam.layer.Conv2d.layer.Conv_39_im_0.split.co.1.fetch_param_data.layer",
                    "addr": 98560,
                    "size": 98560
                },
                {
                    "name": "DummyConcat.layer.Conv_39_im_0.0",
                    "addr": 197120,
                    "size": 491520
                }
            ],
            "free": []
        },
        "kernel[4]": {
            "name": "Conv2d.layer.Conv_39_im_0.split.co.0",
            "idx": 4,
            "mem_used_rate": 0.3985595703125,
            "malloc": [],
            "used": [
                {
                    "name": "DmaIn.layer.copy_in_PPQ_Variable_54",
                    "addr": 3211264,
                    "size": 983040
                },
                {
                    "name": "FetchParam.layer.Conv2d.layer.Conv_39_im_0.split.co.0.fetch_param_data.layer",
                    "addr": 0,
                    "size": 98560
                },
                {
                    "name": "FetchParam.layer.Conv2d.layer.Conv_39_im_0.split.co.1.fetch_param_data.layer",
                    "addr": 98560,
                    "size": 98560
                },
                {
                    "name": "DummyConcat.layer.Conv_39_im_0.0",
                    "addr": 197120,
                    "size": 491520
                }
            ],
            "free": [
                {
                    "name": "Conv2d.layer.Conv_39_im_0.split.co.0",
                    "addr": 0,
                    "size": 98560
                }
            ]
        },
        "kernel[5]": {
            "name": "Conv2d.layer.Conv_39_im_0.split.co.1",
            "idx": 5,
            "mem_used_rate": 0.14068603515625,
            "malloc": [],
            "used": [
                {
                    "name": "DmaIn.layer.copy_in_PPQ_Variable_54",
                    "addr": 3211264,
                    "size": 983040
                },
                {
                    "name": "FetchParam.layer.Conv2d.layer.Conv_39_im_0.split.co.1.fetch_param_data.layer",
                    "addr": 98560,
                    "size": 98560
                },
                {
                    "name": "DummyConcat.layer.Conv_39_im_0.0",
                    "addr": 197120,
                    "size": 491520
                }
            ],
            "free": [
                {
                    "name": "Conv2d.layer.Conv_39_im_0.split.co.1",
                    "addr": 3211264,
                    "size": 983040
                },
                {
                    "name": "Conv2d.layer.Conv_39_im_0.split.co.1",
                    "addr": 98560,
                    "size": 98560
                }
            ]
        },
        "kernel[6]": {
            "name": "DmaOut.layer.copy_out_217",
            "idx": 6,
            "mem_used_rate": 0.05859375,
            "malloc": [],
            "used": [
                {
                    "name": "DummyConcat.layer.Conv_39_im_0.0",
                    "addr": 197120,
                    "size": 491520
                }
            ],
            "free": [
                {
                    "name": "DmaOut.layer.copy_out_217",
                    "addr": 197120,
                    "size": 245760
                },
                {
                    "name": "DmaOut.layer.copy_out_217",
                    "addr": 442880,
                    "size": 245760
                }
            ]
        }
    },
    "max_peak_size": [
        {
            "size": 1180160
        }
    ]
}