{
    "banks": [
        {
            "addr": 0,
            "size": 0
        }
    ],
    "patch_reserve": [],
    "param_reserve": [],
    "ops": {
        "kernel[0]": {
            "name": "DmaIn.layer.copy_in_396",
            "idx": 0,
            "mem_used_rate": 0.1953125,
            "malloc": [
                {
                    "addr": 3375104,
                    "ori_size": 0,
                    "size": 819200
                }
            ],
            "used": [
                {
                    "name": "DmaIn.layer.copy_in_396",
                    "addr": 3375104,
                    "size": 819200
                }
            ],
            "free": []
        },
        "kernel[1]": {
            "name": "FetchParam.layer.Conv2d.layer.Conv_239_im_0.split.co.0.fetch_param_data.layer",
            "idx": 1,
            "mem_used_rate": 0.21099853515625,
            "malloc": [
                {
                    "addr": 0,
                    "ori_size": 0,
                    "size": 65792
                }
            ],
            "used": [
                {
                    "name": "DmaIn.layer.copy_in_396",
                    "addr": 3375104,
                    "size": 819200
                },
                {
                    "name": "FetchParam.layer.Conv2d.layer.Conv_239_im_0.split.co.0.fetch_param_data.layer",
                    "addr": 0,
                    "size": 65792
                }
            ],
            "free": []
        },
        "kernel[2]": {
            "name": "FetchParam.layer.Conv2d.layer.Conv_239_im_0.split.co.1.fetch_param_data.layer",
            "idx": 2,
            "mem_used_rate": 0.2266845703125,
            "malloc": [
                {
                    "addr": 65792,
                    "ori_size": 0,
                    "size": 65792
                }
            ],
            "used": [
                {
                    "name": "DmaIn.layer.copy_in_396",
                    "addr": 3375104,
                    "size": 819200
                },
                {
                    "name": "FetchParam.layer.Conv2d.layer.Conv_239_im_0.split.co.0.fetch_param_data.layer",
                    "addr": 0,
                    "size": 65792
                },
                {
                    "name": "FetchParam.layer.Conv2d.layer.Conv_239_im_0.split.co.1.fetch_param_data.layer",
                    "addr": 65792,
                    "size": 65792
                }
            ],
            "free": []
        },
        "kernel[3]": {
            "name": "DummyConcat.layer.Conv_239_im_0.0",
            "idx": 3,
            "mem_used_rate": 0.4219970703125,
            "malloc": [
                {
                    "addr": 131584,
                    "ori_size": 0,
                    "size": 819200
                }
            ],
            "used": [
                {
                    "name": "DmaIn.layer.copy_in_396",
                    "addr": 3375104,
                    "size": 819200
                },
                {
                    "name": "FetchParam.layer.Conv2d.layer.Conv_239_im_0.split.co.0.fetch_param_data.layer",
                    "addr": 0,
                    "size": 65792
                },
                {
                    "name": "FetchParam.layer.Conv2d.layer.Conv_239_im_0.split.co.1.fetch_param_data.layer",
                    "addr": 65792,
                    "size": 65792
                },
                {
                    "name": "DummyConcat.layer.Conv_239_im_0.0",
                    "addr": 131584,
                    "size": 819200
                }
            ],
            "free": []
        },
        "kernel[4]": {
            "name": "Conv2d.layer.Conv_239_im_0.split.co.0",
            "idx": 4,
            "mem_used_rate": 0.4219970703125,
            "malloc": [],
            "used": [
                {
                    "name": "DmaIn.layer.copy_in_396",
                    "addr": 3375104,
                    "size": 819200
                },
                {
                    "name": "FetchParam.layer.Conv2d.layer.Conv_239_im_0.split.co.0.fetch_param_data.layer",
                    "addr": 0,
                    "size": 65792
                },
                {
                    "name": "FetchParam.layer.Conv2d.layer.Conv_239_im_0.split.co.1.fetch_param_data.layer",
                    "addr": 65792,
                    "size": 65792
                },
                {
                    "name": "DummyConcat.layer.Conv_239_im_0.0",
                    "addr": 131584,
                    "size": 819200
                }
            ],
            "free": [
                {
                    "name": "Conv2d.layer.Conv_239_im_0.split.co.0",
                    "addr": 0,
                    "size": 65792
                }
            ]
        },
        "kernel[5]": {
            "name": "Conv2d.layer.Conv_239_im_0.split.co.1",
            "idx": 5,
            "mem_used_rate": 0.21099853515625,
            "malloc": [],
            "used": [
                {
                    "name": "DmaIn.layer.copy_in_396",
                    "addr": 3375104,
                    "size": 819200
                },
                {
                    "name": "FetchParam.layer.Conv2d.layer.Conv_239_im_0.split.co.1.fetch_param_data.layer",
                    "addr": 65792,
                    "size": 65792
                },
                {
                    "name": "DummyConcat.layer.Conv_239_im_0.0",
                    "addr": 131584,
                    "size": 819200
                }
            ],
            "free": [
                {
                    "name": "Conv2d.layer.Conv_239_im_0.split.co.1",
                    "addr": 3375104,
                    "size": 819200
                },
                {
                    "name": "Conv2d.layer.Conv_239_im_0.split.co.1",
                    "addr": 65792,
                    "size": 65792
                }
            ]
        },
        "kernel[6]": {
            "name": "DmaOut.layer.copy_out_454",
            "idx": 6,
            "mem_used_rate": 0.09765625,
            "malloc": [],
            "used": [
                {
                    "name": "DummyConcat.layer.Conv_239_im_0.0",
                    "addr": 131584,
                    "size": 819200
                }
            ],
            "free": [
                {
                    "name": "DmaOut.layer.copy_out_454",
                    "addr": 131584,
                    "size": 409600
                },
                {
                    "name": "DmaOut.layer.copy_out_454",
                    "addr": 541184,
                    "size": 409600
                }
            ]
        }
    },
    "max_peak_size": [
        {
            "size": 950784
        }
    ]
}