{
    "banks": [
        {
            "addr": 0,
            "size": 0
        }
    ],
    "patch_reserve": [],
    "param_reserve": [],
    "ops": {
        "kernel[0]": {
            "name": "DmaIn.layer.copy_in__im_PropagateOutputNames_added_name_30",
            "idx": 0,
            "mem_used_rate": 0.025390625,
            "malloc": [
                {
                    "addr": 4087808,
                    "ori_size": 0,
                    "size": 106496
                }
            ],
            "used": [
                {
                    "name": "DmaIn.layer.copy_in__im_PropagateOutputNames_added_name_30",
                    "addr": 4087808,
                    "size": 106496
                }
            ],
            "free": []
        },
        "kernel[1]": {
            "name": "DmaIn.layer.copy_in_2Fmodel2Fpet2Fhead_module2FExp_1_output_0",
            "idx": 1,
            "mem_used_rate": 0.0269775390625,
            "malloc": [
                {
                    "addr": 0,
                    "ori_size": 0,
                    "size": 6656
                }
            ],
            "used": [
                {
                    "name": "DmaIn.layer.copy_in__im_PropagateOutputNames_added_name_30",
                    "addr": 4087808,
                    "size": 106496
                },
                {
                    "name": "DmaIn.layer.copy_in_2Fmodel2Fpet2Fhead_module2FExp_1_output_0",
                    "addr": 0,
                    "size": 6656
                }
            ],
            "free": []
        },
        "kernel[2]": {
            "name": "Concat.layer.im_propagate_output_names_generated_span_23",
            "idx": 2,
            "mem_used_rate": 0.02777099609375,
            "malloc": [
                {
                    "addr": 6656,
                    "ori_size": 0,
                    "size": 109824
                }
            ],
            "used": [
                {
                    "name": "DmaIn.layer.copy_in__im_PropagateOutputNames_added_name_30",
                    "addr": 4087808,
                    "size": 106496
                },
                {
                    "name": "DmaIn.layer.copy_in_2Fmodel2Fpet2Fhead_module2FExp_1_output_0",
                    "addr": 0,
                    "size": 6656
                },
                {
                    "name": "Concat.layer.im_propagate_output_names_generated_span_23",
                    "addr": 6656,
                    "size": 109824
                }
            ],
            "free": [
                {
                    "name": "Concat.layer.im_propagate_output_names_generated_span_23",
                    "addr": 4087808,
                    "size": 106496
                },
                {
                    "name": "Concat.layer.im_propagate_output_names_generated_span_23",
                    "addr": 0,
                    "size": 6656
                }
            ]
        },
        "kernel[3]": {
            "name": "DmaOut.layer.copy_out__im_PropagateOutputNames_added_name_31",
            "idx": 3,
            "mem_used_rate": 0.02618408203125,
            "malloc": [],
            "used": [
                {
                    "name": "Concat.layer.im_propagate_output_names_generated_span_23",
                    "addr": 6656,
                    "size": 109824
                }
            ],
            "free": [
                {
                    "name": "DmaOut.layer.copy_out__im_PropagateOutputNames_added_name_31",
                    "addr": 6656,
                    "size": 109824
                }
            ]
        }
    },
    "max_peak_size": [
        {
            "size": 113152
        }
    ]
}