{
    "banks": [
        {
            "addr": 0,
            "size": 0
        }
    ],
    "patch_reserve": [],
    "param_reserve": [],
    "ops": {
        "kernel[0]": {
            "name": "DmaIn.layer.copy_in_327",
            "idx": 0,
            "mem_used_rate": 0.0244140625,
            "malloc": [
                {
                    "addr": 0,
                    "ori_size": 0,
                    "size": 102400
                }
            ],
            "used": [
                {
                    "name": "DmaIn.layer.copy_in_327",
                    "addr": 0,
                    "size": 102400
                }
            ],
            "free": []
        },
        "kernel[1]": {
            "name": "DmaOut.layer.Reshape_133.npufmt2nchw",
            "idx": 1,
            "mem_used_rate": 0.048828125,
            "malloc": [
                {
                    "addr": 4091904,
                    "ori_size": 0,
                    "size": 102400
                }
            ],
            "used": [
                {
                    "name": "DmaIn.layer.copy_in_327",
                    "addr": 0,
                    "size": 102400
                },
                {
                    "name": "DmaOut.layer.Reshape_133.npufmt2nchw",
                    "addr": 4091904,
                    "size": 102400
                }
            ],
            "free": [
                {
                    "name": "DmaOut.layer.Reshape_133.npufmt2nchw",
                    "addr": 0,
                    "size": 102400
                }
            ]
        },
        "kernel[2]": {
            "name": "DummyConcat.layer.Reshape_133.reshape_dc.2558",
            "idx": 2,
            "mem_used_rate": 0.0634765625,
            "malloc": [
                {
                    "addr": 102400,
                    "ori_size": 0,
                    "size": 163840
                }
            ],
            "used": [
                {
                    "name": "DmaOut.layer.Reshape_133.npufmt2nchw",
                    "addr": 4091904,
                    "size": 102400
                },
                {
                    "name": "DummyConcat.layer.Reshape_133.reshape_dc.2558",
                    "addr": 102400,
                    "size": 163840
                }
            ],
            "free": []
        },
        "kernel[3]": {
            "name": "Slice.layer.Reshape_133.2559",
            "idx": 3,
            "mem_used_rate": 0.0634765625,
            "malloc": [],
            "used": [
                {
                    "name": "DmaOut.layer.Reshape_133.npufmt2nchw",
                    "addr": 4091904,
                    "size": 102400
                },
                {
                    "name": "DummyConcat.layer.Reshape_133.reshape_dc.2558",
                    "addr": 102400,
                    "size": 163840
                }
            ],
            "free": [
                {
                    "name": "Slice.layer.Reshape_133.2559",
                    "addr": 4091904,
                    "size": 102400
                }
            ]
        },
        "kernel[4]": {
            "name": "DmaOut.layer.copy_out_333",
            "idx": 4,
            "mem_used_rate": 1.52587890625e-05,
            "malloc": [],
            "used": [
                {
                    "name": "DummyConcat.layer.Reshape_133.reshape_dc.2558",
                    "addr": 102400,
                    "size": 163840
                }
            ],
            "free": [
                {
                    "name": "DmaOut.layer.copy_out_333",
                    "addr": 102400,
                    "size": 131072
                },
                {
                    "name": "DmaOut.layer.copy_out_333",
                    "addr": 233472,
                    "size": 64
                },
                {
                    "name": "DmaOut.layer.copy_out_333",
                    "addr": 233536,
                    "size": 64
                },
                {
                    "name": "DmaOut.layer.copy_out_333",
                    "addr": 233600,
                    "size": 64
                },
                {
                    "name": "DmaOut.layer.copy_out_333",
                    "addr": 233664,
                    "size": 64
                },
                {
                    "name": "DmaOut.layer.copy_out_333",
                    "addr": 233728,
                    "size": 64
                },
                {
                    "name": "DmaOut.layer.copy_out_333",
                    "addr": 233792,
                    "size": 64
                },
                {
                    "name": "DmaOut.layer.copy_out_333",
                    "addr": 233856,
                    "size": 64
                },
                {
                    "name": "DmaOut.layer.copy_out_333",
                    "addr": 233920,
                    "size": 64
                },
                {
                    "name": "DmaOut.layer.copy_out_333",
                    "addr": 233984,
                    "size": 64
                },
                {
                    "name": "DmaOut.layer.copy_out_333",
                    "addr": 234048,
                    "size": 64
                },
                {
                    "name": "DmaOut.layer.copy_out_333",
                    "addr": 234112,
                    "size": 64
                },
                {
                    "name": "DmaOut.layer.copy_out_333",
                    "addr": 234176,
                    "size": 64
                },
                {
                    "name": "DmaOut.layer.copy_out_333",
                    "addr": 234240,
                    "size": 64
                },
                {
                    "name": "DmaOut.layer.copy_out_333",
                    "addr": 234304,
                    "size": 64
                },
                {
                    "name": "DmaOut.layer.copy_out_333",
                    "addr": 234368,
                    "size": 64
                },
                {
                    "name": "DmaOut.layer.copy_out_333",
                    "addr": 234432,
                    "size": 64
                },
                {
                    "name": "DmaOut.layer.copy_out_333",
                    "addr": 234496,
                    "size": 64
                },
                {
                    "name": "DmaOut.layer.copy_out_333",
                    "addr": 234560,
                    "size": 64
                },
                {
                    "name": "DmaOut.layer.copy_out_333",
                    "addr": 234624,
                    "size": 64
                },
                {
                    "name": "DmaOut.layer.copy_out_333",
                    "addr": 234688,
                    "size": 64
                },
                {
                    "name": "DmaOut.layer.copy_out_333",
                    "addr": 234752,
                    "size": 64
                },
                {
                    "name": "DmaOut.layer.copy_out_333",
                    "addr": 234816,
                    "size": 64
                },
                {
                    "name": "DmaOut.layer.copy_out_333",
                    "addr": 234880,
                    "size": 64
                },
                {
                    "name": "DmaOut.layer.copy_out_333",
                    "addr": 234944,
                    "size": 64
                },
                {
                    "name": "DmaOut.layer.copy_out_333",
                    "addr": 235008,
                    "size": 64
                },
                {
                    "name": "DmaOut.layer.copy_out_333",
                    "addr": 235072,
                    "size": 64
                },
                {
                    "name": "DmaOut.layer.copy_out_333",
                    "addr": 235136,
                    "size": 64
                },
                {
                    "name": "DmaOut.layer.copy_out_333",
                    "addr": 235200,
                    "size": 64
                },
                {
                    "name": "DmaOut.layer.copy_out_333",
                    "addr": 235264,
                    "size": 64
                },
                {
                    "name": "DmaOut.layer.copy_out_333",
                    "addr": 235328,
                    "size": 64
                },
                {
                    "name": "DmaOut.layer.copy_out_333",
                    "addr": 235392,
                    "size": 64
                },
                {
                    "name": "DmaOut.layer.copy_out_333",
                    "addr": 235456,
                    "size": 64
                },
                {
                    "name": "DmaOut.layer.copy_out_333",
                    "addr": 235520,
                    "size": 64
                },
                {
                    "name": "DmaOut.layer.copy_out_333",
                    "addr": 235584,
                    "size": 64
                },
                {
                    "name": "DmaOut.layer.copy_out_333",
                    "addr": 235648,
                    "size": 64
                },
                {
                    "name": "DmaOut.layer.copy_out_333",
                    "addr": 235712,
                    "size": 64
                },
                {
                    "name": "DmaOut.layer.copy_out_333",
                    "addr": 235776,
                    "size": 64
                },
                {
                    "name": "DmaOut.layer.copy_out_333",
                    "addr": 235840,
                    "size": 64
                },
                {
                    "name": "DmaOut.layer.copy_out_333",
                    "addr": 235904,
                    "size": 64
                },
                {
                    "name": "DmaOut.layer.copy_out_333",
                    "addr": 235968,
                    "size": 64
                },
                {
                    "name": "DmaOut.layer.copy_out_333",
                    "addr": 236032,
                    "size": 64
                },
                {
                    "name": "DmaOut.layer.copy_out_333",
                    "addr": 236096,
                    "size": 64
                },
                {
                    "name": "DmaOut.layer.copy_out_333",
                    "addr": 236160,
                    "size": 64
                },
                {
                    "name": "DmaOut.layer.copy_out_333",
                    "addr": 236224,
                    "size": 64
                },
                {
                    "name": "DmaOut.layer.copy_out_333",
                    "addr": 236288,
                    "size": 64
                },
                {
                    "name": "DmaOut.layer.copy_out_333",
                    "addr": 236352,
                    "size": 64
                },
                {
                    "name": "DmaOut.layer.copy_out_333",
                    "addr": 236416,
                    "size": 64
                },
                {
                    "name": "DmaOut.layer.copy_out_333",
                    "addr": 236480,
                    "size": 64
                },
                {
                    "name": "DmaOut.layer.copy_out_333",
                    "addr": 236544,
                    "size": 64
                },
                {
                    "name": "DmaOut.layer.copy_out_333",
                    "addr": 236608,
                    "size": 64
                },
                {
                    "name": "DmaOut.layer.copy_out_333",
                    "addr": 236672,
                    "size": 64
                },
                {
                    "name": "DmaOut.layer.copy_out_333",
                    "addr": 236736,
                    "size": 64
                },
                {
                    "name": "DmaOut.layer.copy_out_333",
                    "addr": 236800,
                    "size": 64
                },
                {
                    "name": "DmaOut.layer.copy_out_333",
                    "addr": 236864,
                    "size": 64
                },
                {
                    "name": "DmaOut.layer.copy_out_333",
                    "addr": 236928,
                    "size": 64
                },
                {
                    "name": "DmaOut.layer.copy_out_333",
                    "addr": 236992,
                    "size": 64
                },
                {
                    "name": "DmaOut.layer.copy_out_333",
                    "addr": 237056,
                    "size": 64
                },
                {
                    "name": "DmaOut.layer.copy_out_333",
                    "addr": 237120,
                    "size": 64
                },
                {
                    "name": "DmaOut.layer.copy_out_333",
                    "addr": 237184,
                    "size": 64
                },
                {
                    "name": "DmaOut.layer.copy_out_333",
                    "addr": 237248,
                    "size": 64
                },
                {
                    "name": "DmaOut.layer.copy_out_333",
                    "addr": 237312,
                    "size": 64
                },
                {
                    "name": "DmaOut.layer.copy_out_333",
                    "addr": 237376,
                    "size": 64
                },
                {
                    "name": "DmaOut.layer.copy_out_333",
                    "addr": 237440,
                    "size": 64
                },
                {
                    "name": "DmaOut.layer.copy_out_333",
                    "addr": 237504,
                    "size": 64
                },
                {
                    "name": "DmaOut.layer.copy_out_333",
                    "addr": 237568,
                    "size": 64
                },
                {
                    "name": "DmaOut.layer.copy_out_333",
                    "addr": 237632,
                    "size": 64
                },
                {
                    "name": "DmaOut.layer.copy_out_333",
                    "addr": 237696,
                    "size": 64
                },
                {
                    "name": "DmaOut.layer.copy_out_333",
                    "addr": 237760,
                    "size": 64
                },
                {
                    "name": "DmaOut.layer.copy_out_333",
                    "addr": 237824,
                    "size": 64
                },
                {
                    "name": "DmaOut.layer.copy_out_333",
                    "addr": 237888,
                    "size": 64
                },
                {
                    "name": "DmaOut.layer.copy_out_333",
                    "addr": 237952,
                    "size": 64
                },
                {
                    "name": "DmaOut.layer.copy_out_333",
                    "addr": 238016,
                    "size": 64
                },
                {
                    "name": "DmaOut.layer.copy_out_333",
                    "addr": 238080,
                    "size": 64
                },
                {
                    "name": "DmaOut.layer.copy_out_333",
                    "addr": 238144,
                    "size": 64
                },
                {
                    "name": "DmaOut.layer.copy_out_333",
                    "addr": 238208,
                    "size": 64
                },
                {
                    "name": "DmaOut.layer.copy_out_333",
                    "addr": 238272,
                    "size": 64
                },
                {
                    "name": "DmaOut.layer.copy_out_333",
                    "addr": 238336,
                    "size": 64
                },
                {
                    "name": "DmaOut.layer.copy_out_333",
                    "addr": 238400,
                    "size": 64
                },
                {
                    "name": "DmaOut.layer.copy_out_333",
                    "addr": 238464,
                    "size": 64
                },
                {
                    "name": "DmaOut.layer.copy_out_333",
                    "addr": 238528,
                    "size": 64
                },
                {
                    "name": "DmaOut.layer.copy_out_333",
                    "addr": 238592,
                    "size": 64
                },
                {
                    "name": "DmaOut.layer.copy_out_333",
                    "addr": 238656,
                    "size": 64
                },
                {
                    "name": "DmaOut.layer.copy_out_333",
                    "addr": 238720,
                    "size": 64
                },
                {
                    "name": "DmaOut.layer.copy_out_333",
                    "addr": 238784,
                    "size": 64
                },
                {
                    "name": "DmaOut.layer.copy_out_333",
                    "addr": 238848,
                    "size": 64
                },
                {
                    "name": "DmaOut.layer.copy_out_333",
                    "addr": 238912,
                    "size": 64
                },
                {
                    "name": "DmaOut.layer.copy_out_333",
                    "addr": 238976,
                    "size": 64
                },
                {
                    "name": "DmaOut.layer.copy_out_333",
                    "addr": 239040,
                    "size": 64
                },
                {
                    "name": "DmaOut.layer.copy_out_333",
                    "addr": 239104,
                    "size": 64
                },
                {
                    "name": "DmaOut.layer.copy_out_333",
                    "addr": 239168,
                    "size": 64
                },
                {
                    "name": "DmaOut.layer.copy_out_333",
                    "addr": 239232,
                    "size": 64
                },
                {
                    "name": "DmaOut.layer.copy_out_333",
                    "addr": 239296,
                    "size": 64
                },
                {
                    "name": "DmaOut.layer.copy_out_333",
                    "addr": 239360,
                    "size": 64
                },
                {
                    "name": "DmaOut.layer.copy_out_333",
                    "addr": 239424,
                    "size": 64
                },
                {
                    "name": "DmaOut.layer.copy_out_333",
                    "addr": 239488,
                    "size": 64
                },
                {
                    "name": "DmaOut.layer.copy_out_333",
                    "addr": 239552,
                    "size": 64
                },
                {
                    "name": "DmaOut.layer.copy_out_333",
                    "addr": 239616,
                    "size": 64
                },
                {
                    "name": "DmaOut.layer.copy_out_333",
                    "addr": 239680,
                    "size": 64
                },
                {
                    "name": "DmaOut.layer.copy_out_333",
                    "addr": 239744,
                    "size": 64
                },
                {
                    "name": "DmaOut.layer.copy_out_333",
                    "addr": 239808,
                    "size": 64
                },
                {
                    "name": "DmaOut.layer.copy_out_333",
                    "addr": 239872,
                    "size": 64
                },
                {
                    "name": "DmaOut.layer.copy_out_333",
                    "addr": 239936,
                    "size": 64
                },
                {
                    "name": "DmaOut.layer.copy_out_333",
                    "addr": 240000,
                    "size": 64
                },
                {
                    "name": "DmaOut.layer.copy_out_333",
                    "addr": 240064,
                    "size": 64
                },
                {
                    "name": "DmaOut.layer.copy_out_333",
                    "addr": 240128,
                    "size": 64
                },
                {
                    "name": "DmaOut.layer.copy_out_333",
                    "addr": 240192,
                    "size": 64
                },
                {
                    "name": "DmaOut.layer.copy_out_333",
                    "addr": 240256,
                    "size": 64
                },
                {
                    "name": "DmaOut.layer.copy_out_333",
                    "addr": 240320,
                    "size": 64
                },
                {
                    "name": "DmaOut.layer.copy_out_333",
                    "addr": 240384,
                    "size": 64
                },
                {
                    "name": "DmaOut.layer.copy_out_333",
                    "addr": 240448,
                    "size": 64
                },
                {
                    "name": "DmaOut.layer.copy_out_333",
                    "addr": 240512,
                    "size": 64
                },
                {
                    "name": "DmaOut.layer.copy_out_333",
                    "addr": 240576,
                    "size": 64
                },
                {
                    "name": "DmaOut.layer.copy_out_333",
                    "addr": 240640,
                    "size": 64
                },
                {
                    "name": "DmaOut.layer.copy_out_333",
                    "addr": 240704,
                    "size": 64
                },
                {
                    "name": "DmaOut.layer.copy_out_333",
                    "addr": 240768,
                    "size": 64
                },
                {
                    "name": "DmaOut.layer.copy_out_333",
                    "addr": 240832,
                    "size": 64
                },
                {
                    "name": "DmaOut.layer.copy_out_333",
                    "addr": 240896,
                    "size": 64
                },
                {
                    "name": "DmaOut.layer.copy_out_333",
                    "addr": 240960,
                    "size": 64
                },
                {
                    "name": "DmaOut.layer.copy_out_333",
                    "addr": 241024,
                    "size": 64
                },
                {
                    "name": "DmaOut.layer.copy_out_333",
                    "addr": 241088,
                    "size": 64
                },
                {
                    "name": "DmaOut.layer.copy_out_333",
                    "addr": 241152,
                    "size": 64
                },
                {
                    "name": "DmaOut.layer.copy_out_333",
                    "addr": 241216,
                    "size": 64
                },
                {
                    "name": "DmaOut.layer.copy_out_333",
                    "addr": 241280,
                    "size": 64
                },
                {
                    "name": "DmaOut.layer.copy_out_333",
                    "addr": 241344,
                    "size": 64
                },
                {
                    "name": "DmaOut.layer.copy_out_333",
                    "addr": 241408,
                    "size": 64
                },
                {
                    "name": "DmaOut.layer.copy_out_333",
                    "addr": 241472,
                    "size": 64
                },
                {
                    "name": "DmaOut.layer.copy_out_333",
                    "addr": 241536,
                    "size": 64
                },
                {
                    "name": "DmaOut.layer.copy_out_333",
                    "addr": 241600,
                    "size": 64
                },
                {
                    "name": "DmaOut.layer.copy_out_333",
                    "addr": 241664,
                    "size": 64
                },
                {
                    "name": "DmaOut.layer.copy_out_333",
                    "addr": 241728,
                    "size": 64
                },
                {
                    "name": "DmaOut.layer.copy_out_333",
                    "addr": 241792,
                    "size": 64
                },
                {
                    "name": "DmaOut.layer.copy_out_333",
                    "addr": 241856,
                    "size": 64
                },
                {
                    "name": "DmaOut.layer.copy_out_333",
                    "addr": 241920,
                    "size": 64
                },
                {
                    "name": "DmaOut.layer.copy_out_333",
                    "addr": 241984,
                    "size": 64
                },
                {
                    "name": "DmaOut.layer.copy_out_333",
                    "addr": 242048,
                    "size": 64
                },
                {
                    "name": "DmaOut.layer.copy_out_333",
                    "addr": 242112,
                    "size": 64
                },
                {
                    "name": "DmaOut.layer.copy_out_333",
                    "addr": 242176,
                    "size": 64
                },
                {
                    "name": "DmaOut.layer.copy_out_333",
                    "addr": 242240,
                    "size": 64
                },
                {
                    "name": "DmaOut.layer.copy_out_333",
                    "addr": 242304,
                    "size": 64
                },
                {
                    "name": "DmaOut.layer.copy_out_333",
                    "addr": 242368,
                    "size": 64
                },
                {
                    "name": "DmaOut.layer.copy_out_333",
                    "addr": 242432,
                    "size": 64
                },
                {
                    "name": "DmaOut.layer.copy_out_333",
                    "addr": 242496,
                    "size": 64
                },
                {
                    "name": "DmaOut.layer.copy_out_333",
                    "addr": 242560,
                    "size": 64
                },
                {
                    "name": "DmaOut.layer.copy_out_333",
                    "addr": 242624,
                    "size": 64
                },
                {
                    "name": "DmaOut.layer.copy_out_333",
                    "addr": 242688,
                    "size": 64
                },
                {
                    "name": "DmaOut.layer.copy_out_333",
                    "addr": 242752,
                    "size": 64
                },
                {
                    "name": "DmaOut.layer.copy_out_333",
                    "addr": 242816,
                    "size": 64
                },
                {
                    "name": "DmaOut.layer.copy_out_333",
                    "addr": 242880,
                    "size": 64
                },
                {
                    "name": "DmaOut.layer.copy_out_333",
                    "addr": 242944,
                    "size": 64
                },
                {
                    "name": "DmaOut.layer.copy_out_333",
                    "addr": 243008,
                    "size": 64
                },
                {
                    "name": "DmaOut.layer.copy_out_333",
                    "addr": 243072,
                    "size": 64
                },
                {
                    "name": "DmaOut.layer.copy_out_333",
                    "addr": 243136,
                    "size": 64
                },
                {
                    "name": "DmaOut.layer.copy_out_333",
                    "addr": 243200,
                    "size": 64
                },
                {
                    "name": "DmaOut.layer.copy_out_333",
                    "addr": 243264,
                    "size": 64
                },
                {
                    "name": "DmaOut.layer.copy_out_333",
                    "addr": 243328,
                    "size": 64
                },
                {
                    "name": "DmaOut.layer.copy_out_333",
                    "addr": 243392,
                    "size": 64
                },
                {
                    "name": "DmaOut.layer.copy_out_333",
                    "addr": 243456,
                    "size": 64
                },
                {
                    "name": "DmaOut.layer.copy_out_333",
                    "addr": 243520,
                    "size": 64
                },
                {
                    "name": "DmaOut.layer.copy_out_333",
                    "addr": 243584,
                    "size": 64
                },
                {
                    "name": "DmaOut.layer.copy_out_333",
                    "addr": 243648,
                    "size": 64
                },
                {
                    "name": "DmaOut.layer.copy_out_333",
                    "addr": 243712,
                    "size": 64
                },
                {
                    "name": "DmaOut.layer.copy_out_333",
                    "addr": 243776,
                    "size": 64
                },
                {
                    "name": "DmaOut.layer.copy_out_333",
                    "addr": 243840,
                    "size": 64
                },
                {
                    "name": "DmaOut.layer.copy_out_333",
                    "addr": 243904,
                    "size": 64
                },
                {
                    "name": "DmaOut.layer.copy_out_333",
                    "addr": 243968,
                    "size": 64
                },
                {
                    "name": "DmaOut.layer.copy_out_333",
                    "addr": 244032,
                    "size": 64
                },
                {
                    "name": "DmaOut.layer.copy_out_333",
                    "addr": 244096,
                    "size": 64
                },
                {
                    "name": "DmaOut.layer.copy_out_333",
                    "addr": 244160,
                    "size": 64
                },
                {
                    "name": "DmaOut.layer.copy_out_333",
                    "addr": 244224,
                    "size": 64
                },
                {
                    "name": "DmaOut.layer.copy_out_333",
                    "addr": 244288,
                    "size": 64
                },
                {
                    "name": "DmaOut.layer.copy_out_333",
                    "addr": 244352,
                    "size": 64
                },
                {
                    "name": "DmaOut.layer.copy_out_333",
                    "addr": 244416,
                    "size": 64
                },
                {
                    "name": "DmaOut.layer.copy_out_333",
                    "addr": 244480,
                    "size": 64
                },
                {
                    "name": "DmaOut.layer.copy_out_333",
                    "addr": 244544,
                    "size": 64
                },
                {
                    "name": "DmaOut.layer.copy_out_333",
                    "addr": 244608,
                    "size": 64
                },
                {
                    "name": "DmaOut.layer.copy_out_333",
                    "addr": 244672,
                    "size": 64
                },
                {
                    "name": "DmaOut.layer.copy_out_333",
                    "addr": 244736,
                    "size": 64
                },
                {
                    "name": "DmaOut.layer.copy_out_333",
                    "addr": 244800,
                    "size": 64
                },
                {
                    "name": "DmaOut.layer.copy_out_333",
                    "addr": 244864,
                    "size": 64
                },
                {
                    "name": "DmaOut.layer.copy_out_333",
                    "addr": 244928,
                    "size": 64
                },
                {
                    "name": "DmaOut.layer.copy_out_333",
                    "addr": 244992,
                    "size": 64
                },
                {
                    "name": "DmaOut.layer.copy_out_333",
                    "addr": 245056,
                    "size": 64
                },
                {
                    "name": "DmaOut.layer.copy_out_333",
                    "addr": 245120,
                    "size": 64
                },
                {
                    "name": "DmaOut.layer.copy_out_333",
                    "addr": 245184,
                    "size": 64
                },
                {
                    "name": "DmaOut.layer.copy_out_333",
                    "addr": 245248,
                    "size": 64
                },
                {
                    "name": "DmaOut.layer.copy_out_333",
                    "addr": 245312,
                    "size": 64
                },
                {
                    "name": "DmaOut.layer.copy_out_333",
                    "addr": 245376,
                    "size": 64
                },
                {
                    "name": "DmaOut.layer.copy_out_333",
                    "addr": 245440,
                    "size": 64
                },
                {
                    "name": "DmaOut.layer.copy_out_333",
                    "addr": 245504,
                    "size": 64
                },
                {
                    "name": "DmaOut.layer.copy_out_333",
                    "addr": 245568,
                    "size": 64
                },
                {
                    "name": "DmaOut.layer.copy_out_333",
                    "addr": 245632,
                    "size": 64
                },
                {
                    "name": "DmaOut.layer.copy_out_333",
                    "addr": 245696,
                    "size": 64
                },
                {
                    "name": "DmaOut.layer.copy_out_333",
                    "addr": 245760,
                    "size": 64
                },
                {
                    "name": "DmaOut.layer.copy_out_333",
                    "addr": 245824,
                    "size": 64
                },
                {
                    "name": "DmaOut.layer.copy_out_333",
                    "addr": 245888,
                    "size": 64
                },
                {
                    "name": "DmaOut.layer.copy_out_333",
                    "addr": 245952,
                    "size": 64
                },
                {
                    "name": "DmaOut.layer.copy_out_333",
                    "addr": 246016,
                    "size": 64
                },
                {
                    "name": "DmaOut.layer.copy_out_333",
                    "addr": 246080,
                    "size": 64
                },
                {
                    "name": "DmaOut.layer.copy_out_333",
                    "addr": 246144,
                    "size": 64
                },
                {
                    "name": "DmaOut.layer.copy_out_333",
                    "addr": 246208,
                    "size": 64
                },
                {
                    "name": "DmaOut.layer.copy_out_333",
                    "addr": 246272,
                    "size": 64
                },
                {
                    "name": "DmaOut.layer.copy_out_333",
                    "addr": 246336,
                    "size": 64
                },
                {
                    "name": "DmaOut.layer.copy_out_333",
                    "addr": 246400,
                    "size": 64
                },
                {
                    "name": "DmaOut.layer.copy_out_333",
                    "addr": 246464,
                    "size": 64
                },
                {
                    "name": "DmaOut.layer.copy_out_333",
                    "addr": 246528,
                    "size": 64
                },
                {
                    "name": "DmaOut.layer.copy_out_333",
                    "addr": 246592,
                    "size": 64
                },
                {
                    "name": "DmaOut.layer.copy_out_333",
                    "addr": 246656,
                    "size": 64
                },
                {
                    "name": "DmaOut.layer.copy_out_333",
                    "addr": 246720,
                    "size": 64
                },
                {
                    "name": "DmaOut.layer.copy_out_333",
                    "addr": 246784,
                    "size": 64
                },
                {
                    "name": "DmaOut.layer.copy_out_333",
                    "addr": 246848,
                    "size": 64
                },
                {
                    "name": "DmaOut.layer.copy_out_333",
                    "addr": 246912,
                    "size": 64
                },
                {
                    "name": "DmaOut.layer.copy_out_333",
                    "addr": 246976,
                    "size": 64
                },
                {
                    "name": "DmaOut.layer.copy_out_333",
                    "addr": 247040,
                    "size": 64
                },
                {
                    "name": "DmaOut.layer.copy_out_333",
                    "addr": 247104,
                    "size": 64
                },
                {
                    "name": "DmaOut.layer.copy_out_333",
                    "addr": 247168,
                    "size": 64
                },
                {
                    "name": "DmaOut.layer.copy_out_333",
                    "addr": 247232,
                    "size": 64
                },
                {
                    "name": "DmaOut.layer.copy_out_333",
                    "addr": 247296,
                    "size": 64
                },
                {
                    "name": "DmaOut.layer.copy_out_333",
                    "addr": 247360,
                    "size": 64
                },
                {
                    "name": "DmaOut.layer.copy_out_333",
                    "addr": 247424,
                    "size": 64
                },
                {
                    "name": "DmaOut.layer.copy_out_333",
                    "addr": 247488,
                    "size": 64
                },
                {
                    "name": "DmaOut.layer.copy_out_333",
                    "addr": 247552,
                    "size": 64
                },
                {
                    "name": "DmaOut.layer.copy_out_333",
                    "addr": 247616,
                    "size": 64
                },
                {
                    "name": "DmaOut.layer.copy_out_333",
                    "addr": 247680,
                    "size": 64
                },
                {
                    "name": "DmaOut.layer.copy_out_333",
                    "addr": 247744,
                    "size": 64
                },
                {
                    "name": "DmaOut.layer.copy_out_333",
                    "addr": 247808,
                    "size": 64
                },
                {
                    "name": "DmaOut.layer.copy_out_333",
                    "addr": 247872,
                    "size": 64
                },
                {
                    "name": "DmaOut.layer.copy_out_333",
                    "addr": 247936,
                    "size": 64
                },
                {
                    "name": "DmaOut.layer.copy_out_333",
                    "addr": 248000,
                    "size": 64
                },
                {
                    "name": "DmaOut.layer.copy_out_333",
                    "addr": 248064,
                    "size": 64
                },
                {
                    "name": "DmaOut.layer.copy_out_333",
                    "addr": 248128,
                    "size": 64
                },
                {
                    "name": "DmaOut.layer.copy_out_333",
                    "addr": 248192,
                    "size": 64
                },
                {
                    "name": "DmaOut.layer.copy_out_333",
                    "addr": 248256,
                    "size": 64
                },
                {
                    "name": "DmaOut.layer.copy_out_333",
                    "addr": 248320,
                    "size": 64
                },
                {
                    "name": "DmaOut.layer.copy_out_333",
                    "addr": 248384,
                    "size": 64
                },
                {
                    "name": "DmaOut.layer.copy_out_333",
                    "addr": 248448,
                    "size": 64
                },
                {
                    "name": "DmaOut.layer.copy_out_333",
                    "addr": 248512,
                    "size": 64
                },
                {
                    "name": "DmaOut.layer.copy_out_333",
                    "addr": 248576,
                    "size": 64
                },
                {
                    "name": "DmaOut.layer.copy_out_333",
                    "addr": 248640,
                    "size": 64
                },
                {
                    "name": "DmaOut.layer.copy_out_333",
                    "addr": 248704,
                    "size": 64
                },
                {
                    "name": "DmaOut.layer.copy_out_333",
                    "addr": 248768,
                    "size": 64
                },
                {
                    "name": "DmaOut.layer.copy_out_333",
                    "addr": 248832,
                    "size": 64
                },
                {
                    "name": "DmaOut.layer.copy_out_333",
                    "addr": 248896,
                    "size": 64
                },
                {
                    "name": "DmaOut.layer.copy_out_333",
                    "addr": 248960,
                    "size": 64
                },
                {
                    "name": "DmaOut.layer.copy_out_333",
                    "addr": 249024,
                    "size": 64
                },
                {
                    "name": "DmaOut.layer.copy_out_333",
                    "addr": 249088,
                    "size": 64
                },
                {
                    "name": "DmaOut.layer.copy_out_333",
                    "addr": 249152,
                    "size": 64
                },
                {
                    "name": "DmaOut.layer.copy_out_333",
                    "addr": 249216,
                    "size": 64
                },
                {
                    "name": "DmaOut.layer.copy_out_333",
                    "addr": 249280,
                    "size": 64
                },
                {
                    "name": "DmaOut.layer.copy_out_333",
                    "addr": 249344,
                    "size": 64
                },
                {
                    "name": "DmaOut.layer.copy_out_333",
                    "addr": 249408,
                    "size": 64
                },
                {
                    "name": "DmaOut.layer.copy_out_333",
                    "addr": 249472,
                    "size": 64
                },
                {
                    "name": "DmaOut.layer.copy_out_333",
                    "addr": 249536,
                    "size": 64
                },
                {
                    "name": "DmaOut.layer.copy_out_333",
                    "addr": 249600,
                    "size": 64
                },
                {
                    "name": "DmaOut.layer.copy_out_333",
                    "addr": 249664,
                    "size": 64
                },
                {
                    "name": "DmaOut.layer.copy_out_333",
                    "addr": 249728,
                    "size": 64
                },
                {
                    "name": "DmaOut.layer.copy_out_333",
                    "addr": 249792,
                    "size": 64
                },
                {
                    "name": "DmaOut.layer.copy_out_333",
                    "addr": 249856,
                    "size": 64
                },
                {
                    "name": "DmaOut.layer.copy_out_333",
                    "addr": 249920,
                    "size": 64
                },
                {
                    "name": "DmaOut.layer.copy_out_333",
                    "addr": 249984,
                    "size": 64
                },
                {
                    "name": "DmaOut.layer.copy_out_333",
                    "addr": 250048,
                    "size": 64
                },
                {
                    "name": "DmaOut.layer.copy_out_333",
                    "addr": 250112,
                    "size": 64
                },
                {
                    "name": "DmaOut.layer.copy_out_333",
                    "addr": 250176,
                    "size": 64
                },
                {
                    "name": "DmaOut.layer.copy_out_333",
                    "addr": 250240,
                    "size": 64
                },
                {
                    "name": "DmaOut.layer.copy_out_333",
                    "addr": 250304,
                    "size": 64
                },
                {
                    "name": "DmaOut.layer.copy_out_333",
                    "addr": 250368,
                    "size": 64
                },
                {
                    "name": "DmaOut.layer.copy_out_333",
                    "addr": 250432,
                    "size": 64
                },
                {
                    "name": "DmaOut.layer.copy_out_333",
                    "addr": 250496,
                    "size": 64
                },
                {
                    "name": "DmaOut.layer.copy_out_333",
                    "addr": 250560,
                    "size": 64
                },
                {
                    "name": "DmaOut.layer.copy_out_333",
                    "addr": 250624,
                    "size": 64
                },
                {
                    "name": "DmaOut.layer.copy_out_333",
                    "addr": 250688,
                    "size": 64
                },
                {
                    "name": "DmaOut.layer.copy_out_333",
                    "addr": 250752,
                    "size": 64
                },
                {
                    "name": "DmaOut.layer.copy_out_333",
                    "addr": 250816,
                    "size": 64
                },
                {
                    "name": "DmaOut.layer.copy_out_333",
                    "addr": 250880,
                    "size": 64
                },
                {
                    "name": "DmaOut.layer.copy_out_333",
                    "addr": 250944,
                    "size": 64
                },
                {
                    "name": "DmaOut.layer.copy_out_333",
                    "addr": 251008,
                    "size": 64
                },
                {
                    "name": "DmaOut.layer.copy_out_333",
                    "addr": 251072,
                    "size": 64
                },
                {
                    "name": "DmaOut.layer.copy_out_333",
                    "addr": 251136,
                    "size": 64
                },
                {
                    "name": "DmaOut.layer.copy_out_333",
                    "addr": 251200,
                    "size": 64
                },
                {
                    "name": "DmaOut.layer.copy_out_333",
                    "addr": 251264,
                    "size": 64
                },
                {
                    "name": "DmaOut.layer.copy_out_333",
                    "addr": 251328,
                    "size": 64
                },
                {
                    "name": "DmaOut.layer.copy_out_333",
                    "addr": 251392,
                    "size": 64
                },
                {
                    "name": "DmaOut.layer.copy_out_333",
                    "addr": 251456,
                    "size": 64
                },
                {
                    "name": "DmaOut.layer.copy_out_333",
                    "addr": 251520,
                    "size": 64
                },
                {
                    "name": "DmaOut.layer.copy_out_333",
                    "addr": 251584,
                    "size": 64
                },
                {
                    "name": "DmaOut.layer.copy_out_333",
                    "addr": 251648,
                    "size": 64
                },
                {
                    "name": "DmaOut.layer.copy_out_333",
                    "addr": 251712,
                    "size": 64
                },
                {
                    "name": "DmaOut.layer.copy_out_333",
                    "addr": 251776,
                    "size": 64
                },
                {
                    "name": "DmaOut.layer.copy_out_333",
                    "addr": 251840,
                    "size": 64
                },
                {
                    "name": "DmaOut.layer.copy_out_333",
                    "addr": 251904,
                    "size": 64
                },
                {
                    "name": "DmaOut.layer.copy_out_333",
                    "addr": 251968,
                    "size": 64
                },
                {
                    "name": "DmaOut.layer.copy_out_333",
                    "addr": 252032,
                    "size": 64
                },
                {
                    "name": "DmaOut.layer.copy_out_333",
                    "addr": 252096,
                    "size": 64
                },
                {
                    "name": "DmaOut.layer.copy_out_333",
                    "addr": 252160,
                    "size": 64
                },
                {
                    "name": "DmaOut.layer.copy_out_333",
                    "addr": 252224,
                    "size": 64
                },
                {
                    "name": "DmaOut.layer.copy_out_333",
                    "addr": 252288,
                    "size": 64
                },
                {
                    "name": "DmaOut.layer.copy_out_333",
                    "addr": 252352,
                    "size": 64
                },
                {
                    "name": "DmaOut.layer.copy_out_333",
                    "addr": 252416,
                    "size": 64
                },
                {
                    "name": "DmaOut.layer.copy_out_333",
                    "addr": 252480,
                    "size": 64
                },
                {
                    "name": "DmaOut.layer.copy_out_333",
                    "addr": 252544,
                    "size": 64
                },
                {
                    "name": "DmaOut.layer.copy_out_333",
                    "addr": 252608,
                    "size": 64
                },
                {
                    "name": "DmaOut.layer.copy_out_333",
                    "addr": 252672,
                    "size": 64
                },
                {
                    "name": "DmaOut.layer.copy_out_333",
                    "addr": 252736,
                    "size": 64
                },
                {
                    "name": "DmaOut.layer.copy_out_333",
                    "addr": 252800,
                    "size": 64
                },
                {
                    "name": "DmaOut.layer.copy_out_333",
                    "addr": 252864,
                    "size": 64
                },
                {
                    "name": "DmaOut.layer.copy_out_333",
                    "addr": 252928,
                    "size": 64
                },
                {
                    "name": "DmaOut.layer.copy_out_333",
                    "addr": 252992,
                    "size": 64
                },
                {
                    "name": "DmaOut.layer.copy_out_333",
                    "addr": 253056,
                    "size": 64
                },
                {
                    "name": "DmaOut.layer.copy_out_333",
                    "addr": 253120,
                    "size": 64
                },
                {
                    "name": "DmaOut.layer.copy_out_333",
                    "addr": 253184,
                    "size": 64
                },
                {
                    "name": "DmaOut.layer.copy_out_333",
                    "addr": 253248,
                    "size": 64
                },
                {
                    "name": "DmaOut.layer.copy_out_333",
                    "addr": 253312,
                    "size": 64
                },
                {
                    "name": "DmaOut.layer.copy_out_333",
                    "addr": 253376,
                    "size": 64
                },
                {
                    "name": "DmaOut.layer.copy_out_333",
                    "addr": 253440,
                    "size": 64
                },
                {
                    "name": "DmaOut.layer.copy_out_333",
                    "addr": 253504,
                    "size": 64
                },
                {
                    "name": "DmaOut.layer.copy_out_333",
                    "addr": 253568,
                    "size": 64
                },
                {
                    "name": "DmaOut.layer.copy_out_333",
                    "addr": 253632,
                    "size": 64
                },
                {
                    "name": "DmaOut.layer.copy_out_333",
                    "addr": 253696,
                    "size": 64
                },
                {
                    "name": "DmaOut.layer.copy_out_333",
                    "addr": 253760,
                    "size": 64
                },
                {
                    "name": "DmaOut.layer.copy_out_333",
                    "addr": 253824,
                    "size": 64
                },
                {
                    "name": "DmaOut.layer.copy_out_333",
                    "addr": 253888,
                    "size": 64
                },
                {
                    "name": "DmaOut.layer.copy_out_333",
                    "addr": 253952,
                    "size": 64
                },
                {
                    "name": "DmaOut.layer.copy_out_333",
                    "addr": 254016,
                    "size": 64
                },
                {
                    "name": "DmaOut.layer.copy_out_333",
                    "addr": 254080,
                    "size": 64
                },
                {
                    "name": "DmaOut.layer.copy_out_333",
                    "addr": 254144,
                    "size": 64
                },
                {
                    "name": "DmaOut.layer.copy_out_333",
                    "addr": 254208,
                    "size": 64
                },
                {
                    "name": "DmaOut.layer.copy_out_333",
                    "addr": 254272,
                    "size": 64
                },
                {
                    "name": "DmaOut.layer.copy_out_333",
                    "addr": 254336,
                    "size": 64
                },
                {
                    "name": "DmaOut.layer.copy_out_333",
                    "addr": 254400,
                    "size": 64
                },
                {
                    "name": "DmaOut.layer.copy_out_333",
                    "addr": 254464,
                    "size": 64
                },
                {
                    "name": "DmaOut.layer.copy_out_333",
                    "addr": 254528,
                    "size": 64
                },
                {
                    "name": "DmaOut.layer.copy_out_333",
                    "addr": 254592,
                    "size": 64
                },
                {
                    "name": "DmaOut.layer.copy_out_333",
                    "addr": 254656,
                    "size": 64
                },
                {
                    "name": "DmaOut.layer.copy_out_333",
                    "addr": 254720,
                    "size": 64
                },
                {
                    "name": "DmaOut.layer.copy_out_333",
                    "addr": 254784,
                    "size": 64
                },
                {
                    "name": "DmaOut.layer.copy_out_333",
                    "addr": 254848,
                    "size": 64
                },
                {
                    "name": "DmaOut.layer.copy_out_333",
                    "addr": 254912,
                    "size": 64
                },
                {
                    "name": "DmaOut.layer.copy_out_333",
                    "addr": 254976,
                    "size": 64
                },
                {
                    "name": "DmaOut.layer.copy_out_333",
                    "addr": 255040,
                    "size": 64
                },
                {
                    "name": "DmaOut.layer.copy_out_333",
                    "addr": 255104,
                    "size": 64
                },
                {
                    "name": "DmaOut.layer.copy_out_333",
                    "addr": 255168,
                    "size": 64
                },
                {
                    "name": "DmaOut.layer.copy_out_333",
                    "addr": 255232,
                    "size": 64
                },
                {
                    "name": "DmaOut.layer.copy_out_333",
                    "addr": 255296,
                    "size": 64
                },
                {
                    "name": "DmaOut.layer.copy_out_333",
                    "addr": 255360,
                    "size": 64
                },
                {
                    "name": "DmaOut.layer.copy_out_333",
                    "addr": 255424,
                    "size": 64
                },
                {
                    "name": "DmaOut.layer.copy_out_333",
                    "addr": 255488,
                    "size": 64
                },
                {
                    "name": "DmaOut.layer.copy_out_333",
                    "addr": 255552,
                    "size": 64
                },
                {
                    "name": "DmaOut.layer.copy_out_333",
                    "addr": 255616,
                    "size": 64
                },
                {
                    "name": "DmaOut.layer.copy_out_333",
                    "addr": 255680,
                    "size": 64
                },
                {
                    "name": "DmaOut.layer.copy_out_333",
                    "addr": 255744,
                    "size": 64
                },
                {
                    "name": "DmaOut.layer.copy_out_333",
                    "addr": 255808,
                    "size": 64
                },
                {
                    "name": "DmaOut.layer.copy_out_333",
                    "addr": 255872,
                    "size": 64
                },
                {
                    "name": "DmaOut.layer.copy_out_333",
                    "addr": 255936,
                    "size": 64
                },
                {
                    "name": "DmaOut.layer.copy_out_333",
                    "addr": 256000,
                    "size": 64
                },
                {
                    "name": "DmaOut.layer.copy_out_333",
                    "addr": 256064,
                    "size": 64
                },
                {
                    "name": "DmaOut.layer.copy_out_333",
                    "addr": 256128,
                    "size": 64
                },
                {
                    "name": "DmaOut.layer.copy_out_333",
                    "addr": 256192,
                    "size": 64
                },
                {
                    "name": "DmaOut.layer.copy_out_333",
                    "addr": 256256,
                    "size": 64
                },
                {
                    "name": "DmaOut.layer.copy_out_333",
                    "addr": 256320,
                    "size": 64
                },
                {
                    "name": "DmaOut.layer.copy_out_333",
                    "addr": 256384,
                    "size": 64
                },
                {
                    "name": "DmaOut.layer.copy_out_333",
                    "addr": 256448,
                    "size": 64
                },
                {
                    "name": "DmaOut.layer.copy_out_333",
                    "addr": 256512,
                    "size": 64
                },
                {
                    "name": "DmaOut.layer.copy_out_333",
                    "addr": 256576,
                    "size": 64
                },
                {
                    "name": "DmaOut.layer.copy_out_333",
                    "addr": 256640,
                    "size": 64
                },
                {
                    "name": "DmaOut.layer.copy_out_333",
                    "addr": 256704,
                    "size": 64
                },
                {
                    "name": "DmaOut.layer.copy_out_333",
                    "addr": 256768,
                    "size": 64
                },
                {
                    "name": "DmaOut.layer.copy_out_333",
                    "addr": 256832,
                    "size": 64
                },
                {
                    "name": "DmaOut.layer.copy_out_333",
                    "addr": 256896,
                    "size": 64
                },
                {
                    "name": "DmaOut.layer.copy_out_333",
                    "addr": 256960,
                    "size": 64
                },
                {
                    "name": "DmaOut.layer.copy_out_333",
                    "addr": 257024,
                    "size": 64
                },
                {
                    "name": "DmaOut.layer.copy_out_333",
                    "addr": 257088,
                    "size": 64
                },
                {
                    "name": "DmaOut.layer.copy_out_333",
                    "addr": 257152,
                    "size": 64
                },
                {
                    "name": "DmaOut.layer.copy_out_333",
                    "addr": 257216,
                    "size": 64
                },
                {
                    "name": "DmaOut.layer.copy_out_333",
                    "addr": 257280,
                    "size": 64
                },
                {
                    "name": "DmaOut.layer.copy_out_333",
                    "addr": 257344,
                    "size": 64
                },
                {
                    "name": "DmaOut.layer.copy_out_333",
                    "addr": 257408,
                    "size": 64
                },
                {
                    "name": "DmaOut.layer.copy_out_333",
                    "addr": 257472,
                    "size": 64
                },
                {
                    "name": "DmaOut.layer.copy_out_333",
                    "addr": 257536,
                    "size": 64
                },
                {
                    "name": "DmaOut.layer.copy_out_333",
                    "addr": 257600,
                    "size": 64
                },
                {
                    "name": "DmaOut.layer.copy_out_333",
                    "addr": 257664,
                    "size": 64
                },
                {
                    "name": "DmaOut.layer.copy_out_333",
                    "addr": 257728,
                    "size": 64
                },
                {
                    "name": "DmaOut.layer.copy_out_333",
                    "addr": 257792,
                    "size": 64
                },
                {
                    "name": "DmaOut.layer.copy_out_333",
                    "addr": 257856,
                    "size": 64
                },
                {
                    "name": "DmaOut.layer.copy_out_333",
                    "addr": 257920,
                    "size": 64
                },
                {
                    "name": "DmaOut.layer.copy_out_333",
                    "addr": 257984,
                    "size": 64
                },
                {
                    "name": "DmaOut.layer.copy_out_333",
                    "addr": 258048,
                    "size": 64
                },
                {
                    "name": "DmaOut.layer.copy_out_333",
                    "addr": 258112,
                    "size": 64
                },
                {
                    "name": "DmaOut.layer.copy_out_333",
                    "addr": 258176,
                    "size": 64
                },
                {
                    "name": "DmaOut.layer.copy_out_333",
                    "addr": 258240,
                    "size": 64
                },
                {
                    "name": "DmaOut.layer.copy_out_333",
                    "addr": 258304,
                    "size": 64
                },
                {
                    "name": "DmaOut.layer.copy_out_333",
                    "addr": 258368,
                    "size": 64
                },
                {
                    "name": "DmaOut.layer.copy_out_333",
                    "addr": 258432,
                    "size": 64
                },
                {
                    "name": "DmaOut.layer.copy_out_333",
                    "addr": 258496,
                    "size": 64
                },
                {
                    "name": "DmaOut.layer.copy_out_333",
                    "addr": 258560,
                    "size": 64
                },
                {
                    "name": "DmaOut.layer.copy_out_333",
                    "addr": 258624,
                    "size": 64
                },
                {
                    "name": "DmaOut.layer.copy_out_333",
                    "addr": 258688,
                    "size": 64
                },
                {
                    "name": "DmaOut.layer.copy_out_333",
                    "addr": 258752,
                    "size": 64
                },
                {
                    "name": "DmaOut.layer.copy_out_333",
                    "addr": 258816,
                    "size": 64
                },
                {
                    "name": "DmaOut.layer.copy_out_333",
                    "addr": 258880,
                    "size": 64
                },
                {
                    "name": "DmaOut.layer.copy_out_333",
                    "addr": 258944,
                    "size": 64
                },
                {
                    "name": "DmaOut.layer.copy_out_333",
                    "addr": 259008,
                    "size": 64
                },
                {
                    "name": "DmaOut.layer.copy_out_333",
                    "addr": 259072,
                    "size": 64
                },
                {
                    "name": "DmaOut.layer.copy_out_333",
                    "addr": 259136,
                    "size": 64
                },
                {
                    "name": "DmaOut.layer.copy_out_333",
                    "addr": 259200,
                    "size": 64
                },
                {
                    "name": "DmaOut.layer.copy_out_333",
                    "addr": 259264,
                    "size": 64
                },
                {
                    "name": "DmaOut.layer.copy_out_333",
                    "addr": 259328,
                    "size": 64
                },
                {
                    "name": "DmaOut.layer.copy_out_333",
                    "addr": 259392,
                    "size": 64
                },
                {
                    "name": "DmaOut.layer.copy_out_333",
                    "addr": 259456,
                    "size": 64
                },
                {
                    "name": "DmaOut.layer.copy_out_333",
                    "addr": 259520,
                    "size": 64
                },
                {
                    "name": "DmaOut.layer.copy_out_333",
                    "addr": 259584,
                    "size": 64
                },
                {
                    "name": "DmaOut.layer.copy_out_333",
                    "addr": 259648,
                    "size": 64
                },
                {
                    "name": "DmaOut.layer.copy_out_333",
                    "addr": 259712,
                    "size": 64
                },
                {
                    "name": "DmaOut.layer.copy_out_333",
                    "addr": 259776,
                    "size": 64
                },
                {
                    "name": "DmaOut.layer.copy_out_333",
                    "addr": 259840,
                    "size": 64
                },
                {
                    "name": "DmaOut.layer.copy_out_333",
                    "addr": 259904,
                    "size": 64
                },
                {
                    "name": "DmaOut.layer.copy_out_333",
                    "addr": 259968,
                    "size": 64
                },
                {
                    "name": "DmaOut.layer.copy_out_333",
                    "addr": 260032,
                    "size": 64
                },
                {
                    "name": "DmaOut.layer.copy_out_333",
                    "addr": 260096,
                    "size": 64
                },
                {
                    "name": "DmaOut.layer.copy_out_333",
                    "addr": 260160,
                    "size": 64
                },
                {
                    "name": "DmaOut.layer.copy_out_333",
                    "addr": 260224,
                    "size": 64
                },
                {
                    "name": "DmaOut.layer.copy_out_333",
                    "addr": 260288,
                    "size": 64
                },
                {
                    "name": "DmaOut.layer.copy_out_333",
                    "addr": 260352,
                    "size": 64
                },
                {
                    "name": "DmaOut.layer.copy_out_333",
                    "addr": 260416,
                    "size": 64
                },
                {
                    "name": "DmaOut.layer.copy_out_333",
                    "addr": 260480,
                    "size": 64
                },
                {
                    "name": "DmaOut.layer.copy_out_333",
                    "addr": 260544,
                    "size": 64
                },
                {
                    "name": "DmaOut.layer.copy_out_333",
                    "addr": 260608,
                    "size": 64
                },
                {
                    "name": "DmaOut.layer.copy_out_333",
                    "addr": 260672,
                    "size": 64
                },
                {
                    "name": "DmaOut.layer.copy_out_333",
                    "addr": 260736,
                    "size": 64
                },
                {
                    "name": "DmaOut.layer.copy_out_333",
                    "addr": 260800,
                    "size": 64
                },
                {
                    "name": "DmaOut.layer.copy_out_333",
                    "addr": 260864,
                    "size": 64
                },
                {
                    "name": "DmaOut.layer.copy_out_333",
                    "addr": 260928,
                    "size": 64
                },
                {
                    "name": "DmaOut.layer.copy_out_333",
                    "addr": 260992,
                    "size": 64
                },
                {
                    "name": "DmaOut.layer.copy_out_333",
                    "addr": 261056,
                    "size": 64
                },
                {
                    "name": "DmaOut.layer.copy_out_333",
                    "addr": 261120,
                    "size": 64
                },
                {
                    "name": "DmaOut.layer.copy_out_333",
                    "addr": 261184,
                    "size": 64
                },
                {
                    "name": "DmaOut.layer.copy_out_333",
                    "addr": 261248,
                    "size": 64
                },
                {
                    "name": "DmaOut.layer.copy_out_333",
                    "addr": 261312,
                    "size": 64
                },
                {
                    "name": "DmaOut.layer.copy_out_333",
                    "addr": 261376,
                    "size": 64
                },
                {
                    "name": "DmaOut.layer.copy_out_333",
                    "addr": 261440,
                    "size": 64
                },
                {
                    "name": "DmaOut.layer.copy_out_333",
                    "addr": 261504,
                    "size": 64
                },
                {
                    "name": "DmaOut.layer.copy_out_333",
                    "addr": 261568,
                    "size": 64
                },
                {
                    "name": "DmaOut.layer.copy_out_333",
                    "addr": 261632,
                    "size": 64
                },
                {
                    "name": "DmaOut.layer.copy_out_333",
                    "addr": 261696,
                    "size": 64
                },
                {
                    "name": "DmaOut.layer.copy_out_333",
                    "addr": 261760,
                    "size": 64
                },
                {
                    "name": "DmaOut.layer.copy_out_333",
                    "addr": 261824,
                    "size": 64
                },
                {
                    "name": "DmaOut.layer.copy_out_333",
                    "addr": 261888,
                    "size": 64
                },
                {
                    "name": "DmaOut.layer.copy_out_333",
                    "addr": 261952,
                    "size": 64
                },
                {
                    "name": "DmaOut.layer.copy_out_333",
                    "addr": 262016,
                    "size": 64
                },
                {
                    "name": "DmaOut.layer.copy_out_333",
                    "addr": 262080,
                    "size": 64
                },
                {
                    "name": "DmaOut.layer.copy_out_333",
                    "addr": 262144,
                    "size": 64
                },
                {
                    "name": "DmaOut.layer.copy_out_333",
                    "addr": 262208,
                    "size": 64
                },
                {
                    "name": "DmaOut.layer.copy_out_333",
                    "addr": 262272,
                    "size": 64
                },
                {
                    "name": "DmaOut.layer.copy_out_333",
                    "addr": 262336,
                    "size": 64
                },
                {
                    "name": "DmaOut.layer.copy_out_333",
                    "addr": 262400,
                    "size": 64
                },
                {
                    "name": "DmaOut.layer.copy_out_333",
                    "addr": 262464,
                    "size": 64
                },
                {
                    "name": "DmaOut.layer.copy_out_333",
                    "addr": 262528,
                    "size": 64
                },
                {
                    "name": "DmaOut.layer.copy_out_333",
                    "addr": 262592,
                    "size": 64
                },
                {
                    "name": "DmaOut.layer.copy_out_333",
                    "addr": 262656,
                    "size": 64
                },
                {
                    "name": "DmaOut.layer.copy_out_333",
                    "addr": 262720,
                    "size": 64
                },
                {
                    "name": "DmaOut.layer.copy_out_333",
                    "addr": 262784,
                    "size": 64
                },
                {
                    "name": "DmaOut.layer.copy_out_333",
                    "addr": 262848,
                    "size": 64
                },
                {
                    "name": "DmaOut.layer.copy_out_333",
                    "addr": 262912,
                    "size": 64
                },
                {
                    "name": "DmaOut.layer.copy_out_333",
                    "addr": 262976,
                    "size": 64
                },
                {
                    "name": "DmaOut.layer.copy_out_333",
                    "addr": 263040,
                    "size": 64
                },
                {
                    "name": "DmaOut.layer.copy_out_333",
                    "addr": 263104,
                    "size": 64
                },
                {
                    "name": "DmaOut.layer.copy_out_333",
                    "addr": 263168,
                    "size": 64
                },
                {
                    "name": "DmaOut.layer.copy_out_333",
                    "addr": 263232,
                    "size": 64
                },
                {
                    "name": "DmaOut.layer.copy_out_333",
                    "addr": 263296,
                    "size": 64
                },
                {
                    "name": "DmaOut.layer.copy_out_333",
                    "addr": 263360,
                    "size": 64
                },
                {
                    "name": "DmaOut.layer.copy_out_333",
                    "addr": 263424,
                    "size": 64
                },
                {
                    "name": "DmaOut.layer.copy_out_333",
                    "addr": 263488,
                    "size": 64
                },
                {
                    "name": "DmaOut.layer.copy_out_333",
                    "addr": 263552,
                    "size": 64
                },
                {
                    "name": "DmaOut.layer.copy_out_333",
                    "addr": 263616,
                    "size": 64
                },
                {
                    "name": "DmaOut.layer.copy_out_333",
                    "addr": 263680,
                    "size": 64
                },
                {
                    "name": "DmaOut.layer.copy_out_333",
                    "addr": 263744,
                    "size": 64
                },
                {
                    "name": "DmaOut.layer.copy_out_333",
                    "addr": 263808,
                    "size": 64
                },
                {
                    "name": "DmaOut.layer.copy_out_333",
                    "addr": 263872,
                    "size": 64
                },
                {
                    "name": "DmaOut.layer.copy_out_333",
                    "addr": 263936,
                    "size": 64
                },
                {
                    "name": "DmaOut.layer.copy_out_333",
                    "addr": 264000,
                    "size": 64
                },
                {
                    "name": "DmaOut.layer.copy_out_333",
                    "addr": 264064,
                    "size": 64
                },
                {
                    "name": "DmaOut.layer.copy_out_333",
                    "addr": 264128,
                    "size": 64
                },
                {
                    "name": "DmaOut.layer.copy_out_333",
                    "addr": 264192,
                    "size": 64
                },
                {
                    "name": "DmaOut.layer.copy_out_333",
                    "addr": 264256,
                    "size": 64
                },
                {
                    "name": "DmaOut.layer.copy_out_333",
                    "addr": 264320,
                    "size": 64
                },
                {
                    "name": "DmaOut.layer.copy_out_333",
                    "addr": 264384,
                    "size": 64
                },
                {
                    "name": "DmaOut.layer.copy_out_333",
                    "addr": 264448,
                    "size": 64
                },
                {
                    "name": "DmaOut.layer.copy_out_333",
                    "addr": 264512,
                    "size": 64
                },
                {
                    "name": "DmaOut.layer.copy_out_333",
                    "addr": 264576,
                    "size": 64
                },
                {
                    "name": "DmaOut.layer.copy_out_333",
                    "addr": 264640,
                    "size": 64
                },
                {
                    "name": "DmaOut.layer.copy_out_333",
                    "addr": 264704,
                    "size": 64
                },
                {
                    "name": "DmaOut.layer.copy_out_333",
                    "addr": 264768,
                    "size": 64
                },
                {
                    "name": "DmaOut.layer.copy_out_333",
                    "addr": 264832,
                    "size": 64
                },
                {
                    "name": "DmaOut.layer.copy_out_333",
                    "addr": 264896,
                    "size": 64
                },
                {
                    "name": "DmaOut.layer.copy_out_333",
                    "addr": 264960,
                    "size": 64
                },
                {
                    "name": "DmaOut.layer.copy_out_333",
                    "addr": 265024,
                    "size": 64
                },
                {
                    "name": "DmaOut.layer.copy_out_333",
                    "addr": 265088,
                    "size": 64
                },
                {
                    "name": "DmaOut.layer.copy_out_333",
                    "addr": 265152,
                    "size": 64
                },
                {
                    "name": "DmaOut.layer.copy_out_333",
                    "addr": 265216,
                    "size": 64
                },
                {
                    "name": "DmaOut.layer.copy_out_333",
                    "addr": 265280,
                    "size": 64
                },
                {
                    "name": "DmaOut.layer.copy_out_333",
                    "addr": 265344,
                    "size": 64
                },
                {
                    "name": "DmaOut.layer.copy_out_333",
                    "addr": 265408,
                    "size": 64
                },
                {
                    "name": "DmaOut.layer.copy_out_333",
                    "addr": 265472,
                    "size": 64
                },
                {
                    "name": "DmaOut.layer.copy_out_333",
                    "addr": 265536,
                    "size": 64
                },
                {
                    "name": "DmaOut.layer.copy_out_333",
                    "addr": 265600,
                    "size": 64
                },
                {
                    "name": "DmaOut.layer.copy_out_333",
                    "addr": 265664,
                    "size": 64
                },
                {
                    "name": "DmaOut.layer.copy_out_333",
                    "addr": 265728,
                    "size": 64
                },
                {
                    "name": "DmaOut.layer.copy_out_333",
                    "addr": 265792,
                    "size": 64
                },
                {
                    "name": "DmaOut.layer.copy_out_333",
                    "addr": 265856,
                    "size": 64
                },
                {
                    "name": "DmaOut.layer.copy_out_333",
                    "addr": 265920,
                    "size": 64
                },
                {
                    "name": "DmaOut.layer.copy_out_333",
                    "addr": 265984,
                    "size": 64
                },
                {
                    "name": "DmaOut.layer.copy_out_333",
                    "addr": 266048,
                    "size": 64
                },
                {
                    "name": "DmaOut.layer.copy_out_333",
                    "addr": 266112,
                    "size": 64
                },
                {
                    "name": "DmaOut.layer.copy_out_333",
                    "addr": 266176,
                    "size": 64
                }
            ]
        }
    },
    "max_peak_size": [
        {
            "size": 266240
        }
    ]
}