{
    "banks": [
        {
            "addr": 0,
            "size": 0
        }
    ],
    "patch_reserve": [],
    "param_reserve": [],
    "ops": {
        "kernel[0]": {
            "name": "DmaIn.layer.copy_in_PPQ_Variable_234",
            "idx": 0,
            "mem_used_rate": 0.01220703125,
            "malloc": [
                {
                    "addr": 4143104,
                    "ori_size": 0,
                    "size": 51200
                }
            ],
            "used": [
                {
                    "name": "DmaIn.layer.copy_in_PPQ_Variable_234",
                    "addr": 4143104,
                    "size": 51200
                }
            ],
            "free": []
        },
        "kernel[1]": {
            "name": "FetchParam.layer.Conv2d.layer.Conv_297_im_0.split.co.0.fetch_param_data.layer",
            "idx": 1,
            "mem_used_rate": 0.01318359375,
            "malloc": [
                {
                    "addr": 0,
                    "ori_size": 0,
                    "size": 4096
                }
            ],
            "used": [
                {
                    "name": "DmaIn.layer.copy_in_PPQ_Variable_234",
                    "addr": 4143104,
                    "size": 51200
                },
                {
                    "name": "FetchParam.layer.Conv2d.layer.Conv_297_im_0.split.co.0.fetch_param_data.layer",
                    "addr": 0,
                    "size": 4096
                }
            ],
            "free": []
        },
        "kernel[2]": {
            "name": "FetchParam.layer.Conv2d.layer.Conv_297_im_0.split.co.1.fetch_param_data.layer",
            "idx": 2,
            "mem_used_rate": 0.01416015625,
            "malloc": [
                {
                    "addr": 4096,
                    "ori_size": 0,
                    "size": 4096
                }
            ],
            "used": [
                {
                    "name": "DmaIn.layer.copy_in_PPQ_Variable_234",
                    "addr": 4143104,
                    "size": 51200
                },
                {
                    "name": "FetchParam.layer.Conv2d.layer.Conv_297_im_0.split.co.0.fetch_param_data.layer",
                    "addr": 0,
                    "size": 4096
                },
                {
                    "name": "FetchParam.layer.Conv2d.layer.Conv_297_im_0.split.co.1.fetch_param_data.layer",
                    "addr": 4096,
                    "size": 4096
                }
            ],
            "free": []
        },
        "kernel[3]": {
            "name": "DummyConcat.layer.Conv_297_im_0.0",
            "idx": 3,
            "mem_used_rate": 0.03857421875,
            "malloc": [
                {
                    "addr": 8192,
                    "ori_size": 0,
                    "size": 102400
                }
            ],
            "used": [
                {
                    "name": "DmaIn.layer.copy_in_PPQ_Variable_234",
                    "addr": 4143104,
                    "size": 51200
                },
                {
                    "name": "FetchParam.layer.Conv2d.layer.Conv_297_im_0.split.co.0.fetch_param_data.layer",
                    "addr": 0,
                    "size": 4096
                },
                {
                    "name": "FetchParam.layer.Conv2d.layer.Conv_297_im_0.split.co.1.fetch_param_data.layer",
                    "addr": 4096,
                    "size": 4096
                },
                {
                    "name": "DummyConcat.layer.Conv_297_im_0.0",
                    "addr": 8192,
                    "size": 102400
                }
            ],
            "free": []
        },
        "kernel[4]": {
            "name": "Conv2d.layer.Conv_297_im_0.split.co.0",
            "idx": 4,
            "mem_used_rate": 0.03857421875,
            "malloc": [],
            "used": [
                {
                    "name": "DmaIn.layer.copy_in_PPQ_Variable_234",
                    "addr": 4143104,
                    "size": 51200
                },
                {
                    "name": "FetchParam.layer.Conv2d.layer.Conv_297_im_0.split.co.0.fetch_param_data.layer",
                    "addr": 0,
                    "size": 4096
                },
                {
                    "name": "FetchParam.layer.Conv2d.layer.Conv_297_im_0.split.co.1.fetch_param_data.layer",
                    "addr": 4096,
                    "size": 4096
                },
                {
                    "name": "DummyConcat.layer.Conv_297_im_0.0",
                    "addr": 8192,
                    "size": 102400
                }
            ],
            "free": [
                {
                    "name": "Conv2d.layer.Conv_297_im_0.split.co.0",
                    "addr": 0,
                    "size": 4096
                }
            ]
        },
        "kernel[5]": {
            "name": "Conv2d.layer.Conv_297_im_0.split.co.1",
            "idx": 5,
            "mem_used_rate": 0.025390625,
            "malloc": [],
            "used": [
                {
                    "name": "DmaIn.layer.copy_in_PPQ_Variable_234",
                    "addr": 4143104,
                    "size": 51200
                },
                {
                    "name": "FetchParam.layer.Conv2d.layer.Conv_297_im_0.split.co.1.fetch_param_data.layer",
                    "addr": 4096,
                    "size": 4096
                },
                {
                    "name": "DummyConcat.layer.Conv_297_im_0.0",
                    "addr": 8192,
                    "size": 102400
                }
            ],
            "free": [
                {
                    "name": "Conv2d.layer.Conv_297_im_0.split.co.1",
                    "addr": 4143104,
                    "size": 51200
                },
                {
                    "name": "Conv2d.layer.Conv_297_im_0.split.co.1",
                    "addr": 4096,
                    "size": 4096
                }
            ]
        },
        "kernel[6]": {
            "name": "DmaOut.layer.copy_out_512",
            "idx": 6,
            "mem_used_rate": 0.01220703125,
            "malloc": [],
            "used": [
                {
                    "name": "DummyConcat.layer.Conv_297_im_0.0",
                    "addr": 8192,
                    "size": 102400
                }
            ],
            "free": [
                {
                    "name": "DmaOut.layer.copy_out_512",
                    "addr": 8192,
                    "size": 51200
                },
                {
                    "name": "DmaOut.layer.copy_out_512",
                    "addr": 59392,
                    "size": 51200
                }
            ]
        }
    },
    "max_peak_size": [
        {
            "size": 102400
        }
    ]
}