{
    "banks": [
        {
            "addr": 0,
            "size": 0
        }
    ],
    "patch_reserve": [],
    "param_reserve": [],
    "ops": {
        "kernel[0]": {
            "name": "DmaIn.layer.copy_in_PPQ_Variable_186",
            "idx": 0,
            "mem_used_rate": 0.0390625,
            "malloc": [
                {
                    "addr": 4030464,
                    "ori_size": 0,
                    "size": 163840
                }
            ],
            "used": [
                {
                    "name": "DmaIn.layer.copy_in_PPQ_Variable_186",
                    "addr": 4030464,
                    "size": 163840
                }
            ],
            "free": []
        },
        "kernel[1]": {
            "name": "FetchParam.layer.Conv2d.layer.Conv_266_im_0.split.co.0.fetch_param_data.layer",
            "idx": 1,
            "mem_used_rate": 0.03961181640625,
            "malloc": [
                {
                    "addr": 0,
                    "ori_size": 0,
                    "size": 2304
                }
            ],
            "used": [
                {
                    "name": "DmaIn.layer.copy_in_PPQ_Variable_186",
                    "addr": 4030464,
                    "size": 163840
                },
                {
                    "name": "FetchParam.layer.Conv2d.layer.Conv_266_im_0.split.co.0.fetch_param_data.layer",
                    "addr": 0,
                    "size": 2304
                }
            ],
            "free": []
        },
        "kernel[2]": {
            "name": "FetchParam.layer.Conv2d.layer.Conv_266_im_0.split.co.1.fetch_param_data.layer",
            "idx": 2,
            "mem_used_rate": 0.0401611328125,
            "malloc": [
                {
                    "addr": 2304,
                    "ori_size": 0,
                    "size": 2304
                }
            ],
            "used": [
                {
                    "name": "DmaIn.layer.copy_in_PPQ_Variable_186",
                    "addr": 4030464,
                    "size": 163840
                },
                {
                    "name": "FetchParam.layer.Conv2d.layer.Conv_266_im_0.split.co.0.fetch_param_data.layer",
                    "addr": 0,
                    "size": 2304
                },
                {
                    "name": "FetchParam.layer.Conv2d.layer.Conv_266_im_0.split.co.1.fetch_param_data.layer",
                    "addr": 2304,
                    "size": 2304
                }
            ],
            "free": []
        },
        "kernel[3]": {
            "name": "DummyConcat.layer.Conv_266_im_0.0",
            "idx": 3,
            "mem_used_rate": 0.0987548828125,
            "malloc": [
                {
                    "addr": 4608,
                    "ori_size": 0,
                    "size": 245760
                }
            ],
            "used": [
                {
                    "name": "DmaIn.layer.copy_in_PPQ_Variable_186",
                    "addr": 4030464,
                    "size": 163840
                },
                {
                    "name": "FetchParam.layer.Conv2d.layer.Conv_266_im_0.split.co.0.fetch_param_data.layer",
                    "addr": 0,
                    "size": 2304
                },
                {
                    "name": "FetchParam.layer.Conv2d.layer.Conv_266_im_0.split.co.1.fetch_param_data.layer",
                    "addr": 2304,
                    "size": 2304
                },
                {
                    "name": "DummyConcat.layer.Conv_266_im_0.0",
                    "addr": 4608,
                    "size": 245760
                }
            ],
            "free": []
        },
        "kernel[4]": {
            "name": "Conv2d.layer.Conv_266_im_0.split.co.0",
            "idx": 4,
            "mem_used_rate": 0.0987548828125,
            "malloc": [],
            "used": [
                {
                    "name": "DmaIn.layer.copy_in_PPQ_Variable_186",
                    "addr": 4030464,
                    "size": 163840
                },
                {
                    "name": "FetchParam.layer.Conv2d.layer.Conv_266_im_0.split.co.0.fetch_param_data.layer",
                    "addr": 0,
                    "size": 2304
                },
                {
                    "name": "FetchParam.layer.Conv2d.layer.Conv_266_im_0.split.co.1.fetch_param_data.layer",
                    "addr": 2304,
                    "size": 2304
                },
                {
                    "name": "DummyConcat.layer.Conv_266_im_0.0",
                    "addr": 4608,
                    "size": 245760
                }
            ],
            "free": [
                {
                    "name": "Conv2d.layer.Conv_266_im_0.split.co.0",
                    "addr": 0,
                    "size": 2304
                }
            ]
        },
        "kernel[5]": {
            "name": "Conv2d.layer.Conv_266_im_0.split.co.1",
            "idx": 5,
            "mem_used_rate": 0.05914306640625,
            "malloc": [],
            "used": [
                {
                    "name": "DmaIn.layer.copy_in_PPQ_Variable_186",
                    "addr": 4030464,
                    "size": 163840
                },
                {
                    "name": "FetchParam.layer.Conv2d.layer.Conv_266_im_0.split.co.1.fetch_param_data.layer",
                    "addr": 2304,
                    "size": 2304
                },
                {
                    "name": "DummyConcat.layer.Conv_266_im_0.0",
                    "addr": 4608,
                    "size": 245760
                }
            ],
            "free": [
                {
                    "name": "Conv2d.layer.Conv_266_im_0.split.co.1",
                    "addr": 4030464,
                    "size": 163840
                },
                {
                    "name": "Conv2d.layer.Conv_266_im_0.split.co.1",
                    "addr": 2304,
                    "size": 2304
                }
            ]
        },
        "kernel[6]": {
            "name": "DmaOut.layer.copy_out_481",
            "idx": 6,
            "mem_used_rate": 0.029296875,
            "malloc": [],
            "used": [
                {
                    "name": "DummyConcat.layer.Conv_266_im_0.0",
                    "addr": 4608,
                    "size": 245760
                }
            ],
            "free": [
                {
                    "name": "DmaOut.layer.copy_out_481",
                    "addr": 4608,
                    "size": 122880
                },
                {
                    "name": "DmaOut.layer.copy_out_481",
                    "addr": 127488,
                    "size": 122880
                }
            ]
        }
    },
    "max_peak_size": [
        {
            "size": 245760
        }
    ]
}