{
    "banks": [
        {
            "addr": 0,
            "size": 0
        }
    ],
    "patch_reserve": [],
    "param_reserve": [],
    "ops": {
        "kernel[0]": {
            "name": "DmaIn.layer.copy_in_502",
            "idx": 0,
            "mem_used_rate": 0.01953125,
            "malloc": [
                {
                    "addr": 4112384,
                    "ori_size": 0,
                    "size": 81920
                }
            ],
            "used": [
                {
                    "name": "DmaIn.layer.copy_in_502",
                    "addr": 4112384,
                    "size": 81920
                }
            ],
            "free": []
        },
        "kernel[1]": {
            "name": "DmaIn.layer.copy_in_515",
            "idx": 1,
            "mem_used_rate": 0.0439453125,
            "malloc": [
                {
                    "addr": 0,
                    "ori_size": 0,
                    "size": 102400
                }
            ],
            "used": [
                {
                    "name": "DmaIn.layer.copy_in_502",
                    "addr": 4112384,
                    "size": 81920
                },
                {
                    "name": "DmaIn.layer.copy_in_515",
                    "addr": 0,
                    "size": 102400
                }
            ],
            "free": []
        },
        "kernel[2]": {
            "name": "Concat.layer.Concat_301",
            "idx": 2,
            "mem_used_rate": 0.068359375,
            "malloc": [
                {
                    "addr": 102400,
                    "ori_size": 0,
                    "size": 184320
                }
            ],
            "used": [
                {
                    "name": "DmaIn.layer.copy_in_502",
                    "addr": 4112384,
                    "size": 81920
                },
                {
                    "name": "DmaIn.layer.copy_in_515",
                    "addr": 0,
                    "size": 102400
                },
                {
                    "name": "Concat.layer.Concat_301",
                    "addr": 102400,
                    "size": 184320
                }
            ],
            "free": [
                {
                    "name": "Concat.layer.Concat_301",
                    "addr": 4112384,
                    "size": 81920
                },
                {
                    "name": "Concat.layer.Concat_301",
                    "addr": 0,
                    "size": 102400
                }
            ]
        },
        "kernel[3]": {
            "name": "DmaOut.layer.copy_out_516",
            "idx": 3,
            "mem_used_rate": 0.0439453125,
            "malloc": [],
            "used": [
                {
                    "name": "Concat.layer.Concat_301",
                    "addr": 102400,
                    "size": 184320
                }
            ],
            "free": [
                {
                    "name": "DmaOut.layer.copy_out_516",
                    "addr": 102400,
                    "size": 184320
                }
            ]
        }
    },
    "max_peak_size": [
        {
            "size": 184320
        }
    ]
}