{
    "banks": [
        {
            "addr": 0,
            "size": 0
        }
    ],
    "patch_reserve": [],
    "param_reserve": [],
    "ops": {
        "kernel[0]": {
            "name": "DmaIn.layer.copy_in__im_PropagateOutputNames_added_name_0",
            "idx": 0,
            "mem_used_rate": 0.25634765625,
            "malloc": [
                {
                    "addr": 0,
                    "ori_size": 0,
                    "size": 1075200
                }
            ],
            "used": [
                {
                    "name": "DmaIn.layer.copy_in__im_PropagateOutputNames_added_name_0",
                    "addr": 0,
                    "size": 1075200
                }
            ],
            "free": []
        },
        "kernel[1]": {
            "name": "DmaOut.layer.Transpose_310.reduce_max.l1_to_l1",
            "idx": 1,
            "mem_used_rate": 0.5126953125,
            "malloc": [
                {
                    "addr": 1075200,
                    "ori_size": 0,
                    "size": 1075200
                }
            ],
            "used": [
                {
                    "name": "DmaIn.layer.copy_in__im_PropagateOutputNames_added_name_0",
                    "addr": 0,
                    "size": 1075200
                },
                {
                    "name": "DmaOut.layer.Transpose_310.reduce_max.l1_to_l1",
                    "addr": 1075200,
                    "size": 1075200
                }
            ],
            "free": []
        },
        "kernel[2]": {
            "name": "Eltwise.layer.Transpose_310.reduce_max.add_tree.0",
            "idx": 2,
            "mem_used_rate": 0.5126953125,
            "malloc": [
                {
                    "addr": 1612800,
                    "ori_size": 0,
                    "size": 537600
                }
            ],
            "used": [
                {
                    "name": "DmaIn.layer.copy_in__im_PropagateOutputNames_added_name_0",
                    "addr": 0,
                    "size": 1075200
                },
                {
                    "name": "DmaOut.layer.Transpose_310.reduce_max.l1_to_l1",
                    "addr": 1075200,
                    "size": 1075200
                }
            ],
            "free": [
                {
                    "name": "Eltwise.layer.Transpose_310.reduce_max.add_tree.0",
                    "addr": 1075200,
                    "size": 537600
                }
            ]
        },
        "kernel[3]": {
            "name": "Eltwise.layer.Transpose_310.reduce_max.add_tree.1",
            "idx": 3,
            "mem_used_rate": 0.384521484375,
            "malloc": [
                {
                    "addr": 1881600,
                    "ori_size": 0,
                    "size": 268800
                }
            ],
            "used": [
                {
                    "name": "DmaIn.layer.copy_in__im_PropagateOutputNames_added_name_0",
                    "addr": 0,
                    "size": 1075200
                },
                {
                    "name": "DmaOut.layer.Transpose_310.reduce_max.l1_to_l1",
                    "addr": 1612800,
                    "size": 537600
                }
            ],
            "free": [
                {
                    "name": "Eltwise.layer.Transpose_310.reduce_max.add_tree.1",
                    "addr": 1612800,
                    "size": 268800
                }
            ]
        },
        "kernel[4]": {
            "name": "Eltwise.layer.Transpose_310.reduce_max.add_tree.2",
            "idx": 4,
            "mem_used_rate": 0.3204345703125,
            "malloc": [
                {
                    "addr": 2016000,
                    "ori_size": 0,
                    "size": 134400
                }
            ],
            "used": [
                {
                    "name": "DmaIn.layer.copy_in__im_PropagateOutputNames_added_name_0",
                    "addr": 0,
                    "size": 1075200
                },
                {
                    "name": "DmaOut.layer.Transpose_310.reduce_max.l1_to_l1",
                    "addr": 1881600,
                    "size": 268800
                }
            ],
            "free": [
                {
                    "name": "Eltwise.layer.Transpose_310.reduce_max.add_tree.2",
                    "addr": 1881600,
                    "size": 134400
                }
            ]
        },
        "kernel[5]": {
            "name": "Eltwise.layer.Transpose_310.reduce_max.add_tree.3",
            "idx": 5,
            "mem_used_rate": 0.28839111328125,
            "malloc": [
                {
                    "addr": 2083200,
                    "ori_size": 0,
                    "size": 67200
                }
            ],
            "used": [
                {
                    "name": "DmaIn.layer.copy_in__im_PropagateOutputNames_added_name_0",
                    "addr": 0,
                    "size": 1075200
                },
                {
                    "name": "DmaOut.layer.Transpose_310.reduce_max.l1_to_l1",
                    "addr": 2016000,
                    "size": 134400
                }
            ],
            "free": [
                {
                    "name": "Eltwise.layer.Transpose_310.reduce_max.add_tree.3",
                    "addr": 2016000,
                    "size": 67200
                }
            ]
        },
        "kernel[6]": {
            "name": "Eltwise.layer.Transpose_310.x_sub_max",
            "idx": 6,
            "mem_used_rate": 0.272369384765625,
            "malloc": [
                {
                    "addr": 2150400,
                    "ori_size": 0,
                    "size": 1075200
                }
            ],
            "used": [
                {
                    "name": "DmaIn.layer.copy_in__im_PropagateOutputNames_added_name_0",
                    "addr": 0,
                    "size": 1075200
                },
                {
                    "name": "DmaOut.layer.Transpose_310.reduce_max.l1_to_l1",
                    "addr": 2083200,
                    "size": 67200
                },
                {
                    "name": "Eltwise.layer.Transpose_310.x_sub_max",
                    "addr": 2150400,
                    "size": 1075200
                }
            ],
            "free": [
                {
                    "name": "Eltwise.layer.Transpose_310.x_sub_max",
                    "addr": 0,
                    "size": 1075200
                },
                {
                    "name": "Eltwise.layer.Transpose_310.x_sub_max",
                    "addr": 2083200,
                    "size": 67200
                }
            ]
        },
        "kernel[7]": {
            "name": "FetchParam.layer.Activation.layer.Transpose_310.exp.c.0.fetch_param_data.layer",
            "idx": 7,
            "mem_used_rate": 0.2564697265625,
            "malloc": [
                {
                    "addr": 3225600,
                    "ori_size": 0,
                    "size": 512
                }
            ],
            "used": [
                {
                    "name": "Eltwise.layer.Transpose_310.x_sub_max",
                    "addr": 2150400,
                    "size": 1075200
                },
                {
                    "name": "FetchParam.layer.Activation.layer.Transpose_310.exp.c.0.fetch_param_data.layer",
                    "addr": 3225600,
                    "size": 512
                }
            ],
            "free": []
        },
        "kernel[8]": {
            "name": "FetchParam.layer.Activation.layer.Transpose_310.exp.c.1.fetch_param_data.layer",
            "idx": 8,
            "mem_used_rate": 0.256591796875,
            "malloc": [
                {
                    "addr": 3226112,
                    "ori_size": 0,
                    "size": 512
                }
            ],
            "used": [
                {
                    "name": "Eltwise.layer.Transpose_310.x_sub_max",
                    "addr": 2150400,
                    "size": 1075200
                },
                {
                    "name": "FetchParam.layer.Activation.layer.Transpose_310.exp.c.0.fetch_param_data.layer",
                    "addr": 3225600,
                    "size": 512
                },
                {
                    "name": "FetchParam.layer.Activation.layer.Transpose_310.exp.c.1.fetch_param_data.layer",
                    "addr": 3226112,
                    "size": 512
                }
            ],
            "free": []
        },
        "kernel[9]": {
            "name": "Activation.layer.Transpose_310.exp.c.0",
            "idx": 9,
            "mem_used_rate": 0.256591796875,
            "malloc": [
                {
                    "addr": 2150400,
                    "ori_size": 0,
                    "size": 537600
                }
            ],
            "used": [
                {
                    "name": "Eltwise.layer.Transpose_310.x_sub_max",
                    "addr": 2150400,
                    "size": 1075200
                },
                {
                    "name": "FetchParam.layer.Activation.layer.Transpose_310.exp.c.0.fetch_param_data.layer",
                    "addr": 3225600,
                    "size": 512
                },
                {
                    "name": "FetchParam.layer.Activation.layer.Transpose_310.exp.c.1.fetch_param_data.layer",
                    "addr": 3226112,
                    "size": 512
                }
            ],
            "free": [
                {
                    "name": "Activation.layer.Transpose_310.exp.c.0",
                    "addr": 3225600,
                    "size": 512
                }
            ]
        },
        "kernel[10]": {
            "name": "Activation.layer.Transpose_310.exp.c.1",
            "idx": 10,
            "mem_used_rate": 0.2564697265625,
            "malloc": [
                {
                    "addr": 2688000,
                    "ori_size": 0,
                    "size": 537600
                }
            ],
            "used": [
                {
                    "name": "Eltwise.layer.Transpose_310.x_sub_max",
                    "addr": 2150400,
                    "size": 1075200
                },
                {
                    "name": "FetchParam.layer.Activation.layer.Transpose_310.exp.c.0.fetch_param_data.layer",
                    "addr": 3225600,
                    "size": 512
                },
                {
                    "name": "FetchParam.layer.Activation.layer.Transpose_310.exp.c.1.fetch_param_data.layer",
                    "addr": 3226112,
                    "size": 512
                }
            ],
            "free": [
                {
                    "name": "Activation.layer.Transpose_310.exp.c.1",
                    "addr": 3226112,
                    "size": 512
                }
            ]
        },
        "kernel[11]": {
            "name": "DummyConcat.layer.Transpose_310.exp.0",
            "idx": 11,
            "mem_used_rate": 0.256591796875,
            "malloc": [
                {
                    "addr": 2150400,
                    "ori_size": 0,
                    "size": 1075200
                }
            ],
            "used": [
                {
                    "name": "Eltwise.layer.Transpose_310.x_sub_max",
                    "addr": 2150400,
                    "size": 1075200
                },
                {
                    "name": "FetchParam.layer.Activation.layer.Transpose_310.exp.c.0.fetch_param_data.layer",
                    "addr": 3225600,
                    "size": 512
                },
                {
                    "name": "FetchParam.layer.Activation.layer.Transpose_310.exp.c.1.fetch_param_data.layer",
                    "addr": 3226112,
                    "size": 512
                }
            ],
            "free": []
        },
        "kernel[12]": {
            "name": "DmaOut.layer.Transpose_310.reduce_sum.l1_to_l1",
            "idx": 12,
            "mem_used_rate": 0.5126953125,
            "malloc": [
                {
                    "addr": 0,
                    "ori_size": 0,
                    "size": 1075200
                }
            ],
            "used": [
                {
                    "name": "Eltwise.layer.Transpose_310.x_sub_max",
                    "addr": 2150400,
                    "size": 1075200
                },
                {
                    "name": "DmaOut.layer.Transpose_310.reduce_sum.l1_to_l1",
                    "addr": 0,
                    "size": 1075200
                }
            ],
            "free": []
        },
        "kernel[13]": {
            "name": "Eltwise.layer.Transpose_310.reduce_sum.add_tree.0",
            "idx": 13,
            "mem_used_rate": 0.5126953125,
            "malloc": [
                {
                    "addr": 537600,
                    "ori_size": 0,
                    "size": 537600
                }
            ],
            "used": [
                {
                    "name": "Eltwise.layer.Transpose_310.x_sub_max",
                    "addr": 2150400,
                    "size": 1075200
                },
                {
                    "name": "DmaOut.layer.Transpose_310.reduce_sum.l1_to_l1",
                    "addr": 0,
                    "size": 1075200
                }
            ],
            "free": [
                {
                    "name": "Eltwise.layer.Transpose_310.reduce_sum.add_tree.0",
                    "addr": 0,
                    "size": 537600
                }
            ]
        },
        "kernel[14]": {
            "name": "Eltwise.layer.Transpose_310.reduce_sum.add_tree.1",
            "idx": 14,
            "mem_used_rate": 0.384521484375,
            "malloc": [
                {
                    "addr": 806400,
                    "ori_size": 0,
                    "size": 268800
                }
            ],
            "used": [
                {
                    "name": "Eltwise.layer.Transpose_310.x_sub_max",
                    "addr": 2150400,
                    "size": 1075200
                },
                {
                    "name": "DmaOut.layer.Transpose_310.reduce_sum.l1_to_l1",
                    "addr": 537600,
                    "size": 537600
                }
            ],
            "free": [
                {
                    "name": "Eltwise.layer.Transpose_310.reduce_sum.add_tree.1",
                    "addr": 537600,
                    "size": 268800
                }
            ]
        },
        "kernel[15]": {
            "name": "Eltwise.layer.Transpose_310.reduce_sum.add_tree.2",
            "idx": 15,
            "mem_used_rate": 0.3204345703125,
            "malloc": [
                {
                    "addr": 940800,
                    "ori_size": 0,
                    "size": 134400
                }
            ],
            "used": [
                {
                    "name": "Eltwise.layer.Transpose_310.x_sub_max",
                    "addr": 2150400,
                    "size": 1075200
                },
                {
                    "name": "DmaOut.layer.Transpose_310.reduce_sum.l1_to_l1",
                    "addr": 806400,
                    "size": 268800
                }
            ],
            "free": [
                {
                    "name": "Eltwise.layer.Transpose_310.reduce_sum.add_tree.2",
                    "addr": 806400,
                    "size": 134400
                }
            ]
        },
        "kernel[16]": {
            "name": "Eltwise.layer.Transpose_310.reduce_sum.add_tree.3",
            "idx": 16,
            "mem_used_rate": 0.28839111328125,
            "malloc": [
                {
                    "addr": 1008000,
                    "ori_size": 0,
                    "size": 67200
                }
            ],
            "used": [
                {
                    "name": "Eltwise.layer.Transpose_310.x_sub_max",
                    "addr": 2150400,
                    "size": 1075200
                },
                {
                    "name": "DmaOut.layer.Transpose_310.reduce_sum.l1_to_l1",
                    "addr": 940800,
                    "size": 134400
                }
            ],
            "free": [
                {
                    "name": "Eltwise.layer.Transpose_310.reduce_sum.add_tree.3",
                    "addr": 940800,
                    "size": 67200
                }
            ]
        },
        "kernel[17]": {
            "name": "FetchParam.layer.Transpose_310.inv_sqrt.fetch_param_data.kernel",
            "idx": 17,
            "mem_used_rate": 0.272613525390625,
            "malloc": [
                {
                    "addr": 3226624,
                    "ori_size": 0,
                    "size": 1024
                }
            ],
            "used": [
                {
                    "name": "Eltwise.layer.Transpose_310.x_sub_max",
                    "addr": 2150400,
                    "size": 1075200
                },
                {
                    "name": "DmaOut.layer.Transpose_310.reduce_sum.l1_to_l1",
                    "addr": 1008000,
                    "size": 67200
                },
                {
                    "name": "FetchParam.layer.Transpose_310.inv_sqrt.fetch_param_data.kernel",
                    "addr": 3226624,
                    "size": 1024
                }
            ],
            "free": []
        },
        "kernel[18]": {
            "name": "DummyConcat.layer.Transpose_310.inv_sqrt.0",
            "idx": 18,
            "mem_used_rate": 0.28863525390625,
            "malloc": [
                {
                    "addr": 3227648,
                    "ori_size": 0,
                    "size": 67200
                }
            ],
            "used": [
                {
                    "name": "Eltwise.layer.Transpose_310.x_sub_max",
                    "addr": 2150400,
                    "size": 1075200
                },
                {
                    "name": "DmaOut.layer.Transpose_310.reduce_sum.l1_to_l1",
                    "addr": 1008000,
                    "size": 67200
                },
                {
                    "name": "FetchParam.layer.Transpose_310.inv_sqrt.fetch_param_data.kernel",
                    "addr": 3226624,
                    "size": 1024
                },
                {
                    "name": "DummyConcat.layer.Transpose_310.inv_sqrt.0",
                    "addr": 3227648,
                    "size": 67200
                }
            ],
            "free": []
        },
        "kernel[19]": {
            "name": "Activation.layer.Transpose_310.inv_sqrt.h.1",
            "idx": 19,
            "mem_used_rate": 0.28863525390625,
            "malloc": [],
            "used": [
                {
                    "name": "Eltwise.layer.Transpose_310.x_sub_max",
                    "addr": 2150400,
                    "size": 1075200
                },
                {
                    "name": "DmaOut.layer.Transpose_310.reduce_sum.l1_to_l1",
                    "addr": 1008000,
                    "size": 67200
                },
                {
                    "name": "FetchParam.layer.Transpose_310.inv_sqrt.fetch_param_data.kernel",
                    "addr": 3226624,
                    "size": 1024
                },
                {
                    "name": "DummyConcat.layer.Transpose_310.inv_sqrt.0",
                    "addr": 3227648,
                    "size": 67200
                }
            ],
            "free": [
                {
                    "name": "Activation.layer.Transpose_310.inv_sqrt.h.1",
                    "addr": 3226624,
                    "size": 1024
                }
            ]
        },
        "kernel[20]": {
            "name": "Eltwise.layer.Transpose_310.inv.mul0",
            "idx": 20,
            "mem_used_rate": 0.304412841796875,
            "malloc": [
                {
                    "addr": 3294976,
                    "ori_size": 0,
                    "size": 67200
                }
            ],
            "used": [
                {
                    "name": "Eltwise.layer.Transpose_310.x_sub_max",
                    "addr": 2150400,
                    "size": 1075200
                },
                {
                    "name": "DmaOut.layer.Transpose_310.reduce_sum.l1_to_l1",
                    "addr": 1008000,
                    "size": 67200
                },
                {
                    "name": "DummyConcat.layer.Transpose_310.inv_sqrt.0",
                    "addr": 3227648,
                    "size": 67200
                },
                {
                    "name": "Eltwise.layer.Transpose_310.inv.mul0",
                    "addr": 3294976,
                    "size": 67200
                }
            ],
            "free": []
        },
        "kernel[21]": {
            "name": "Eltwise.layer.Transpose_310.inv.mul1",
            "idx": 21,
            "mem_used_rate": 0.3124237060546875,
            "malloc": [
                {
                    "addr": 3362304,
                    "ori_size": 0,
                    "size": 67200
                }
            ],
            "used": [
                {
                    "name": "Eltwise.layer.Transpose_310.x_sub_max",
                    "addr": 2150400,
                    "size": 1075200
                },
                {
                    "name": "DmaOut.layer.Transpose_310.reduce_sum.l1_to_l1",
                    "addr": 1008000,
                    "size": 67200
                },
                {
                    "name": "DummyConcat.layer.Transpose_310.inv_sqrt.0",
                    "addr": 3227648,
                    "size": 67200
                },
                {
                    "name": "Eltwise.layer.Transpose_310.inv.mul0",
                    "addr": 3294976,
                    "size": 67200
                },
                {
                    "name": "Eltwise.layer.Transpose_310.inv.mul1",
                    "addr": 3362304,
                    "size": 67200
                }
            ],
            "free": [
                {
                    "name": "Eltwise.layer.Transpose_310.inv.mul1",
                    "addr": 3227648,
                    "size": 33600
                },
                {
                    "name": "Eltwise.layer.Transpose_310.inv.mul1",
                    "addr": 3261248,
                    "size": 33600
                }
            ]
        },
        "kernel[22]": {
            "name": "Eltwise.layer.Transpose_310.inv.mul2",
            "idx": 22,
            "mem_used_rate": 0.304412841796875,
            "malloc": [
                {
                    "addr": 3362304,
                    "ori_size": 0,
                    "size": 67200
                }
            ],
            "used": [
                {
                    "name": "Eltwise.layer.Transpose_310.x_sub_max",
                    "addr": 2150400,
                    "size": 1075200
                },
                {
                    "name": "DmaOut.layer.Transpose_310.reduce_sum.l1_to_l1",
                    "addr": 1008000,
                    "size": 67200
                },
                {
                    "name": "Eltwise.layer.Transpose_310.inv.mul0",
                    "addr": 3294976,
                    "size": 67200
                },
                {
                    "name": "Eltwise.layer.Transpose_310.inv.mul1",
                    "addr": 3362304,
                    "size": 67200
                }
            ],
            "free": [
                {
                    "name": "Eltwise.layer.Transpose_310.inv.mul2",
                    "addr": 1008000,
                    "size": 67200
                }
            ]
        },
        "kernel[23]": {
            "name": "Eltwise.layer.Transpose_310.inv.sub0",
            "idx": 23,
            "mem_used_rate": 0.28839111328125,
            "malloc": [
                {
                    "addr": 3294976,
                    "ori_size": 0,
                    "size": 67200
                }
            ],
            "used": [
                {
                    "name": "Eltwise.layer.Transpose_310.x_sub_max",
                    "addr": 2150400,
                    "size": 1075200
                },
                {
                    "name": "Eltwise.layer.Transpose_310.inv.mul0",
                    "addr": 3294976,
                    "size": 67200
                },
                {
                    "name": "Eltwise.layer.Transpose_310.inv.mul1",
                    "addr": 3362304,
                    "size": 67200
                }
            ],
            "free": [
                {
                    "name": "Eltwise.layer.Transpose_310.inv.sub0",
                    "addr": 3362304,
                    "size": 67200
                }
            ]
        },
        "kernel[24]": {
            "name": "Eltwise.layer.Transpose_310.softmax.out",
            "idx": 24,
            "mem_used_rate": 0.272369384765625,
            "malloc": [
                {
                    "addr": 0,
                    "ori_size": 0,
                    "size": 1075200
                }
            ],
            "used": [
                {
                    "name": "Eltwise.layer.Transpose_310.x_sub_max",
                    "addr": 2150400,
                    "size": 1075200
                },
                {
                    "name": "Eltwise.layer.Transpose_310.inv.mul0",
                    "addr": 3294976,
                    "size": 67200
                },
                {
                    "name": "Eltwise.layer.Transpose_310.softmax.out",
                    "addr": 0,
                    "size": 1075200
                }
            ],
            "free": [
                {
                    "name": "Eltwise.layer.Transpose_310.softmax.out",
                    "addr": 2150400,
                    "size": 537600
                },
                {
                    "name": "Eltwise.layer.Transpose_310.softmax.out",
                    "addr": 2688000,
                    "size": 537600
                },
                {
                    "name": "Eltwise.layer.Transpose_310.softmax.out",
                    "addr": 3294976,
                    "size": 67200
                }
            ]
        },
        "kernel[25]": {
            "name": "DmaOut.layer.copy_out_554",
            "idx": 25,
            "mem_used_rate": 0.25634765625,
            "malloc": [],
            "used": [
                {
                    "name": "Eltwise.layer.Transpose_310.softmax.out",
                    "addr": 0,
                    "size": 1075200
                }
            ],
            "free": [
                {
                    "name": "DmaOut.layer.copy_out_554",
                    "addr": 0,
                    "size": 1075200
                }
            ]
        }
    },
    "max_peak_size": [
        {
            "size": 2150400
        }
    ]
}