{
    "banks": [
        {
            "addr": 0,
            "size": 0
        }
    ],
    "patch_reserve": [],
    "param_reserve": [],
    "ops": {
        "kernel[0]": {
            "name": "DmaIn.layer.copy_in_2Fmodel2Fneck2Fbottom_up_blocks2E02Fcv22Fcna2Factivate2FRelu_output_0",
            "idx": 0,
            "mem_used_rate": 0.05078125,
            "malloc": [
                {
                    "addr": 3981312,
                    "ori_size": 0,
                    "size": 212992
                }
            ],
            "used": [
                {
                    "name": "DmaIn.layer.copy_in_2Fmodel2Fneck2Fbottom_up_blocks2E02Fcv22Fcna2Factivate2FRelu_output_0",
                    "addr": 3981312,
                    "size": 212992
                }
            ],
            "free": []
        },
        "kernel[1]": {
            "name": "FetchParam.layer.ConvFusion.layer./model/neck/downsamples.1/cna/conv/Conv_im_0.fused./model/neck/downsamples.1/cna/activate/Relu.split.co.0.fetch_param_data.layer",
            "idx": 1,
            "mem_used_rate": 0.08990478515625,
            "malloc": [
                {
                    "addr": 0,
                    "ori_size": 0,
                    "size": 164096
                }
            ],
            "used": [
                {
                    "name": "DmaIn.layer.copy_in_2Fmodel2Fneck2Fbottom_up_blocks2E02Fcv22Fcna2Factivate2FRelu_output_0",
                    "addr": 3981312,
                    "size": 212992
                },
                {
                    "name": "FetchParam.layer.ConvFusion.layer./model/neck/downsamples.1/cna/conv/Conv_im_0.fused./model/neck/downsamples.1/cna/activate/Relu.split.co.0.fetch_param_data.layer",
                    "addr": 0,
                    "size": 164096
                }
            ],
            "free": []
        },
        "kernel[2]": {
            "name": "FetchParam.layer.ConvFusion.layer./model/neck/downsamples.1/cna/conv/Conv_im_0.fused./model/neck/downsamples.1/cna/activate/Relu.split.co.1.fetch_param_data.layer",
            "idx": 2,
            "mem_used_rate": 0.1290283203125,
            "malloc": [
                {
                    "addr": 164096,
                    "ori_size": 0,
                    "size": 164096
                }
            ],
            "used": [
                {
                    "name": "DmaIn.layer.copy_in_2Fmodel2Fneck2Fbottom_up_blocks2E02Fcv22Fcna2Factivate2FRelu_output_0",
                    "addr": 3981312,
                    "size": 212992
                },
                {
                    "name": "FetchParam.layer.ConvFusion.layer./model/neck/downsamples.1/cna/conv/Conv_im_0.fused./model/neck/downsamples.1/cna/activate/Relu.split.co.0.fetch_param_data.layer",
                    "addr": 0,
                    "size": 164096
                },
                {
                    "name": "FetchParam.layer.ConvFusion.layer./model/neck/downsamples.1/cna/conv/Conv_im_0.fused./model/neck/downsamples.1/cna/activate/Relu.split.co.1.fetch_param_data.layer",
                    "addr": 164096,
                    "size": 164096
                }
            ],
            "free": []
        },
        "kernel[3]": {
            "name": "DummyConcat.layer./model/neck/downsamples.1/cna/conv/Conv_im_0.fused./model/neck/downsamples.1/cna/activate/Relu.0",
            "idx": 3,
            "mem_used_rate": 0.1417236328125,
            "malloc": [
                {
                    "addr": 328192,
                    "ori_size": 0,
                    "size": 53248
                }
            ],
            "used": [
                {
                    "name": "DmaIn.layer.copy_in_2Fmodel2Fneck2Fbottom_up_blocks2E02Fcv22Fcna2Factivate2FRelu_output_0",
                    "addr": 3981312,
                    "size": 212992
                },
                {
                    "name": "FetchParam.layer.ConvFusion.layer./model/neck/downsamples.1/cna/conv/Conv_im_0.fused./model/neck/downsamples.1/cna/activate/Relu.split.co.0.fetch_param_data.layer",
                    "addr": 0,
                    "size": 164096
                },
                {
                    "name": "FetchParam.layer.ConvFusion.layer./model/neck/downsamples.1/cna/conv/Conv_im_0.fused./model/neck/downsamples.1/cna/activate/Relu.split.co.1.fetch_param_data.layer",
                    "addr": 164096,
                    "size": 164096
                },
                {
                    "name": "DummyConcat.layer./model/neck/downsamples.1/cna/conv/Conv_im_0.fused./model/neck/downsamples.1/cna/activate/Relu.0",
                    "addr": 328192,
                    "size": 53248
                }
            ],
            "free": []
        },
        "kernel[4]": {
            "name": "ConvFusion.layer./model/neck/downsamples.1/cna/conv/Conv_im_0.fused./model/neck/downsamples.1/cna/activate/Relu.split.co.0",
            "idx": 4,
            "mem_used_rate": 0.1417236328125,
            "malloc": [],
            "used": [
                {
                    "name": "DmaIn.layer.copy_in_2Fmodel2Fneck2Fbottom_up_blocks2E02Fcv22Fcna2Factivate2FRelu_output_0",
                    "addr": 3981312,
                    "size": 212992
                },
                {
                    "name": "FetchParam.layer.ConvFusion.layer./model/neck/downsamples.1/cna/conv/Conv_im_0.fused./model/neck/downsamples.1/cna/activate/Relu.split.co.0.fetch_param_data.layer",
                    "addr": 0,
                    "size": 164096
                },
                {
                    "name": "FetchParam.layer.ConvFusion.layer./model/neck/downsamples.1/cna/conv/Conv_im_0.fused./model/neck/downsamples.1/cna/activate/Relu.split.co.1.fetch_param_data.layer",
                    "addr": 164096,
                    "size": 164096
                },
                {
                    "name": "DummyConcat.layer./model/neck/downsamples.1/cna/conv/Conv_im_0.fused./model/neck/downsamples.1/cna/activate/Relu.0",
                    "addr": 328192,
                    "size": 53248
                }
            ],
            "free": [
                {
                    "name": "ConvFusion.layer./model/neck/downsamples.1/cna/conv/Conv_im_0.fused./model/neck/downsamples.1/cna/activate/Relu.split.co.0",
                    "addr": 0,
                    "size": 164096
                }
            ]
        },
        "kernel[5]": {
            "name": "ConvFusion.layer./model/neck/downsamples.1/cna/conv/Conv_im_0.fused./model/neck/downsamples.1/cna/activate/Relu.split.co.1",
            "idx": 5,
            "mem_used_rate": 0.05181884765625,
            "malloc": [],
            "used": [
                {
                    "name": "DmaIn.layer.copy_in_2Fmodel2Fneck2Fbottom_up_blocks2E02Fcv22Fcna2Factivate2FRelu_output_0",
                    "addr": 3981312,
                    "size": 212992
                },
                {
                    "name": "FetchParam.layer.ConvFusion.layer./model/neck/downsamples.1/cna/conv/Conv_im_0.fused./model/neck/downsamples.1/cna/activate/Relu.split.co.1.fetch_param_data.layer",
                    "addr": 164096,
                    "size": 164096
                },
                {
                    "name": "DummyConcat.layer./model/neck/downsamples.1/cna/conv/Conv_im_0.fused./model/neck/downsamples.1/cna/activate/Relu.0",
                    "addr": 328192,
                    "size": 53248
                }
            ],
            "free": [
                {
                    "name": "ConvFusion.layer./model/neck/downsamples.1/cna/conv/Conv_im_0.fused./model/neck/downsamples.1/cna/activate/Relu.split.co.1",
                    "addr": 3981312,
                    "size": 212992
                },
                {
                    "name": "ConvFusion.layer./model/neck/downsamples.1/cna/conv/Conv_im_0.fused./model/neck/downsamples.1/cna/activate/Relu.split.co.1",
                    "addr": 164096,
                    "size": 164096
                }
            ]
        },
        "kernel[6]": {
            "name": "DmaOut.layer.copy_out_2Fmodel2Fneck2Fdownsamples2E12Fcna2Factivate2FRelu_output_0",
            "idx": 6,
            "mem_used_rate": 0.00634765625,
            "malloc": [],
            "used": [
                {
                    "name": "DummyConcat.layer./model/neck/downsamples.1/cna/conv/Conv_im_0.fused./model/neck/downsamples.1/cna/activate/Relu.0",
                    "addr": 328192,
                    "size": 53248
                }
            ],
            "free": [
                {
                    "name": "DmaOut.layer.copy_out_2Fmodel2Fneck2Fdownsamples2E12Fcna2Factivate2FRelu_output_0",
                    "addr": 328192,
                    "size": 26624
                },
                {
                    "name": "DmaOut.layer.copy_out_2Fmodel2Fneck2Fdownsamples2E12Fcna2Factivate2FRelu_output_0",
                    "addr": 354816,
                    "size": 26624
                }
            ]
        }
    },
    "max_peak_size": [
        {
            "size": 541184
        }
    ]
}