{
    "banks": [
        {
            "addr": 0,
            "size": 0
        }
    ],
    "patch_reserve": [],
    "param_reserve": [],
    "ops": {
        "kernel[0]": {
            "name": "DmaIn.layer.copy_in_PPQ_Variable_231",
            "idx": 0,
            "mem_used_rate": 0.01220703125,
            "malloc": [
                {
                    "addr": 4143104,
                    "ori_size": 0,
                    "size": 51200
                }
            ],
            "used": [
                {
                    "name": "DmaIn.layer.copy_in_PPQ_Variable_231",
                    "addr": 4143104,
                    "size": 51200
                }
            ],
            "free": []
        },
        "kernel[1]": {
            "name": "FetchParam.layer.Conv2d.layer.Conv_294_im_0.0.fetch_param_data.layer",
            "idx": 1,
            "mem_used_rate": 0.01226806640625,
            "malloc": [
                {
                    "addr": 0,
                    "ori_size": 0,
                    "size": 256
                }
            ],
            "used": [
                {
                    "name": "DmaIn.layer.copy_in_PPQ_Variable_231",
                    "addr": 4143104,
                    "size": 51200
                },
                {
                    "name": "FetchParam.layer.Conv2d.layer.Conv_294_im_0.0.fetch_param_data.layer",
                    "addr": 0,
                    "size": 256
                }
            ],
            "free": []
        },
        "kernel[2]": {
            "name": "FetchParam.layer.Conv2d.layer.Conv_294_im_0.1.fetch_param_data.layer",
            "idx": 2,
            "mem_used_rate": 0.0123291015625,
            "malloc": [
                {
                    "addr": 256,
                    "ori_size": 0,
                    "size": 256
                }
            ],
            "used": [
                {
                    "name": "DmaIn.layer.copy_in_PPQ_Variable_231",
                    "addr": 4143104,
                    "size": 51200
                },
                {
                    "name": "FetchParam.layer.Conv2d.layer.Conv_294_im_0.0.fetch_param_data.layer",
                    "addr": 0,
                    "size": 256
                },
                {
                    "name": "FetchParam.layer.Conv2d.layer.Conv_294_im_0.1.fetch_param_data.layer",
                    "addr": 256,
                    "size": 256
                }
            ],
            "free": []
        },
        "kernel[3]": {
            "name": "DummyConcat.layer.Conv_294_im_0.8",
            "idx": 3,
            "mem_used_rate": 0.0367431640625,
            "malloc": [
                {
                    "addr": 512,
                    "ori_size": 0,
                    "size": 102400
                }
            ],
            "used": [
                {
                    "name": "DmaIn.layer.copy_in_PPQ_Variable_231",
                    "addr": 4143104,
                    "size": 51200
                },
                {
                    "name": "FetchParam.layer.Conv2d.layer.Conv_294_im_0.0.fetch_param_data.layer",
                    "addr": 0,
                    "size": 256
                },
                {
                    "name": "FetchParam.layer.Conv2d.layer.Conv_294_im_0.1.fetch_param_data.layer",
                    "addr": 256,
                    "size": 256
                },
                {
                    "name": "DummyConcat.layer.Conv_294_im_0.8",
                    "addr": 512,
                    "size": 102400
                }
            ],
            "free": []
        },
        "kernel[4]": {
            "name": "FetchParam.layer.Conv2d.layer.Conv_294_im_0.2.fetch_param_data.layer",
            "idx": 4,
            "mem_used_rate": 0.03680419921875,
            "malloc": [
                {
                    "addr": 102912,
                    "ori_size": 0,
                    "size": 256
                }
            ],
            "used": [
                {
                    "name": "DmaIn.layer.copy_in_PPQ_Variable_231",
                    "addr": 4143104,
                    "size": 51200
                },
                {
                    "name": "FetchParam.layer.Conv2d.layer.Conv_294_im_0.0.fetch_param_data.layer",
                    "addr": 0,
                    "size": 256
                },
                {
                    "name": "FetchParam.layer.Conv2d.layer.Conv_294_im_0.1.fetch_param_data.layer",
                    "addr": 256,
                    "size": 256
                },
                {
                    "name": "DummyConcat.layer.Conv_294_im_0.8",
                    "addr": 512,
                    "size": 102400
                },
                {
                    "name": "FetchParam.layer.Conv2d.layer.Conv_294_im_0.2.fetch_param_data.layer",
                    "addr": 102912,
                    "size": 256
                }
            ],
            "free": []
        },
        "kernel[5]": {
            "name": "FetchParam.layer.Conv2d.layer.Conv_294_im_0.3.fetch_param_data.layer",
            "idx": 5,
            "mem_used_rate": 0.036865234375,
            "malloc": [
                {
                    "addr": 103168,
                    "ori_size": 0,
                    "size": 256
                }
            ],
            "used": [
                {
                    "name": "DmaIn.layer.copy_in_PPQ_Variable_231",
                    "addr": 4143104,
                    "size": 51200
                },
                {
                    "name": "FetchParam.layer.Conv2d.layer.Conv_294_im_0.0.fetch_param_data.layer",
                    "addr": 0,
                    "size": 256
                },
                {
                    "name": "FetchParam.layer.Conv2d.layer.Conv_294_im_0.1.fetch_param_data.layer",
                    "addr": 256,
                    "size": 256
                },
                {
                    "name": "DummyConcat.layer.Conv_294_im_0.8",
                    "addr": 512,
                    "size": 102400
                },
                {
                    "name": "FetchParam.layer.Conv2d.layer.Conv_294_im_0.2.fetch_param_data.layer",
                    "addr": 102912,
                    "size": 256
                },
                {
                    "name": "FetchParam.layer.Conv2d.layer.Conv_294_im_0.3.fetch_param_data.layer",
                    "addr": 103168,
                    "size": 256
                }
            ],
            "free": []
        },
        "kernel[6]": {
            "name": "FetchParam.layer.Conv2d.layer.Conv_294_im_0.4.fetch_param_data.layer",
            "idx": 6,
            "mem_used_rate": 0.03692626953125,
            "malloc": [
                {
                    "addr": 103424,
                    "ori_size": 0,
                    "size": 256
                }
            ],
            "used": [
                {
                    "name": "DmaIn.layer.copy_in_PPQ_Variable_231",
                    "addr": 4143104,
                    "size": 51200
                },
                {
                    "name": "FetchParam.layer.Conv2d.layer.Conv_294_im_0.0.fetch_param_data.layer",
                    "addr": 0,
                    "size": 256
                },
                {
                    "name": "FetchParam.layer.Conv2d.layer.Conv_294_im_0.1.fetch_param_data.layer",
                    "addr": 256,
                    "size": 256
                },
                {
                    "name": "DummyConcat.layer.Conv_294_im_0.8",
                    "addr": 512,
                    "size": 102400
                },
                {
                    "name": "FetchParam.layer.Conv2d.layer.Conv_294_im_0.2.fetch_param_data.layer",
                    "addr": 102912,
                    "size": 256
                },
                {
                    "name": "FetchParam.layer.Conv2d.layer.Conv_294_im_0.3.fetch_param_data.layer",
                    "addr": 103168,
                    "size": 256
                },
                {
                    "name": "FetchParam.layer.Conv2d.layer.Conv_294_im_0.4.fetch_param_data.layer",
                    "addr": 103424,
                    "size": 256
                }
            ],
            "free": []
        },
        "kernel[7]": {
            "name": "FetchParam.layer.Conv2d.layer.Conv_294_im_0.5.fetch_param_data.layer",
            "idx": 7,
            "mem_used_rate": 0.0369873046875,
            "malloc": [
                {
                    "addr": 103680,
                    "ori_size": 0,
                    "size": 256
                }
            ],
            "used": [
                {
                    "name": "DmaIn.layer.copy_in_PPQ_Variable_231",
                    "addr": 4143104,
                    "size": 51200
                },
                {
                    "name": "FetchParam.layer.Conv2d.layer.Conv_294_im_0.0.fetch_param_data.layer",
                    "addr": 0,
                    "size": 256
                },
                {
                    "name": "FetchParam.layer.Conv2d.layer.Conv_294_im_0.1.fetch_param_data.layer",
                    "addr": 256,
                    "size": 256
                },
                {
                    "name": "DummyConcat.layer.Conv_294_im_0.8",
                    "addr": 512,
                    "size": 102400
                },
                {
                    "name": "FetchParam.layer.Conv2d.layer.Conv_294_im_0.2.fetch_param_data.layer",
                    "addr": 102912,
                    "size": 256
                },
                {
                    "name": "FetchParam.layer.Conv2d.layer.Conv_294_im_0.3.fetch_param_data.layer",
                    "addr": 103168,
                    "size": 256
                },
                {
                    "name": "FetchParam.layer.Conv2d.layer.Conv_294_im_0.4.fetch_param_data.layer",
                    "addr": 103424,
                    "size": 256
                },
                {
                    "name": "FetchParam.layer.Conv2d.layer.Conv_294_im_0.5.fetch_param_data.layer",
                    "addr": 103680,
                    "size": 256
                }
            ],
            "free": []
        },
        "kernel[8]": {
            "name": "FetchParam.layer.Conv2d.layer.Conv_294_im_0.6.fetch_param_data.layer",
            "idx": 8,
            "mem_used_rate": 0.03704833984375,
            "malloc": [
                {
                    "addr": 103936,
                    "ori_size": 0,
                    "size": 256
                }
            ],
            "used": [
                {
                    "name": "DmaIn.layer.copy_in_PPQ_Variable_231",
                    "addr": 4143104,
                    "size": 51200
                },
                {
                    "name": "FetchParam.layer.Conv2d.layer.Conv_294_im_0.0.fetch_param_data.layer",
                    "addr": 0,
                    "size": 256
                },
                {
                    "name": "FetchParam.layer.Conv2d.layer.Conv_294_im_0.1.fetch_param_data.layer",
                    "addr": 256,
                    "size": 256
                },
                {
                    "name": "DummyConcat.layer.Conv_294_im_0.8",
                    "addr": 512,
                    "size": 102400
                },
                {
                    "name": "FetchParam.layer.Conv2d.layer.Conv_294_im_0.2.fetch_param_data.layer",
                    "addr": 102912,
                    "size": 256
                },
                {
                    "name": "FetchParam.layer.Conv2d.layer.Conv_294_im_0.3.fetch_param_data.layer",
                    "addr": 103168,
                    "size": 256
                },
                {
                    "name": "FetchParam.layer.Conv2d.layer.Conv_294_im_0.4.fetch_param_data.layer",
                    "addr": 103424,
                    "size": 256
                },
                {
                    "name": "FetchParam.layer.Conv2d.layer.Conv_294_im_0.5.fetch_param_data.layer",
                    "addr": 103680,
                    "size": 256
                },
                {
                    "name": "FetchParam.layer.Conv2d.layer.Conv_294_im_0.6.fetch_param_data.layer",
                    "addr": 103936,
                    "size": 256
                }
            ],
            "free": []
        },
        "kernel[9]": {
            "name": "FetchParam.layer.Conv2d.layer.Conv_294_im_0.7.fetch_param_data.layer",
            "idx": 9,
            "mem_used_rate": 0.037109375,
            "malloc": [
                {
                    "addr": 104192,
                    "ori_size": 0,
                    "size": 256
                }
            ],
            "used": [
                {
                    "name": "DmaIn.layer.copy_in_PPQ_Variable_231",
                    "addr": 4143104,
                    "size": 51200
                },
                {
                    "name": "FetchParam.layer.Conv2d.layer.Conv_294_im_0.0.fetch_param_data.layer",
                    "addr": 0,
                    "size": 256
                },
                {
                    "name": "FetchParam.layer.Conv2d.layer.Conv_294_im_0.1.fetch_param_data.layer",
                    "addr": 256,
                    "size": 256
                },
                {
                    "name": "DummyConcat.layer.Conv_294_im_0.8",
                    "addr": 512,
                    "size": 102400
                },
                {
                    "name": "FetchParam.layer.Conv2d.layer.Conv_294_im_0.2.fetch_param_data.layer",
                    "addr": 102912,
                    "size": 256
                },
                {
                    "name": "FetchParam.layer.Conv2d.layer.Conv_294_im_0.3.fetch_param_data.layer",
                    "addr": 103168,
                    "size": 256
                },
                {
                    "name": "FetchParam.layer.Conv2d.layer.Conv_294_im_0.4.fetch_param_data.layer",
                    "addr": 103424,
                    "size": 256
                },
                {
                    "name": "FetchParam.layer.Conv2d.layer.Conv_294_im_0.5.fetch_param_data.layer",
                    "addr": 103680,
                    "size": 256
                },
                {
                    "name": "FetchParam.layer.Conv2d.layer.Conv_294_im_0.6.fetch_param_data.layer",
                    "addr": 103936,
                    "size": 256
                },
                {
                    "name": "FetchParam.layer.Conv2d.layer.Conv_294_im_0.7.fetch_param_data.layer",
                    "addr": 104192,
                    "size": 256
                }
            ],
            "free": []
        },
        "kernel[10]": {
            "name": "FetchParam.layer.Conv2d.layer.Conv_294_im_0.8.fetch_param_data.layer",
            "idx": 10,
            "mem_used_rate": 0.03717041015625,
            "malloc": [
                {
                    "addr": 104448,
                    "ori_size": 0,
                    "size": 256
                }
            ],
            "used": [
                {
                    "name": "DmaIn.layer.copy_in_PPQ_Variable_231",
                    "addr": 4143104,
                    "size": 51200
                },
                {
                    "name": "FetchParam.layer.Conv2d.layer.Conv_294_im_0.0.fetch_param_data.layer",
                    "addr": 0,
                    "size": 256
                },
                {
                    "name": "FetchParam.layer.Conv2d.layer.Conv_294_im_0.1.fetch_param_data.layer",
                    "addr": 256,
                    "size": 256
                },
                {
                    "name": "DummyConcat.layer.Conv_294_im_0.8",
                    "addr": 512,
                    "size": 102400
                },
                {
                    "name": "FetchParam.layer.Conv2d.layer.Conv_294_im_0.2.fetch_param_data.layer",
                    "addr": 102912,
                    "size": 256
                },
                {
                    "name": "FetchParam.layer.Conv2d.layer.Conv_294_im_0.3.fetch_param_data.layer",
                    "addr": 103168,
                    "size": 256
                },
                {
                    "name": "FetchParam.layer.Conv2d.layer.Conv_294_im_0.4.fetch_param_data.layer",
                    "addr": 103424,
                    "size": 256
                },
                {
                    "name": "FetchParam.layer.Conv2d.layer.Conv_294_im_0.5.fetch_param_data.layer",
                    "addr": 103680,
                    "size": 256
                },
                {
                    "name": "FetchParam.layer.Conv2d.layer.Conv_294_im_0.6.fetch_param_data.layer",
                    "addr": 103936,
                    "size": 256
                },
                {
                    "name": "FetchParam.layer.Conv2d.layer.Conv_294_im_0.7.fetch_param_data.layer",
                    "addr": 104192,
                    "size": 256
                },
                {
                    "name": "FetchParam.layer.Conv2d.layer.Conv_294_im_0.8.fetch_param_data.layer",
                    "addr": 104448,
                    "size": 256
                }
            ],
            "free": []
        },
        "kernel[11]": {
            "name": "FetchParam.layer.Conv2d.layer.Conv_294_im_0.9.fetch_param_data.layer",
            "idx": 11,
            "mem_used_rate": 0.0372314453125,
            "malloc": [
                {
                    "addr": 104704,
                    "ori_size": 0,
                    "size": 256
                }
            ],
            "used": [
                {
                    "name": "DmaIn.layer.copy_in_PPQ_Variable_231",
                    "addr": 4143104,
                    "size": 51200
                },
                {
                    "name": "FetchParam.layer.Conv2d.layer.Conv_294_im_0.0.fetch_param_data.layer",
                    "addr": 0,
                    "size": 256
                },
                {
                    "name": "FetchParam.layer.Conv2d.layer.Conv_294_im_0.1.fetch_param_data.layer",
                    "addr": 256,
                    "size": 256
                },
                {
                    "name": "DummyConcat.layer.Conv_294_im_0.8",
                    "addr": 512,
                    "size": 102400
                },
                {
                    "name": "FetchParam.layer.Conv2d.layer.Conv_294_im_0.2.fetch_param_data.layer",
                    "addr": 102912,
                    "size": 256
                },
                {
                    "name": "FetchParam.layer.Conv2d.layer.Conv_294_im_0.3.fetch_param_data.layer",
                    "addr": 103168,
                    "size": 256
                },
                {
                    "name": "FetchParam.layer.Conv2d.layer.Conv_294_im_0.4.fetch_param_data.layer",
                    "addr": 103424,
                    "size": 256
                },
                {
                    "name": "FetchParam.layer.Conv2d.layer.Conv_294_im_0.5.fetch_param_data.layer",
                    "addr": 103680,
                    "size": 256
                },
                {
                    "name": "FetchParam.layer.Conv2d.layer.Conv_294_im_0.6.fetch_param_data.layer",
                    "addr": 103936,
                    "size": 256
                },
                {
                    "name": "FetchParam.layer.Conv2d.layer.Conv_294_im_0.7.fetch_param_data.layer",
                    "addr": 104192,
                    "size": 256
                },
                {
                    "name": "FetchParam.layer.Conv2d.layer.Conv_294_im_0.8.fetch_param_data.layer",
                    "addr": 104448,
                    "size": 256
                },
                {
                    "name": "FetchParam.layer.Conv2d.layer.Conv_294_im_0.9.fetch_param_data.layer",
                    "addr": 104704,
                    "size": 256
                }
            ],
            "free": []
        },
        "kernel[12]": {
            "name": "Conv2d.layer.Conv_294_im_0.0",
            "idx": 12,
            "mem_used_rate": 0.0360107421875,
            "malloc": [],
            "used": [
                {
                    "name": "DmaIn.layer.copy_in_PPQ_Variable_231",
                    "addr": 4143104,
                    "size": 51200
                },
                {
                    "name": "FetchParam.layer.Conv2d.layer.Conv_294_im_0.0.fetch_param_data.layer",
                    "addr": 0,
                    "size": 256
                },
                {
                    "name": "FetchParam.layer.Conv2d.layer.Conv_294_im_0.1.fetch_param_data.layer",
                    "addr": 256,
                    "size": 256
                },
                {
                    "name": "DummyConcat.layer.Conv_294_im_0.8",
                    "addr": 512,
                    "size": 102400
                },
                {
                    "name": "FetchParam.layer.Conv2d.layer.Conv_294_im_0.2.fetch_param_data.layer",
                    "addr": 102912,
                    "size": 256
                },
                {
                    "name": "FetchParam.layer.Conv2d.layer.Conv_294_im_0.3.fetch_param_data.layer",
                    "addr": 103168,
                    "size": 256
                },
                {
                    "name": "FetchParam.layer.Conv2d.layer.Conv_294_im_0.4.fetch_param_data.layer",
                    "addr": 103424,
                    "size": 256
                },
                {
                    "name": "FetchParam.layer.Conv2d.layer.Conv_294_im_0.5.fetch_param_data.layer",
                    "addr": 103680,
                    "size": 256
                },
                {
                    "name": "FetchParam.layer.Conv2d.layer.Conv_294_im_0.6.fetch_param_data.layer",
                    "addr": 103936,
                    "size": 256
                },
                {
                    "name": "FetchParam.layer.Conv2d.layer.Conv_294_im_0.7.fetch_param_data.layer",
                    "addr": 104192,
                    "size": 256
                },
                {
                    "name": "FetchParam.layer.Conv2d.layer.Conv_294_im_0.8.fetch_param_data.layer",
                    "addr": 104448,
                    "size": 256
                },
                {
                    "name": "FetchParam.layer.Conv2d.layer.Conv_294_im_0.9.fetch_param_data.layer",
                    "addr": 104704,
                    "size": 256
                }
            ],
            "free": [
                {
                    "name": "Conv2d.layer.Conv_294_im_0.0",
                    "addr": 4143104,
                    "size": 5120
                },
                {
                    "name": "Conv2d.layer.Conv_294_im_0.0",
                    "addr": 0,
                    "size": 256
                }
            ]
        },
        "kernel[13]": {
            "name": "Conv2d.layer.Conv_294_im_0.1",
            "idx": 13,
            "mem_used_rate": 0.03472900390625,
            "malloc": [],
            "used": [
                {
                    "name": "DmaIn.layer.copy_in_PPQ_Variable_231",
                    "addr": 4148224,
                    "size": 46080
                },
                {
                    "name": "FetchParam.layer.Conv2d.layer.Conv_294_im_0.1.fetch_param_data.layer",
                    "addr": 256,
                    "size": 256
                },
                {
                    "name": "DummyConcat.layer.Conv_294_im_0.8",
                    "addr": 512,
                    "size": 102400
                },
                {
                    "name": "FetchParam.layer.Conv2d.layer.Conv_294_im_0.2.fetch_param_data.layer",
                    "addr": 102912,
                    "size": 256
                },
                {
                    "name": "FetchParam.layer.Conv2d.layer.Conv_294_im_0.3.fetch_param_data.layer",
                    "addr": 103168,
                    "size": 256
                },
                {
                    "name": "FetchParam.layer.Conv2d.layer.Conv_294_im_0.4.fetch_param_data.layer",
                    "addr": 103424,
                    "size": 256
                },
                {
                    "name": "FetchParam.layer.Conv2d.layer.Conv_294_im_0.5.fetch_param_data.layer",
                    "addr": 103680,
                    "size": 256
                },
                {
                    "name": "FetchParam.layer.Conv2d.layer.Conv_294_im_0.6.fetch_param_data.layer",
                    "addr": 103936,
                    "size": 256
                },
                {
                    "name": "FetchParam.layer.Conv2d.layer.Conv_294_im_0.7.fetch_param_data.layer",
                    "addr": 104192,
                    "size": 256
                },
                {
                    "name": "FetchParam.layer.Conv2d.layer.Conv_294_im_0.8.fetch_param_data.layer",
                    "addr": 104448,
                    "size": 256
                },
                {
                    "name": "FetchParam.layer.Conv2d.layer.Conv_294_im_0.9.fetch_param_data.layer",
                    "addr": 104704,
                    "size": 256
                }
            ],
            "free": [
                {
                    "name": "Conv2d.layer.Conv_294_im_0.1",
                    "addr": 4148224,
                    "size": 5120
                },
                {
                    "name": "Conv2d.layer.Conv_294_im_0.1",
                    "addr": 256,
                    "size": 256
                }
            ]
        },
        "kernel[14]": {
            "name": "Conv2d.layer.Conv_294_im_0.2",
            "idx": 14,
            "mem_used_rate": 0.033447265625,
            "malloc": [],
            "used": [
                {
                    "name": "DmaIn.layer.copy_in_PPQ_Variable_231",
                    "addr": 4153344,
                    "size": 40960
                },
                {
                    "name": "DummyConcat.layer.Conv_294_im_0.8",
                    "addr": 512,
                    "size": 102400
                },
                {
                    "name": "FetchParam.layer.Conv2d.layer.Conv_294_im_0.2.fetch_param_data.layer",
                    "addr": 102912,
                    "size": 256
                },
                {
                    "name": "FetchParam.layer.Conv2d.layer.Conv_294_im_0.3.fetch_param_data.layer",
                    "addr": 103168,
                    "size": 256
                },
                {
                    "name": "FetchParam.layer.Conv2d.layer.Conv_294_im_0.4.fetch_param_data.layer",
                    "addr": 103424,
                    "size": 256
                },
                {
                    "name": "FetchParam.layer.Conv2d.layer.Conv_294_im_0.5.fetch_param_data.layer",
                    "addr": 103680,
                    "size": 256
                },
                {
                    "name": "FetchParam.layer.Conv2d.layer.Conv_294_im_0.6.fetch_param_data.layer",
                    "addr": 103936,
                    "size": 256
                },
                {
                    "name": "FetchParam.layer.Conv2d.layer.Conv_294_im_0.7.fetch_param_data.layer",
                    "addr": 104192,
                    "size": 256
                },
                {
                    "name": "FetchParam.layer.Conv2d.layer.Conv_294_im_0.8.fetch_param_data.layer",
                    "addr": 104448,
                    "size": 256
                },
                {
                    "name": "FetchParam.layer.Conv2d.layer.Conv_294_im_0.9.fetch_param_data.layer",
                    "addr": 104704,
                    "size": 256
                }
            ],
            "free": [
                {
                    "name": "Conv2d.layer.Conv_294_im_0.2",
                    "addr": 4153344,
                    "size": 5120
                },
                {
                    "name": "Conv2d.layer.Conv_294_im_0.2",
                    "addr": 102912,
                    "size": 256
                }
            ]
        },
        "kernel[15]": {
            "name": "Conv2d.layer.Conv_294_im_0.3",
            "idx": 15,
            "mem_used_rate": 0.03216552734375,
            "malloc": [],
            "used": [
                {
                    "name": "DmaIn.layer.copy_in_PPQ_Variable_231",
                    "addr": 4158464,
                    "size": 35840
                },
                {
                    "name": "DummyConcat.layer.Conv_294_im_0.8",
                    "addr": 512,
                    "size": 102400
                },
                {
                    "name": "FetchParam.layer.Conv2d.layer.Conv_294_im_0.3.fetch_param_data.layer",
                    "addr": 103168,
                    "size": 256
                },
                {
                    "name": "FetchParam.layer.Conv2d.layer.Conv_294_im_0.4.fetch_param_data.layer",
                    "addr": 103424,
                    "size": 256
                },
                {
                    "name": "FetchParam.layer.Conv2d.layer.Conv_294_im_0.5.fetch_param_data.layer",
                    "addr": 103680,
                    "size": 256
                },
                {
                    "name": "FetchParam.layer.Conv2d.layer.Conv_294_im_0.6.fetch_param_data.layer",
                    "addr": 103936,
                    "size": 256
                },
                {
                    "name": "FetchParam.layer.Conv2d.layer.Conv_294_im_0.7.fetch_param_data.layer",
                    "addr": 104192,
                    "size": 256
                },
                {
                    "name": "FetchParam.layer.Conv2d.layer.Conv_294_im_0.8.fetch_param_data.layer",
                    "addr": 104448,
                    "size": 256
                },
                {
                    "name": "FetchParam.layer.Conv2d.layer.Conv_294_im_0.9.fetch_param_data.layer",
                    "addr": 104704,
                    "size": 256
                }
            ],
            "free": [
                {
                    "name": "Conv2d.layer.Conv_294_im_0.3",
                    "addr": 4158464,
                    "size": 5120
                },
                {
                    "name": "Conv2d.layer.Conv_294_im_0.3",
                    "addr": 103168,
                    "size": 256
                }
            ]
        },
        "kernel[16]": {
            "name": "Conv2d.layer.Conv_294_im_0.4",
            "idx": 16,
            "mem_used_rate": 0.0308837890625,
            "malloc": [],
            "used": [
                {
                    "name": "DmaIn.layer.copy_in_PPQ_Variable_231",
                    "addr": 4163584,
                    "size": 30720
                },
                {
                    "name": "DummyConcat.layer.Conv_294_im_0.8",
                    "addr": 512,
                    "size": 102400
                },
                {
                    "name": "FetchParam.layer.Conv2d.layer.Conv_294_im_0.4.fetch_param_data.layer",
                    "addr": 103424,
                    "size": 256
                },
                {
                    "name": "FetchParam.layer.Conv2d.layer.Conv_294_im_0.5.fetch_param_data.layer",
                    "addr": 103680,
                    "size": 256
                },
                {
                    "name": "FetchParam.layer.Conv2d.layer.Conv_294_im_0.6.fetch_param_data.layer",
                    "addr": 103936,
                    "size": 256
                },
                {
                    "name": "FetchParam.layer.Conv2d.layer.Conv_294_im_0.7.fetch_param_data.layer",
                    "addr": 104192,
                    "size": 256
                },
                {
                    "name": "FetchParam.layer.Conv2d.layer.Conv_294_im_0.8.fetch_param_data.layer",
                    "addr": 104448,
                    "size": 256
                },
                {
                    "name": "FetchParam.layer.Conv2d.layer.Conv_294_im_0.9.fetch_param_data.layer",
                    "addr": 104704,
                    "size": 256
                }
            ],
            "free": [
                {
                    "name": "Conv2d.layer.Conv_294_im_0.4",
                    "addr": 4163584,
                    "size": 5120
                },
                {
                    "name": "Conv2d.layer.Conv_294_im_0.4",
                    "addr": 103424,
                    "size": 256
                }
            ]
        },
        "kernel[17]": {
            "name": "Conv2d.layer.Conv_294_im_0.5",
            "idx": 17,
            "mem_used_rate": 0.02960205078125,
            "malloc": [],
            "used": [
                {
                    "name": "DmaIn.layer.copy_in_PPQ_Variable_231",
                    "addr": 4168704,
                    "size": 25600
                },
                {
                    "name": "DummyConcat.layer.Conv_294_im_0.8",
                    "addr": 512,
                    "size": 102400
                },
                {
                    "name": "FetchParam.layer.Conv2d.layer.Conv_294_im_0.5.fetch_param_data.layer",
                    "addr": 103680,
                    "size": 256
                },
                {
                    "name": "FetchParam.layer.Conv2d.layer.Conv_294_im_0.6.fetch_param_data.layer",
                    "addr": 103936,
                    "size": 256
                },
                {
                    "name": "FetchParam.layer.Conv2d.layer.Conv_294_im_0.7.fetch_param_data.layer",
                    "addr": 104192,
                    "size": 256
                },
                {
                    "name": "FetchParam.layer.Conv2d.layer.Conv_294_im_0.8.fetch_param_data.layer",
                    "addr": 104448,
                    "size": 256
                },
                {
                    "name": "FetchParam.layer.Conv2d.layer.Conv_294_im_0.9.fetch_param_data.layer",
                    "addr": 104704,
                    "size": 256
                }
            ],
            "free": [
                {
                    "name": "Conv2d.layer.Conv_294_im_0.5",
                    "addr": 4168704,
                    "size": 5120
                },
                {
                    "name": "Conv2d.layer.Conv_294_im_0.5",
                    "addr": 103680,
                    "size": 256
                }
            ]
        },
        "kernel[18]": {
            "name": "Conv2d.layer.Conv_294_im_0.6",
            "idx": 18,
            "mem_used_rate": 0.0283203125,
            "malloc": [],
            "used": [
                {
                    "name": "DmaIn.layer.copy_in_PPQ_Variable_231",
                    "addr": 4173824,
                    "size": 20480
                },
                {
                    "name": "DummyConcat.layer.Conv_294_im_0.8",
                    "addr": 512,
                    "size": 102400
                },
                {
                    "name": "FetchParam.layer.Conv2d.layer.Conv_294_im_0.6.fetch_param_data.layer",
                    "addr": 103936,
                    "size": 256
                },
                {
                    "name": "FetchParam.layer.Conv2d.layer.Conv_294_im_0.7.fetch_param_data.layer",
                    "addr": 104192,
                    "size": 256
                },
                {
                    "name": "FetchParam.layer.Conv2d.layer.Conv_294_im_0.8.fetch_param_data.layer",
                    "addr": 104448,
                    "size": 256
                },
                {
                    "name": "FetchParam.layer.Conv2d.layer.Conv_294_im_0.9.fetch_param_data.layer",
                    "addr": 104704,
                    "size": 256
                }
            ],
            "free": [
                {
                    "name": "Conv2d.layer.Conv_294_im_0.6",
                    "addr": 4173824,
                    "size": 5120
                },
                {
                    "name": "Conv2d.layer.Conv_294_im_0.6",
                    "addr": 103936,
                    "size": 256
                }
            ]
        },
        "kernel[19]": {
            "name": "Conv2d.layer.Conv_294_im_0.7",
            "idx": 19,
            "mem_used_rate": 0.02703857421875,
            "malloc": [],
            "used": [
                {
                    "name": "DmaIn.layer.copy_in_PPQ_Variable_231",
                    "addr": 4178944,
                    "size": 15360
                },
                {
                    "name": "DummyConcat.layer.Conv_294_im_0.8",
                    "addr": 512,
                    "size": 102400
                },
                {
                    "name": "FetchParam.layer.Conv2d.layer.Conv_294_im_0.7.fetch_param_data.layer",
                    "addr": 104192,
                    "size": 256
                },
                {
                    "name": "FetchParam.layer.Conv2d.layer.Conv_294_im_0.8.fetch_param_data.layer",
                    "addr": 104448,
                    "size": 256
                },
                {
                    "name": "FetchParam.layer.Conv2d.layer.Conv_294_im_0.9.fetch_param_data.layer",
                    "addr": 104704,
                    "size": 256
                }
            ],
            "free": [
                {
                    "name": "Conv2d.layer.Conv_294_im_0.7",
                    "addr": 4178944,
                    "size": 5120
                },
                {
                    "name": "Conv2d.layer.Conv_294_im_0.7",
                    "addr": 104192,
                    "size": 256
                }
            ]
        },
        "kernel[20]": {
            "name": "Conv2d.layer.Conv_294_im_0.8",
            "idx": 20,
            "mem_used_rate": 0.0257568359375,
            "malloc": [],
            "used": [
                {
                    "name": "DmaIn.layer.copy_in_PPQ_Variable_231",
                    "addr": 4184064,
                    "size": 10240
                },
                {
                    "name": "DummyConcat.layer.Conv_294_im_0.8",
                    "addr": 512,
                    "size": 102400
                },
                {
                    "name": "FetchParam.layer.Conv2d.layer.Conv_294_im_0.8.fetch_param_data.layer",
                    "addr": 104448,
                    "size": 256
                },
                {
                    "name": "FetchParam.layer.Conv2d.layer.Conv_294_im_0.9.fetch_param_data.layer",
                    "addr": 104704,
                    "size": 256
                }
            ],
            "free": [
                {
                    "name": "Conv2d.layer.Conv_294_im_0.8",
                    "addr": 4184064,
                    "size": 5120
                },
                {
                    "name": "Conv2d.layer.Conv_294_im_0.8",
                    "addr": 104448,
                    "size": 256
                }
            ]
        },
        "kernel[21]": {
            "name": "Conv2d.layer.Conv_294_im_0.9",
            "idx": 21,
            "mem_used_rate": 0.02447509765625,
            "malloc": [],
            "used": [
                {
                    "name": "DmaIn.layer.copy_in_PPQ_Variable_231",
                    "addr": 4189184,
                    "size": 5120
                },
                {
                    "name": "DummyConcat.layer.Conv_294_im_0.8",
                    "addr": 512,
                    "size": 102400
                },
                {
                    "name": "FetchParam.layer.Conv2d.layer.Conv_294_im_0.9.fetch_param_data.layer",
                    "addr": 104704,
                    "size": 256
                }
            ],
            "free": [
                {
                    "name": "Conv2d.layer.Conv_294_im_0.9",
                    "addr": 4189184,
                    "size": 5120
                },
                {
                    "name": "Conv2d.layer.Conv_294_im_0.9",
                    "addr": 104704,
                    "size": 256
                }
            ]
        },
        "kernel[22]": {
            "name": "DmaOut.layer.copy_out_509",
            "idx": 22,
            "mem_used_rate": 0.00244140625,
            "malloc": [],
            "used": [
                {
                    "name": "DummyConcat.layer.Conv_294_im_0.8",
                    "addr": 512,
                    "size": 102400
                }
            ],
            "free": [
                {
                    "name": "DmaOut.layer.copy_out_509",
                    "addr": 512,
                    "size": 81920
                },
                {
                    "name": "DmaOut.layer.copy_out_509",
                    "addr": 82432,
                    "size": 10240
                },
                {
                    "name": "DmaOut.layer.copy_out_509",
                    "addr": 92672,
                    "size": 10240
                }
            ]
        }
    },
    "max_peak_size": [
        {
            "size": 156160
        }
    ]
}