{
    "banks": [
        {
            "addr": 0,
            "size": 0
        }
    ],
    "patch_reserve": [],
    "param_reserve": [],
    "ops": {
        "kernel[0]": {
            "name": "DmaIn.layer.copy_in_252",
            "idx": 0,
            "mem_used_rate": 0.1171875,
            "malloc": [
                {
                    "addr": 0,
                    "ori_size": 0,
                    "size": 491520
                }
            ],
            "used": [
                {
                    "name": "DmaIn.layer.copy_in_252",
                    "addr": 0,
                    "size": 491520
                }
            ],
            "free": []
        },
        "kernel[1]": {
            "name": "FetchParam.layer.Activation.layer.PPQ_Operation_65.c.0.fetch_param_data.layer",
            "idx": 1,
            "mem_used_rate": 0.11724853515625,
            "malloc": [
                {
                    "addr": 491520,
                    "ori_size": 0,
                    "size": 256
                }
            ],
            "used": [
                {
                    "name": "DmaIn.layer.copy_in_252",
                    "addr": 0,
                    "size": 491520
                },
                {
                    "name": "FetchParam.layer.Activation.layer.PPQ_Operation_65.c.0.fetch_param_data.layer",
                    "addr": 491520,
                    "size": 256
                }
            ],
            "free": []
        },
        "kernel[2]": {
            "name": "FetchParam.layer.Activation.layer.PPQ_Operation_65.c.1.fetch_param_data.layer",
            "idx": 2,
            "mem_used_rate": 0.1173095703125,
            "malloc": [
                {
                    "addr": 491776,
                    "ori_size": 0,
                    "size": 256
                }
            ],
            "used": [
                {
                    "name": "DmaIn.layer.copy_in_252",
                    "addr": 0,
                    "size": 491520
                },
                {
                    "name": "FetchParam.layer.Activation.layer.PPQ_Operation_65.c.0.fetch_param_data.layer",
                    "addr": 491520,
                    "size": 256
                },
                {
                    "name": "FetchParam.layer.Activation.layer.PPQ_Operation_65.c.1.fetch_param_data.layer",
                    "addr": 491776,
                    "size": 256
                }
            ],
            "free": []
        },
        "kernel[3]": {
            "name": "DummyConcat.layer.PPQ_Operation_65.0",
            "idx": 3,
            "mem_used_rate": 0.1954345703125,
            "malloc": [
                {
                    "addr": 492032,
                    "ori_size": 0,
                    "size": 327680
                }
            ],
            "used": [
                {
                    "name": "DmaIn.layer.copy_in_252",
                    "addr": 0,
                    "size": 491520
                },
                {
                    "name": "FetchParam.layer.Activation.layer.PPQ_Operation_65.c.0.fetch_param_data.layer",
                    "addr": 491520,
                    "size": 256
                },
                {
                    "name": "FetchParam.layer.Activation.layer.PPQ_Operation_65.c.1.fetch_param_data.layer",
                    "addr": 491776,
                    "size": 256
                },
                {
                    "name": "DummyConcat.layer.PPQ_Operation_65.0",
                    "addr": 492032,
                    "size": 327680
                }
            ],
            "free": []
        },
        "kernel[4]": {
            "name": "Activation.layer.PPQ_Operation_65.c.0",
            "idx": 4,
            "mem_used_rate": 0.1368408203125,
            "malloc": [],
            "used": [
                {
                    "name": "DmaIn.layer.copy_in_252",
                    "addr": 0,
                    "size": 491520
                },
                {
                    "name": "FetchParam.layer.Activation.layer.PPQ_Operation_65.c.0.fetch_param_data.layer",
                    "addr": 491520,
                    "size": 256
                },
                {
                    "name": "FetchParam.layer.Activation.layer.PPQ_Operation_65.c.1.fetch_param_data.layer",
                    "addr": 491776,
                    "size": 256
                },
                {
                    "name": "DummyConcat.layer.PPQ_Operation_65.0",
                    "addr": 492032,
                    "size": 327680
                }
            ],
            "free": [
                {
                    "name": "Activation.layer.PPQ_Operation_65.c.0",
                    "addr": 0,
                    "size": 245760
                },
                {
                    "name": "Activation.layer.PPQ_Operation_65.c.0",
                    "addr": 491520,
                    "size": 256
                }
            ]
        },
        "kernel[5]": {
            "name": "Activation.layer.PPQ_Operation_65.c.1",
            "idx": 5,
            "mem_used_rate": 0.07818603515625,
            "malloc": [],
            "used": [
                {
                    "name": "DmaIn.layer.copy_in_252",
                    "addr": 245760,
                    "size": 245760
                },
                {
                    "name": "FetchParam.layer.Activation.layer.PPQ_Operation_65.c.1.fetch_param_data.layer",
                    "addr": 491776,
                    "size": 256
                },
                {
                    "name": "DummyConcat.layer.PPQ_Operation_65.0",
                    "addr": 492032,
                    "size": 327680
                }
            ],
            "free": [
                {
                    "name": "Activation.layer.PPQ_Operation_65.c.1",
                    "addr": 245760,
                    "size": 245760
                },
                {
                    "name": "Activation.layer.PPQ_Operation_65.c.1",
                    "addr": 491776,
                    "size": 256
                }
            ]
        },
        "kernel[6]": {
            "name": "DmaOut.layer.copy_out_PPQ_Variable_78",
            "idx": 6,
            "mem_used_rate": 0.0390625,
            "malloc": [],
            "used": [
                {
                    "name": "DummyConcat.layer.PPQ_Operation_65.0",
                    "addr": 492032,
                    "size": 327680
                }
            ],
            "free": [
                {
                    "name": "DmaOut.layer.copy_out_PPQ_Variable_78",
                    "addr": 492032,
                    "size": 163840
                },
                {
                    "name": "DmaOut.layer.copy_out_PPQ_Variable_78",
                    "addr": 655872,
                    "size": 163840
                }
            ]
        }
    },
    "max_peak_size": [
        {
            "size": 492032
        }
    ]
}