{
    "banks": [
        {
            "addr": 0,
            "size": 0
        }
    ],
    "patch_reserve": [],
    "param_reserve": [],
    "ops": {
        "kernel[0]": {
            "name": "DmaIn.layer.copy_in_195",
            "idx": 0,
            "mem_used_rate": 0.78125,
            "malloc": [
                {
                    "addr": 0,
                    "ori_size": 0,
                    "size": 3276800
                }
            ],
            "used": [
                {
                    "name": "DmaIn.layer.copy_in_195",
                    "addr": 0,
                    "size": 3276800
                }
            ],
            "free": []
        },
        "kernel[1]": {
            "name": "FetchParam.layer.Activation.layer.Sigmoid_19.c.0.fetch_param_data.layer",
            "idx": 1,
            "mem_used_rate": 0.7813720703125,
            "malloc": [
                {
                    "addr": 3276800,
                    "ori_size": 0,
                    "size": 512
                }
            ],
            "used": [
                {
                    "name": "DmaIn.layer.copy_in_195",
                    "addr": 0,
                    "size": 3276800
                },
                {
                    "name": "FetchParam.layer.Activation.layer.Sigmoid_19.c.0.fetch_param_data.layer",
                    "addr": 3276800,
                    "size": 512
                }
            ],
            "free": []
        },
        "kernel[2]": {
            "name": "FetchParam.layer.Activation.layer.Sigmoid_19.c.1.fetch_param_data.layer",
            "idx": 2,
            "mem_used_rate": 0.781494140625,
            "malloc": [
                {
                    "addr": 3277312,
                    "ori_size": 0,
                    "size": 512
                }
            ],
            "used": [
                {
                    "name": "DmaIn.layer.copy_in_195",
                    "addr": 0,
                    "size": 3276800
                },
                {
                    "name": "FetchParam.layer.Activation.layer.Sigmoid_19.c.0.fetch_param_data.layer",
                    "addr": 3276800,
                    "size": 512
                },
                {
                    "name": "FetchParam.layer.Activation.layer.Sigmoid_19.c.1.fetch_param_data.layer",
                    "addr": 3277312,
                    "size": 512
                }
            ],
            "free": []
        },
        "kernel[3]": {
            "name": "Activation.layer.Sigmoid_19.c.0",
            "idx": 3,
            "mem_used_rate": 0.781494140625,
            "malloc": [
                {
                    "addr": 0,
                    "ori_size": 0,
                    "size": 1638400
                }
            ],
            "used": [
                {
                    "name": "DmaIn.layer.copy_in_195",
                    "addr": 0,
                    "size": 3276800
                },
                {
                    "name": "FetchParam.layer.Activation.layer.Sigmoid_19.c.0.fetch_param_data.layer",
                    "addr": 3276800,
                    "size": 512
                },
                {
                    "name": "FetchParam.layer.Activation.layer.Sigmoid_19.c.1.fetch_param_data.layer",
                    "addr": 3277312,
                    "size": 512
                }
            ],
            "free": [
                {
                    "name": "Activation.layer.Sigmoid_19.c.0",
                    "addr": 3276800,
                    "size": 512
                }
            ]
        },
        "kernel[4]": {
            "name": "Activation.layer.Sigmoid_19.c.1",
            "idx": 4,
            "mem_used_rate": 0.7813720703125,
            "malloc": [
                {
                    "addr": 1638400,
                    "ori_size": 0,
                    "size": 1638400
                }
            ],
            "used": [
                {
                    "name": "DmaIn.layer.copy_in_195",
                    "addr": 0,
                    "size": 3276800
                },
                {
                    "name": "FetchParam.layer.Activation.layer.Sigmoid_19.c.0.fetch_param_data.layer",
                    "addr": 3276800,
                    "size": 512
                },
                {
                    "name": "FetchParam.layer.Activation.layer.Sigmoid_19.c.1.fetch_param_data.layer",
                    "addr": 3277312,
                    "size": 512
                }
            ],
            "free": [
                {
                    "name": "Activation.layer.Sigmoid_19.c.1",
                    "addr": 3277312,
                    "size": 512
                }
            ]
        },
        "kernel[5]": {
            "name": "DummyConcat.layer.Sigmoid_19.0",
            "idx": 5,
            "mem_used_rate": 0.781494140625,
            "malloc": [
                {
                    "addr": 0,
                    "ori_size": 0,
                    "size": 3276800
                }
            ],
            "used": [
                {
                    "name": "DmaIn.layer.copy_in_195",
                    "addr": 0,
                    "size": 3276800
                },
                {
                    "name": "FetchParam.layer.Activation.layer.Sigmoid_19.c.0.fetch_param_data.layer",
                    "addr": 3276800,
                    "size": 512
                },
                {
                    "name": "FetchParam.layer.Activation.layer.Sigmoid_19.c.1.fetch_param_data.layer",
                    "addr": 3277312,
                    "size": 512
                }
            ],
            "free": []
        },
        "kernel[6]": {
            "name": "DmaOut.layer.copy_out_196",
            "idx": 6,
            "mem_used_rate": 0.390625,
            "malloc": [],
            "used": [
                {
                    "name": "DmaIn.layer.copy_in_195",
                    "addr": 0,
                    "size": 3276800
                }
            ],
            "free": [
                {
                    "name": "DmaOut.layer.copy_out_196",
                    "addr": 0,
                    "size": 1638400
                },
                {
                    "name": "DmaOut.layer.copy_out_196",
                    "addr": 1638400,
                    "size": 1638400
                }
            ]
        }
    },
    "max_peak_size": [
        {
            "size": 3277824
        }
    ]
}