{
    "banks": [
        {
            "addr": 0,
            "size": 0
        }
    ],
    "patch_reserve": [],
    "param_reserve": [],
    "ops": {
        "kernel[0]": {
            "name": "DmaIn.layer.copy_in_2Fmodel2Fperson2Fhead_module2Fkpt_pred2E02Fkpt_pred2E02E12Fpointwise_conv2Fconv2FConv_output_0",
            "idx": 0,
            "mem_used_rate": 0.1015625,
            "malloc": [
                {
                    "addr": 0,
                    "ori_size": 0,
                    "size": 425984
                }
            ],
            "used": [
                {
                    "name": "DmaIn.layer.copy_in_2Fmodel2Fperson2Fhead_module2Fkpt_pred2E02Fkpt_pred2E02E12Fpointwise_conv2Fconv2FConv_output_0",
                    "addr": 0,
                    "size": 425984
                }
            ],
            "free": []
        },
        "kernel[1]": {
            "name": "FetchParam.layer.Activation.layer./model/person/head_module/kpt_pred.0/kpt_pred.0.1/pointwise_conv/activate/Sigmoid.c.0.fetch_param_data.layer",
            "idx": 1,
            "mem_used_rate": 0.1016845703125,
            "malloc": [
                {
                    "addr": 425984,
                    "ori_size": 0,
                    "size": 512
                }
            ],
            "used": [
                {
                    "name": "DmaIn.layer.copy_in_2Fmodel2Fperson2Fhead_module2Fkpt_pred2E02Fkpt_pred2E02E12Fpointwise_conv2Fconv2FConv_output_0",
                    "addr": 0,
                    "size": 425984
                },
                {
                    "name": "FetchParam.layer.Activation.layer./model/person/head_module/kpt_pred.0/kpt_pred.0.1/pointwise_conv/activate/Sigmoid.c.0.fetch_param_data.layer",
                    "addr": 425984,
                    "size": 512
                }
            ],
            "free": []
        },
        "kernel[2]": {
            "name": "FetchParam.layer.Activation.layer./model/person/head_module/kpt_pred.0/kpt_pred.0.1/pointwise_conv/activate/Sigmoid.c.1.fetch_param_data.layer",
            "idx": 2,
            "mem_used_rate": 0.101806640625,
            "malloc": [
                {
                    "addr": 426496,
                    "ori_size": 0,
                    "size": 512
                }
            ],
            "used": [
                {
                    "name": "DmaIn.layer.copy_in_2Fmodel2Fperson2Fhead_module2Fkpt_pred2E02Fkpt_pred2E02E12Fpointwise_conv2Fconv2FConv_output_0",
                    "addr": 0,
                    "size": 425984
                },
                {
                    "name": "FetchParam.layer.Activation.layer./model/person/head_module/kpt_pred.0/kpt_pred.0.1/pointwise_conv/activate/Sigmoid.c.0.fetch_param_data.layer",
                    "addr": 425984,
                    "size": 512
                },
                {
                    "name": "FetchParam.layer.Activation.layer./model/person/head_module/kpt_pred.0/kpt_pred.0.1/pointwise_conv/activate/Sigmoid.c.1.fetch_param_data.layer",
                    "addr": 426496,
                    "size": 512
                }
            ],
            "free": []
        },
        "kernel[3]": {
            "name": "Activation.layer./model/person/head_module/kpt_pred.0/kpt_pred.0.1/pointwise_conv/activate/Sigmoid.c.0",
            "idx": 3,
            "mem_used_rate": 0.101806640625,
            "malloc": [
                {
                    "addr": 0,
                    "ori_size": 0,
                    "size": 212992
                }
            ],
            "used": [
                {
                    "name": "DmaIn.layer.copy_in_2Fmodel2Fperson2Fhead_module2Fkpt_pred2E02Fkpt_pred2E02E12Fpointwise_conv2Fconv2FConv_output_0",
                    "addr": 0,
                    "size": 425984
                },
                {
                    "name": "FetchParam.layer.Activation.layer./model/person/head_module/kpt_pred.0/kpt_pred.0.1/pointwise_conv/activate/Sigmoid.c.0.fetch_param_data.layer",
                    "addr": 425984,
                    "size": 512
                },
                {
                    "name": "FetchParam.layer.Activation.layer./model/person/head_module/kpt_pred.0/kpt_pred.0.1/pointwise_conv/activate/Sigmoid.c.1.fetch_param_data.layer",
                    "addr": 426496,
                    "size": 512
                }
            ],
            "free": [
                {
                    "name": "Activation.layer./model/person/head_module/kpt_pred.0/kpt_pred.0.1/pointwise_conv/activate/Sigmoid.c.0",
                    "addr": 425984,
                    "size": 512
                }
            ]
        },
        "kernel[4]": {
            "name": "Activation.layer./model/person/head_module/kpt_pred.0/kpt_pred.0.1/pointwise_conv/activate/Sigmoid.c.1",
            "idx": 4,
            "mem_used_rate": 0.1016845703125,
            "malloc": [
                {
                    "addr": 212992,
                    "ori_size": 0,
                    "size": 212992
                }
            ],
            "used": [
                {
                    "name": "DmaIn.layer.copy_in_2Fmodel2Fperson2Fhead_module2Fkpt_pred2E02Fkpt_pred2E02E12Fpointwise_conv2Fconv2FConv_output_0",
                    "addr": 0,
                    "size": 425984
                },
                {
                    "name": "FetchParam.layer.Activation.layer./model/person/head_module/kpt_pred.0/kpt_pred.0.1/pointwise_conv/activate/Sigmoid.c.0.fetch_param_data.layer",
                    "addr": 425984,
                    "size": 512
                },
                {
                    "name": "FetchParam.layer.Activation.layer./model/person/head_module/kpt_pred.0/kpt_pred.0.1/pointwise_conv/activate/Sigmoid.c.1.fetch_param_data.layer",
                    "addr": 426496,
                    "size": 512
                }
            ],
            "free": [
                {
                    "name": "Activation.layer./model/person/head_module/kpt_pred.0/kpt_pred.0.1/pointwise_conv/activate/Sigmoid.c.1",
                    "addr": 426496,
                    "size": 512
                }
            ]
        },
        "kernel[5]": {
            "name": "DummyConcat.layer./model/person/head_module/kpt_pred.0/kpt_pred.0.1/pointwise_conv/activate/Sigmoid.0",
            "idx": 5,
            "mem_used_rate": 0.101806640625,
            "malloc": [
                {
                    "addr": 0,
                    "ori_size": 0,
                    "size": 425984
                }
            ],
            "used": [
                {
                    "name": "DmaIn.layer.copy_in_2Fmodel2Fperson2Fhead_module2Fkpt_pred2E02Fkpt_pred2E02E12Fpointwise_conv2Fconv2FConv_output_0",
                    "addr": 0,
                    "size": 425984
                },
                {
                    "name": "FetchParam.layer.Activation.layer./model/person/head_module/kpt_pred.0/kpt_pred.0.1/pointwise_conv/activate/Sigmoid.c.0.fetch_param_data.layer",
                    "addr": 425984,
                    "size": 512
                },
                {
                    "name": "FetchParam.layer.Activation.layer./model/person/head_module/kpt_pred.0/kpt_pred.0.1/pointwise_conv/activate/Sigmoid.c.1.fetch_param_data.layer",
                    "addr": 426496,
                    "size": 512
                }
            ],
            "free": []
        },
        "kernel[6]": {
            "name": "DmaOut.layer.copy_out_2Fmodel2Fperson2Fhead_module2Fkpt_pred2E02Fkpt_pred2E02E12Fpointwise_conv2Factivate2FSigmoid_output_0",
            "idx": 6,
            "mem_used_rate": 0.05078125,
            "malloc": [],
            "used": [
                {
                    "name": "DmaIn.layer.copy_in_2Fmodel2Fperson2Fhead_module2Fkpt_pred2E02Fkpt_pred2E02E12Fpointwise_conv2Fconv2FConv_output_0",
                    "addr": 0,
                    "size": 425984
                }
            ],
            "free": [
                {
                    "name": "DmaOut.layer.copy_out_2Fmodel2Fperson2Fhead_module2Fkpt_pred2E02Fkpt_pred2E02E12Fpointwise_conv2Factivate2FSigmoid_output_0",
                    "addr": 0,
                    "size": 212992
                },
                {
                    "name": "DmaOut.layer.copy_out_2Fmodel2Fperson2Fhead_module2Fkpt_pred2E02Fkpt_pred2E02E12Fpointwise_conv2Factivate2FSigmoid_output_0",
                    "addr": 212992,
                    "size": 212992
                }
            ]
        }
    },
    "max_peak_size": [
        {
            "size": 427008
        }
    ]
}