{
    "banks": [
        {
            "addr": 0,
            "size": 0
        }
    ],
    "patch_reserve": [],
    "param_reserve": [],
    "ops": {
        "kernel[0]": {
            "name": "DmaIn.layer.copy_in_PPQ_Variable_201",
            "idx": 0,
            "mem_used_rate": 0.048828125,
            "malloc": [
                {
                    "addr": 3989504,
                    "ori_size": 0,
                    "size": 204800
                }
            ],
            "used": [
                {
                    "name": "DmaIn.layer.copy_in_PPQ_Variable_201",
                    "addr": 3989504,
                    "size": 204800
                }
            ],
            "free": []
        },
        "kernel[1]": {
            "name": "FetchParam.layer.Conv2d.layer.Conv_279_im_0.split.co.0.fetch_param_data.layer",
            "idx": 1,
            "mem_used_rate": 0.0498046875,
            "malloc": [
                {
                    "addr": 0,
                    "ori_size": 0,
                    "size": 4096
                }
            ],
            "used": [
                {
                    "name": "DmaIn.layer.copy_in_PPQ_Variable_201",
                    "addr": 3989504,
                    "size": 204800
                },
                {
                    "name": "FetchParam.layer.Conv2d.layer.Conv_279_im_0.split.co.0.fetch_param_data.layer",
                    "addr": 0,
                    "size": 4096
                }
            ],
            "free": []
        },
        "kernel[2]": {
            "name": "FetchParam.layer.Conv2d.layer.Conv_279_im_0.split.co.1.fetch_param_data.layer",
            "idx": 2,
            "mem_used_rate": 0.05078125,
            "malloc": [
                {
                    "addr": 4096,
                    "ori_size": 0,
                    "size": 4096
                }
            ],
            "used": [
                {
                    "name": "DmaIn.layer.copy_in_PPQ_Variable_201",
                    "addr": 3989504,
                    "size": 204800
                },
                {
                    "name": "FetchParam.layer.Conv2d.layer.Conv_279_im_0.split.co.0.fetch_param_data.layer",
                    "addr": 0,
                    "size": 4096
                },
                {
                    "name": "FetchParam.layer.Conv2d.layer.Conv_279_im_0.split.co.1.fetch_param_data.layer",
                    "addr": 4096,
                    "size": 4096
                }
            ],
            "free": []
        },
        "kernel[3]": {
            "name": "DummyConcat.layer.Conv_279_im_0.0",
            "idx": 3,
            "mem_used_rate": 0.1240234375,
            "malloc": [
                {
                    "addr": 8192,
                    "ori_size": 0,
                    "size": 307200
                }
            ],
            "used": [
                {
                    "name": "DmaIn.layer.copy_in_PPQ_Variable_201",
                    "addr": 3989504,
                    "size": 204800
                },
                {
                    "name": "FetchParam.layer.Conv2d.layer.Conv_279_im_0.split.co.0.fetch_param_data.layer",
                    "addr": 0,
                    "size": 4096
                },
                {
                    "name": "FetchParam.layer.Conv2d.layer.Conv_279_im_0.split.co.1.fetch_param_data.layer",
                    "addr": 4096,
                    "size": 4096
                },
                {
                    "name": "DummyConcat.layer.Conv_279_im_0.0",
                    "addr": 8192,
                    "size": 307200
                }
            ],
            "free": []
        },
        "kernel[4]": {
            "name": "Conv2d.layer.Conv_279_im_0.split.co.0",
            "idx": 4,
            "mem_used_rate": 0.1240234375,
            "malloc": [],
            "used": [
                {
                    "name": "DmaIn.layer.copy_in_PPQ_Variable_201",
                    "addr": 3989504,
                    "size": 204800
                },
                {
                    "name": "FetchParam.layer.Conv2d.layer.Conv_279_im_0.split.co.0.fetch_param_data.layer",
                    "addr": 0,
                    "size": 4096
                },
                {
                    "name": "FetchParam.layer.Conv2d.layer.Conv_279_im_0.split.co.1.fetch_param_data.layer",
                    "addr": 4096,
                    "size": 4096
                },
                {
                    "name": "DummyConcat.layer.Conv_279_im_0.0",
                    "addr": 8192,
                    "size": 307200
                }
            ],
            "free": [
                {
                    "name": "Conv2d.layer.Conv_279_im_0.split.co.0",
                    "addr": 0,
                    "size": 4096
                }
            ]
        },
        "kernel[5]": {
            "name": "Conv2d.layer.Conv_279_im_0.split.co.1",
            "idx": 5,
            "mem_used_rate": 0.07421875,
            "malloc": [],
            "used": [
                {
                    "name": "DmaIn.layer.copy_in_PPQ_Variable_201",
                    "addr": 3989504,
                    "size": 204800
                },
                {
                    "name": "FetchParam.layer.Conv2d.layer.Conv_279_im_0.split.co.1.fetch_param_data.layer",
                    "addr": 4096,
                    "size": 4096
                },
                {
                    "name": "DummyConcat.layer.Conv_279_im_0.0",
                    "addr": 8192,
                    "size": 307200
                }
            ],
            "free": [
                {
                    "name": "Conv2d.layer.Conv_279_im_0.split.co.1",
                    "addr": 3989504,
                    "size": 204800
                },
                {
                    "name": "Conv2d.layer.Conv_279_im_0.split.co.1",
                    "addr": 4096,
                    "size": 4096
                }
            ]
        },
        "kernel[6]": {
            "name": "DmaOut.layer.copy_out_494",
            "idx": 6,
            "mem_used_rate": 0.03662109375,
            "malloc": [],
            "used": [
                {
                    "name": "DummyConcat.layer.Conv_279_im_0.0",
                    "addr": 8192,
                    "size": 307200
                }
            ],
            "free": [
                {
                    "name": "DmaOut.layer.copy_out_494",
                    "addr": 8192,
                    "size": 153600
                },
                {
                    "name": "DmaOut.layer.copy_out_494",
                    "addr": 161792,
                    "size": 153600
                }
            ]
        }
    },
    "max_peak_size": [
        {
            "size": 307200
        }
    ]
}