{
    "banks": [
        {
            "addr": 0,
            "size": 0
        }
    ],
    "patch_reserve": [],
    "param_reserve": [],
    "ops": {
        "kernel[0]": {
            "name": "DmaIn.layer.copy_in_2Fmodel2Fperson2Fhead_module2Fkpt_pred2E02Fkpt_pred2E02E12Fpointwise_conv2Fconv2FConv_output_0",
            "idx": 0,
            "mem_used_rate": 0.1015625,
            "malloc": [
                {
                    "addr": 3768320,
                    "ori_size": 0,
                    "size": 425984
                }
            ],
            "used": [
                {
                    "name": "DmaIn.layer.copy_in_2Fmodel2Fperson2Fhead_module2Fkpt_pred2E02Fkpt_pred2E02E12Fpointwise_conv2Fconv2FConv_output_0",
                    "addr": 3768320,
                    "size": 425984
                }
            ],
            "free": []
        },
        "kernel[1]": {
            "name": "DmaIn.layer.copy_in_2Fmodel2Fperson2Fhead_module2Fkpt_pred2E02Fkpt_pred2E02E12Fpointwise_conv2Factivate2FSigmoid_output_0",
            "idx": 1,
            "mem_used_rate": 0.203125,
            "malloc": [
                {
                    "addr": 0,
                    "ori_size": 0,
                    "size": 425984
                }
            ],
            "used": [
                {
                    "name": "DmaIn.layer.copy_in_2Fmodel2Fperson2Fhead_module2Fkpt_pred2E02Fkpt_pred2E02E12Fpointwise_conv2Fconv2FConv_output_0",
                    "addr": 3768320,
                    "size": 425984
                },
                {
                    "name": "DmaIn.layer.copy_in_2Fmodel2Fperson2Fhead_module2Fkpt_pred2E02Fkpt_pred2E02E12Fpointwise_conv2Factivate2FSigmoid_output_0",
                    "addr": 0,
                    "size": 425984
                }
            ],
            "free": []
        },
        "kernel[2]": {
            "name": "Eltwise.layer./model/person/head_module/kpt_pred.0/kpt_pred.0.1/pointwise_conv/activate/Mul",
            "idx": 2,
            "mem_used_rate": 0.203125,
            "malloc": [
                {
                    "addr": 3768320,
                    "ori_size": 0,
                    "size": 425984
                }
            ],
            "used": [
                {
                    "name": "DmaIn.layer.copy_in_2Fmodel2Fperson2Fhead_module2Fkpt_pred2E02Fkpt_pred2E02E12Fpointwise_conv2Fconv2FConv_output_0",
                    "addr": 3768320,
                    "size": 425984
                },
                {
                    "name": "DmaIn.layer.copy_in_2Fmodel2Fperson2Fhead_module2Fkpt_pred2E02Fkpt_pred2E02E12Fpointwise_conv2Factivate2FSigmoid_output_0",
                    "addr": 0,
                    "size": 425984
                }
            ],
            "free": [
                {
                    "name": "Eltwise.layer./model/person/head_module/kpt_pred.0/kpt_pred.0.1/pointwise_conv/activate/Mul",
                    "addr": 0,
                    "size": 425984
                }
            ]
        },
        "kernel[3]": {
            "name": "FetchParam.layer./model/person/head_module/kpt_pred.0/kpt_pred.0.2/Add.fetch_param_data.kernel",
            "idx": 3,
            "mem_used_rate": 0.10162353515625,
            "malloc": [
                {
                    "addr": 425984,
                    "ori_size": 0,
                    "size": 256
                }
            ],
            "used": [
                {
                    "name": "DmaIn.layer.copy_in_2Fmodel2Fperson2Fhead_module2Fkpt_pred2E02Fkpt_pred2E02E12Fpointwise_conv2Fconv2FConv_output_0",
                    "addr": 3768320,
                    "size": 425984
                },
                {
                    "name": "FetchParam.layer./model/person/head_module/kpt_pred.0/kpt_pred.0.2/Add.fetch_param_data.kernel",
                    "addr": 425984,
                    "size": 256
                }
            ],
            "free": []
        },
        "kernel[4]": {
            "name": "BatchNorm.layer./model/person/head_module/kpt_pred.0/kpt_pred.0.2/Add",
            "idx": 4,
            "mem_used_rate": 0.10162353515625,
            "malloc": [
                {
                    "addr": 3768320,
                    "ori_size": 0,
                    "size": 425984
                }
            ],
            "used": [
                {
                    "name": "DmaIn.layer.copy_in_2Fmodel2Fperson2Fhead_module2Fkpt_pred2E02Fkpt_pred2E02E12Fpointwise_conv2Fconv2FConv_output_0",
                    "addr": 3768320,
                    "size": 425984
                },
                {
                    "name": "FetchParam.layer./model/person/head_module/kpt_pred.0/kpt_pred.0.2/Add.fetch_param_data.kernel",
                    "addr": 425984,
                    "size": 256
                }
            ],
            "free": [
                {
                    "name": "BatchNorm.layer./model/person/head_module/kpt_pred.0/kpt_pred.0.2/Add",
                    "addr": 425984,
                    "size": 256
                }
            ]
        },
        "kernel[5]": {
            "name": "FetchParam.layer.Conv2d.layer./model/person/head_module/kpt_pred.0/kpt_pred.0.3/Conv_im_0.split.co.0.fetch_param_data.layer",
            "idx": 5,
            "mem_used_rate": 0.10235595703125,
            "malloc": [
                {
                    "addr": 426240,
                    "ori_size": 0,
                    "size": 3328
                }
            ],
            "used": [
                {
                    "name": "DmaIn.layer.copy_in_2Fmodel2Fperson2Fhead_module2Fkpt_pred2E02Fkpt_pred2E02E12Fpointwise_conv2Fconv2FConv_output_0",
                    "addr": 3768320,
                    "size": 425984
                },
                {
                    "name": "FetchParam.layer.Conv2d.layer./model/person/head_module/kpt_pred.0/kpt_pred.0.3/Conv_im_0.split.co.0.fetch_param_data.layer",
                    "addr": 426240,
                    "size": 3328
                }
            ],
            "free": []
        },
        "kernel[6]": {
            "name": "FetchParam.layer.Conv2d.layer./model/person/head_module/kpt_pred.0/kpt_pred.0.3/Conv_im_0.split.co.1.fetch_param_data.layer",
            "idx": 6,
            "mem_used_rate": 0.1031494140625,
            "malloc": [
                {
                    "addr": 429568,
                    "ori_size": 0,
                    "size": 3328
                }
            ],
            "used": [
                {
                    "name": "DmaIn.layer.copy_in_2Fmodel2Fperson2Fhead_module2Fkpt_pred2E02Fkpt_pred2E02E12Fpointwise_conv2Fconv2FConv_output_0",
                    "addr": 3768320,
                    "size": 425984
                },
                {
                    "name": "FetchParam.layer.Conv2d.layer./model/person/head_module/kpt_pred.0/kpt_pred.0.3/Conv_im_0.split.co.0.fetch_param_data.layer",
                    "addr": 426240,
                    "size": 3328
                },
                {
                    "name": "FetchParam.layer.Conv2d.layer./model/person/head_module/kpt_pred.0/kpt_pred.0.3/Conv_im_0.split.co.1.fetch_param_data.layer",
                    "addr": 429568,
                    "size": 3328
                }
            ],
            "free": []
        },
        "kernel[7]": {
            "name": "DummyConcat.layer./model/person/head_module/kpt_pred.0/kpt_pred.0.3/Conv_im_0.1",
            "idx": 7,
            "mem_used_rate": 0.1856689453125,
            "malloc": [
                {
                    "addr": 432896,
                    "ori_size": 0,
                    "size": 346112
                }
            ],
            "used": [
                {
                    "name": "DmaIn.layer.copy_in_2Fmodel2Fperson2Fhead_module2Fkpt_pred2E02Fkpt_pred2E02E12Fpointwise_conv2Fconv2FConv_output_0",
                    "addr": 3768320,
                    "size": 425984
                },
                {
                    "name": "FetchParam.layer.Conv2d.layer./model/person/head_module/kpt_pred.0/kpt_pred.0.3/Conv_im_0.split.co.0.fetch_param_data.layer",
                    "addr": 426240,
                    "size": 3328
                },
                {
                    "name": "FetchParam.layer.Conv2d.layer./model/person/head_module/kpt_pred.0/kpt_pred.0.3/Conv_im_0.split.co.1.fetch_param_data.layer",
                    "addr": 429568,
                    "size": 3328
                },
                {
                    "name": "DummyConcat.layer./model/person/head_module/kpt_pred.0/kpt_pred.0.3/Conv_im_0.1",
                    "addr": 432896,
                    "size": 346112
                }
            ],
            "free": []
        },
        "kernel[8]": {
            "name": "FetchParam.layer.Conv2d.layer./model/person/head_module/kpt_pred.0/kpt_pred.0.3/Conv_im_0.split.co.2.fetch_param_data.layer",
            "idx": 8,
            "mem_used_rate": 0.18585205078125,
            "malloc": [
                {
                    "addr": 779008,
                    "ori_size": 0,
                    "size": 768
                }
            ],
            "used": [
                {
                    "name": "DmaIn.layer.copy_in_2Fmodel2Fperson2Fhead_module2Fkpt_pred2E02Fkpt_pred2E02E12Fpointwise_conv2Fconv2FConv_output_0",
                    "addr": 3768320,
                    "size": 425984
                },
                {
                    "name": "FetchParam.layer.Conv2d.layer./model/person/head_module/kpt_pred.0/kpt_pred.0.3/Conv_im_0.split.co.0.fetch_param_data.layer",
                    "addr": 426240,
                    "size": 3328
                },
                {
                    "name": "FetchParam.layer.Conv2d.layer./model/person/head_module/kpt_pred.0/kpt_pred.0.3/Conv_im_0.split.co.1.fetch_param_data.layer",
                    "addr": 429568,
                    "size": 3328
                },
                {
                    "name": "DummyConcat.layer./model/person/head_module/kpt_pred.0/kpt_pred.0.3/Conv_im_0.1",
                    "addr": 432896,
                    "size": 346112
                },
                {
                    "name": "FetchParam.layer.Conv2d.layer./model/person/head_module/kpt_pred.0/kpt_pred.0.3/Conv_im_0.split.co.2.fetch_param_data.layer",
                    "addr": 779008,
                    "size": 768
                }
            ],
            "free": []
        },
        "kernel[9]": {
            "name": "Conv2d.layer./model/person/head_module/kpt_pred.0/kpt_pred.0.3/Conv_im_0.split.co.0",
            "idx": 9,
            "mem_used_rate": 0.18585205078125,
            "malloc": [],
            "used": [
                {
                    "name": "DmaIn.layer.copy_in_2Fmodel2Fperson2Fhead_module2Fkpt_pred2E02Fkpt_pred2E02E12Fpointwise_conv2Fconv2FConv_output_0",
                    "addr": 3768320,
                    "size": 425984
                },
                {
                    "name": "FetchParam.layer.Conv2d.layer./model/person/head_module/kpt_pred.0/kpt_pred.0.3/Conv_im_0.split.co.0.fetch_param_data.layer",
                    "addr": 426240,
                    "size": 3328
                },
                {
                    "name": "FetchParam.layer.Conv2d.layer./model/person/head_module/kpt_pred.0/kpt_pred.0.3/Conv_im_0.split.co.1.fetch_param_data.layer",
                    "addr": 429568,
                    "size": 3328
                },
                {
                    "name": "DummyConcat.layer./model/person/head_module/kpt_pred.0/kpt_pred.0.3/Conv_im_0.1",
                    "addr": 432896,
                    "size": 346112
                },
                {
                    "name": "FetchParam.layer.Conv2d.layer./model/person/head_module/kpt_pred.0/kpt_pred.0.3/Conv_im_0.split.co.2.fetch_param_data.layer",
                    "addr": 779008,
                    "size": 768
                }
            ],
            "free": [
                {
                    "name": "Conv2d.layer./model/person/head_module/kpt_pred.0/kpt_pred.0.3/Conv_im_0.split.co.0",
                    "addr": 426240,
                    "size": 3328
                }
            ]
        },
        "kernel[10]": {
            "name": "Conv2d.layer./model/person/head_module/kpt_pred.0/kpt_pred.0.3/Conv_im_0.split.co.1",
            "idx": 10,
            "mem_used_rate": 0.18505859375,
            "malloc": [],
            "used": [
                {
                    "name": "DmaIn.layer.copy_in_2Fmodel2Fperson2Fhead_module2Fkpt_pred2E02Fkpt_pred2E02E12Fpointwise_conv2Fconv2FConv_output_0",
                    "addr": 3768320,
                    "size": 425984
                },
                {
                    "name": "FetchParam.layer.Conv2d.layer./model/person/head_module/kpt_pred.0/kpt_pred.0.3/Conv_im_0.split.co.1.fetch_param_data.layer",
                    "addr": 429568,
                    "size": 3328
                },
                {
                    "name": "DummyConcat.layer./model/person/head_module/kpt_pred.0/kpt_pred.0.3/Conv_im_0.1",
                    "addr": 432896,
                    "size": 346112
                },
                {
                    "name": "FetchParam.layer.Conv2d.layer./model/person/head_module/kpt_pred.0/kpt_pred.0.3/Conv_im_0.split.co.2.fetch_param_data.layer",
                    "addr": 779008,
                    "size": 768
                }
            ],
            "free": [
                {
                    "name": "Conv2d.layer./model/person/head_module/kpt_pred.0/kpt_pred.0.3/Conv_im_0.split.co.1",
                    "addr": 429568,
                    "size": 3328
                }
            ]
        },
        "kernel[11]": {
            "name": "Conv2d.layer./model/person/head_module/kpt_pred.0/kpt_pred.0.3/Conv_im_0.split.co.2",
            "idx": 11,
            "mem_used_rate": 0.08270263671875,
            "malloc": [],
            "used": [
                {
                    "name": "DmaIn.layer.copy_in_2Fmodel2Fperson2Fhead_module2Fkpt_pred2E02Fkpt_pred2E02E12Fpointwise_conv2Fconv2FConv_output_0",
                    "addr": 3768320,
                    "size": 425984
                },
                {
                    "name": "DummyConcat.layer./model/person/head_module/kpt_pred.0/kpt_pred.0.3/Conv_im_0.1",
                    "addr": 432896,
                    "size": 346112
                },
                {
                    "name": "FetchParam.layer.Conv2d.layer./model/person/head_module/kpt_pred.0/kpt_pred.0.3/Conv_im_0.split.co.2.fetch_param_data.layer",
                    "addr": 779008,
                    "size": 768
                }
            ],
            "free": [
                {
                    "name": "Conv2d.layer./model/person/head_module/kpt_pred.0/kpt_pred.0.3/Conv_im_0.split.co.2",
                    "addr": 3768320,
                    "size": 425984
                },
                {
                    "name": "Conv2d.layer./model/person/head_module/kpt_pred.0/kpt_pred.0.3/Conv_im_0.split.co.2",
                    "addr": 779008,
                    "size": 768
                }
            ]
        },
        "kernel[12]": {
            "name": "FetchParam.layer./model/person/head_module/kpt_pred.0/kpt_pred.0.4/Mul.fetch_param_data.kernel",
            "idx": 12,
            "mem_used_rate": 0.08258056640625,
            "malloc": [
                {
                    "addr": 779776,
                    "ori_size": 0,
                    "size": 256
                }
            ],
            "used": [
                {
                    "name": "DummyConcat.layer./model/person/head_module/kpt_pred.0/kpt_pred.0.3/Conv_im_0.1",
                    "addr": 432896,
                    "size": 346112
                },
                {
                    "name": "FetchParam.layer./model/person/head_module/kpt_pred.0/kpt_pred.0.4/Mul.fetch_param_data.kernel",
                    "addr": 779776,
                    "size": 256
                }
            ],
            "free": []
        },
        "kernel[13]": {
            "name": "BatchNorm.layer./model/person/head_module/kpt_pred.0/kpt_pred.0.4/Mul",
            "idx": 13,
            "mem_used_rate": 0.08258056640625,
            "malloc": [
                {
                    "addr": 432896,
                    "ori_size": 0,
                    "size": 346112
                }
            ],
            "used": [
                {
                    "name": "DummyConcat.layer./model/person/head_module/kpt_pred.0/kpt_pred.0.3/Conv_im_0.1",
                    "addr": 432896,
                    "size": 346112
                },
                {
                    "name": "FetchParam.layer./model/person/head_module/kpt_pred.0/kpt_pred.0.4/Mul.fetch_param_data.kernel",
                    "addr": 779776,
                    "size": 256
                }
            ],
            "free": [
                {
                    "name": "BatchNorm.layer./model/person/head_module/kpt_pred.0/kpt_pred.0.4/Mul",
                    "addr": 779776,
                    "size": 256
                }
            ]
        },
        "kernel[14]": {
            "name": "DmaOut.layer.copy_out_2Fmodel2Fperson2Fhead_module2Fkpt_pred2E02Fkpt_pred2E02E42FMul_output_0",
            "idx": 14,
            "mem_used_rate": 0.08251953125,
            "malloc": [],
            "used": [
                {
                    "name": "DummyConcat.layer./model/person/head_module/kpt_pred.0/kpt_pred.0.3/Conv_im_0.1",
                    "addr": 432896,
                    "size": 346112
                }
            ],
            "free": [
                {
                    "name": "DmaOut.layer.copy_out_2Fmodel2Fperson2Fhead_module2Fkpt_pred2E02Fkpt_pred2E02E42FMul_output_0",
                    "addr": 432896,
                    "size": 346112
                }
            ]
        }
    },
    "max_peak_size": [
        {
            "size": 851968
        }
    ]
}