{
    "banks": [
        {
            "addr": 0,
            "size": 0
        }
    ],
    "patch_reserve": [],
    "param_reserve": [],
    "ops": {
        "kernel[0]": {
            "name": "DmaIn.layer.copy_in_PPQ_Variable_132",
            "idx": 0,
            "mem_used_rate": 0.234375,
            "malloc": [
                {
                    "addr": 3211264,
                    "ori_size": 0,
                    "size": 983040
                }
            ],
            "used": [
                {
                    "name": "DmaIn.layer.copy_in_PPQ_Variable_132",
                    "addr": 3211264,
                    "size": 983040
                }
            ],
            "free": []
        },
        "kernel[1]": {
            "name": "FetchParam.layer.Conv2d.layer.Conv_151_im_0.split.co.0.fetch_param_data.layer",
            "idx": 1,
            "mem_used_rate": 0.24029541015625,
            "malloc": [
                {
                    "addr": 0,
                    "ori_size": 0,
                    "size": 24832
                }
            ],
            "used": [
                {
                    "name": "DmaIn.layer.copy_in_PPQ_Variable_132",
                    "addr": 3211264,
                    "size": 983040
                },
                {
                    "name": "FetchParam.layer.Conv2d.layer.Conv_151_im_0.split.co.0.fetch_param_data.layer",
                    "addr": 0,
                    "size": 24832
                }
            ],
            "free": []
        },
        "kernel[2]": {
            "name": "FetchParam.layer.Conv2d.layer.Conv_151_im_0.split.co.1.fetch_param_data.layer",
            "idx": 2,
            "mem_used_rate": 0.2462158203125,
            "malloc": [
                {
                    "addr": 24832,
                    "ori_size": 0,
                    "size": 24832
                }
            ],
            "used": [
                {
                    "name": "DmaIn.layer.copy_in_PPQ_Variable_132",
                    "addr": 3211264,
                    "size": 983040
                },
                {
                    "name": "FetchParam.layer.Conv2d.layer.Conv_151_im_0.split.co.0.fetch_param_data.layer",
                    "addr": 0,
                    "size": 24832
                },
                {
                    "name": "FetchParam.layer.Conv2d.layer.Conv_151_im_0.split.co.1.fetch_param_data.layer",
                    "addr": 24832,
                    "size": 24832
                }
            ],
            "free": []
        },
        "kernel[3]": {
            "name": "DummyConcat.layer.Conv_151_im_0.0",
            "idx": 3,
            "mem_used_rate": 0.3634033203125,
            "malloc": [
                {
                    "addr": 49664,
                    "ori_size": 0,
                    "size": 491520
                }
            ],
            "used": [
                {
                    "name": "DmaIn.layer.copy_in_PPQ_Variable_132",
                    "addr": 3211264,
                    "size": 983040
                },
                {
                    "name": "FetchParam.layer.Conv2d.layer.Conv_151_im_0.split.co.0.fetch_param_data.layer",
                    "addr": 0,
                    "size": 24832
                },
                {
                    "name": "FetchParam.layer.Conv2d.layer.Conv_151_im_0.split.co.1.fetch_param_data.layer",
                    "addr": 24832,
                    "size": 24832
                },
                {
                    "name": "DummyConcat.layer.Conv_151_im_0.0",
                    "addr": 49664,
                    "size": 491520
                }
            ],
            "free": []
        },
        "kernel[4]": {
            "name": "Conv2d.layer.Conv_151_im_0.split.co.0",
            "idx": 4,
            "mem_used_rate": 0.3634033203125,
            "malloc": [],
            "used": [
                {
                    "name": "DmaIn.layer.copy_in_PPQ_Variable_132",
                    "addr": 3211264,
                    "size": 983040
                },
                {
                    "name": "FetchParam.layer.Conv2d.layer.Conv_151_im_0.split.co.0.fetch_param_data.layer",
                    "addr": 0,
                    "size": 24832
                },
                {
                    "name": "FetchParam.layer.Conv2d.layer.Conv_151_im_0.split.co.1.fetch_param_data.layer",
                    "addr": 24832,
                    "size": 24832
                },
                {
                    "name": "DummyConcat.layer.Conv_151_im_0.0",
                    "addr": 49664,
                    "size": 491520
                }
            ],
            "free": [
                {
                    "name": "Conv2d.layer.Conv_151_im_0.split.co.0",
                    "addr": 0,
                    "size": 24832
                }
            ]
        },
        "kernel[5]": {
            "name": "Conv2d.layer.Conv_151_im_0.split.co.1",
            "idx": 5,
            "mem_used_rate": 0.12310791015625,
            "malloc": [],
            "used": [
                {
                    "name": "DmaIn.layer.copy_in_PPQ_Variable_132",
                    "addr": 3211264,
                    "size": 983040
                },
                {
                    "name": "FetchParam.layer.Conv2d.layer.Conv_151_im_0.split.co.1.fetch_param_data.layer",
                    "addr": 24832,
                    "size": 24832
                },
                {
                    "name": "DummyConcat.layer.Conv_151_im_0.0",
                    "addr": 49664,
                    "size": 491520
                }
            ],
            "free": [
                {
                    "name": "Conv2d.layer.Conv_151_im_0.split.co.1",
                    "addr": 3211264,
                    "size": 983040
                },
                {
                    "name": "Conv2d.layer.Conv_151_im_0.split.co.1",
                    "addr": 24832,
                    "size": 24832
                }
            ]
        },
        "kernel[6]": {
            "name": "DmaOut.layer.copy_out_359",
            "idx": 6,
            "mem_used_rate": 0.05859375,
            "malloc": [],
            "used": [
                {
                    "name": "DummyConcat.layer.Conv_151_im_0.0",
                    "addr": 49664,
                    "size": 491520
                }
            ],
            "free": [
                {
                    "name": "DmaOut.layer.copy_out_359",
                    "addr": 49664,
                    "size": 245760
                },
                {
                    "name": "DmaOut.layer.copy_out_359",
                    "addr": 295424,
                    "size": 245760
                }
            ]
        }
    },
    "max_peak_size": [
        {
            "size": 1032704
        }
    ]
}