{
    "banks": [
        {
            "addr": 0,
            "size": 0
        }
    ],
    "patch_reserve": [],
    "param_reserve": [],
    "ops": {
        "kernel[0]": {
            "name": "DmaIn.layer.copy_in_PPQ_Variable_180",
            "idx": 0,
            "mem_used_rate": 0.078125,
            "malloc": [
                {
                    "addr": 3866624,
                    "ori_size": 0,
                    "size": 327680
                }
            ],
            "used": [
                {
                    "name": "DmaIn.layer.copy_in_PPQ_Variable_180",
                    "addr": 3866624,
                    "size": 327680
                }
            ],
            "free": []
        },
        "kernel[1]": {
            "name": "FetchParam.layer.Conv2d.layer.Conv_267_im_0.0.fetch_param_data.layer",
            "idx": 1,
            "mem_used_rate": 0.07818603515625,
            "malloc": [
                {
                    "addr": 0,
                    "ori_size": 0,
                    "size": 256
                }
            ],
            "used": [
                {
                    "name": "DmaIn.layer.copy_in_PPQ_Variable_180",
                    "addr": 3866624,
                    "size": 327680
                },
                {
                    "name": "FetchParam.layer.Conv2d.layer.Conv_267_im_0.0.fetch_param_data.layer",
                    "addr": 0,
                    "size": 256
                }
            ],
            "free": []
        },
        "kernel[2]": {
            "name": "FetchParam.layer.Conv2d.layer.Conv_267_im_0.1.fetch_param_data.layer",
            "idx": 2,
            "mem_used_rate": 0.0782470703125,
            "malloc": [
                {
                    "addr": 256,
                    "ori_size": 0,
                    "size": 256
                }
            ],
            "used": [
                {
                    "name": "DmaIn.layer.copy_in_PPQ_Variable_180",
                    "addr": 3866624,
                    "size": 327680
                },
                {
                    "name": "FetchParam.layer.Conv2d.layer.Conv_267_im_0.0.fetch_param_data.layer",
                    "addr": 0,
                    "size": 256
                },
                {
                    "name": "FetchParam.layer.Conv2d.layer.Conv_267_im_0.1.fetch_param_data.layer",
                    "addr": 256,
                    "size": 256
                }
            ],
            "free": []
        },
        "kernel[3]": {
            "name": "DummyConcat.layer.Conv_267_im_0.14",
            "idx": 3,
            "mem_used_rate": 0.1954345703125,
            "malloc": [
                {
                    "addr": 512,
                    "ori_size": 0,
                    "size": 491520
                }
            ],
            "used": [
                {
                    "name": "DmaIn.layer.copy_in_PPQ_Variable_180",
                    "addr": 3866624,
                    "size": 327680
                },
                {
                    "name": "FetchParam.layer.Conv2d.layer.Conv_267_im_0.0.fetch_param_data.layer",
                    "addr": 0,
                    "size": 256
                },
                {
                    "name": "FetchParam.layer.Conv2d.layer.Conv_267_im_0.1.fetch_param_data.layer",
                    "addr": 256,
                    "size": 256
                },
                {
                    "name": "DummyConcat.layer.Conv_267_im_0.14",
                    "addr": 512,
                    "size": 491520
                }
            ],
            "free": []
        },
        "kernel[4]": {
            "name": "FetchParam.layer.Conv2d.layer.Conv_267_im_0.2.fetch_param_data.layer",
            "idx": 4,
            "mem_used_rate": 0.19549560546875,
            "malloc": [
                {
                    "addr": 492032,
                    "ori_size": 0,
                    "size": 256
                }
            ],
            "used": [
                {
                    "name": "DmaIn.layer.copy_in_PPQ_Variable_180",
                    "addr": 3866624,
                    "size": 327680
                },
                {
                    "name": "FetchParam.layer.Conv2d.layer.Conv_267_im_0.0.fetch_param_data.layer",
                    "addr": 0,
                    "size": 256
                },
                {
                    "name": "FetchParam.layer.Conv2d.layer.Conv_267_im_0.1.fetch_param_data.layer",
                    "addr": 256,
                    "size": 256
                },
                {
                    "name": "DummyConcat.layer.Conv_267_im_0.14",
                    "addr": 512,
                    "size": 491520
                },
                {
                    "name": "FetchParam.layer.Conv2d.layer.Conv_267_im_0.2.fetch_param_data.layer",
                    "addr": 492032,
                    "size": 256
                }
            ],
            "free": []
        },
        "kernel[5]": {
            "name": "FetchParam.layer.Conv2d.layer.Conv_267_im_0.3.fetch_param_data.layer",
            "idx": 5,
            "mem_used_rate": 0.195556640625,
            "malloc": [
                {
                    "addr": 492288,
                    "ori_size": 0,
                    "size": 256
                }
            ],
            "used": [
                {
                    "name": "DmaIn.layer.copy_in_PPQ_Variable_180",
                    "addr": 3866624,
                    "size": 327680
                },
                {
                    "name": "FetchParam.layer.Conv2d.layer.Conv_267_im_0.0.fetch_param_data.layer",
                    "addr": 0,
                    "size": 256
                },
                {
                    "name": "FetchParam.layer.Conv2d.layer.Conv_267_im_0.1.fetch_param_data.layer",
                    "addr": 256,
                    "size": 256
                },
                {
                    "name": "DummyConcat.layer.Conv_267_im_0.14",
                    "addr": 512,
                    "size": 491520
                },
                {
                    "name": "FetchParam.layer.Conv2d.layer.Conv_267_im_0.2.fetch_param_data.layer",
                    "addr": 492032,
                    "size": 256
                },
                {
                    "name": "FetchParam.layer.Conv2d.layer.Conv_267_im_0.3.fetch_param_data.layer",
                    "addr": 492288,
                    "size": 256
                }
            ],
            "free": []
        },
        "kernel[6]": {
            "name": "FetchParam.layer.Conv2d.layer.Conv_267_im_0.4.fetch_param_data.layer",
            "idx": 6,
            "mem_used_rate": 0.19561767578125,
            "malloc": [
                {
                    "addr": 492544,
                    "ori_size": 0,
                    "size": 256
                }
            ],
            "used": [
                {
                    "name": "DmaIn.layer.copy_in_PPQ_Variable_180",
                    "addr": 3866624,
                    "size": 327680
                },
                {
                    "name": "FetchParam.layer.Conv2d.layer.Conv_267_im_0.0.fetch_param_data.layer",
                    "addr": 0,
                    "size": 256
                },
                {
                    "name": "FetchParam.layer.Conv2d.layer.Conv_267_im_0.1.fetch_param_data.layer",
                    "addr": 256,
                    "size": 256
                },
                {
                    "name": "DummyConcat.layer.Conv_267_im_0.14",
                    "addr": 512,
                    "size": 491520
                },
                {
                    "name": "FetchParam.layer.Conv2d.layer.Conv_267_im_0.2.fetch_param_data.layer",
                    "addr": 492032,
                    "size": 256
                },
                {
                    "name": "FetchParam.layer.Conv2d.layer.Conv_267_im_0.3.fetch_param_data.layer",
                    "addr": 492288,
                    "size": 256
                },
                {
                    "name": "FetchParam.layer.Conv2d.layer.Conv_267_im_0.4.fetch_param_data.layer",
                    "addr": 492544,
                    "size": 256
                }
            ],
            "free": []
        },
        "kernel[7]": {
            "name": "FetchParam.layer.Conv2d.layer.Conv_267_im_0.5.fetch_param_data.layer",
            "idx": 7,
            "mem_used_rate": 0.1956787109375,
            "malloc": [
                {
                    "addr": 492800,
                    "ori_size": 0,
                    "size": 256
                }
            ],
            "used": [
                {
                    "name": "DmaIn.layer.copy_in_PPQ_Variable_180",
                    "addr": 3866624,
                    "size": 327680
                },
                {
                    "name": "FetchParam.layer.Conv2d.layer.Conv_267_im_0.0.fetch_param_data.layer",
                    "addr": 0,
                    "size": 256
                },
                {
                    "name": "FetchParam.layer.Conv2d.layer.Conv_267_im_0.1.fetch_param_data.layer",
                    "addr": 256,
                    "size": 256
                },
                {
                    "name": "DummyConcat.layer.Conv_267_im_0.14",
                    "addr": 512,
                    "size": 491520
                },
                {
                    "name": "FetchParam.layer.Conv2d.layer.Conv_267_im_0.2.fetch_param_data.layer",
                    "addr": 492032,
                    "size": 256
                },
                {
                    "name": "FetchParam.layer.Conv2d.layer.Conv_267_im_0.3.fetch_param_data.layer",
                    "addr": 492288,
                    "size": 256
                },
                {
                    "name": "FetchParam.layer.Conv2d.layer.Conv_267_im_0.4.fetch_param_data.layer",
                    "addr": 492544,
                    "size": 256
                },
                {
                    "name": "FetchParam.layer.Conv2d.layer.Conv_267_im_0.5.fetch_param_data.layer",
                    "addr": 492800,
                    "size": 256
                }
            ],
            "free": []
        },
        "kernel[8]": {
            "name": "FetchParam.layer.Conv2d.layer.Conv_267_im_0.6.fetch_param_data.layer",
            "idx": 8,
            "mem_used_rate": 0.19573974609375,
            "malloc": [
                {
                    "addr": 493056,
                    "ori_size": 0,
                    "size": 256
                }
            ],
            "used": [
                {
                    "name": "DmaIn.layer.copy_in_PPQ_Variable_180",
                    "addr": 3866624,
                    "size": 327680
                },
                {
                    "name": "FetchParam.layer.Conv2d.layer.Conv_267_im_0.0.fetch_param_data.layer",
                    "addr": 0,
                    "size": 256
                },
                {
                    "name": "FetchParam.layer.Conv2d.layer.Conv_267_im_0.1.fetch_param_data.layer",
                    "addr": 256,
                    "size": 256
                },
                {
                    "name": "DummyConcat.layer.Conv_267_im_0.14",
                    "addr": 512,
                    "size": 491520
                },
                {
                    "name": "FetchParam.layer.Conv2d.layer.Conv_267_im_0.2.fetch_param_data.layer",
                    "addr": 492032,
                    "size": 256
                },
                {
                    "name": "FetchParam.layer.Conv2d.layer.Conv_267_im_0.3.fetch_param_data.layer",
                    "addr": 492288,
                    "size": 256
                },
                {
                    "name": "FetchParam.layer.Conv2d.layer.Conv_267_im_0.4.fetch_param_data.layer",
                    "addr": 492544,
                    "size": 256
                },
                {
                    "name": "FetchParam.layer.Conv2d.layer.Conv_267_im_0.5.fetch_param_data.layer",
                    "addr": 492800,
                    "size": 256
                },
                {
                    "name": "FetchParam.layer.Conv2d.layer.Conv_267_im_0.6.fetch_param_data.layer",
                    "addr": 493056,
                    "size": 256
                }
            ],
            "free": []
        },
        "kernel[9]": {
            "name": "FetchParam.layer.Conv2d.layer.Conv_267_im_0.7.fetch_param_data.layer",
            "idx": 9,
            "mem_used_rate": 0.19580078125,
            "malloc": [
                {
                    "addr": 493312,
                    "ori_size": 0,
                    "size": 256
                }
            ],
            "used": [
                {
                    "name": "DmaIn.layer.copy_in_PPQ_Variable_180",
                    "addr": 3866624,
                    "size": 327680
                },
                {
                    "name": "FetchParam.layer.Conv2d.layer.Conv_267_im_0.0.fetch_param_data.layer",
                    "addr": 0,
                    "size": 256
                },
                {
                    "name": "FetchParam.layer.Conv2d.layer.Conv_267_im_0.1.fetch_param_data.layer",
                    "addr": 256,
                    "size": 256
                },
                {
                    "name": "DummyConcat.layer.Conv_267_im_0.14",
                    "addr": 512,
                    "size": 491520
                },
                {
                    "name": "FetchParam.layer.Conv2d.layer.Conv_267_im_0.2.fetch_param_data.layer",
                    "addr": 492032,
                    "size": 256
                },
                {
                    "name": "FetchParam.layer.Conv2d.layer.Conv_267_im_0.3.fetch_param_data.layer",
                    "addr": 492288,
                    "size": 256
                },
                {
                    "name": "FetchParam.layer.Conv2d.layer.Conv_267_im_0.4.fetch_param_data.layer",
                    "addr": 492544,
                    "size": 256
                },
                {
                    "name": "FetchParam.layer.Conv2d.layer.Conv_267_im_0.5.fetch_param_data.layer",
                    "addr": 492800,
                    "size": 256
                },
                {
                    "name": "FetchParam.layer.Conv2d.layer.Conv_267_im_0.6.fetch_param_data.layer",
                    "addr": 493056,
                    "size": 256
                },
                {
                    "name": "FetchParam.layer.Conv2d.layer.Conv_267_im_0.7.fetch_param_data.layer",
                    "addr": 493312,
                    "size": 256
                }
            ],
            "free": []
        },
        "kernel[10]": {
            "name": "FetchParam.layer.Conv2d.layer.Conv_267_im_0.8.fetch_param_data.layer",
            "idx": 10,
            "mem_used_rate": 0.19586181640625,
            "malloc": [
                {
                    "addr": 493568,
                    "ori_size": 0,
                    "size": 256
                }
            ],
            "used": [
                {
                    "name": "DmaIn.layer.copy_in_PPQ_Variable_180",
                    "addr": 3866624,
                    "size": 327680
                },
                {
                    "name": "FetchParam.layer.Conv2d.layer.Conv_267_im_0.0.fetch_param_data.layer",
                    "addr": 0,
                    "size": 256
                },
                {
                    "name": "FetchParam.layer.Conv2d.layer.Conv_267_im_0.1.fetch_param_data.layer",
                    "addr": 256,
                    "size": 256
                },
                {
                    "name": "DummyConcat.layer.Conv_267_im_0.14",
                    "addr": 512,
                    "size": 491520
                },
                {
                    "name": "FetchParam.layer.Conv2d.layer.Conv_267_im_0.2.fetch_param_data.layer",
                    "addr": 492032,
                    "size": 256
                },
                {
                    "name": "FetchParam.layer.Conv2d.layer.Conv_267_im_0.3.fetch_param_data.layer",
                    "addr": 492288,
                    "size": 256
                },
                {
                    "name": "FetchParam.layer.Conv2d.layer.Conv_267_im_0.4.fetch_param_data.layer",
                    "addr": 492544,
                    "size": 256
                },
                {
                    "name": "FetchParam.layer.Conv2d.layer.Conv_267_im_0.5.fetch_param_data.layer",
                    "addr": 492800,
                    "size": 256
                },
                {
                    "name": "FetchParam.layer.Conv2d.layer.Conv_267_im_0.6.fetch_param_data.layer",
                    "addr": 493056,
                    "size": 256
                },
                {
                    "name": "FetchParam.layer.Conv2d.layer.Conv_267_im_0.7.fetch_param_data.layer",
                    "addr": 493312,
                    "size": 256
                },
                {
                    "name": "FetchParam.layer.Conv2d.layer.Conv_267_im_0.8.fetch_param_data.layer",
                    "addr": 493568,
                    "size": 256
                }
            ],
            "free": []
        },
        "kernel[11]": {
            "name": "FetchParam.layer.Conv2d.layer.Conv_267_im_0.9.fetch_param_data.layer",
            "idx": 11,
            "mem_used_rate": 0.1959228515625,
            "malloc": [
                {
                    "addr": 493824,
                    "ori_size": 0,
                    "size": 256
                }
            ],
            "used": [
                {
                    "name": "DmaIn.layer.copy_in_PPQ_Variable_180",
                    "addr": 3866624,
                    "size": 327680
                },
                {
                    "name": "FetchParam.layer.Conv2d.layer.Conv_267_im_0.0.fetch_param_data.layer",
                    "addr": 0,
                    "size": 256
                },
                {
                    "name": "FetchParam.layer.Conv2d.layer.Conv_267_im_0.1.fetch_param_data.layer",
                    "addr": 256,
                    "size": 256
                },
                {
                    "name": "DummyConcat.layer.Conv_267_im_0.14",
                    "addr": 512,
                    "size": 491520
                },
                {
                    "name": "FetchParam.layer.Conv2d.layer.Conv_267_im_0.2.fetch_param_data.layer",
                    "addr": 492032,
                    "size": 256
                },
                {
                    "name": "FetchParam.layer.Conv2d.layer.Conv_267_im_0.3.fetch_param_data.layer",
                    "addr": 492288,
                    "size": 256
                },
                {
                    "name": "FetchParam.layer.Conv2d.layer.Conv_267_im_0.4.fetch_param_data.layer",
                    "addr": 492544,
                    "size": 256
                },
                {
                    "name": "FetchParam.layer.Conv2d.layer.Conv_267_im_0.5.fetch_param_data.layer",
                    "addr": 492800,
                    "size": 256
                },
                {
                    "name": "FetchParam.layer.Conv2d.layer.Conv_267_im_0.6.fetch_param_data.layer",
                    "addr": 493056,
                    "size": 256
                },
                {
                    "name": "FetchParam.layer.Conv2d.layer.Conv_267_im_0.7.fetch_param_data.layer",
                    "addr": 493312,
                    "size": 256
                },
                {
                    "name": "FetchParam.layer.Conv2d.layer.Conv_267_im_0.8.fetch_param_data.layer",
                    "addr": 493568,
                    "size": 256
                },
                {
                    "name": "FetchParam.layer.Conv2d.layer.Conv_267_im_0.9.fetch_param_data.layer",
                    "addr": 493824,
                    "size": 256
                }
            ],
            "free": []
        },
        "kernel[12]": {
            "name": "FetchParam.layer.Conv2d.layer.Conv_267_im_0.10.fetch_param_data.layer",
            "idx": 12,
            "mem_used_rate": 0.19598388671875,
            "malloc": [
                {
                    "addr": 494080,
                    "ori_size": 0,
                    "size": 256
                }
            ],
            "used": [
                {
                    "name": "DmaIn.layer.copy_in_PPQ_Variable_180",
                    "addr": 3866624,
                    "size": 327680
                },
                {
                    "name": "FetchParam.layer.Conv2d.layer.Conv_267_im_0.0.fetch_param_data.layer",
                    "addr": 0,
                    "size": 256
                },
                {
                    "name": "FetchParam.layer.Conv2d.layer.Conv_267_im_0.1.fetch_param_data.layer",
                    "addr": 256,
                    "size": 256
                },
                {
                    "name": "DummyConcat.layer.Conv_267_im_0.14",
                    "addr": 512,
                    "size": 491520
                },
                {
                    "name": "FetchParam.layer.Conv2d.layer.Conv_267_im_0.2.fetch_param_data.layer",
                    "addr": 492032,
                    "size": 256
                },
                {
                    "name": "FetchParam.layer.Conv2d.layer.Conv_267_im_0.3.fetch_param_data.layer",
                    "addr": 492288,
                    "size": 256
                },
                {
                    "name": "FetchParam.layer.Conv2d.layer.Conv_267_im_0.4.fetch_param_data.layer",
                    "addr": 492544,
                    "size": 256
                },
                {
                    "name": "FetchParam.layer.Conv2d.layer.Conv_267_im_0.5.fetch_param_data.layer",
                    "addr": 492800,
                    "size": 256
                },
                {
                    "name": "FetchParam.layer.Conv2d.layer.Conv_267_im_0.6.fetch_param_data.layer",
                    "addr": 493056,
                    "size": 256
                },
                {
                    "name": "FetchParam.layer.Conv2d.layer.Conv_267_im_0.7.fetch_param_data.layer",
                    "addr": 493312,
                    "size": 256
                },
                {
                    "name": "FetchParam.layer.Conv2d.layer.Conv_267_im_0.8.fetch_param_data.layer",
                    "addr": 493568,
                    "size": 256
                },
                {
                    "name": "FetchParam.layer.Conv2d.layer.Conv_267_im_0.9.fetch_param_data.layer",
                    "addr": 493824,
                    "size": 256
                },
                {
                    "name": "FetchParam.layer.Conv2d.layer.Conv_267_im_0.10.fetch_param_data.layer",
                    "addr": 494080,
                    "size": 256
                }
            ],
            "free": []
        },
        "kernel[13]": {
            "name": "FetchParam.layer.Conv2d.layer.Conv_267_im_0.11.fetch_param_data.layer",
            "idx": 13,
            "mem_used_rate": 0.196044921875,
            "malloc": [
                {
                    "addr": 494336,
                    "ori_size": 0,
                    "size": 256
                }
            ],
            "used": [
                {
                    "name": "DmaIn.layer.copy_in_PPQ_Variable_180",
                    "addr": 3866624,
                    "size": 327680
                },
                {
                    "name": "FetchParam.layer.Conv2d.layer.Conv_267_im_0.0.fetch_param_data.layer",
                    "addr": 0,
                    "size": 256
                },
                {
                    "name": "FetchParam.layer.Conv2d.layer.Conv_267_im_0.1.fetch_param_data.layer",
                    "addr": 256,
                    "size": 256
                },
                {
                    "name": "DummyConcat.layer.Conv_267_im_0.14",
                    "addr": 512,
                    "size": 491520
                },
                {
                    "name": "FetchParam.layer.Conv2d.layer.Conv_267_im_0.2.fetch_param_data.layer",
                    "addr": 492032,
                    "size": 256
                },
                {
                    "name": "FetchParam.layer.Conv2d.layer.Conv_267_im_0.3.fetch_param_data.layer",
                    "addr": 492288,
                    "size": 256
                },
                {
                    "name": "FetchParam.layer.Conv2d.layer.Conv_267_im_0.4.fetch_param_data.layer",
                    "addr": 492544,
                    "size": 256
                },
                {
                    "name": "FetchParam.layer.Conv2d.layer.Conv_267_im_0.5.fetch_param_data.layer",
                    "addr": 492800,
                    "size": 256
                },
                {
                    "name": "FetchParam.layer.Conv2d.layer.Conv_267_im_0.6.fetch_param_data.layer",
                    "addr": 493056,
                    "size": 256
                },
                {
                    "name": "FetchParam.layer.Conv2d.layer.Conv_267_im_0.7.fetch_param_data.layer",
                    "addr": 493312,
                    "size": 256
                },
                {
                    "name": "FetchParam.layer.Conv2d.layer.Conv_267_im_0.8.fetch_param_data.layer",
                    "addr": 493568,
                    "size": 256
                },
                {
                    "name": "FetchParam.layer.Conv2d.layer.Conv_267_im_0.9.fetch_param_data.layer",
                    "addr": 493824,
                    "size": 256
                },
                {
                    "name": "FetchParam.layer.Conv2d.layer.Conv_267_im_0.10.fetch_param_data.layer",
                    "addr": 494080,
                    "size": 256
                },
                {
                    "name": "FetchParam.layer.Conv2d.layer.Conv_267_im_0.11.fetch_param_data.layer",
                    "addr": 494336,
                    "size": 256
                }
            ],
            "free": []
        },
        "kernel[14]": {
            "name": "FetchParam.layer.Conv2d.layer.Conv_267_im_0.12.fetch_param_data.layer",
            "idx": 14,
            "mem_used_rate": 0.19610595703125,
            "malloc": [
                {
                    "addr": 494592,
                    "ori_size": 0,
                    "size": 256
                }
            ],
            "used": [
                {
                    "name": "DmaIn.layer.copy_in_PPQ_Variable_180",
                    "addr": 3866624,
                    "size": 327680
                },
                {
                    "name": "FetchParam.layer.Conv2d.layer.Conv_267_im_0.0.fetch_param_data.layer",
                    "addr": 0,
                    "size": 256
                },
                {
                    "name": "FetchParam.layer.Conv2d.layer.Conv_267_im_0.1.fetch_param_data.layer",
                    "addr": 256,
                    "size": 256
                },
                {
                    "name": "DummyConcat.layer.Conv_267_im_0.14",
                    "addr": 512,
                    "size": 491520
                },
                {
                    "name": "FetchParam.layer.Conv2d.layer.Conv_267_im_0.2.fetch_param_data.layer",
                    "addr": 492032,
                    "size": 256
                },
                {
                    "name": "FetchParam.layer.Conv2d.layer.Conv_267_im_0.3.fetch_param_data.layer",
                    "addr": 492288,
                    "size": 256
                },
                {
                    "name": "FetchParam.layer.Conv2d.layer.Conv_267_im_0.4.fetch_param_data.layer",
                    "addr": 492544,
                    "size": 256
                },
                {
                    "name": "FetchParam.layer.Conv2d.layer.Conv_267_im_0.5.fetch_param_data.layer",
                    "addr": 492800,
                    "size": 256
                },
                {
                    "name": "FetchParam.layer.Conv2d.layer.Conv_267_im_0.6.fetch_param_data.layer",
                    "addr": 493056,
                    "size": 256
                },
                {
                    "name": "FetchParam.layer.Conv2d.layer.Conv_267_im_0.7.fetch_param_data.layer",
                    "addr": 493312,
                    "size": 256
                },
                {
                    "name": "FetchParam.layer.Conv2d.layer.Conv_267_im_0.8.fetch_param_data.layer",
                    "addr": 493568,
                    "size": 256
                },
                {
                    "name": "FetchParam.layer.Conv2d.layer.Conv_267_im_0.9.fetch_param_data.layer",
                    "addr": 493824,
                    "size": 256
                },
                {
                    "name": "FetchParam.layer.Conv2d.layer.Conv_267_im_0.10.fetch_param_data.layer",
                    "addr": 494080,
                    "size": 256
                },
                {
                    "name": "FetchParam.layer.Conv2d.layer.Conv_267_im_0.11.fetch_param_data.layer",
                    "addr": 494336,
                    "size": 256
                },
                {
                    "name": "FetchParam.layer.Conv2d.layer.Conv_267_im_0.12.fetch_param_data.layer",
                    "addr": 494592,
                    "size": 256
                }
            ],
            "free": []
        },
        "kernel[15]": {
            "name": "FetchParam.layer.Conv2d.layer.Conv_267_im_0.13.fetch_param_data.layer",
            "idx": 15,
            "mem_used_rate": 0.1961669921875,
            "malloc": [
                {
                    "addr": 494848,
                    "ori_size": 0,
                    "size": 256
                }
            ],
            "used": [
                {
                    "name": "DmaIn.layer.copy_in_PPQ_Variable_180",
                    "addr": 3866624,
                    "size": 327680
                },
                {
                    "name": "FetchParam.layer.Conv2d.layer.Conv_267_im_0.0.fetch_param_data.layer",
                    "addr": 0,
                    "size": 256
                },
                {
                    "name": "FetchParam.layer.Conv2d.layer.Conv_267_im_0.1.fetch_param_data.layer",
                    "addr": 256,
                    "size": 256
                },
                {
                    "name": "DummyConcat.layer.Conv_267_im_0.14",
                    "addr": 512,
                    "size": 491520
                },
                {
                    "name": "FetchParam.layer.Conv2d.layer.Conv_267_im_0.2.fetch_param_data.layer",
                    "addr": 492032,
                    "size": 256
                },
                {
                    "name": "FetchParam.layer.Conv2d.layer.Conv_267_im_0.3.fetch_param_data.layer",
                    "addr": 492288,
                    "size": 256
                },
                {
                    "name": "FetchParam.layer.Conv2d.layer.Conv_267_im_0.4.fetch_param_data.layer",
                    "addr": 492544,
                    "size": 256
                },
                {
                    "name": "FetchParam.layer.Conv2d.layer.Conv_267_im_0.5.fetch_param_data.layer",
                    "addr": 492800,
                    "size": 256
                },
                {
                    "name": "FetchParam.layer.Conv2d.layer.Conv_267_im_0.6.fetch_param_data.layer",
                    "addr": 493056,
                    "size": 256
                },
                {
                    "name": "FetchParam.layer.Conv2d.layer.Conv_267_im_0.7.fetch_param_data.layer",
                    "addr": 493312,
                    "size": 256
                },
                {
                    "name": "FetchParam.layer.Conv2d.layer.Conv_267_im_0.8.fetch_param_data.layer",
                    "addr": 493568,
                    "size": 256
                },
                {
                    "name": "FetchParam.layer.Conv2d.layer.Conv_267_im_0.9.fetch_param_data.layer",
                    "addr": 493824,
                    "size": 256
                },
                {
                    "name": "FetchParam.layer.Conv2d.layer.Conv_267_im_0.10.fetch_param_data.layer",
                    "addr": 494080,
                    "size": 256
                },
                {
                    "name": "FetchParam.layer.Conv2d.layer.Conv_267_im_0.11.fetch_param_data.layer",
                    "addr": 494336,
                    "size": 256
                },
                {
                    "name": "FetchParam.layer.Conv2d.layer.Conv_267_im_0.12.fetch_param_data.layer",
                    "addr": 494592,
                    "size": 256
                },
                {
                    "name": "FetchParam.layer.Conv2d.layer.Conv_267_im_0.13.fetch_param_data.layer",
                    "addr": 494848,
                    "size": 256
                }
            ],
            "free": []
        },
        "kernel[16]": {
            "name": "FetchParam.layer.Conv2d.layer.Conv_267_im_0.14.fetch_param_data.layer",
            "idx": 16,
            "mem_used_rate": 0.19622802734375,
            "malloc": [
                {
                    "addr": 495104,
                    "ori_size": 0,
                    "size": 256
                }
            ],
            "used": [
                {
                    "name": "DmaIn.layer.copy_in_PPQ_Variable_180",
                    "addr": 3866624,
                    "size": 327680
                },
                {
                    "name": "FetchParam.layer.Conv2d.layer.Conv_267_im_0.0.fetch_param_data.layer",
                    "addr": 0,
                    "size": 256
                },
                {
                    "name": "FetchParam.layer.Conv2d.layer.Conv_267_im_0.1.fetch_param_data.layer",
                    "addr": 256,
                    "size": 256
                },
                {
                    "name": "DummyConcat.layer.Conv_267_im_0.14",
                    "addr": 512,
                    "size": 491520
                },
                {
                    "name": "FetchParam.layer.Conv2d.layer.Conv_267_im_0.2.fetch_param_data.layer",
                    "addr": 492032,
                    "size": 256
                },
                {
                    "name": "FetchParam.layer.Conv2d.layer.Conv_267_im_0.3.fetch_param_data.layer",
                    "addr": 492288,
                    "size": 256
                },
                {
                    "name": "FetchParam.layer.Conv2d.layer.Conv_267_im_0.4.fetch_param_data.layer",
                    "addr": 492544,
                    "size": 256
                },
                {
                    "name": "FetchParam.layer.Conv2d.layer.Conv_267_im_0.5.fetch_param_data.layer",
                    "addr": 492800,
                    "size": 256
                },
                {
                    "name": "FetchParam.layer.Conv2d.layer.Conv_267_im_0.6.fetch_param_data.layer",
                    "addr": 493056,
                    "size": 256
                },
                {
                    "name": "FetchParam.layer.Conv2d.layer.Conv_267_im_0.7.fetch_param_data.layer",
                    "addr": 493312,
                    "size": 256
                },
                {
                    "name": "FetchParam.layer.Conv2d.layer.Conv_267_im_0.8.fetch_param_data.layer",
                    "addr": 493568,
                    "size": 256
                },
                {
                    "name": "FetchParam.layer.Conv2d.layer.Conv_267_im_0.9.fetch_param_data.layer",
                    "addr": 493824,
                    "size": 256
                },
                {
                    "name": "FetchParam.layer.Conv2d.layer.Conv_267_im_0.10.fetch_param_data.layer",
                    "addr": 494080,
                    "size": 256
                },
                {
                    "name": "FetchParam.layer.Conv2d.layer.Conv_267_im_0.11.fetch_param_data.layer",
                    "addr": 494336,
                    "size": 256
                },
                {
                    "name": "FetchParam.layer.Conv2d.layer.Conv_267_im_0.12.fetch_param_data.layer",
                    "addr": 494592,
                    "size": 256
                },
                {
                    "name": "FetchParam.layer.Conv2d.layer.Conv_267_im_0.13.fetch_param_data.layer",
                    "addr": 494848,
                    "size": 256
                },
                {
                    "name": "FetchParam.layer.Conv2d.layer.Conv_267_im_0.14.fetch_param_data.layer",
                    "addr": 495104,
                    "size": 256
                }
            ],
            "free": []
        },
        "kernel[17]": {
            "name": "FetchParam.layer.Conv2d.layer.Conv_267_im_0.15.fetch_param_data.layer",
            "idx": 17,
            "mem_used_rate": 0.1962890625,
            "malloc": [
                {
                    "addr": 495360,
                    "ori_size": 0,
                    "size": 256
                }
            ],
            "used": [
                {
                    "name": "DmaIn.layer.copy_in_PPQ_Variable_180",
                    "addr": 3866624,
                    "size": 327680
                },
                {
                    "name": "FetchParam.layer.Conv2d.layer.Conv_267_im_0.0.fetch_param_data.layer",
                    "addr": 0,
                    "size": 256
                },
                {
                    "name": "FetchParam.layer.Conv2d.layer.Conv_267_im_0.1.fetch_param_data.layer",
                    "addr": 256,
                    "size": 256
                },
                {
                    "name": "DummyConcat.layer.Conv_267_im_0.14",
                    "addr": 512,
                    "size": 491520
                },
                {
                    "name": "FetchParam.layer.Conv2d.layer.Conv_267_im_0.2.fetch_param_data.layer",
                    "addr": 492032,
                    "size": 256
                },
                {
                    "name": "FetchParam.layer.Conv2d.layer.Conv_267_im_0.3.fetch_param_data.layer",
                    "addr": 492288,
                    "size": 256
                },
                {
                    "name": "FetchParam.layer.Conv2d.layer.Conv_267_im_0.4.fetch_param_data.layer",
                    "addr": 492544,
                    "size": 256
                },
                {
                    "name": "FetchParam.layer.Conv2d.layer.Conv_267_im_0.5.fetch_param_data.layer",
                    "addr": 492800,
                    "size": 256
                },
                {
                    "name": "FetchParam.layer.Conv2d.layer.Conv_267_im_0.6.fetch_param_data.layer",
                    "addr": 493056,
                    "size": 256
                },
                {
                    "name": "FetchParam.layer.Conv2d.layer.Conv_267_im_0.7.fetch_param_data.layer",
                    "addr": 493312,
                    "size": 256
                },
                {
                    "name": "FetchParam.layer.Conv2d.layer.Conv_267_im_0.8.fetch_param_data.layer",
                    "addr": 493568,
                    "size": 256
                },
                {
                    "name": "FetchParam.layer.Conv2d.layer.Conv_267_im_0.9.fetch_param_data.layer",
                    "addr": 493824,
                    "size": 256
                },
                {
                    "name": "FetchParam.layer.Conv2d.layer.Conv_267_im_0.10.fetch_param_data.layer",
                    "addr": 494080,
                    "size": 256
                },
                {
                    "name": "FetchParam.layer.Conv2d.layer.Conv_267_im_0.11.fetch_param_data.layer",
                    "addr": 494336,
                    "size": 256
                },
                {
                    "name": "FetchParam.layer.Conv2d.layer.Conv_267_im_0.12.fetch_param_data.layer",
                    "addr": 494592,
                    "size": 256
                },
                {
                    "name": "FetchParam.layer.Conv2d.layer.Conv_267_im_0.13.fetch_param_data.layer",
                    "addr": 494848,
                    "size": 256
                },
                {
                    "name": "FetchParam.layer.Conv2d.layer.Conv_267_im_0.14.fetch_param_data.layer",
                    "addr": 495104,
                    "size": 256
                },
                {
                    "name": "FetchParam.layer.Conv2d.layer.Conv_267_im_0.15.fetch_param_data.layer",
                    "addr": 495360,
                    "size": 256
                }
            ],
            "free": []
        },
        "kernel[18]": {
            "name": "Conv2d.layer.Conv_267_im_0.0",
            "idx": 18,
            "mem_used_rate": 0.19140625,
            "malloc": [],
            "used": [
                {
                    "name": "DmaIn.layer.copy_in_PPQ_Variable_180",
                    "addr": 3866624,
                    "size": 327680
                },
                {
                    "name": "FetchParam.layer.Conv2d.layer.Conv_267_im_0.0.fetch_param_data.layer",
                    "addr": 0,
                    "size": 256
                },
                {
                    "name": "FetchParam.layer.Conv2d.layer.Conv_267_im_0.1.fetch_param_data.layer",
                    "addr": 256,
                    "size": 256
                },
                {
                    "name": "DummyConcat.layer.Conv_267_im_0.14",
                    "addr": 512,
                    "size": 491520
                },
                {
                    "name": "FetchParam.layer.Conv2d.layer.Conv_267_im_0.2.fetch_param_data.layer",
                    "addr": 492032,
                    "size": 256
                },
                {
                    "name": "FetchParam.layer.Conv2d.layer.Conv_267_im_0.3.fetch_param_data.layer",
                    "addr": 492288,
                    "size": 256
                },
                {
                    "name": "FetchParam.layer.Conv2d.layer.Conv_267_im_0.4.fetch_param_data.layer",
                    "addr": 492544,
                    "size": 256
                },
                {
                    "name": "FetchParam.layer.Conv2d.layer.Conv_267_im_0.5.fetch_param_data.layer",
                    "addr": 492800,
                    "size": 256
                },
                {
                    "name": "FetchParam.layer.Conv2d.layer.Conv_267_im_0.6.fetch_param_data.layer",
                    "addr": 493056,
                    "size": 256
                },
                {
                    "name": "FetchParam.layer.Conv2d.layer.Conv_267_im_0.7.fetch_param_data.layer",
                    "addr": 493312,
                    "size": 256
                },
                {
                    "name": "FetchParam.layer.Conv2d.layer.Conv_267_im_0.8.fetch_param_data.layer",
                    "addr": 493568,
                    "size": 256
                },
                {
                    "name": "FetchParam.layer.Conv2d.layer.Conv_267_im_0.9.fetch_param_data.layer",
                    "addr": 493824,
                    "size": 256
                },
                {
                    "name": "FetchParam.layer.Conv2d.layer.Conv_267_im_0.10.fetch_param_data.layer",
                    "addr": 494080,
                    "size": 256
                },
                {
                    "name": "FetchParam.layer.Conv2d.layer.Conv_267_im_0.11.fetch_param_data.layer",
                    "addr": 494336,
                    "size": 256
                },
                {
                    "name": "FetchParam.layer.Conv2d.layer.Conv_267_im_0.12.fetch_param_data.layer",
                    "addr": 494592,
                    "size": 256
                },
                {
                    "name": "FetchParam.layer.Conv2d.layer.Conv_267_im_0.13.fetch_param_data.layer",
                    "addr": 494848,
                    "size": 256
                },
                {
                    "name": "FetchParam.layer.Conv2d.layer.Conv_267_im_0.14.fetch_param_data.layer",
                    "addr": 495104,
                    "size": 256
                },
                {
                    "name": "FetchParam.layer.Conv2d.layer.Conv_267_im_0.15.fetch_param_data.layer",
                    "addr": 495360,
                    "size": 256
                }
            ],
            "free": [
                {
                    "name": "Conv2d.layer.Conv_267_im_0.0",
                    "addr": 3866624,
                    "size": 20480
                },
                {
                    "name": "Conv2d.layer.Conv_267_im_0.0",
                    "addr": 0,
                    "size": 256
                }
            ]
        },
        "kernel[19]": {
            "name": "Conv2d.layer.Conv_267_im_0.1",
            "idx": 19,
            "mem_used_rate": 0.18646240234375,
            "malloc": [],
            "used": [
                {
                    "name": "DmaIn.layer.copy_in_PPQ_Variable_180",
                    "addr": 3887104,
                    "size": 307200
                },
                {
                    "name": "FetchParam.layer.Conv2d.layer.Conv_267_im_0.1.fetch_param_data.layer",
                    "addr": 256,
                    "size": 256
                },
                {
                    "name": "DummyConcat.layer.Conv_267_im_0.14",
                    "addr": 512,
                    "size": 491520
                },
                {
                    "name": "FetchParam.layer.Conv2d.layer.Conv_267_im_0.2.fetch_param_data.layer",
                    "addr": 492032,
                    "size": 256
                },
                {
                    "name": "FetchParam.layer.Conv2d.layer.Conv_267_im_0.3.fetch_param_data.layer",
                    "addr": 492288,
                    "size": 256
                },
                {
                    "name": "FetchParam.layer.Conv2d.layer.Conv_267_im_0.4.fetch_param_data.layer",
                    "addr": 492544,
                    "size": 256
                },
                {
                    "name": "FetchParam.layer.Conv2d.layer.Conv_267_im_0.5.fetch_param_data.layer",
                    "addr": 492800,
                    "size": 256
                },
                {
                    "name": "FetchParam.layer.Conv2d.layer.Conv_267_im_0.6.fetch_param_data.layer",
                    "addr": 493056,
                    "size": 256
                },
                {
                    "name": "FetchParam.layer.Conv2d.layer.Conv_267_im_0.7.fetch_param_data.layer",
                    "addr": 493312,
                    "size": 256
                },
                {
                    "name": "FetchParam.layer.Conv2d.layer.Conv_267_im_0.8.fetch_param_data.layer",
                    "addr": 493568,
                    "size": 256
                },
                {
                    "name": "FetchParam.layer.Conv2d.layer.Conv_267_im_0.9.fetch_param_data.layer",
                    "addr": 493824,
                    "size": 256
                },
                {
                    "name": "FetchParam.layer.Conv2d.layer.Conv_267_im_0.10.fetch_param_data.layer",
                    "addr": 494080,
                    "size": 256
                },
                {
                    "name": "FetchParam.layer.Conv2d.layer.Conv_267_im_0.11.fetch_param_data.layer",
                    "addr": 494336,
                    "size": 256
                },
                {
                    "name": "FetchParam.layer.Conv2d.layer.Conv_267_im_0.12.fetch_param_data.layer",
                    "addr": 494592,
                    "size": 256
                },
                {
                    "name": "FetchParam.layer.Conv2d.layer.Conv_267_im_0.13.fetch_param_data.layer",
                    "addr": 494848,
                    "size": 256
                },
                {
                    "name": "FetchParam.layer.Conv2d.layer.Conv_267_im_0.14.fetch_param_data.layer",
                    "addr": 495104,
                    "size": 256
                },
                {
                    "name": "FetchParam.layer.Conv2d.layer.Conv_267_im_0.15.fetch_param_data.layer",
                    "addr": 495360,
                    "size": 256
                }
            ],
            "free": [
                {
                    "name": "Conv2d.layer.Conv_267_im_0.1",
                    "addr": 3887104,
                    "size": 20480
                },
                {
                    "name": "Conv2d.layer.Conv_267_im_0.1",
                    "addr": 256,
                    "size": 256
                }
            ]
        },
        "kernel[20]": {
            "name": "Conv2d.layer.Conv_267_im_0.2",
            "idx": 20,
            "mem_used_rate": 0.1815185546875,
            "malloc": [],
            "used": [
                {
                    "name": "DmaIn.layer.copy_in_PPQ_Variable_180",
                    "addr": 3907584,
                    "size": 286720
                },
                {
                    "name": "DummyConcat.layer.Conv_267_im_0.14",
                    "addr": 512,
                    "size": 491520
                },
                {
                    "name": "FetchParam.layer.Conv2d.layer.Conv_267_im_0.2.fetch_param_data.layer",
                    "addr": 492032,
                    "size": 256
                },
                {
                    "name": "FetchParam.layer.Conv2d.layer.Conv_267_im_0.3.fetch_param_data.layer",
                    "addr": 492288,
                    "size": 256
                },
                {
                    "name": "FetchParam.layer.Conv2d.layer.Conv_267_im_0.4.fetch_param_data.layer",
                    "addr": 492544,
                    "size": 256
                },
                {
                    "name": "FetchParam.layer.Conv2d.layer.Conv_267_im_0.5.fetch_param_data.layer",
                    "addr": 492800,
                    "size": 256
                },
                {
                    "name": "FetchParam.layer.Conv2d.layer.Conv_267_im_0.6.fetch_param_data.layer",
                    "addr": 493056,
                    "size": 256
                },
                {
                    "name": "FetchParam.layer.Conv2d.layer.Conv_267_im_0.7.fetch_param_data.layer",
                    "addr": 493312,
                    "size": 256
                },
                {
                    "name": "FetchParam.layer.Conv2d.layer.Conv_267_im_0.8.fetch_param_data.layer",
                    "addr": 493568,
                    "size": 256
                },
                {
                    "name": "FetchParam.layer.Conv2d.layer.Conv_267_im_0.9.fetch_param_data.layer",
                    "addr": 493824,
                    "size": 256
                },
                {
                    "name": "FetchParam.layer.Conv2d.layer.Conv_267_im_0.10.fetch_param_data.layer",
                    "addr": 494080,
                    "size": 256
                },
                {
                    "name": "FetchParam.layer.Conv2d.layer.Conv_267_im_0.11.fetch_param_data.layer",
                    "addr": 494336,
                    "size": 256
                },
                {
                    "name": "FetchParam.layer.Conv2d.layer.Conv_267_im_0.12.fetch_param_data.layer",
                    "addr": 494592,
                    "size": 256
                },
                {
                    "name": "FetchParam.layer.Conv2d.layer.Conv_267_im_0.13.fetch_param_data.layer",
                    "addr": 494848,
                    "size": 256
                },
                {
                    "name": "FetchParam.layer.Conv2d.layer.Conv_267_im_0.14.fetch_param_data.layer",
                    "addr": 495104,
                    "size": 256
                },
                {
                    "name": "FetchParam.layer.Conv2d.layer.Conv_267_im_0.15.fetch_param_data.layer",
                    "addr": 495360,
                    "size": 256
                }
            ],
            "free": [
                {
                    "name": "Conv2d.layer.Conv_267_im_0.2",
                    "addr": 3907584,
                    "size": 20480
                },
                {
                    "name": "Conv2d.layer.Conv_267_im_0.2",
                    "addr": 492032,
                    "size": 256
                }
            ]
        },
        "kernel[21]": {
            "name": "Conv2d.layer.Conv_267_im_0.3",
            "idx": 21,
            "mem_used_rate": 0.17657470703125,
            "malloc": [],
            "used": [
                {
                    "name": "DmaIn.layer.copy_in_PPQ_Variable_180",
                    "addr": 3928064,
                    "size": 266240
                },
                {
                    "name": "DummyConcat.layer.Conv_267_im_0.14",
                    "addr": 512,
                    "size": 491520
                },
                {
                    "name": "FetchParam.layer.Conv2d.layer.Conv_267_im_0.3.fetch_param_data.layer",
                    "addr": 492288,
                    "size": 256
                },
                {
                    "name": "FetchParam.layer.Conv2d.layer.Conv_267_im_0.4.fetch_param_data.layer",
                    "addr": 492544,
                    "size": 256
                },
                {
                    "name": "FetchParam.layer.Conv2d.layer.Conv_267_im_0.5.fetch_param_data.layer",
                    "addr": 492800,
                    "size": 256
                },
                {
                    "name": "FetchParam.layer.Conv2d.layer.Conv_267_im_0.6.fetch_param_data.layer",
                    "addr": 493056,
                    "size": 256
                },
                {
                    "name": "FetchParam.layer.Conv2d.layer.Conv_267_im_0.7.fetch_param_data.layer",
                    "addr": 493312,
                    "size": 256
                },
                {
                    "name": "FetchParam.layer.Conv2d.layer.Conv_267_im_0.8.fetch_param_data.layer",
                    "addr": 493568,
                    "size": 256
                },
                {
                    "name": "FetchParam.layer.Conv2d.layer.Conv_267_im_0.9.fetch_param_data.layer",
                    "addr": 493824,
                    "size": 256
                },
                {
                    "name": "FetchParam.layer.Conv2d.layer.Conv_267_im_0.10.fetch_param_data.layer",
                    "addr": 494080,
                    "size": 256
                },
                {
                    "name": "FetchParam.layer.Conv2d.layer.Conv_267_im_0.11.fetch_param_data.layer",
                    "addr": 494336,
                    "size": 256
                },
                {
                    "name": "FetchParam.layer.Conv2d.layer.Conv_267_im_0.12.fetch_param_data.layer",
                    "addr": 494592,
                    "size": 256
                },
                {
                    "name": "FetchParam.layer.Conv2d.layer.Conv_267_im_0.13.fetch_param_data.layer",
                    "addr": 494848,
                    "size": 256
                },
                {
                    "name": "FetchParam.layer.Conv2d.layer.Conv_267_im_0.14.fetch_param_data.layer",
                    "addr": 495104,
                    "size": 256
                },
                {
                    "name": "FetchParam.layer.Conv2d.layer.Conv_267_im_0.15.fetch_param_data.layer",
                    "addr": 495360,
                    "size": 256
                }
            ],
            "free": [
                {
                    "name": "Conv2d.layer.Conv_267_im_0.3",
                    "addr": 3928064,
                    "size": 20480
                },
                {
                    "name": "Conv2d.layer.Conv_267_im_0.3",
                    "addr": 492288,
                    "size": 256
                }
            ]
        },
        "kernel[22]": {
            "name": "Conv2d.layer.Conv_267_im_0.4",
            "idx": 22,
            "mem_used_rate": 0.171630859375,
            "malloc": [],
            "used": [
                {
                    "name": "DmaIn.layer.copy_in_PPQ_Variable_180",
                    "addr": 3948544,
                    "size": 245760
                },
                {
                    "name": "DummyConcat.layer.Conv_267_im_0.14",
                    "addr": 512,
                    "size": 491520
                },
                {
                    "name": "FetchParam.layer.Conv2d.layer.Conv_267_im_0.4.fetch_param_data.layer",
                    "addr": 492544,
                    "size": 256
                },
                {
                    "name": "FetchParam.layer.Conv2d.layer.Conv_267_im_0.5.fetch_param_data.layer",
                    "addr": 492800,
                    "size": 256
                },
                {
                    "name": "FetchParam.layer.Conv2d.layer.Conv_267_im_0.6.fetch_param_data.layer",
                    "addr": 493056,
                    "size": 256
                },
                {
                    "name": "FetchParam.layer.Conv2d.layer.Conv_267_im_0.7.fetch_param_data.layer",
                    "addr": 493312,
                    "size": 256
                },
                {
                    "name": "FetchParam.layer.Conv2d.layer.Conv_267_im_0.8.fetch_param_data.layer",
                    "addr": 493568,
                    "size": 256
                },
                {
                    "name": "FetchParam.layer.Conv2d.layer.Conv_267_im_0.9.fetch_param_data.layer",
                    "addr": 493824,
                    "size": 256
                },
                {
                    "name": "FetchParam.layer.Conv2d.layer.Conv_267_im_0.10.fetch_param_data.layer",
                    "addr": 494080,
                    "size": 256
                },
                {
                    "name": "FetchParam.layer.Conv2d.layer.Conv_267_im_0.11.fetch_param_data.layer",
                    "addr": 494336,
                    "size": 256
                },
                {
                    "name": "FetchParam.layer.Conv2d.layer.Conv_267_im_0.12.fetch_param_data.layer",
                    "addr": 494592,
                    "size": 256
                },
                {
                    "name": "FetchParam.layer.Conv2d.layer.Conv_267_im_0.13.fetch_param_data.layer",
                    "addr": 494848,
                    "size": 256
                },
                {
                    "name": "FetchParam.layer.Conv2d.layer.Conv_267_im_0.14.fetch_param_data.layer",
                    "addr": 495104,
                    "size": 256
                },
                {
                    "name": "FetchParam.layer.Conv2d.layer.Conv_267_im_0.15.fetch_param_data.layer",
                    "addr": 495360,
                    "size": 256
                }
            ],
            "free": [
                {
                    "name": "Conv2d.layer.Conv_267_im_0.4",
                    "addr": 3948544,
                    "size": 20480
                },
                {
                    "name": "Conv2d.layer.Conv_267_im_0.4",
                    "addr": 492544,
                    "size": 256
                }
            ]
        },
        "kernel[23]": {
            "name": "Conv2d.layer.Conv_267_im_0.5",
            "idx": 23,
            "mem_used_rate": 0.16668701171875,
            "malloc": [],
            "used": [
                {
                    "name": "DmaIn.layer.copy_in_PPQ_Variable_180",
                    "addr": 3969024,
                    "size": 225280
                },
                {
                    "name": "DummyConcat.layer.Conv_267_im_0.14",
                    "addr": 512,
                    "size": 491520
                },
                {
                    "name": "FetchParam.layer.Conv2d.layer.Conv_267_im_0.5.fetch_param_data.layer",
                    "addr": 492800,
                    "size": 256
                },
                {
                    "name": "FetchParam.layer.Conv2d.layer.Conv_267_im_0.6.fetch_param_data.layer",
                    "addr": 493056,
                    "size": 256
                },
                {
                    "name": "FetchParam.layer.Conv2d.layer.Conv_267_im_0.7.fetch_param_data.layer",
                    "addr": 493312,
                    "size": 256
                },
                {
                    "name": "FetchParam.layer.Conv2d.layer.Conv_267_im_0.8.fetch_param_data.layer",
                    "addr": 493568,
                    "size": 256
                },
                {
                    "name": "FetchParam.layer.Conv2d.layer.Conv_267_im_0.9.fetch_param_data.layer",
                    "addr": 493824,
                    "size": 256
                },
                {
                    "name": "FetchParam.layer.Conv2d.layer.Conv_267_im_0.10.fetch_param_data.layer",
                    "addr": 494080,
                    "size": 256
                },
                {
                    "name": "FetchParam.layer.Conv2d.layer.Conv_267_im_0.11.fetch_param_data.layer",
                    "addr": 494336,
                    "size": 256
                },
                {
                    "name": "FetchParam.layer.Conv2d.layer.Conv_267_im_0.12.fetch_param_data.layer",
                    "addr": 494592,
                    "size": 256
                },
                {
                    "name": "FetchParam.layer.Conv2d.layer.Conv_267_im_0.13.fetch_param_data.layer",
                    "addr": 494848,
                    "size": 256
                },
                {
                    "name": "FetchParam.layer.Conv2d.layer.Conv_267_im_0.14.fetch_param_data.layer",
                    "addr": 495104,
                    "size": 256
                },
                {
                    "name": "FetchParam.layer.Conv2d.layer.Conv_267_im_0.15.fetch_param_data.layer",
                    "addr": 495360,
                    "size": 256
                }
            ],
            "free": [
                {
                    "name": "Conv2d.layer.Conv_267_im_0.5",
                    "addr": 3969024,
                    "size": 20480
                },
                {
                    "name": "Conv2d.layer.Conv_267_im_0.5",
                    "addr": 492800,
                    "size": 256
                }
            ]
        },
        "kernel[24]": {
            "name": "Conv2d.layer.Conv_267_im_0.6",
            "idx": 24,
            "mem_used_rate": 0.1617431640625,
            "malloc": [],
            "used": [
                {
                    "name": "DmaIn.layer.copy_in_PPQ_Variable_180",
                    "addr": 3989504,
                    "size": 204800
                },
                {
                    "name": "DummyConcat.layer.Conv_267_im_0.14",
                    "addr": 512,
                    "size": 491520
                },
                {
                    "name": "FetchParam.layer.Conv2d.layer.Conv_267_im_0.6.fetch_param_data.layer",
                    "addr": 493056,
                    "size": 256
                },
                {
                    "name": "FetchParam.layer.Conv2d.layer.Conv_267_im_0.7.fetch_param_data.layer",
                    "addr": 493312,
                    "size": 256
                },
                {
                    "name": "FetchParam.layer.Conv2d.layer.Conv_267_im_0.8.fetch_param_data.layer",
                    "addr": 493568,
                    "size": 256
                },
                {
                    "name": "FetchParam.layer.Conv2d.layer.Conv_267_im_0.9.fetch_param_data.layer",
                    "addr": 493824,
                    "size": 256
                },
                {
                    "name": "FetchParam.layer.Conv2d.layer.Conv_267_im_0.10.fetch_param_data.layer",
                    "addr": 494080,
                    "size": 256
                },
                {
                    "name": "FetchParam.layer.Conv2d.layer.Conv_267_im_0.11.fetch_param_data.layer",
                    "addr": 494336,
                    "size": 256
                },
                {
                    "name": "FetchParam.layer.Conv2d.layer.Conv_267_im_0.12.fetch_param_data.layer",
                    "addr": 494592,
                    "size": 256
                },
                {
                    "name": "FetchParam.layer.Conv2d.layer.Conv_267_im_0.13.fetch_param_data.layer",
                    "addr": 494848,
                    "size": 256
                },
                {
                    "name": "FetchParam.layer.Conv2d.layer.Conv_267_im_0.14.fetch_param_data.layer",
                    "addr": 495104,
                    "size": 256
                },
                {
                    "name": "FetchParam.layer.Conv2d.layer.Conv_267_im_0.15.fetch_param_data.layer",
                    "addr": 495360,
                    "size": 256
                }
            ],
            "free": [
                {
                    "name": "Conv2d.layer.Conv_267_im_0.6",
                    "addr": 3989504,
                    "size": 20480
                },
                {
                    "name": "Conv2d.layer.Conv_267_im_0.6",
                    "addr": 493056,
                    "size": 256
                }
            ]
        },
        "kernel[25]": {
            "name": "Conv2d.layer.Conv_267_im_0.7",
            "idx": 25,
            "mem_used_rate": 0.15679931640625,
            "malloc": [],
            "used": [
                {
                    "name": "DmaIn.layer.copy_in_PPQ_Variable_180",
                    "addr": 4009984,
                    "size": 184320
                },
                {
                    "name": "DummyConcat.layer.Conv_267_im_0.14",
                    "addr": 512,
                    "size": 491520
                },
                {
                    "name": "FetchParam.layer.Conv2d.layer.Conv_267_im_0.7.fetch_param_data.layer",
                    "addr": 493312,
                    "size": 256
                },
                {
                    "name": "FetchParam.layer.Conv2d.layer.Conv_267_im_0.8.fetch_param_data.layer",
                    "addr": 493568,
                    "size": 256
                },
                {
                    "name": "FetchParam.layer.Conv2d.layer.Conv_267_im_0.9.fetch_param_data.layer",
                    "addr": 493824,
                    "size": 256
                },
                {
                    "name": "FetchParam.layer.Conv2d.layer.Conv_267_im_0.10.fetch_param_data.layer",
                    "addr": 494080,
                    "size": 256
                },
                {
                    "name": "FetchParam.layer.Conv2d.layer.Conv_267_im_0.11.fetch_param_data.layer",
                    "addr": 494336,
                    "size": 256
                },
                {
                    "name": "FetchParam.layer.Conv2d.layer.Conv_267_im_0.12.fetch_param_data.layer",
                    "addr": 494592,
                    "size": 256
                },
                {
                    "name": "FetchParam.layer.Conv2d.layer.Conv_267_im_0.13.fetch_param_data.layer",
                    "addr": 494848,
                    "size": 256
                },
                {
                    "name": "FetchParam.layer.Conv2d.layer.Conv_267_im_0.14.fetch_param_data.layer",
                    "addr": 495104,
                    "size": 256
                },
                {
                    "name": "FetchParam.layer.Conv2d.layer.Conv_267_im_0.15.fetch_param_data.layer",
                    "addr": 495360,
                    "size": 256
                }
            ],
            "free": [
                {
                    "name": "Conv2d.layer.Conv_267_im_0.7",
                    "addr": 4009984,
                    "size": 20480
                },
                {
                    "name": "Conv2d.layer.Conv_267_im_0.7",
                    "addr": 493312,
                    "size": 256
                }
            ]
        },
        "kernel[26]": {
            "name": "Conv2d.layer.Conv_267_im_0.8",
            "idx": 26,
            "mem_used_rate": 0.15185546875,
            "malloc": [],
            "used": [
                {
                    "name": "DmaIn.layer.copy_in_PPQ_Variable_180",
                    "addr": 4030464,
                    "size": 163840
                },
                {
                    "name": "DummyConcat.layer.Conv_267_im_0.14",
                    "addr": 512,
                    "size": 491520
                },
                {
                    "name": "FetchParam.layer.Conv2d.layer.Conv_267_im_0.8.fetch_param_data.layer",
                    "addr": 493568,
                    "size": 256
                },
                {
                    "name": "FetchParam.layer.Conv2d.layer.Conv_267_im_0.9.fetch_param_data.layer",
                    "addr": 493824,
                    "size": 256
                },
                {
                    "name": "FetchParam.layer.Conv2d.layer.Conv_267_im_0.10.fetch_param_data.layer",
                    "addr": 494080,
                    "size": 256
                },
                {
                    "name": "FetchParam.layer.Conv2d.layer.Conv_267_im_0.11.fetch_param_data.layer",
                    "addr": 494336,
                    "size": 256
                },
                {
                    "name": "FetchParam.layer.Conv2d.layer.Conv_267_im_0.12.fetch_param_data.layer",
                    "addr": 494592,
                    "size": 256
                },
                {
                    "name": "FetchParam.layer.Conv2d.layer.Conv_267_im_0.13.fetch_param_data.layer",
                    "addr": 494848,
                    "size": 256
                },
                {
                    "name": "FetchParam.layer.Conv2d.layer.Conv_267_im_0.14.fetch_param_data.layer",
                    "addr": 495104,
                    "size": 256
                },
                {
                    "name": "FetchParam.layer.Conv2d.layer.Conv_267_im_0.15.fetch_param_data.layer",
                    "addr": 495360,
                    "size": 256
                }
            ],
            "free": [
                {
                    "name": "Conv2d.layer.Conv_267_im_0.8",
                    "addr": 4030464,
                    "size": 20480
                },
                {
                    "name": "Conv2d.layer.Conv_267_im_0.8",
                    "addr": 493568,
                    "size": 256
                }
            ]
        },
        "kernel[27]": {
            "name": "Conv2d.layer.Conv_267_im_0.9",
            "idx": 27,
            "mem_used_rate": 0.14691162109375,
            "malloc": [],
            "used": [
                {
                    "name": "DmaIn.layer.copy_in_PPQ_Variable_180",
                    "addr": 4050944,
                    "size": 143360
                },
                {
                    "name": "DummyConcat.layer.Conv_267_im_0.14",
                    "addr": 512,
                    "size": 491520
                },
                {
                    "name": "FetchParam.layer.Conv2d.layer.Conv_267_im_0.9.fetch_param_data.layer",
                    "addr": 493824,
                    "size": 256
                },
                {
                    "name": "FetchParam.layer.Conv2d.layer.Conv_267_im_0.10.fetch_param_data.layer",
                    "addr": 494080,
                    "size": 256
                },
                {
                    "name": "FetchParam.layer.Conv2d.layer.Conv_267_im_0.11.fetch_param_data.layer",
                    "addr": 494336,
                    "size": 256
                },
                {
                    "name": "FetchParam.layer.Conv2d.layer.Conv_267_im_0.12.fetch_param_data.layer",
                    "addr": 494592,
                    "size": 256
                },
                {
                    "name": "FetchParam.layer.Conv2d.layer.Conv_267_im_0.13.fetch_param_data.layer",
                    "addr": 494848,
                    "size": 256
                },
                {
                    "name": "FetchParam.layer.Conv2d.layer.Conv_267_im_0.14.fetch_param_data.layer",
                    "addr": 495104,
                    "size": 256
                },
                {
                    "name": "FetchParam.layer.Conv2d.layer.Conv_267_im_0.15.fetch_param_data.layer",
                    "addr": 495360,
                    "size": 256
                }
            ],
            "free": [
                {
                    "name": "Conv2d.layer.Conv_267_im_0.9",
                    "addr": 4050944,
                    "size": 20480
                },
                {
                    "name": "Conv2d.layer.Conv_267_im_0.9",
                    "addr": 493824,
                    "size": 256
                }
            ]
        },
        "kernel[28]": {
            "name": "Conv2d.layer.Conv_267_im_0.10",
            "idx": 28,
            "mem_used_rate": 0.1419677734375,
            "malloc": [],
            "used": [
                {
                    "name": "DmaIn.layer.copy_in_PPQ_Variable_180",
                    "addr": 4071424,
                    "size": 122880
                },
                {
                    "name": "DummyConcat.layer.Conv_267_im_0.14",
                    "addr": 512,
                    "size": 491520
                },
                {
                    "name": "FetchParam.layer.Conv2d.layer.Conv_267_im_0.10.fetch_param_data.layer",
                    "addr": 494080,
                    "size": 256
                },
                {
                    "name": "FetchParam.layer.Conv2d.layer.Conv_267_im_0.11.fetch_param_data.layer",
                    "addr": 494336,
                    "size": 256
                },
                {
                    "name": "FetchParam.layer.Conv2d.layer.Conv_267_im_0.12.fetch_param_data.layer",
                    "addr": 494592,
                    "size": 256
                },
                {
                    "name": "FetchParam.layer.Conv2d.layer.Conv_267_im_0.13.fetch_param_data.layer",
                    "addr": 494848,
                    "size": 256
                },
                {
                    "name": "FetchParam.layer.Conv2d.layer.Conv_267_im_0.14.fetch_param_data.layer",
                    "addr": 495104,
                    "size": 256
                },
                {
                    "name": "FetchParam.layer.Conv2d.layer.Conv_267_im_0.15.fetch_param_data.layer",
                    "addr": 495360,
                    "size": 256
                }
            ],
            "free": [
                {
                    "name": "Conv2d.layer.Conv_267_im_0.10",
                    "addr": 4071424,
                    "size": 20480
                },
                {
                    "name": "Conv2d.layer.Conv_267_im_0.10",
                    "addr": 494080,
                    "size": 256
                }
            ]
        },
        "kernel[29]": {
            "name": "Conv2d.layer.Conv_267_im_0.11",
            "idx": 29,
            "mem_used_rate": 0.13702392578125,
            "malloc": [],
            "used": [
                {
                    "name": "DmaIn.layer.copy_in_PPQ_Variable_180",
                    "addr": 4091904,
                    "size": 102400
                },
                {
                    "name": "DummyConcat.layer.Conv_267_im_0.14",
                    "addr": 512,
                    "size": 491520
                },
                {
                    "name": "FetchParam.layer.Conv2d.layer.Conv_267_im_0.11.fetch_param_data.layer",
                    "addr": 494336,
                    "size": 256
                },
                {
                    "name": "FetchParam.layer.Conv2d.layer.Conv_267_im_0.12.fetch_param_data.layer",
                    "addr": 494592,
                    "size": 256
                },
                {
                    "name": "FetchParam.layer.Conv2d.layer.Conv_267_im_0.13.fetch_param_data.layer",
                    "addr": 494848,
                    "size": 256
                },
                {
                    "name": "FetchParam.layer.Conv2d.layer.Conv_267_im_0.14.fetch_param_data.layer",
                    "addr": 495104,
                    "size": 256
                },
                {
                    "name": "FetchParam.layer.Conv2d.layer.Conv_267_im_0.15.fetch_param_data.layer",
                    "addr": 495360,
                    "size": 256
                }
            ],
            "free": [
                {
                    "name": "Conv2d.layer.Conv_267_im_0.11",
                    "addr": 4091904,
                    "size": 20480
                },
                {
                    "name": "Conv2d.layer.Conv_267_im_0.11",
                    "addr": 494336,
                    "size": 256
                }
            ]
        },
        "kernel[30]": {
            "name": "Conv2d.layer.Conv_267_im_0.12",
            "idx": 30,
            "mem_used_rate": 0.132080078125,
            "malloc": [],
            "used": [
                {
                    "name": "DmaIn.layer.copy_in_PPQ_Variable_180",
                    "addr": 4112384,
                    "size": 81920
                },
                {
                    "name": "DummyConcat.layer.Conv_267_im_0.14",
                    "addr": 512,
                    "size": 491520
                },
                {
                    "name": "FetchParam.layer.Conv2d.layer.Conv_267_im_0.12.fetch_param_data.layer",
                    "addr": 494592,
                    "size": 256
                },
                {
                    "name": "FetchParam.layer.Conv2d.layer.Conv_267_im_0.13.fetch_param_data.layer",
                    "addr": 494848,
                    "size": 256
                },
                {
                    "name": "FetchParam.layer.Conv2d.layer.Conv_267_im_0.14.fetch_param_data.layer",
                    "addr": 495104,
                    "size": 256
                },
                {
                    "name": "FetchParam.layer.Conv2d.layer.Conv_267_im_0.15.fetch_param_data.layer",
                    "addr": 495360,
                    "size": 256
                }
            ],
            "free": [
                {
                    "name": "Conv2d.layer.Conv_267_im_0.12",
                    "addr": 4112384,
                    "size": 20480
                },
                {
                    "name": "Conv2d.layer.Conv_267_im_0.12",
                    "addr": 494592,
                    "size": 256
                }
            ]
        },
        "kernel[31]": {
            "name": "Conv2d.layer.Conv_267_im_0.13",
            "idx": 31,
            "mem_used_rate": 0.12713623046875,
            "malloc": [],
            "used": [
                {
                    "name": "DmaIn.layer.copy_in_PPQ_Variable_180",
                    "addr": 4132864,
                    "size": 61440
                },
                {
                    "name": "DummyConcat.layer.Conv_267_im_0.14",
                    "addr": 512,
                    "size": 491520
                },
                {
                    "name": "FetchParam.layer.Conv2d.layer.Conv_267_im_0.13.fetch_param_data.layer",
                    "addr": 494848,
                    "size": 256
                },
                {
                    "name": "FetchParam.layer.Conv2d.layer.Conv_267_im_0.14.fetch_param_data.layer",
                    "addr": 495104,
                    "size": 256
                },
                {
                    "name": "FetchParam.layer.Conv2d.layer.Conv_267_im_0.15.fetch_param_data.layer",
                    "addr": 495360,
                    "size": 256
                }
            ],
            "free": [
                {
                    "name": "Conv2d.layer.Conv_267_im_0.13",
                    "addr": 4132864,
                    "size": 20480
                },
                {
                    "name": "Conv2d.layer.Conv_267_im_0.13",
                    "addr": 494848,
                    "size": 256
                }
            ]
        },
        "kernel[32]": {
            "name": "Conv2d.layer.Conv_267_im_0.14",
            "idx": 32,
            "mem_used_rate": 0.1221923828125,
            "malloc": [],
            "used": [
                {
                    "name": "DmaIn.layer.copy_in_PPQ_Variable_180",
                    "addr": 4153344,
                    "size": 40960
                },
                {
                    "name": "DummyConcat.layer.Conv_267_im_0.14",
                    "addr": 512,
                    "size": 491520
                },
                {
                    "name": "FetchParam.layer.Conv2d.layer.Conv_267_im_0.14.fetch_param_data.layer",
                    "addr": 495104,
                    "size": 256
                },
                {
                    "name": "FetchParam.layer.Conv2d.layer.Conv_267_im_0.15.fetch_param_data.layer",
                    "addr": 495360,
                    "size": 256
                }
            ],
            "free": [
                {
                    "name": "Conv2d.layer.Conv_267_im_0.14",
                    "addr": 4153344,
                    "size": 20480
                },
                {
                    "name": "Conv2d.layer.Conv_267_im_0.14",
                    "addr": 495104,
                    "size": 256
                }
            ]
        },
        "kernel[33]": {
            "name": "Conv2d.layer.Conv_267_im_0.15",
            "idx": 33,
            "mem_used_rate": 0.11724853515625,
            "malloc": [],
            "used": [
                {
                    "name": "DmaIn.layer.copy_in_PPQ_Variable_180",
                    "addr": 4173824,
                    "size": 20480
                },
                {
                    "name": "DummyConcat.layer.Conv_267_im_0.14",
                    "addr": 512,
                    "size": 491520
                },
                {
                    "name": "FetchParam.layer.Conv2d.layer.Conv_267_im_0.15.fetch_param_data.layer",
                    "addr": 495360,
                    "size": 256
                }
            ],
            "free": [
                {
                    "name": "Conv2d.layer.Conv_267_im_0.15",
                    "addr": 4173824,
                    "size": 20480
                },
                {
                    "name": "Conv2d.layer.Conv_267_im_0.15",
                    "addr": 495360,
                    "size": 256
                }
            ]
        },
        "kernel[34]": {
            "name": "DmaOut.layer.copy_out_482",
            "idx": 34,
            "mem_used_rate": 0.00732421875,
            "malloc": [],
            "used": [
                {
                    "name": "DummyConcat.layer.Conv_267_im_0.14",
                    "addr": 512,
                    "size": 491520
                }
            ],
            "free": [
                {
                    "name": "DmaOut.layer.copy_out_482",
                    "addr": 512,
                    "size": 30720
                },
                {
                    "name": "DmaOut.layer.copy_out_482",
                    "addr": 31232,
                    "size": 30720
                },
                {
                    "name": "DmaOut.layer.copy_out_482",
                    "addr": 61952,
                    "size": 30720
                },
                {
                    "name": "DmaOut.layer.copy_out_482",
                    "addr": 92672,
                    "size": 30720
                },
                {
                    "name": "DmaOut.layer.copy_out_482",
                    "addr": 123392,
                    "size": 30720
                },
                {
                    "name": "DmaOut.layer.copy_out_482",
                    "addr": 154112,
                    "size": 30720
                },
                {
                    "name": "DmaOut.layer.copy_out_482",
                    "addr": 184832,
                    "size": 30720
                },
                {
                    "name": "DmaOut.layer.copy_out_482",
                    "addr": 215552,
                    "size": 30720
                },
                {
                    "name": "DmaOut.layer.copy_out_482",
                    "addr": 246272,
                    "size": 30720
                },
                {
                    "name": "DmaOut.layer.copy_out_482",
                    "addr": 276992,
                    "size": 30720
                },
                {
                    "name": "DmaOut.layer.copy_out_482",
                    "addr": 307712,
                    "size": 30720
                },
                {
                    "name": "DmaOut.layer.copy_out_482",
                    "addr": 338432,
                    "size": 30720
                },
                {
                    "name": "DmaOut.layer.copy_out_482",
                    "addr": 369152,
                    "size": 30720
                },
                {
                    "name": "DmaOut.layer.copy_out_482",
                    "addr": 399872,
                    "size": 30720
                },
                {
                    "name": "DmaOut.layer.copy_out_482",
                    "addr": 430592,
                    "size": 30720
                },
                {
                    "name": "DmaOut.layer.copy_out_482",
                    "addr": 461312,
                    "size": 30720
                }
            ]
        }
    },
    "max_peak_size": [
        {
            "size": 823296
        }
    ]
}