{
    "banks": [
        {
            "addr": 0,
            "size": 0
        }
    ],
    "patch_reserve": [],
    "param_reserve": [],
    "ops": {
        "kernel[0]": {
            "name": "DmaIn.layer.copy_in__im_PropagateOutputNames_added_name_7",
            "idx": 0,
            "mem_used_rate": 0.025390625,
            "malloc": [
                {
                    "addr": 4087808,
                    "ori_size": 0,
                    "size": 106496
                }
            ],
            "used": [
                {
                    "name": "DmaIn.layer.copy_in__im_PropagateOutputNames_added_name_7",
                    "addr": 4087808,
                    "size": 106496
                }
            ],
            "free": []
        },
        "kernel[1]": {
            "name": "DmaIn.layer.copy_in__im_PropagateOutputNames_added_name_8",
            "idx": 1,
            "mem_used_rate": 0.05078125,
            "malloc": [
                {
                    "addr": 0,
                    "ori_size": 0,
                    "size": 106496
                }
            ],
            "used": [
                {
                    "name": "DmaIn.layer.copy_in__im_PropagateOutputNames_added_name_7",
                    "addr": 4087808,
                    "size": 106496
                },
                {
                    "name": "DmaIn.layer.copy_in__im_PropagateOutputNames_added_name_8",
                    "addr": 0,
                    "size": 106496
                }
            ],
            "free": []
        },
        "kernel[2]": {
            "name": "Concat.layer.im_propagate_output_names_generated_span_3",
            "idx": 2,
            "mem_used_rate": 0.076171875,
            "malloc": [
                {
                    "addr": 106496,
                    "ori_size": 0,
                    "size": 212992
                }
            ],
            "used": [
                {
                    "name": "DmaIn.layer.copy_in__im_PropagateOutputNames_added_name_7",
                    "addr": 4087808,
                    "size": 106496
                },
                {
                    "name": "DmaIn.layer.copy_in__im_PropagateOutputNames_added_name_8",
                    "addr": 0,
                    "size": 106496
                },
                {
                    "name": "Concat.layer.im_propagate_output_names_generated_span_3",
                    "addr": 106496,
                    "size": 212992
                }
            ],
            "free": [
                {
                    "name": "Concat.layer.im_propagate_output_names_generated_span_3",
                    "addr": 4087808,
                    "size": 106496
                },
                {
                    "name": "Concat.layer.im_propagate_output_names_generated_span_3",
                    "addr": 0,
                    "size": 106496
                }
            ]
        },
        "kernel[3]": {
            "name": "DmaOut.layer.copy_out__im_PropagateOutputNames_added_name_9",
            "idx": 3,
            "mem_used_rate": 0.05078125,
            "malloc": [],
            "used": [
                {
                    "name": "Concat.layer.im_propagate_output_names_generated_span_3",
                    "addr": 106496,
                    "size": 212992
                }
            ],
            "free": [
                {
                    "name": "DmaOut.layer.copy_out__im_PropagateOutputNames_added_name_9",
                    "addr": 106496,
                    "size": 212992
                }
            ]
        }
    },
    "max_peak_size": [
        {
            "size": 212992
        }
    ]
}