{
    "banks": [
        {
            "addr": 0,
            "size": 0
        }
    ],
    "patch_reserve": [],
    "param_reserve": [],
    "ops": {
        "kernel[0]": {
            "name": "DmaIn.layer.copy_in__im_PropagateOutputNames_added_name_6",
            "idx": 0,
            "mem_used_rate": 0.15234375,
            "malloc": [
                {
                    "addr": 3555328,
                    "ori_size": 0,
                    "size": 638976
                }
            ],
            "used": [
                {
                    "name": "DmaIn.layer.copy_in__im_PropagateOutputNames_added_name_6",
                    "addr": 3555328,
                    "size": 638976
                }
            ],
            "free": []
        },
        "kernel[1]": {
            "name": "DmaIn.layer.copy_in_2Fmodel2Fbackbone2Fstage22Fstage22E12Fblocks2E12FAdd_output_0",
            "idx": 1,
            "mem_used_rate": 0.203125,
            "malloc": [
                {
                    "addr": 3342336,
                    "ori_size": 0,
                    "size": 212992
                }
            ],
            "used": [
                {
                    "name": "DmaIn.layer.copy_in__im_PropagateOutputNames_added_name_6",
                    "addr": 3555328,
                    "size": 638976
                },
                {
                    "name": "DmaIn.layer.copy_in_2Fmodel2Fbackbone2Fstage22Fstage22E12Fblocks2E12FAdd_output_0",
                    "addr": 3342336,
                    "size": 212992
                }
            ],
            "free": []
        },
        "kernel[2]": {
            "name": "FetchParam.layer.ConvFusion.layer./model/backbone/stage2/stage2.1/final_conv/conv/Conv_im_0.fused./model/backbone/stage2/stage2.1/final_conv/activate/Relu.split.co.0.fetch_param_data.layer",
            "idx": 2,
            "mem_used_rate": 0.20513916015625,
            "malloc": [
                {
                    "addr": 0,
                    "ori_size": 0,
                    "size": 8448
                }
            ],
            "used": [
                {
                    "name": "DmaIn.layer.copy_in__im_PropagateOutputNames_added_name_6",
                    "addr": 3555328,
                    "size": 638976
                },
                {
                    "name": "DmaIn.layer.copy_in_2Fmodel2Fbackbone2Fstage22Fstage22E12Fblocks2E12FAdd_output_0",
                    "addr": 3342336,
                    "size": 212992
                },
                {
                    "name": "FetchParam.layer.ConvFusion.layer./model/backbone/stage2/stage2.1/final_conv/conv/Conv_im_0.fused./model/backbone/stage2/stage2.1/final_conv/activate/Relu.split.co.0.fetch_param_data.layer",
                    "addr": 0,
                    "size": 8448
                }
            ],
            "free": []
        },
        "kernel[3]": {
            "name": "FetchParam.layer.ConvFusion.layer./model/backbone/stage2/stage2.1/final_conv/conv/Conv_im_0.fused./model/backbone/stage2/stage2.1/final_conv/activate/Relu.split.co.1.fetch_param_data.layer",
            "idx": 3,
            "mem_used_rate": 0.2071533203125,
            "malloc": [
                {
                    "addr": 8448,
                    "ori_size": 0,
                    "size": 8448
                }
            ],
            "used": [
                {
                    "name": "DmaIn.layer.copy_in__im_PropagateOutputNames_added_name_6",
                    "addr": 3555328,
                    "size": 638976
                },
                {
                    "name": "DmaIn.layer.copy_in_2Fmodel2Fbackbone2Fstage22Fstage22E12Fblocks2E12FAdd_output_0",
                    "addr": 3342336,
                    "size": 212992
                },
                {
                    "name": "FetchParam.layer.ConvFusion.layer./model/backbone/stage2/stage2.1/final_conv/conv/Conv_im_0.fused./model/backbone/stage2/stage2.1/final_conv/activate/Relu.split.co.0.fetch_param_data.layer",
                    "addr": 0,
                    "size": 8448
                },
                {
                    "name": "FetchParam.layer.ConvFusion.layer./model/backbone/stage2/stage2.1/final_conv/conv/Conv_im_0.fused./model/backbone/stage2/stage2.1/final_conv/activate/Relu.split.co.1.fetch_param_data.layer",
                    "addr": 8448,
                    "size": 8448
                }
            ],
            "free": []
        },
        "kernel[4]": {
            "name": "DummyConcat.layer./model/backbone/stage2/stage2.1/final_conv/conv/Conv_im_0.fused./model/backbone/stage2/stage2.1/final_conv/activate/Relu.0",
            "idx": 4,
            "mem_used_rate": 0.3087158203125,
            "malloc": [
                {
                    "addr": 16896,
                    "ori_size": 0,
                    "size": 425984
                }
            ],
            "used": [
                {
                    "name": "DmaIn.layer.copy_in__im_PropagateOutputNames_added_name_6",
                    "addr": 3555328,
                    "size": 638976
                },
                {
                    "name": "DmaIn.layer.copy_in_2Fmodel2Fbackbone2Fstage22Fstage22E12Fblocks2E12FAdd_output_0",
                    "addr": 3342336,
                    "size": 212992
                },
                {
                    "name": "FetchParam.layer.ConvFusion.layer./model/backbone/stage2/stage2.1/final_conv/conv/Conv_im_0.fused./model/backbone/stage2/stage2.1/final_conv/activate/Relu.split.co.0.fetch_param_data.layer",
                    "addr": 0,
                    "size": 8448
                },
                {
                    "name": "FetchParam.layer.ConvFusion.layer./model/backbone/stage2/stage2.1/final_conv/conv/Conv_im_0.fused./model/backbone/stage2/stage2.1/final_conv/activate/Relu.split.co.1.fetch_param_data.layer",
                    "addr": 8448,
                    "size": 8448
                },
                {
                    "name": "DummyConcat.layer./model/backbone/stage2/stage2.1/final_conv/conv/Conv_im_0.fused./model/backbone/stage2/stage2.1/final_conv/activate/Relu.0",
                    "addr": 16896,
                    "size": 425984
                }
            ],
            "free": []
        },
        "kernel[5]": {
            "name": "ConvFusion.layer./model/backbone/stage2/stage2.1/final_conv/conv/Conv_im_0.fused./model/backbone/stage2/stage2.1/final_conv/activate/Relu.split.co.0",
            "idx": 5,
            "mem_used_rate": 0.3087158203125,
            "malloc": [],
            "used": [
                {
                    "name": "DmaIn.layer.copy_in__im_PropagateOutputNames_added_name_6",
                    "addr": 3555328,
                    "size": 638976
                },
                {
                    "name": "DmaIn.layer.copy_in_2Fmodel2Fbackbone2Fstage22Fstage22E12Fblocks2E12FAdd_output_0",
                    "addr": 3342336,
                    "size": 212992
                },
                {
                    "name": "FetchParam.layer.ConvFusion.layer./model/backbone/stage2/stage2.1/final_conv/conv/Conv_im_0.fused./model/backbone/stage2/stage2.1/final_conv/activate/Relu.split.co.0.fetch_param_data.layer",
                    "addr": 0,
                    "size": 8448
                },
                {
                    "name": "FetchParam.layer.ConvFusion.layer./model/backbone/stage2/stage2.1/final_conv/conv/Conv_im_0.fused./model/backbone/stage2/stage2.1/final_conv/activate/Relu.split.co.1.fetch_param_data.layer",
                    "addr": 8448,
                    "size": 8448
                },
                {
                    "name": "DummyConcat.layer./model/backbone/stage2/stage2.1/final_conv/conv/Conv_im_0.fused./model/backbone/stage2/stage2.1/final_conv/activate/Relu.0",
                    "addr": 16896,
                    "size": 425984
                }
            ],
            "free": [
                {
                    "name": "ConvFusion.layer./model/backbone/stage2/stage2.1/final_conv/conv/Conv_im_0.fused./model/backbone/stage2/stage2.1/final_conv/activate/Relu.split.co.0",
                    "addr": 0,
                    "size": 8448
                }
            ]
        },
        "kernel[6]": {
            "name": "ConvFusion.layer./model/backbone/stage2/stage2.1/final_conv/conv/Conv_im_0.fused./model/backbone/stage2/stage2.1/final_conv/activate/Relu.split.co.1",
            "idx": 6,
            "mem_used_rate": 0.10357666015625,
            "malloc": [],
            "used": [
                {
                    "name": "DmaIn.layer.copy_in__im_PropagateOutputNames_added_name_6",
                    "addr": 3555328,
                    "size": 638976
                },
                {
                    "name": "DmaIn.layer.copy_in_2Fmodel2Fbackbone2Fstage22Fstage22E12Fblocks2E12FAdd_output_0",
                    "addr": 3342336,
                    "size": 212992
                },
                {
                    "name": "FetchParam.layer.ConvFusion.layer./model/backbone/stage2/stage2.1/final_conv/conv/Conv_im_0.fused./model/backbone/stage2/stage2.1/final_conv/activate/Relu.split.co.1.fetch_param_data.layer",
                    "addr": 8448,
                    "size": 8448
                },
                {
                    "name": "DummyConcat.layer./model/backbone/stage2/stage2.1/final_conv/conv/Conv_im_0.fused./model/backbone/stage2/stage2.1/final_conv/activate/Relu.0",
                    "addr": 16896,
                    "size": 425984
                }
            ],
            "free": [
                {
                    "name": "ConvFusion.layer./model/backbone/stage2/stage2.1/final_conv/conv/Conv_im_0.fused./model/backbone/stage2/stage2.1/final_conv/activate/Relu.split.co.1",
                    "addr": 3555328,
                    "size": 638976
                },
                {
                    "name": "ConvFusion.layer./model/backbone/stage2/stage2.1/final_conv/conv/Conv_im_0.fused./model/backbone/stage2/stage2.1/final_conv/activate/Relu.split.co.1",
                    "addr": 3342336,
                    "size": 212992
                },
                {
                    "name": "ConvFusion.layer./model/backbone/stage2/stage2.1/final_conv/conv/Conv_im_0.fused./model/backbone/stage2/stage2.1/final_conv/activate/Relu.split.co.1",
                    "addr": 8448,
                    "size": 8448
                }
            ]
        },
        "kernel[7]": {
            "name": "DmaOut.layer.copy_out_2Fmodel2Fbackbone2Fstage22Fstage22E12Ffinal_conv2Factivate2FRelu_output_0",
            "idx": 7,
            "mem_used_rate": 0.05078125,
            "malloc": [],
            "used": [
                {
                    "name": "DummyConcat.layer./model/backbone/stage2/stage2.1/final_conv/conv/Conv_im_0.fused./model/backbone/stage2/stage2.1/final_conv/activate/Relu.0",
                    "addr": 16896,
                    "size": 425984
                }
            ],
            "free": [
                {
                    "name": "DmaOut.layer.copy_out_2Fmodel2Fbackbone2Fstage22Fstage22E12Ffinal_conv2Factivate2FRelu_output_0",
                    "addr": 16896,
                    "size": 212992
                },
                {
                    "name": "DmaOut.layer.copy_out_2Fmodel2Fbackbone2Fstage22Fstage22E12Ffinal_conv2Factivate2FRelu_output_0",
                    "addr": 229888,
                    "size": 212992
                }
            ]
        }
    },
    "max_peak_size": [
        {
            "size": 868864
        }
    ]
}