{
    "banks": [
        {
            "addr": 0,
            "size": 0
        }
    ],
    "patch_reserve": [],
    "param_reserve": [],
    "ops": {
        "kernel[0]": {
            "name": "DmaIn.layer.copy_in_318",
            "idx": 0,
            "mem_used_rate": 0.01220703125,
            "malloc": [
                {
                    "addr": 4143104,
                    "ori_size": 0,
                    "size": 51200
                }
            ],
            "used": [
                {
                    "name": "DmaIn.layer.copy_in_318",
                    "addr": 4143104,
                    "size": 51200
                }
            ],
            "free": []
        },
        "kernel[1]": {
            "name": "Permute.layer.Transpose_126",
            "idx": 1,
            "mem_used_rate": 0.0244140625,
            "malloc": [
                {
                    "addr": 4091904,
                    "ori_size": 0,
                    "size": 51200
                }
            ],
            "used": [
                {
                    "name": "DmaIn.layer.copy_in_318",
                    "addr": 4143104,
                    "size": 51200
                },
                {
                    "name": "Permute.layer.Transpose_126",
                    "addr": 4091904,
                    "size": 51200
                }
            ],
            "free": [
                {
                    "name": "Permute.layer.Transpose_126",
                    "addr": 4143104,
                    "size": 51200
                }
            ]
        },
        "kernel[2]": {
            "name": "DmaOut.layer.copy_out_321",
            "idx": 2,
            "mem_used_rate": 0.01220703125,
            "malloc": [],
            "used": [
                {
                    "name": "Permute.layer.Transpose_126",
                    "addr": 4091904,
                    "size": 51200
                }
            ],
            "free": [
                {
                    "name": "DmaOut.layer.copy_out_321",
                    "addr": 4091904,
                    "size": 51200
                }
            ]
        }
    },
    "max_peak_size": [
        {
            "size": 51200
        }
    ]
}