{
    "banks": [
        {
            "addr": 0,
            "size": 0
        }
    ],
    "patch_reserve": [],
    "param_reserve": [],
    "ops": {
        "kernel[0]": {
            "name": "DmaIn.layer.copy_in_PPQ_Variable_159",
            "idx": 0,
            "mem_used_rate": 0.1171875,
            "malloc": [
                {
                    "addr": 3702784,
                    "ori_size": 0,
                    "size": 491520
                }
            ],
            "used": [
                {
                    "name": "DmaIn.layer.copy_in_PPQ_Variable_159",
                    "addr": 3702784,
                    "size": 491520
                }
            ],
            "free": []
        },
        "kernel[1]": {
            "name": "FetchParam.layer.Conv2d.layer.Conv_246_im_0.0.fetch_param_data.layer",
            "idx": 1,
            "mem_used_rate": 0.11724853515625,
            "malloc": [
                {
                    "addr": 0,
                    "ori_size": 0,
                    "size": 256
                }
            ],
            "used": [
                {
                    "name": "DmaIn.layer.copy_in_PPQ_Variable_159",
                    "addr": 3702784,
                    "size": 491520
                },
                {
                    "name": "FetchParam.layer.Conv2d.layer.Conv_246_im_0.0.fetch_param_data.layer",
                    "addr": 0,
                    "size": 256
                }
            ],
            "free": []
        },
        "kernel[2]": {
            "name": "FetchParam.layer.Conv2d.layer.Conv_246_im_0.1.fetch_param_data.layer",
            "idx": 2,
            "mem_used_rate": 0.1173095703125,
            "malloc": [
                {
                    "addr": 256,
                    "ori_size": 0,
                    "size": 256
                }
            ],
            "used": [
                {
                    "name": "DmaIn.layer.copy_in_PPQ_Variable_159",
                    "addr": 3702784,
                    "size": 491520
                },
                {
                    "name": "FetchParam.layer.Conv2d.layer.Conv_246_im_0.0.fetch_param_data.layer",
                    "addr": 0,
                    "size": 256
                },
                {
                    "name": "FetchParam.layer.Conv2d.layer.Conv_246_im_0.1.fetch_param_data.layer",
                    "addr": 256,
                    "size": 256
                }
            ],
            "free": []
        },
        "kernel[3]": {
            "name": "DummyConcat.layer.Conv_246_im_0.6",
            "idx": 3,
            "mem_used_rate": 0.3126220703125,
            "malloc": [
                {
                    "addr": 512,
                    "ori_size": 0,
                    "size": 819200
                }
            ],
            "used": [
                {
                    "name": "DmaIn.layer.copy_in_PPQ_Variable_159",
                    "addr": 3702784,
                    "size": 491520
                },
                {
                    "name": "FetchParam.layer.Conv2d.layer.Conv_246_im_0.0.fetch_param_data.layer",
                    "addr": 0,
                    "size": 256
                },
                {
                    "name": "FetchParam.layer.Conv2d.layer.Conv_246_im_0.1.fetch_param_data.layer",
                    "addr": 256,
                    "size": 256
                },
                {
                    "name": "DummyConcat.layer.Conv_246_im_0.6",
                    "addr": 512,
                    "size": 819200
                }
            ],
            "free": []
        },
        "kernel[4]": {
            "name": "FetchParam.layer.Conv2d.layer.Conv_246_im_0.2.fetch_param_data.layer",
            "idx": 4,
            "mem_used_rate": 0.31268310546875,
            "malloc": [
                {
                    "addr": 819712,
                    "ori_size": 0,
                    "size": 256
                }
            ],
            "used": [
                {
                    "name": "DmaIn.layer.copy_in_PPQ_Variable_159",
                    "addr": 3702784,
                    "size": 491520
                },
                {
                    "name": "FetchParam.layer.Conv2d.layer.Conv_246_im_0.0.fetch_param_data.layer",
                    "addr": 0,
                    "size": 256
                },
                {
                    "name": "FetchParam.layer.Conv2d.layer.Conv_246_im_0.1.fetch_param_data.layer",
                    "addr": 256,
                    "size": 256
                },
                {
                    "name": "DummyConcat.layer.Conv_246_im_0.6",
                    "addr": 512,
                    "size": 819200
                },
                {
                    "name": "FetchParam.layer.Conv2d.layer.Conv_246_im_0.2.fetch_param_data.layer",
                    "addr": 819712,
                    "size": 256
                }
            ],
            "free": []
        },
        "kernel[5]": {
            "name": "FetchParam.layer.Conv2d.layer.Conv_246_im_0.3.fetch_param_data.layer",
            "idx": 5,
            "mem_used_rate": 0.312744140625,
            "malloc": [
                {
                    "addr": 819968,
                    "ori_size": 0,
                    "size": 256
                }
            ],
            "used": [
                {
                    "name": "DmaIn.layer.copy_in_PPQ_Variable_159",
                    "addr": 3702784,
                    "size": 491520
                },
                {
                    "name": "FetchParam.layer.Conv2d.layer.Conv_246_im_0.0.fetch_param_data.layer",
                    "addr": 0,
                    "size": 256
                },
                {
                    "name": "FetchParam.layer.Conv2d.layer.Conv_246_im_0.1.fetch_param_data.layer",
                    "addr": 256,
                    "size": 256
                },
                {
                    "name": "DummyConcat.layer.Conv_246_im_0.6",
                    "addr": 512,
                    "size": 819200
                },
                {
                    "name": "FetchParam.layer.Conv2d.layer.Conv_246_im_0.2.fetch_param_data.layer",
                    "addr": 819712,
                    "size": 256
                },
                {
                    "name": "FetchParam.layer.Conv2d.layer.Conv_246_im_0.3.fetch_param_data.layer",
                    "addr": 819968,
                    "size": 256
                }
            ],
            "free": []
        },
        "kernel[6]": {
            "name": "FetchParam.layer.Conv2d.layer.Conv_246_im_0.4.fetch_param_data.layer",
            "idx": 6,
            "mem_used_rate": 0.31280517578125,
            "malloc": [
                {
                    "addr": 820224,
                    "ori_size": 0,
                    "size": 256
                }
            ],
            "used": [
                {
                    "name": "DmaIn.layer.copy_in_PPQ_Variable_159",
                    "addr": 3702784,
                    "size": 491520
                },
                {
                    "name": "FetchParam.layer.Conv2d.layer.Conv_246_im_0.0.fetch_param_data.layer",
                    "addr": 0,
                    "size": 256
                },
                {
                    "name": "FetchParam.layer.Conv2d.layer.Conv_246_im_0.1.fetch_param_data.layer",
                    "addr": 256,
                    "size": 256
                },
                {
                    "name": "DummyConcat.layer.Conv_246_im_0.6",
                    "addr": 512,
                    "size": 819200
                },
                {
                    "name": "FetchParam.layer.Conv2d.layer.Conv_246_im_0.2.fetch_param_data.layer",
                    "addr": 819712,
                    "size": 256
                },
                {
                    "name": "FetchParam.layer.Conv2d.layer.Conv_246_im_0.3.fetch_param_data.layer",
                    "addr": 819968,
                    "size": 256
                },
                {
                    "name": "FetchParam.layer.Conv2d.layer.Conv_246_im_0.4.fetch_param_data.layer",
                    "addr": 820224,
                    "size": 256
                }
            ],
            "free": []
        },
        "kernel[7]": {
            "name": "FetchParam.layer.Conv2d.layer.Conv_246_im_0.5.fetch_param_data.layer",
            "idx": 7,
            "mem_used_rate": 0.3128662109375,
            "malloc": [
                {
                    "addr": 820480,
                    "ori_size": 0,
                    "size": 256
                }
            ],
            "used": [
                {
                    "name": "DmaIn.layer.copy_in_PPQ_Variable_159",
                    "addr": 3702784,
                    "size": 491520
                },
                {
                    "name": "FetchParam.layer.Conv2d.layer.Conv_246_im_0.0.fetch_param_data.layer",
                    "addr": 0,
                    "size": 256
                },
                {
                    "name": "FetchParam.layer.Conv2d.layer.Conv_246_im_0.1.fetch_param_data.layer",
                    "addr": 256,
                    "size": 256
                },
                {
                    "name": "DummyConcat.layer.Conv_246_im_0.6",
                    "addr": 512,
                    "size": 819200
                },
                {
                    "name": "FetchParam.layer.Conv2d.layer.Conv_246_im_0.2.fetch_param_data.layer",
                    "addr": 819712,
                    "size": 256
                },
                {
                    "name": "FetchParam.layer.Conv2d.layer.Conv_246_im_0.3.fetch_param_data.layer",
                    "addr": 819968,
                    "size": 256
                },
                {
                    "name": "FetchParam.layer.Conv2d.layer.Conv_246_im_0.4.fetch_param_data.layer",
                    "addr": 820224,
                    "size": 256
                },
                {
                    "name": "FetchParam.layer.Conv2d.layer.Conv_246_im_0.5.fetch_param_data.layer",
                    "addr": 820480,
                    "size": 256
                }
            ],
            "free": []
        },
        "kernel[8]": {
            "name": "FetchParam.layer.Conv2d.layer.Conv_246_im_0.6.fetch_param_data.layer",
            "idx": 8,
            "mem_used_rate": 0.31292724609375,
            "malloc": [
                {
                    "addr": 820736,
                    "ori_size": 0,
                    "size": 256
                }
            ],
            "used": [
                {
                    "name": "DmaIn.layer.copy_in_PPQ_Variable_159",
                    "addr": 3702784,
                    "size": 491520
                },
                {
                    "name": "FetchParam.layer.Conv2d.layer.Conv_246_im_0.0.fetch_param_data.layer",
                    "addr": 0,
                    "size": 256
                },
                {
                    "name": "FetchParam.layer.Conv2d.layer.Conv_246_im_0.1.fetch_param_data.layer",
                    "addr": 256,
                    "size": 256
                },
                {
                    "name": "DummyConcat.layer.Conv_246_im_0.6",
                    "addr": 512,
                    "size": 819200
                },
                {
                    "name": "FetchParam.layer.Conv2d.layer.Conv_246_im_0.2.fetch_param_data.layer",
                    "addr": 819712,
                    "size": 256
                },
                {
                    "name": "FetchParam.layer.Conv2d.layer.Conv_246_im_0.3.fetch_param_data.layer",
                    "addr": 819968,
                    "size": 256
                },
                {
                    "name": "FetchParam.layer.Conv2d.layer.Conv_246_im_0.4.fetch_param_data.layer",
                    "addr": 820224,
                    "size": 256
                },
                {
                    "name": "FetchParam.layer.Conv2d.layer.Conv_246_im_0.5.fetch_param_data.layer",
                    "addr": 820480,
                    "size": 256
                },
                {
                    "name": "FetchParam.layer.Conv2d.layer.Conv_246_im_0.6.fetch_param_data.layer",
                    "addr": 820736,
                    "size": 256
                }
            ],
            "free": []
        },
        "kernel[9]": {
            "name": "FetchParam.layer.Conv2d.layer.Conv_246_im_0.7.fetch_param_data.layer",
            "idx": 9,
            "mem_used_rate": 0.31298828125,
            "malloc": [
                {
                    "addr": 820992,
                    "ori_size": 0,
                    "size": 256
                }
            ],
            "used": [
                {
                    "name": "DmaIn.layer.copy_in_PPQ_Variable_159",
                    "addr": 3702784,
                    "size": 491520
                },
                {
                    "name": "FetchParam.layer.Conv2d.layer.Conv_246_im_0.0.fetch_param_data.layer",
                    "addr": 0,
                    "size": 256
                },
                {
                    "name": "FetchParam.layer.Conv2d.layer.Conv_246_im_0.1.fetch_param_data.layer",
                    "addr": 256,
                    "size": 256
                },
                {
                    "name": "DummyConcat.layer.Conv_246_im_0.6",
                    "addr": 512,
                    "size": 819200
                },
                {
                    "name": "FetchParam.layer.Conv2d.layer.Conv_246_im_0.2.fetch_param_data.layer",
                    "addr": 819712,
                    "size": 256
                },
                {
                    "name": "FetchParam.layer.Conv2d.layer.Conv_246_im_0.3.fetch_param_data.layer",
                    "addr": 819968,
                    "size": 256
                },
                {
                    "name": "FetchParam.layer.Conv2d.layer.Conv_246_im_0.4.fetch_param_data.layer",
                    "addr": 820224,
                    "size": 256
                },
                {
                    "name": "FetchParam.layer.Conv2d.layer.Conv_246_im_0.5.fetch_param_data.layer",
                    "addr": 820480,
                    "size": 256
                },
                {
                    "name": "FetchParam.layer.Conv2d.layer.Conv_246_im_0.6.fetch_param_data.layer",
                    "addr": 820736,
                    "size": 256
                },
                {
                    "name": "FetchParam.layer.Conv2d.layer.Conv_246_im_0.7.fetch_param_data.layer",
                    "addr": 820992,
                    "size": 256
                }
            ],
            "free": []
        },
        "kernel[10]": {
            "name": "Conv2d.layer.Conv_246_im_0.0",
            "idx": 10,
            "mem_used_rate": 0.29833984375,
            "malloc": [],
            "used": [
                {
                    "name": "DmaIn.layer.copy_in_PPQ_Variable_159",
                    "addr": 3702784,
                    "size": 491520
                },
                {
                    "name": "FetchParam.layer.Conv2d.layer.Conv_246_im_0.0.fetch_param_data.layer",
                    "addr": 0,
                    "size": 256
                },
                {
                    "name": "FetchParam.layer.Conv2d.layer.Conv_246_im_0.1.fetch_param_data.layer",
                    "addr": 256,
                    "size": 256
                },
                {
                    "name": "DummyConcat.layer.Conv_246_im_0.6",
                    "addr": 512,
                    "size": 819200
                },
                {
                    "name": "FetchParam.layer.Conv2d.layer.Conv_246_im_0.2.fetch_param_data.layer",
                    "addr": 819712,
                    "size": 256
                },
                {
                    "name": "FetchParam.layer.Conv2d.layer.Conv_246_im_0.3.fetch_param_data.layer",
                    "addr": 819968,
                    "size": 256
                },
                {
                    "name": "FetchParam.layer.Conv2d.layer.Conv_246_im_0.4.fetch_param_data.layer",
                    "addr": 820224,
                    "size": 256
                },
                {
                    "name": "FetchParam.layer.Conv2d.layer.Conv_246_im_0.5.fetch_param_data.layer",
                    "addr": 820480,
                    "size": 256
                },
                {
                    "name": "FetchParam.layer.Conv2d.layer.Conv_246_im_0.6.fetch_param_data.layer",
                    "addr": 820736,
                    "size": 256
                },
                {
                    "name": "FetchParam.layer.Conv2d.layer.Conv_246_im_0.7.fetch_param_data.layer",
                    "addr": 820992,
                    "size": 256
                }
            ],
            "free": [
                {
                    "name": "Conv2d.layer.Conv_246_im_0.0",
                    "addr": 3702784,
                    "size": 61440
                },
                {
                    "name": "Conv2d.layer.Conv_246_im_0.0",
                    "addr": 0,
                    "size": 256
                }
            ]
        },
        "kernel[11]": {
            "name": "Conv2d.layer.Conv_246_im_0.1",
            "idx": 11,
            "mem_used_rate": 0.28363037109375,
            "malloc": [],
            "used": [
                {
                    "name": "DmaIn.layer.copy_in_PPQ_Variable_159",
                    "addr": 3764224,
                    "size": 430080
                },
                {
                    "name": "FetchParam.layer.Conv2d.layer.Conv_246_im_0.1.fetch_param_data.layer",
                    "addr": 256,
                    "size": 256
                },
                {
                    "name": "DummyConcat.layer.Conv_246_im_0.6",
                    "addr": 512,
                    "size": 819200
                },
                {
                    "name": "FetchParam.layer.Conv2d.layer.Conv_246_im_0.2.fetch_param_data.layer",
                    "addr": 819712,
                    "size": 256
                },
                {
                    "name": "FetchParam.layer.Conv2d.layer.Conv_246_im_0.3.fetch_param_data.layer",
                    "addr": 819968,
                    "size": 256
                },
                {
                    "name": "FetchParam.layer.Conv2d.layer.Conv_246_im_0.4.fetch_param_data.layer",
                    "addr": 820224,
                    "size": 256
                },
                {
                    "name": "FetchParam.layer.Conv2d.layer.Conv_246_im_0.5.fetch_param_data.layer",
                    "addr": 820480,
                    "size": 256
                },
                {
                    "name": "FetchParam.layer.Conv2d.layer.Conv_246_im_0.6.fetch_param_data.layer",
                    "addr": 820736,
                    "size": 256
                },
                {
                    "name": "FetchParam.layer.Conv2d.layer.Conv_246_im_0.7.fetch_param_data.layer",
                    "addr": 820992,
                    "size": 256
                }
            ],
            "free": [
                {
                    "name": "Conv2d.layer.Conv_246_im_0.1",
                    "addr": 3764224,
                    "size": 61440
                },
                {
                    "name": "Conv2d.layer.Conv_246_im_0.1",
                    "addr": 256,
                    "size": 256
                }
            ]
        },
        "kernel[12]": {
            "name": "Conv2d.layer.Conv_246_im_0.2",
            "idx": 12,
            "mem_used_rate": 0.2689208984375,
            "malloc": [],
            "used": [
                {
                    "name": "DmaIn.layer.copy_in_PPQ_Variable_159",
                    "addr": 3825664,
                    "size": 368640
                },
                {
                    "name": "DummyConcat.layer.Conv_246_im_0.6",
                    "addr": 512,
                    "size": 819200
                },
                {
                    "name": "FetchParam.layer.Conv2d.layer.Conv_246_im_0.2.fetch_param_data.layer",
                    "addr": 819712,
                    "size": 256
                },
                {
                    "name": "FetchParam.layer.Conv2d.layer.Conv_246_im_0.3.fetch_param_data.layer",
                    "addr": 819968,
                    "size": 256
                },
                {
                    "name": "FetchParam.layer.Conv2d.layer.Conv_246_im_0.4.fetch_param_data.layer",
                    "addr": 820224,
                    "size": 256
                },
                {
                    "name": "FetchParam.layer.Conv2d.layer.Conv_246_im_0.5.fetch_param_data.layer",
                    "addr": 820480,
                    "size": 256
                },
                {
                    "name": "FetchParam.layer.Conv2d.layer.Conv_246_im_0.6.fetch_param_data.layer",
                    "addr": 820736,
                    "size": 256
                },
                {
                    "name": "FetchParam.layer.Conv2d.layer.Conv_246_im_0.7.fetch_param_data.layer",
                    "addr": 820992,
                    "size": 256
                }
            ],
            "free": [
                {
                    "name": "Conv2d.layer.Conv_246_im_0.2",
                    "addr": 3825664,
                    "size": 61440
                },
                {
                    "name": "Conv2d.layer.Conv_246_im_0.2",
                    "addr": 819712,
                    "size": 256
                }
            ]
        },
        "kernel[13]": {
            "name": "Conv2d.layer.Conv_246_im_0.3",
            "idx": 13,
            "mem_used_rate": 0.25421142578125,
            "malloc": [],
            "used": [
                {
                    "name": "DmaIn.layer.copy_in_PPQ_Variable_159",
                    "addr": 3887104,
                    "size": 307200
                },
                {
                    "name": "DummyConcat.layer.Conv_246_im_0.6",
                    "addr": 512,
                    "size": 819200
                },
                {
                    "name": "FetchParam.layer.Conv2d.layer.Conv_246_im_0.3.fetch_param_data.layer",
                    "addr": 819968,
                    "size": 256
                },
                {
                    "name": "FetchParam.layer.Conv2d.layer.Conv_246_im_0.4.fetch_param_data.layer",
                    "addr": 820224,
                    "size": 256
                },
                {
                    "name": "FetchParam.layer.Conv2d.layer.Conv_246_im_0.5.fetch_param_data.layer",
                    "addr": 820480,
                    "size": 256
                },
                {
                    "name": "FetchParam.layer.Conv2d.layer.Conv_246_im_0.6.fetch_param_data.layer",
                    "addr": 820736,
                    "size": 256
                },
                {
                    "name": "FetchParam.layer.Conv2d.layer.Conv_246_im_0.7.fetch_param_data.layer",
                    "addr": 820992,
                    "size": 256
                }
            ],
            "free": [
                {
                    "name": "Conv2d.layer.Conv_246_im_0.3",
                    "addr": 3887104,
                    "size": 61440
                },
                {
                    "name": "Conv2d.layer.Conv_246_im_0.3",
                    "addr": 819968,
                    "size": 256
                }
            ]
        },
        "kernel[14]": {
            "name": "Conv2d.layer.Conv_246_im_0.4",
            "idx": 14,
            "mem_used_rate": 0.239501953125,
            "malloc": [],
            "used": [
                {
                    "name": "DmaIn.layer.copy_in_PPQ_Variable_159",
                    "addr": 3948544,
                    "size": 245760
                },
                {
                    "name": "DummyConcat.layer.Conv_246_im_0.6",
                    "addr": 512,
                    "size": 819200
                },
                {
                    "name": "FetchParam.layer.Conv2d.layer.Conv_246_im_0.4.fetch_param_data.layer",
                    "addr": 820224,
                    "size": 256
                },
                {
                    "name": "FetchParam.layer.Conv2d.layer.Conv_246_im_0.5.fetch_param_data.layer",
                    "addr": 820480,
                    "size": 256
                },
                {
                    "name": "FetchParam.layer.Conv2d.layer.Conv_246_im_0.6.fetch_param_data.layer",
                    "addr": 820736,
                    "size": 256
                },
                {
                    "name": "FetchParam.layer.Conv2d.layer.Conv_246_im_0.7.fetch_param_data.layer",
                    "addr": 820992,
                    "size": 256
                }
            ],
            "free": [
                {
                    "name": "Conv2d.layer.Conv_246_im_0.4",
                    "addr": 3948544,
                    "size": 61440
                },
                {
                    "name": "Conv2d.layer.Conv_246_im_0.4",
                    "addr": 820224,
                    "size": 256
                }
            ]
        },
        "kernel[15]": {
            "name": "Conv2d.layer.Conv_246_im_0.5",
            "idx": 15,
            "mem_used_rate": 0.22479248046875,
            "malloc": [],
            "used": [
                {
                    "name": "DmaIn.layer.copy_in_PPQ_Variable_159",
                    "addr": 4009984,
                    "size": 184320
                },
                {
                    "name": "DummyConcat.layer.Conv_246_im_0.6",
                    "addr": 512,
                    "size": 819200
                },
                {
                    "name": "FetchParam.layer.Conv2d.layer.Conv_246_im_0.5.fetch_param_data.layer",
                    "addr": 820480,
                    "size": 256
                },
                {
                    "name": "FetchParam.layer.Conv2d.layer.Conv_246_im_0.6.fetch_param_data.layer",
                    "addr": 820736,
                    "size": 256
                },
                {
                    "name": "FetchParam.layer.Conv2d.layer.Conv_246_im_0.7.fetch_param_data.layer",
                    "addr": 820992,
                    "size": 256
                }
            ],
            "free": [
                {
                    "name": "Conv2d.layer.Conv_246_im_0.5",
                    "addr": 4009984,
                    "size": 61440
                },
                {
                    "name": "Conv2d.layer.Conv_246_im_0.5",
                    "addr": 820480,
                    "size": 256
                }
            ]
        },
        "kernel[16]": {
            "name": "Conv2d.layer.Conv_246_im_0.6",
            "idx": 16,
            "mem_used_rate": 0.2100830078125,
            "malloc": [],
            "used": [
                {
                    "name": "DmaIn.layer.copy_in_PPQ_Variable_159",
                    "addr": 4071424,
                    "size": 122880
                },
                {
                    "name": "DummyConcat.layer.Conv_246_im_0.6",
                    "addr": 512,
                    "size": 819200
                },
                {
                    "name": "FetchParam.layer.Conv2d.layer.Conv_246_im_0.6.fetch_param_data.layer",
                    "addr": 820736,
                    "size": 256
                },
                {
                    "name": "FetchParam.layer.Conv2d.layer.Conv_246_im_0.7.fetch_param_data.layer",
                    "addr": 820992,
                    "size": 256
                }
            ],
            "free": [
                {
                    "name": "Conv2d.layer.Conv_246_im_0.6",
                    "addr": 4071424,
                    "size": 61440
                },
                {
                    "name": "Conv2d.layer.Conv_246_im_0.6",
                    "addr": 820736,
                    "size": 256
                }
            ]
        },
        "kernel[17]": {
            "name": "Conv2d.layer.Conv_246_im_0.7",
            "idx": 17,
            "mem_used_rate": 0.19537353515625,
            "malloc": [],
            "used": [
                {
                    "name": "DmaIn.layer.copy_in_PPQ_Variable_159",
                    "addr": 4132864,
                    "size": 61440
                },
                {
                    "name": "DummyConcat.layer.Conv_246_im_0.6",
                    "addr": 512,
                    "size": 819200
                },
                {
                    "name": "FetchParam.layer.Conv2d.layer.Conv_246_im_0.7.fetch_param_data.layer",
                    "addr": 820992,
                    "size": 256
                }
            ],
            "free": [
                {
                    "name": "Conv2d.layer.Conv_246_im_0.7",
                    "addr": 4132864,
                    "size": 61440
                },
                {
                    "name": "Conv2d.layer.Conv_246_im_0.7",
                    "addr": 820992,
                    "size": 256
                }
            ]
        },
        "kernel[18]": {
            "name": "DmaOut.layer.copy_out_461",
            "idx": 18,
            "mem_used_rate": 0.0244140625,
            "malloc": [],
            "used": [
                {
                    "name": "DummyConcat.layer.Conv_246_im_0.6",
                    "addr": 512,
                    "size": 819200
                }
            ],
            "free": [
                {
                    "name": "DmaOut.layer.copy_out_461",
                    "addr": 512,
                    "size": 102400
                },
                {
                    "name": "DmaOut.layer.copy_out_461",
                    "addr": 102912,
                    "size": 102400
                },
                {
                    "name": "DmaOut.layer.copy_out_461",
                    "addr": 205312,
                    "size": 102400
                },
                {
                    "name": "DmaOut.layer.copy_out_461",
                    "addr": 307712,
                    "size": 102400
                },
                {
                    "name": "DmaOut.layer.copy_out_461",
                    "addr": 410112,
                    "size": 102400
                },
                {
                    "name": "DmaOut.layer.copy_out_461",
                    "addr": 512512,
                    "size": 102400
                },
                {
                    "name": "DmaOut.layer.copy_out_461",
                    "addr": 614912,
                    "size": 102400
                },
                {
                    "name": "DmaOut.layer.copy_out_461",
                    "addr": 717312,
                    "size": 102400
                }
            ]
        }
    },
    "max_peak_size": [
        {
            "size": 1312768
        }
    ]
}