{
    "banks": [
        {
            "addr": 0,
            "size": 0
        }
    ],
    "patch_reserve": [],
    "param_reserve": [],
    "ops": {
        "kernel[0]": {
            "name": "DmaIn.layer.copy_in__im_PropagateOutputNames_added_name_0",
            "idx": 0,
            "mem_used_rate": 0.0888671875,
            "malloc": [
                {
                    "addr": 3821568,
                    "ori_size": 0,
                    "size": 372736
                }
            ],
            "used": [
                {
                    "name": "DmaIn.layer.copy_in__im_PropagateOutputNames_added_name_0",
                    "addr": 3821568,
                    "size": 372736
                }
            ],
            "free": []
        },
        "kernel[1]": {
            "name": "DmaIn.layer.copy_in__im_PropagateOutputNames_added_name_1",
            "idx": 1,
            "mem_used_rate": 0.177734375,
            "malloc": [
                {
                    "addr": 0,
                    "ori_size": 0,
                    "size": 372736
                }
            ],
            "used": [
                {
                    "name": "DmaIn.layer.copy_in__im_PropagateOutputNames_added_name_0",
                    "addr": 3821568,
                    "size": 372736
                },
                {
                    "name": "DmaIn.layer.copy_in__im_PropagateOutputNames_added_name_1",
                    "addr": 0,
                    "size": 372736
                }
            ],
            "free": []
        },
        "kernel[2]": {
            "name": "Concat.layer.im_propagate_output_names_generated_span_0",
            "idx": 2,
            "mem_used_rate": 0.2666015625,
            "malloc": [
                {
                    "addr": 372736,
                    "ori_size": 0,
                    "size": 745472
                }
            ],
            "used": [
                {
                    "name": "DmaIn.layer.copy_in__im_PropagateOutputNames_added_name_0",
                    "addr": 3821568,
                    "size": 372736
                },
                {
                    "name": "DmaIn.layer.copy_in__im_PropagateOutputNames_added_name_1",
                    "addr": 0,
                    "size": 372736
                },
                {
                    "name": "Concat.layer.im_propagate_output_names_generated_span_0",
                    "addr": 372736,
                    "size": 745472
                }
            ],
            "free": [
                {
                    "name": "Concat.layer.im_propagate_output_names_generated_span_0",
                    "addr": 3821568,
                    "size": 372736
                },
                {
                    "name": "Concat.layer.im_propagate_output_names_generated_span_0",
                    "addr": 0,
                    "size": 372736
                }
            ]
        },
        "kernel[3]": {
            "name": "DmaOut.layer.copy_out__im_PropagateOutputNames_added_name_2",
            "idx": 3,
            "mem_used_rate": 0.177734375,
            "malloc": [],
            "used": [
                {
                    "name": "Concat.layer.im_propagate_output_names_generated_span_0",
                    "addr": 372736,
                    "size": 745472
                }
            ],
            "free": [
                {
                    "name": "DmaOut.layer.copy_out__im_PropagateOutputNames_added_name_2",
                    "addr": 372736,
                    "size": 745472
                }
            ]
        }
    },
    "max_peak_size": [
        {
            "size": 745472
        }
    ]
}