{
    "banks": [
        {
            "addr": 0,
            "size": 0
        }
    ],
    "patch_reserve": [],
    "param_reserve": [],
    "ops": {
        "kernel[0]": {
            "name": "DmaIn.layer.copy_in_2Fmodel2Fperson2Fhead_module2Fkpt_pred2E22Fkpt_pred2E22E02Fdepthwise_conv2Fconv2FConv_output_0",
            "idx": 0,
            "mem_used_rate": 0.00634765625,
            "malloc": [
                {
                    "addr": 4167680,
                    "ori_size": 0,
                    "size": 26624
                }
            ],
            "used": [
                {
                    "name": "DmaIn.layer.copy_in_2Fmodel2Fperson2Fhead_module2Fkpt_pred2E22Fkpt_pred2E22E02Fdepthwise_conv2Fconv2FConv_output_0",
                    "addr": 4167680,
                    "size": 26624
                }
            ],
            "free": []
        },
        "kernel[1]": {
            "name": "DmaIn.layer.copy_in_2Fmodel2Fperson2Fhead_module2Fkpt_pred2E22Fkpt_pred2E22E02Fdepthwise_conv2Factivate2FSigmoid_output_0",
            "idx": 1,
            "mem_used_rate": 0.0126953125,
            "malloc": [
                {
                    "addr": 0,
                    "ori_size": 0,
                    "size": 26624
                }
            ],
            "used": [
                {
                    "name": "DmaIn.layer.copy_in_2Fmodel2Fperson2Fhead_module2Fkpt_pred2E22Fkpt_pred2E22E02Fdepthwise_conv2Fconv2FConv_output_0",
                    "addr": 4167680,
                    "size": 26624
                },
                {
                    "name": "DmaIn.layer.copy_in_2Fmodel2Fperson2Fhead_module2Fkpt_pred2E22Fkpt_pred2E22E02Fdepthwise_conv2Factivate2FSigmoid_output_0",
                    "addr": 0,
                    "size": 26624
                }
            ],
            "free": []
        },
        "kernel[2]": {
            "name": "Eltwise.layer./model/person/head_module/kpt_pred.2/kpt_pred.2.0/depthwise_conv/activate/Mul",
            "idx": 2,
            "mem_used_rate": 0.0126953125,
            "malloc": [
                {
                    "addr": 4167680,
                    "ori_size": 0,
                    "size": 26624
                }
            ],
            "used": [
                {
                    "name": "DmaIn.layer.copy_in_2Fmodel2Fperson2Fhead_module2Fkpt_pred2E22Fkpt_pred2E22E02Fdepthwise_conv2Fconv2FConv_output_0",
                    "addr": 4167680,
                    "size": 26624
                },
                {
                    "name": "DmaIn.layer.copy_in_2Fmodel2Fperson2Fhead_module2Fkpt_pred2E22Fkpt_pred2E22E02Fdepthwise_conv2Factivate2FSigmoid_output_0",
                    "addr": 0,
                    "size": 26624
                }
            ],
            "free": [
                {
                    "name": "Eltwise.layer./model/person/head_module/kpt_pred.2/kpt_pred.2.0/depthwise_conv/activate/Mul",
                    "addr": 0,
                    "size": 26624
                }
            ]
        },
        "kernel[3]": {
            "name": "FetchParam.layer.Conv2d.layer./model/person/head_module/kpt_pred.2/kpt_pred.2.0/pointwise_conv/conv/Conv_im_0.split.co.0.fetch_param_data.layer",
            "idx": 3,
            "mem_used_rate": 0.00738525390625,
            "malloc": [
                {
                    "addr": 26624,
                    "ori_size": 0,
                    "size": 4352
                }
            ],
            "used": [
                {
                    "name": "DmaIn.layer.copy_in_2Fmodel2Fperson2Fhead_module2Fkpt_pred2E22Fkpt_pred2E22E02Fdepthwise_conv2Fconv2FConv_output_0",
                    "addr": 4167680,
                    "size": 26624
                },
                {
                    "name": "FetchParam.layer.Conv2d.layer./model/person/head_module/kpt_pred.2/kpt_pred.2.0/pointwise_conv/conv/Conv_im_0.split.co.0.fetch_param_data.layer",
                    "addr": 26624,
                    "size": 4352
                }
            ],
            "free": []
        },
        "kernel[4]": {
            "name": "FetchParam.layer.Conv2d.layer./model/person/head_module/kpt_pred.2/kpt_pred.2.0/pointwise_conv/conv/Conv_im_0.split.co.1.fetch_param_data.layer",
            "idx": 4,
            "mem_used_rate": 0.0084228515625,
            "malloc": [
                {
                    "addr": 30976,
                    "ori_size": 0,
                    "size": 4352
                }
            ],
            "used": [
                {
                    "name": "DmaIn.layer.copy_in_2Fmodel2Fperson2Fhead_module2Fkpt_pred2E22Fkpt_pred2E22E02Fdepthwise_conv2Fconv2FConv_output_0",
                    "addr": 4167680,
                    "size": 26624
                },
                {
                    "name": "FetchParam.layer.Conv2d.layer./model/person/head_module/kpt_pred.2/kpt_pred.2.0/pointwise_conv/conv/Conv_im_0.split.co.0.fetch_param_data.layer",
                    "addr": 26624,
                    "size": 4352
                },
                {
                    "name": "FetchParam.layer.Conv2d.layer./model/person/head_module/kpt_pred.2/kpt_pred.2.0/pointwise_conv/conv/Conv_im_0.split.co.1.fetch_param_data.layer",
                    "addr": 30976,
                    "size": 4352
                }
            ],
            "free": []
        },
        "kernel[5]": {
            "name": "DummyConcat.layer./model/person/head_module/kpt_pred.2/kpt_pred.2.0/pointwise_conv/conv/Conv_im_0.0",
            "idx": 5,
            "mem_used_rate": 0.0147705078125,
            "malloc": [
                {
                    "addr": 35328,
                    "ori_size": 0,
                    "size": 26624
                }
            ],
            "used": [
                {
                    "name": "DmaIn.layer.copy_in_2Fmodel2Fperson2Fhead_module2Fkpt_pred2E22Fkpt_pred2E22E02Fdepthwise_conv2Fconv2FConv_output_0",
                    "addr": 4167680,
                    "size": 26624
                },
                {
                    "name": "FetchParam.layer.Conv2d.layer./model/person/head_module/kpt_pred.2/kpt_pred.2.0/pointwise_conv/conv/Conv_im_0.split.co.0.fetch_param_data.layer",
                    "addr": 26624,
                    "size": 4352
                },
                {
                    "name": "FetchParam.layer.Conv2d.layer./model/person/head_module/kpt_pred.2/kpt_pred.2.0/pointwise_conv/conv/Conv_im_0.split.co.1.fetch_param_data.layer",
                    "addr": 30976,
                    "size": 4352
                },
                {
                    "name": "DummyConcat.layer./model/person/head_module/kpt_pred.2/kpt_pred.2.0/pointwise_conv/conv/Conv_im_0.0",
                    "addr": 35328,
                    "size": 26624
                }
            ],
            "free": []
        },
        "kernel[6]": {
            "name": "Conv2d.layer./model/person/head_module/kpt_pred.2/kpt_pred.2.0/pointwise_conv/conv/Conv_im_0.split.co.0",
            "idx": 6,
            "mem_used_rate": 0.0147705078125,
            "malloc": [],
            "used": [
                {
                    "name": "DmaIn.layer.copy_in_2Fmodel2Fperson2Fhead_module2Fkpt_pred2E22Fkpt_pred2E22E02Fdepthwise_conv2Fconv2FConv_output_0",
                    "addr": 4167680,
                    "size": 26624
                },
                {
                    "name": "FetchParam.layer.Conv2d.layer./model/person/head_module/kpt_pred.2/kpt_pred.2.0/pointwise_conv/conv/Conv_im_0.split.co.0.fetch_param_data.layer",
                    "addr": 26624,
                    "size": 4352
                },
                {
                    "name": "FetchParam.layer.Conv2d.layer./model/person/head_module/kpt_pred.2/kpt_pred.2.0/pointwise_conv/conv/Conv_im_0.split.co.1.fetch_param_data.layer",
                    "addr": 30976,
                    "size": 4352
                },
                {
                    "name": "DummyConcat.layer./model/person/head_module/kpt_pred.2/kpt_pred.2.0/pointwise_conv/conv/Conv_im_0.0",
                    "addr": 35328,
                    "size": 26624
                }
            ],
            "free": [
                {
                    "name": "Conv2d.layer./model/person/head_module/kpt_pred.2/kpt_pred.2.0/pointwise_conv/conv/Conv_im_0.split.co.0",
                    "addr": 26624,
                    "size": 4352
                }
            ]
        },
        "kernel[7]": {
            "name": "Conv2d.layer./model/person/head_module/kpt_pred.2/kpt_pred.2.0/pointwise_conv/conv/Conv_im_0.split.co.1",
            "idx": 7,
            "mem_used_rate": 0.00738525390625,
            "malloc": [],
            "used": [
                {
                    "name": "DmaIn.layer.copy_in_2Fmodel2Fperson2Fhead_module2Fkpt_pred2E22Fkpt_pred2E22E02Fdepthwise_conv2Fconv2FConv_output_0",
                    "addr": 4167680,
                    "size": 26624
                },
                {
                    "name": "FetchParam.layer.Conv2d.layer./model/person/head_module/kpt_pred.2/kpt_pred.2.0/pointwise_conv/conv/Conv_im_0.split.co.1.fetch_param_data.layer",
                    "addr": 30976,
                    "size": 4352
                },
                {
                    "name": "DummyConcat.layer./model/person/head_module/kpt_pred.2/kpt_pred.2.0/pointwise_conv/conv/Conv_im_0.0",
                    "addr": 35328,
                    "size": 26624
                }
            ],
            "free": [
                {
                    "name": "Conv2d.layer./model/person/head_module/kpt_pred.2/kpt_pred.2.0/pointwise_conv/conv/Conv_im_0.split.co.1",
                    "addr": 4167680,
                    "size": 26624
                },
                {
                    "name": "Conv2d.layer./model/person/head_module/kpt_pred.2/kpt_pred.2.0/pointwise_conv/conv/Conv_im_0.split.co.1",
                    "addr": 30976,
                    "size": 4352
                }
            ]
        },
        "kernel[8]": {
            "name": "DmaOut.layer.copy_out_2Fmodel2Fperson2Fhead_module2Fkpt_pred2E22Fkpt_pred2E22E02Fpointwise_conv2Fconv2FConv_output_0",
            "idx": 8,
            "mem_used_rate": 0.003173828125,
            "malloc": [],
            "used": [
                {
                    "name": "DummyConcat.layer./model/person/head_module/kpt_pred.2/kpt_pred.2.0/pointwise_conv/conv/Conv_im_0.0",
                    "addr": 35328,
                    "size": 26624
                }
            ],
            "free": [
                {
                    "name": "DmaOut.layer.copy_out_2Fmodel2Fperson2Fhead_module2Fkpt_pred2E22Fkpt_pred2E22E02Fpointwise_conv2Fconv2FConv_output_0",
                    "addr": 35328,
                    "size": 13312
                },
                {
                    "name": "DmaOut.layer.copy_out_2Fmodel2Fperson2Fhead_module2Fkpt_pred2E22Fkpt_pred2E22E02Fpointwise_conv2Fconv2FConv_output_0",
                    "addr": 48640,
                    "size": 13312
                }
            ]
        }
    },
    "max_peak_size": [
        {
            "size": 53248
        }
    ]
}