{
    "banks": [
        {
            "addr": 0,
            "size": 0
        }
    ],
    "patch_reserve": [],
    "param_reserve": [],
    "ops": {
        "kernel[0]": {
            "name": "DmaIn.layer.copy_in_474",
            "idx": 0,
            "mem_used_rate": 0.439453125,
            "malloc": [
                {
                    "addr": 0,
                    "ori_size": 0,
                    "size": 1843200
                }
            ],
            "used": [
                {
                    "name": "DmaIn.layer.copy_in_474",
                    "addr": 0,
                    "size": 1843200
                }
            ],
            "free": []
        },
        "kernel[1]": {
            "name": "DmaOut.layer.Reshape_302.npufmt2nchw",
            "idx": 1,
            "mem_used_rate": 0.87890625,
            "malloc": [
                {
                    "addr": 2351104,
                    "ori_size": 0,
                    "size": 1843200
                }
            ],
            "used": [
                {
                    "name": "DmaIn.layer.copy_in_474",
                    "addr": 0,
                    "size": 1843200
                },
                {
                    "name": "DmaOut.layer.Reshape_302.npufmt2nchw",
                    "addr": 2351104,
                    "size": 1843200
                }
            ],
            "free": [
                {
                    "name": "DmaOut.layer.Reshape_302.npufmt2nchw",
                    "addr": 0,
                    "size": 1843200
                }
            ]
        },
        "kernel[2]": {
            "name": "DummyConcat.layer.Reshape_302.reshape_dc.142",
            "idx": 2,
            "mem_used_rate": 0.87890625,
            "malloc": [
                {
                    "addr": 0,
                    "ori_size": 0,
                    "size": 1843200
                }
            ],
            "used": [
                {
                    "name": "DmaOut.layer.Reshape_302.npufmt2nchw",
                    "addr": 2351104,
                    "size": 1843200
                },
                {
                    "name": "DummyConcat.layer.Reshape_302.reshape_dc.142",
                    "addr": 0,
                    "size": 1843200
                }
            ],
            "free": []
        },
        "kernel[3]": {
            "name": "Slice.layer.Reshape_302.143",
            "idx": 3,
            "mem_used_rate": 0.87890625,
            "malloc": [],
            "used": [
                {
                    "name": "DmaOut.layer.Reshape_302.npufmt2nchw",
                    "addr": 2351104,
                    "size": 1843200
                },
                {
                    "name": "DummyConcat.layer.Reshape_302.reshape_dc.142",
                    "addr": 0,
                    "size": 1843200
                }
            ],
            "free": [
                {
                    "name": "Slice.layer.Reshape_302.143",
                    "addr": 2351104,
                    "size": 1843200
                }
            ]
        },
        "kernel[4]": {
            "name": "DmaOut.layer.copy_out_524",
            "idx": 4,
            "mem_used_rate": 0.0030517578125,
            "malloc": [],
            "used": [
                {
                    "name": "DummyConcat.layer.Reshape_302.reshape_dc.142",
                    "addr": 0,
                    "size": 1843200
                }
            ],
            "free": [
                {
                    "name": "DmaOut.layer.copy_out_524",
                    "addr": 0,
                    "size": 1638400
                },
                {
                    "name": "DmaOut.layer.copy_out_524",
                    "addr": 1638400,
                    "size": 12800
                },
                {
                    "name": "DmaOut.layer.copy_out_524",
                    "addr": 1651200,
                    "size": 12800
                },
                {
                    "name": "DmaOut.layer.copy_out_524",
                    "addr": 1664000,
                    "size": 12800
                },
                {
                    "name": "DmaOut.layer.copy_out_524",
                    "addr": 1676800,
                    "size": 12800
                },
                {
                    "name": "DmaOut.layer.copy_out_524",
                    "addr": 1689600,
                    "size": 12800
                },
                {
                    "name": "DmaOut.layer.copy_out_524",
                    "addr": 1702400,
                    "size": 12800
                },
                {
                    "name": "DmaOut.layer.copy_out_524",
                    "addr": 1715200,
                    "size": 12800
                },
                {
                    "name": "DmaOut.layer.copy_out_524",
                    "addr": 1728000,
                    "size": 12800
                },
                {
                    "name": "DmaOut.layer.copy_out_524",
                    "addr": 1740800,
                    "size": 12800
                },
                {
                    "name": "DmaOut.layer.copy_out_524",
                    "addr": 1753600,
                    "size": 12800
                },
                {
                    "name": "DmaOut.layer.copy_out_524",
                    "addr": 1766400,
                    "size": 12800
                },
                {
                    "name": "DmaOut.layer.copy_out_524",
                    "addr": 1779200,
                    "size": 12800
                },
                {
                    "name": "DmaOut.layer.copy_out_524",
                    "addr": 1792000,
                    "size": 12800
                },
                {
                    "name": "DmaOut.layer.copy_out_524",
                    "addr": 1804800,
                    "size": 12800
                },
                {
                    "name": "DmaOut.layer.copy_out_524",
                    "addr": 1817600,
                    "size": 12800
                },
                {
                    "name": "DmaOut.layer.copy_out_524",
                    "addr": 1830400,
                    "size": 12800
                }
            ]
        }
    },
    "max_peak_size": [
        {
            "size": 3686400
        }
    ]
}