{
    "banks": [
        {
            "addr": 0,
            "size": 0
        }
    ],
    "patch_reserve": [],
    "param_reserve": [],
    "ops": {
        "kernel[0]": {
            "name": "DmaIn.layer.copy_in_463",
            "idx": 0,
            "mem_used_rate": 0.1953125,
            "malloc": [
                {
                    "addr": 3375104,
                    "ori_size": 0,
                    "size": 819200
                }
            ],
            "used": [
                {
                    "name": "DmaIn.layer.copy_in_463",
                    "addr": 3375104,
                    "size": 819200
                }
            ],
            "free": []
        },
        "kernel[1]": {
            "name": "FetchParam.layer.Conv2d.layer.Conv_249_im_0.split.co.0.fetch_param_data.layer",
            "idx": 1,
            "mem_used_rate": 0.19659423828125,
            "malloc": [
                {
                    "addr": 0,
                    "ori_size": 0,
                    "size": 5376
                }
            ],
            "used": [
                {
                    "name": "DmaIn.layer.copy_in_463",
                    "addr": 3375104,
                    "size": 819200
                },
                {
                    "name": "FetchParam.layer.Conv2d.layer.Conv_249_im_0.split.co.0.fetch_param_data.layer",
                    "addr": 0,
                    "size": 5376
                }
            ],
            "free": []
        },
        "kernel[2]": {
            "name": "FetchParam.layer.Conv2d.layer.Conv_249_im_0.split.co.1.fetch_param_data.layer",
            "idx": 2,
            "mem_used_rate": 0.1978759765625,
            "malloc": [
                {
                    "addr": 5376,
                    "ori_size": 0,
                    "size": 5376
                }
            ],
            "used": [
                {
                    "name": "DmaIn.layer.copy_in_463",
                    "addr": 3375104,
                    "size": 819200
                },
                {
                    "name": "FetchParam.layer.Conv2d.layer.Conv_249_im_0.split.co.0.fetch_param_data.layer",
                    "addr": 0,
                    "size": 5376
                },
                {
                    "name": "FetchParam.layer.Conv2d.layer.Conv_249_im_0.split.co.1.fetch_param_data.layer",
                    "addr": 5376,
                    "size": 5376
                }
            ],
            "free": []
        },
        "kernel[3]": {
            "name": "DummyConcat.layer.Conv_249_im_0.0",
            "idx": 3,
            "mem_used_rate": 0.4420166015625,
            "malloc": [
                {
                    "addr": 10752,
                    "ori_size": 0,
                    "size": 1024000
                }
            ],
            "used": [
                {
                    "name": "DmaIn.layer.copy_in_463",
                    "addr": 3375104,
                    "size": 819200
                },
                {
                    "name": "FetchParam.layer.Conv2d.layer.Conv_249_im_0.split.co.0.fetch_param_data.layer",
                    "addr": 0,
                    "size": 5376
                },
                {
                    "name": "FetchParam.layer.Conv2d.layer.Conv_249_im_0.split.co.1.fetch_param_data.layer",
                    "addr": 5376,
                    "size": 5376
                },
                {
                    "name": "DummyConcat.layer.Conv_249_im_0.0",
                    "addr": 10752,
                    "size": 1024000
                }
            ],
            "free": []
        },
        "kernel[4]": {
            "name": "Conv2d.layer.Conv_249_im_0.split.co.0",
            "idx": 4,
            "mem_used_rate": 0.4420166015625,
            "malloc": [],
            "used": [
                {
                    "name": "DmaIn.layer.copy_in_463",
                    "addr": 3375104,
                    "size": 819200
                },
                {
                    "name": "FetchParam.layer.Conv2d.layer.Conv_249_im_0.split.co.0.fetch_param_data.layer",
                    "addr": 0,
                    "size": 5376
                },
                {
                    "name": "FetchParam.layer.Conv2d.layer.Conv_249_im_0.split.co.1.fetch_param_data.layer",
                    "addr": 5376,
                    "size": 5376
                },
                {
                    "name": "DummyConcat.layer.Conv_249_im_0.0",
                    "addr": 10752,
                    "size": 1024000
                }
            ],
            "free": [
                {
                    "name": "Conv2d.layer.Conv_249_im_0.split.co.0",
                    "addr": 0,
                    "size": 5376
                }
            ]
        },
        "kernel[5]": {
            "name": "Conv2d.layer.Conv_249_im_0.split.co.1",
            "idx": 5,
            "mem_used_rate": 0.24542236328125,
            "malloc": [],
            "used": [
                {
                    "name": "DmaIn.layer.copy_in_463",
                    "addr": 3375104,
                    "size": 819200
                },
                {
                    "name": "FetchParam.layer.Conv2d.layer.Conv_249_im_0.split.co.1.fetch_param_data.layer",
                    "addr": 5376,
                    "size": 5376
                },
                {
                    "name": "DummyConcat.layer.Conv_249_im_0.0",
                    "addr": 10752,
                    "size": 1024000
                }
            ],
            "free": [
                {
                    "name": "Conv2d.layer.Conv_249_im_0.split.co.1",
                    "addr": 3375104,
                    "size": 819200
                },
                {
                    "name": "Conv2d.layer.Conv_249_im_0.split.co.1",
                    "addr": 5376,
                    "size": 5376
                }
            ]
        },
        "kernel[6]": {
            "name": "DmaOut.layer.copy_out_464",
            "idx": 6,
            "mem_used_rate": 0.1220703125,
            "malloc": [],
            "used": [
                {
                    "name": "DummyConcat.layer.Conv_249_im_0.0",
                    "addr": 10752,
                    "size": 1024000
                }
            ],
            "free": [
                {
                    "name": "DmaOut.layer.copy_out_464",
                    "addr": 10752,
                    "size": 512000
                },
                {
                    "name": "DmaOut.layer.copy_out_464",
                    "addr": 522752,
                    "size": 512000
                }
            ]
        }
    },
    "max_peak_size": [
        {
            "size": 1024000
        }
    ]
}