{
    "banks": [
        {
            "addr": 0,
            "size": 0
        }
    ],
    "patch_reserve": [],
    "param_reserve": [],
    "ops": {
        "kernel[0]": {
            "name": "DmaIn.layer.copy_in__im_PropagateOutputNames_added_name_20",
            "idx": 0,
            "mem_used_rate": 0.0904541015625,
            "malloc": [
                {
                    "addr": 3814912,
                    "ori_size": 0,
                    "size": 379392
                }
            ],
            "used": [
                {
                    "name": "DmaIn.layer.copy_in__im_PropagateOutputNames_added_name_20",
                    "addr": 3814912,
                    "size": 379392
                }
            ],
            "free": []
        },
        "kernel[1]": {
            "name": "DmaIn.layer.copy_in_2Fmodel2Fhead2Fhead_module2FExp_output_0",
            "idx": 1,
            "mem_used_rate": 0.0968017578125,
            "malloc": [
                {
                    "addr": 0,
                    "ori_size": 0,
                    "size": 26624
                }
            ],
            "used": [
                {
                    "name": "DmaIn.layer.copy_in__im_PropagateOutputNames_added_name_20",
                    "addr": 3814912,
                    "size": 379392
                },
                {
                    "name": "DmaIn.layer.copy_in_2Fmodel2Fhead2Fhead_module2FExp_output_0",
                    "addr": 0,
                    "size": 26624
                }
            ],
            "free": []
        },
        "kernel[2]": {
            "name": "Concat.layer.im_propagate_output_names_generated_span_13",
            "idx": 2,
            "mem_used_rate": 0.10791015625,
            "malloc": [
                {
                    "addr": 26624,
                    "ori_size": 0,
                    "size": 425984
                }
            ],
            "used": [
                {
                    "name": "DmaIn.layer.copy_in__im_PropagateOutputNames_added_name_20",
                    "addr": 3814912,
                    "size": 379392
                },
                {
                    "name": "DmaIn.layer.copy_in_2Fmodel2Fhead2Fhead_module2FExp_output_0",
                    "addr": 0,
                    "size": 26624
                },
                {
                    "name": "Concat.layer.im_propagate_output_names_generated_span_13",
                    "addr": 26624,
                    "size": 425984
                }
            ],
            "free": [
                {
                    "name": "Concat.layer.im_propagate_output_names_generated_span_13",
                    "addr": 3814912,
                    "size": 379392
                },
                {
                    "name": "Concat.layer.im_propagate_output_names_generated_span_13",
                    "addr": 0,
                    "size": 26624
                }
            ]
        },
        "kernel[3]": {
            "name": "DmaOut.layer.copy_out__im_PropagateOutputNames_added_name_21",
            "idx": 3,
            "mem_used_rate": 0.1015625,
            "malloc": [],
            "used": [
                {
                    "name": "Concat.layer.im_propagate_output_names_generated_span_13",
                    "addr": 26624,
                    "size": 425984
                }
            ],
            "free": [
                {
                    "name": "DmaOut.layer.copy_out__im_PropagateOutputNames_added_name_21",
                    "addr": 26624,
                    "size": 425984
                }
            ]
        }
    },
    "max_peak_size": [
        {
            "size": 425984
        }
    ]
}