{
    "banks": [
        {
            "addr": 0,
            "size": 0
        }
    ],
    "patch_reserve": [],
    "param_reserve": [],
    "ops": {
        "kernel[0]": {
            "name": "DmaIn.layer.copy_in_2Fmodel2Fbackbone2Fstage32Fstage32E12Fblocks2E02Fconv22Factivate2FRelu_output_0",
            "idx": 0,
            "mem_used_rate": 0.025390625,
            "malloc": [
                {
                    "addr": 4087808,
                    "ori_size": 0,
                    "size": 106496
                }
            ],
            "used": [
                {
                    "name": "DmaIn.layer.copy_in_2Fmodel2Fbackbone2Fstage32Fstage32E12Fblocks2E02Fconv22Factivate2FRelu_output_0",
                    "addr": 4087808,
                    "size": 106496
                }
            ],
            "free": []
        },
        "kernel[1]": {
            "name": "DmaIn.layer.copy_in__im_PropagateOutputNames_added_name_8",
            "idx": 1,
            "mem_used_rate": 0.05078125,
            "malloc": [
                {
                    "addr": 0,
                    "ori_size": 0,
                    "size": 106496
                }
            ],
            "used": [
                {
                    "name": "DmaIn.layer.copy_in_2Fmodel2Fbackbone2Fstage32Fstage32E12Fblocks2E02Fconv22Factivate2FRelu_output_0",
                    "addr": 4087808,
                    "size": 106496
                },
                {
                    "name": "DmaIn.layer.copy_in__im_PropagateOutputNames_added_name_8",
                    "addr": 0,
                    "size": 106496
                }
            ],
            "free": []
        },
        "kernel[2]": {
            "name": "Eltwise.layer./model/backbone/stage3/stage3.1/blocks.0/Add",
            "idx": 2,
            "mem_used_rate": 0.05078125,
            "malloc": [
                {
                    "addr": 4087808,
                    "ori_size": 0,
                    "size": 106496
                }
            ],
            "used": [
                {
                    "name": "DmaIn.layer.copy_in_2Fmodel2Fbackbone2Fstage32Fstage32E12Fblocks2E02Fconv22Factivate2FRelu_output_0",
                    "addr": 4087808,
                    "size": 106496
                },
                {
                    "name": "DmaIn.layer.copy_in__im_PropagateOutputNames_added_name_8",
                    "addr": 0,
                    "size": 106496
                }
            ],
            "free": [
                {
                    "name": "Eltwise.layer./model/backbone/stage3/stage3.1/blocks.0/Add",
                    "addr": 0,
                    "size": 106496
                }
            ]
        },
        "kernel[3]": {
            "name": "DmaOut.layer.copy_out_2Fmodel2Fbackbone2Fstage32Fstage32E12Fblocks2E02FAdd_output_0",
            "idx": 3,
            "mem_used_rate": 0.025390625,
            "malloc": [],
            "used": [
                {
                    "name": "DmaIn.layer.copy_in_2Fmodel2Fbackbone2Fstage32Fstage32E12Fblocks2E02Fconv22Factivate2FRelu_output_0",
                    "addr": 4087808,
                    "size": 106496
                }
            ],
            "free": [
                {
                    "name": "DmaOut.layer.copy_out_2Fmodel2Fbackbone2Fstage32Fstage32E12Fblocks2E02FAdd_output_0",
                    "addr": 4087808,
                    "size": 106496
                }
            ]
        }
    },
    "max_peak_size": [
        {
            "size": 212992
        }
    ]
}