{
    "banks": [
        {
            "addr": 0,
            "size": 0
        }
    ],
    "patch_reserve": [],
    "param_reserve": [],
    "ops": {
        "kernel[0]": {
            "name": "DmaIn.layer.copy_in_2Fmodel2Fbackbone2Fstage22Fstage22E12Fblocks2E12Fconv22Factivate2FRelu_output_0",
            "idx": 0,
            "mem_used_rate": 0.05078125,
            "malloc": [
                {
                    "addr": 3981312,
                    "ori_size": 0,
                    "size": 212992
                }
            ],
            "used": [
                {
                    "name": "DmaIn.layer.copy_in_2Fmodel2Fbackbone2Fstage22Fstage22E12Fblocks2E12Fconv22Factivate2FRelu_output_0",
                    "addr": 3981312,
                    "size": 212992
                }
            ],
            "free": []
        },
        "kernel[1]": {
            "name": "DmaIn.layer.copy_in_2Fmodel2Fbackbone2Fstage22Fstage22E12Fblocks2E02FAdd_output_0",
            "idx": 1,
            "mem_used_rate": 0.1015625,
            "malloc": [
                {
                    "addr": 0,
                    "ori_size": 0,
                    "size": 212992
                }
            ],
            "used": [
                {
                    "name": "DmaIn.layer.copy_in_2Fmodel2Fbackbone2Fstage22Fstage22E12Fblocks2E12Fconv22Factivate2FRelu_output_0",
                    "addr": 3981312,
                    "size": 212992
                },
                {
                    "name": "DmaIn.layer.copy_in_2Fmodel2Fbackbone2Fstage22Fstage22E12Fblocks2E02FAdd_output_0",
                    "addr": 0,
                    "size": 212992
                }
            ],
            "free": []
        },
        "kernel[2]": {
            "name": "Eltwise.layer./model/backbone/stage2/stage2.1/blocks.1/Add",
            "idx": 2,
            "mem_used_rate": 0.1015625,
            "malloc": [
                {
                    "addr": 3981312,
                    "ori_size": 0,
                    "size": 212992
                }
            ],
            "used": [
                {
                    "name": "DmaIn.layer.copy_in_2Fmodel2Fbackbone2Fstage22Fstage22E12Fblocks2E12Fconv22Factivate2FRelu_output_0",
                    "addr": 3981312,
                    "size": 212992
                },
                {
                    "name": "DmaIn.layer.copy_in_2Fmodel2Fbackbone2Fstage22Fstage22E12Fblocks2E02FAdd_output_0",
                    "addr": 0,
                    "size": 212992
                }
            ],
            "free": [
                {
                    "name": "Eltwise.layer./model/backbone/stage2/stage2.1/blocks.1/Add",
                    "addr": 0,
                    "size": 212992
                }
            ]
        },
        "kernel[3]": {
            "name": "DmaOut.layer.copy_out_2Fmodel2Fbackbone2Fstage22Fstage22E12Fblocks2E12FAdd_output_0",
            "idx": 3,
            "mem_used_rate": 0.05078125,
            "malloc": [],
            "used": [
                {
                    "name": "DmaIn.layer.copy_in_2Fmodel2Fbackbone2Fstage22Fstage22E12Fblocks2E12Fconv22Factivate2FRelu_output_0",
                    "addr": 3981312,
                    "size": 212992
                }
            ],
            "free": [
                {
                    "name": "DmaOut.layer.copy_out_2Fmodel2Fbackbone2Fstage22Fstage22E12Fblocks2E12FAdd_output_0",
                    "addr": 3981312,
                    "size": 212992
                }
            ]
        }
    },
    "max_peak_size": [
        {
            "size": 425984
        }
    ]
}