{
    "banks": [
        {
            "addr": 0,
            "size": 0
        }
    ],
    "patch_reserve": [],
    "param_reserve": [],
    "ops": {
        "kernel[0]": {
            "name": "DmaIn.layer.copy_in_2Fmodel2Fneck2Fout_convs2E22Fcna2Factivate2FRelu_output_0",
            "idx": 0,
            "mem_used_rate": 0.00634765625,
            "malloc": [
                {
                    "addr": 4167680,
                    "ori_size": 0,
                    "size": 26624
                }
            ],
            "used": [
                {
                    "name": "DmaIn.layer.copy_in_2Fmodel2Fneck2Fout_convs2E22Fcna2Factivate2FRelu_output_0",
                    "addr": 4167680,
                    "size": 26624
                }
            ],
            "free": []
        },
        "kernel[1]": {
            "name": "FetchParam.layer.Conv2d.layer./model/pet/head_module/cls_pred.2/Conv_im_0.h.0.fetch_param_data.layer",
            "idx": 1,
            "mem_used_rate": 0.00640869140625,
            "malloc": [
                {
                    "addr": 0,
                    "ori_size": 0,
                    "size": 256
                }
            ],
            "used": [
                {
                    "name": "DmaIn.layer.copy_in_2Fmodel2Fneck2Fout_convs2E22Fcna2Factivate2FRelu_output_0",
                    "addr": 4167680,
                    "size": 26624
                },
                {
                    "name": "FetchParam.layer.Conv2d.layer./model/pet/head_module/cls_pred.2/Conv_im_0.h.0.fetch_param_data.layer",
                    "addr": 0,
                    "size": 256
                }
            ],
            "free": []
        },
        "kernel[2]": {
            "name": "FetchParam.layer.Conv2d.layer./model/pet/head_module/cls_pred.2/Conv_im_0.h.1.fetch_param_data.layer",
            "idx": 2,
            "mem_used_rate": 0.0064697265625,
            "malloc": [
                {
                    "addr": 256,
                    "ori_size": 0,
                    "size": 256
                }
            ],
            "used": [
                {
                    "name": "DmaIn.layer.copy_in_2Fmodel2Fneck2Fout_convs2E22Fcna2Factivate2FRelu_output_0",
                    "addr": 4167680,
                    "size": 26624
                },
                {
                    "name": "FetchParam.layer.Conv2d.layer./model/pet/head_module/cls_pred.2/Conv_im_0.h.0.fetch_param_data.layer",
                    "addr": 0,
                    "size": 256
                },
                {
                    "name": "FetchParam.layer.Conv2d.layer./model/pet/head_module/cls_pred.2/Conv_im_0.h.1.fetch_param_data.layer",
                    "addr": 256,
                    "size": 256
                }
            ],
            "free": []
        },
        "kernel[3]": {
            "name": "DummyConcat.layer./model/pet/head_module/cls_pred.2/Conv_im_0.split_h",
            "idx": 3,
            "mem_used_rate": 0.00656890869140625,
            "malloc": [
                {
                    "addr": 512,
                    "ori_size": 0,
                    "size": 416
                }
            ],
            "used": [
                {
                    "name": "DmaIn.layer.copy_in_2Fmodel2Fneck2Fout_convs2E22Fcna2Factivate2FRelu_output_0",
                    "addr": 4167680,
                    "size": 26624
                },
                {
                    "name": "FetchParam.layer.Conv2d.layer./model/pet/head_module/cls_pred.2/Conv_im_0.h.0.fetch_param_data.layer",
                    "addr": 0,
                    "size": 256
                },
                {
                    "name": "FetchParam.layer.Conv2d.layer./model/pet/head_module/cls_pred.2/Conv_im_0.h.1.fetch_param_data.layer",
                    "addr": 256,
                    "size": 256
                },
                {
                    "name": "DummyConcat.layer./model/pet/head_module/cls_pred.2/Conv_im_0.split_h",
                    "addr": 512,
                    "size": 416
                }
            ],
            "free": []
        },
        "kernel[4]": {
            "name": "Conv2d.layer./model/pet/head_module/cls_pred.2/Conv_im_0.h.0",
            "idx": 4,
            "mem_used_rate": 0.00656890869140625,
            "malloc": [],
            "used": [
                {
                    "name": "DmaIn.layer.copy_in_2Fmodel2Fneck2Fout_convs2E22Fcna2Factivate2FRelu_output_0",
                    "addr": 4167680,
                    "size": 26624
                },
                {
                    "name": "FetchParam.layer.Conv2d.layer./model/pet/head_module/cls_pred.2/Conv_im_0.h.0.fetch_param_data.layer",
                    "addr": 0,
                    "size": 256
                },
                {
                    "name": "FetchParam.layer.Conv2d.layer./model/pet/head_module/cls_pred.2/Conv_im_0.h.1.fetch_param_data.layer",
                    "addr": 256,
                    "size": 256
                },
                {
                    "name": "DummyConcat.layer./model/pet/head_module/cls_pred.2/Conv_im_0.split_h",
                    "addr": 512,
                    "size": 416
                }
            ],
            "free": [
                {
                    "name": "Conv2d.layer./model/pet/head_module/cls_pred.2/Conv_im_0.h.0",
                    "addr": 0,
                    "size": 256
                }
            ]
        },
        "kernel[5]": {
            "name": "Conv2d.layer./model/pet/head_module/cls_pred.2/Conv_im_0.h.1",
            "idx": 5,
            "mem_used_rate": 0.00016021728515625,
            "malloc": [],
            "used": [
                {
                    "name": "DmaIn.layer.copy_in_2Fmodel2Fneck2Fout_convs2E22Fcna2Factivate2FRelu_output_0",
                    "addr": 4167680,
                    "size": 26624
                },
                {
                    "name": "FetchParam.layer.Conv2d.layer./model/pet/head_module/cls_pred.2/Conv_im_0.h.1.fetch_param_data.layer",
                    "addr": 256,
                    "size": 256
                },
                {
                    "name": "DummyConcat.layer./model/pet/head_module/cls_pred.2/Conv_im_0.split_h",
                    "addr": 512,
                    "size": 416
                }
            ],
            "free": [
                {
                    "name": "Conv2d.layer./model/pet/head_module/cls_pred.2/Conv_im_0.h.1",
                    "addr": 4167680,
                    "size": 26624
                },
                {
                    "name": "Conv2d.layer./model/pet/head_module/cls_pred.2/Conv_im_0.h.1",
                    "addr": 256,
                    "size": 256
                }
            ]
        },
        "kernel[6]": {
            "name": "DmaOut.layer.copy_out_2Fmodel2Fpet2Fhead_module2Fcls_pred2E22FConv_output_0",
            "idx": 6,
            "mem_used_rate": 4.57763671875e-05,
            "malloc": [],
            "used": [
                {
                    "name": "DummyConcat.layer./model/pet/head_module/cls_pred.2/Conv_im_0.split_h",
                    "addr": 512,
                    "size": 416
                }
            ],
            "free": [
                {
                    "name": "DmaOut.layer.copy_out_2Fmodel2Fpet2Fhead_module2Fcls_pred2E22FConv_output_0",
                    "addr": 512,
                    "size": 224
                },
                {
                    "name": "DmaOut.layer.copy_out_2Fmodel2Fpet2Fhead_module2Fcls_pred2E22FConv_output_0",
                    "addr": 736,
                    "size": 192
                }
            ]
        }
    },
    "max_peak_size": [
        {
            "size": 27136
        }
    ]
}