{
    "banks": [
        {
            "addr": 0,
            "size": 0
        }
    ],
    "patch_reserve": [],
    "param_reserve": [],
    "ops": {
        "kernel[0]": {
            "name": "DmaIn.layer.copy_in_352",
            "idx": 0,
            "mem_used_rate": 0.078125,
            "malloc": [
                {
                    "addr": 3866624,
                    "ori_size": 0,
                    "size": 327680
                }
            ],
            "used": [
                {
                    "name": "DmaIn.layer.copy_in_352",
                    "addr": 3866624,
                    "size": 327680
                }
            ],
            "free": []
        },
        "kernel[1]": {
            "name": "Interp.layer.Resize_149",
            "idx": 1,
            "mem_used_rate": 0.3125,
            "malloc": [
                {
                    "addr": 2883584,
                    "ori_size": 0,
                    "size": 983040
                }
            ],
            "used": [
                {
                    "name": "DmaIn.layer.copy_in_352",
                    "addr": 3866624,
                    "size": 327680
                },
                {
                    "name": "Interp.layer.Resize_149",
                    "addr": 2883584,
                    "size": 983040
                }
            ],
            "free": [
                {
                    "name": "Interp.layer.Resize_149",
                    "addr": 3866624,
                    "size": 327680
                }
            ]
        },
        "kernel[2]": {
            "name": "DmaOut.layer.copy_out_357",
            "idx": 2,
            "mem_used_rate": 0.234375,
            "malloc": [],
            "used": [
                {
                    "name": "Interp.layer.Resize_149",
                    "addr": 2883584,
                    "size": 983040
                }
            ],
            "free": [
                {
                    "name": "DmaOut.layer.copy_out_357",
                    "addr": 2883584,
                    "size": 983040
                }
            ]
        }
    },
    "max_peak_size": [
        {
            "size": 983040
        }
    ]
}