{
    "banks": [
        {
            "addr": 0,
            "size": 0
        }
    ],
    "patch_reserve": [],
    "param_reserve": [],
    "ops": {
        "kernel[0]": {
            "name": "DmaIn.layer.copy_in_326",
            "idx": 0,
            "mem_used_rate": 0.152587890625,
            "malloc": [
                {
                    "addr": 3554304,
                    "ori_size": 0,
                    "size": 640000
                }
            ],
            "used": [
                {
                    "name": "DmaIn.layer.copy_in_326",
                    "addr": 3554304,
                    "size": 640000
                }
            ],
            "free": []
        },
        "kernel[1]": {
            "name": "Slice.layer.MatMul_132_im_8",
            "idx": 1,
            "mem_used_rate": 0.2288818359375,
            "malloc": [
                {
                    "addr": 3234304,
                    "ori_size": 0,
                    "size": 320000
                }
            ],
            "used": [
                {
                    "name": "DmaIn.layer.copy_in_326",
                    "addr": 3554304,
                    "size": 640000
                },
                {
                    "name": "Slice.layer.MatMul_132_im_8",
                    "addr": 3234304,
                    "size": 320000
                }
            ],
            "free": [
                {
                    "name": "Slice.layer.MatMul_132_im_8",
                    "addr": 3554304,
                    "size": 640000
                }
            ]
        },
        "kernel[2]": {
            "name": "DmaOut.layer.copy_out_362_im_9",
            "idx": 2,
            "mem_used_rate": 0.0762939453125,
            "malloc": [],
            "used": [
                {
                    "name": "Slice.layer.MatMul_132_im_8",
                    "addr": 3234304,
                    "size": 320000
                }
            ],
            "free": [
                {
                    "name": "DmaOut.layer.copy_out_362_im_9",
                    "addr": 3234304,
                    "size": 320000
                }
            ]
        }
    },
    "max_peak_size": [
        {
            "size": 640000
        }
    ]
}