{
    "banks": [
        {
            "addr": 0,
            "size": 0
        }
    ],
    "patch_reserve": [],
    "param_reserve": [],
    "ops": {
        "kernel[0]": {
            "name": "DmaIn.layer.copy_in__im_PropagateOutputNames_added_name_5",
            "idx": 0,
            "mem_used_rate": 0.1015625,
            "malloc": [
                {
                    "addr": 3768320,
                    "ori_size": 0,
                    "size": 425984
                }
            ],
            "used": [
                {
                    "name": "DmaIn.layer.copy_in__im_PropagateOutputNames_added_name_5",
                    "addr": 3768320,
                    "size": 425984
                }
            ],
            "free": []
        },
        "kernel[1]": {
            "name": "DmaIn.layer.copy_in_2Fmodel2Fbackbone2Fstage22Fstage22E12Fblocks2E02FAdd_output_0",
            "idx": 1,
            "mem_used_rate": 0.15234375,
            "malloc": [
                {
                    "addr": 0,
                    "ori_size": 0,
                    "size": 212992
                }
            ],
            "used": [
                {
                    "name": "DmaIn.layer.copy_in__im_PropagateOutputNames_added_name_5",
                    "addr": 3768320,
                    "size": 425984
                },
                {
                    "name": "DmaIn.layer.copy_in_2Fmodel2Fbackbone2Fstage22Fstage22E12Fblocks2E02FAdd_output_0",
                    "addr": 0,
                    "size": 212992
                }
            ],
            "free": []
        },
        "kernel[2]": {
            "name": "Concat.layer.im_propagate_output_names_generated_span_2",
            "idx": 2,
            "mem_used_rate": 0.203125,
            "malloc": [
                {
                    "addr": 212992,
                    "ori_size": 0,
                    "size": 638976
                }
            ],
            "used": [
                {
                    "name": "DmaIn.layer.copy_in__im_PropagateOutputNames_added_name_5",
                    "addr": 3768320,
                    "size": 425984
                },
                {
                    "name": "DmaIn.layer.copy_in_2Fmodel2Fbackbone2Fstage22Fstage22E12Fblocks2E02FAdd_output_0",
                    "addr": 0,
                    "size": 212992
                },
                {
                    "name": "Concat.layer.im_propagate_output_names_generated_span_2",
                    "addr": 212992,
                    "size": 638976
                }
            ],
            "free": [
                {
                    "name": "Concat.layer.im_propagate_output_names_generated_span_2",
                    "addr": 3768320,
                    "size": 425984
                },
                {
                    "name": "Concat.layer.im_propagate_output_names_generated_span_2",
                    "addr": 0,
                    "size": 212992
                }
            ]
        },
        "kernel[3]": {
            "name": "DmaOut.layer.copy_out__im_PropagateOutputNames_added_name_6",
            "idx": 3,
            "mem_used_rate": 0.15234375,
            "malloc": [],
            "used": [
                {
                    "name": "Concat.layer.im_propagate_output_names_generated_span_2",
                    "addr": 212992,
                    "size": 638976
                }
            ],
            "free": [
                {
                    "name": "DmaOut.layer.copy_out__im_PropagateOutputNames_added_name_6",
                    "addr": 212992,
                    "size": 638976
                }
            ]
        }
    },
    "max_peak_size": [
        {
            "size": 638976
        }
    ]
}