{
    "banks": [
        {
            "addr": 0,
            "size": 0
        }
    ],
    "patch_reserve": [],
    "param_reserve": [],
    "ops": {
        "kernel[0]": {
            "name": "DmaIn.layer.copy_in__im_PropagateOutputNames_added_name_28",
            "idx": 0,
            "mem_used_rate": 0.022613525390625,
            "malloc": [
                {
                    "addr": 4099456,
                    "ori_size": 0,
                    "size": 94848
                }
            ],
            "used": [
                {
                    "name": "DmaIn.layer.copy_in__im_PropagateOutputNames_added_name_28",
                    "addr": 4099456,
                    "size": 94848
                }
            ],
            "free": []
        },
        "kernel[1]": {
            "name": "DmaIn.layer.copy_in_2Fmodel2Fhead2Fhead_module2FExp_1_output_0",
            "idx": 1,
            "mem_used_rate": 0.024200439453125,
            "malloc": [
                {
                    "addr": 0,
                    "ori_size": 0,
                    "size": 6656
                }
            ],
            "used": [
                {
                    "name": "DmaIn.layer.copy_in__im_PropagateOutputNames_added_name_28",
                    "addr": 4099456,
                    "size": 94848
                },
                {
                    "name": "DmaIn.layer.copy_in_2Fmodel2Fhead2Fhead_module2FExp_1_output_0",
                    "addr": 0,
                    "size": 6656
                }
            ],
            "free": []
        },
        "kernel[2]": {
            "name": "Concat.layer.im_propagate_output_names_generated_span_21",
            "idx": 2,
            "mem_used_rate": 0.0269775390625,
            "malloc": [
                {
                    "addr": 6656,
                    "ori_size": 0,
                    "size": 106496
                }
            ],
            "used": [
                {
                    "name": "DmaIn.layer.copy_in__im_PropagateOutputNames_added_name_28",
                    "addr": 4099456,
                    "size": 94848
                },
                {
                    "name": "DmaIn.layer.copy_in_2Fmodel2Fhead2Fhead_module2FExp_1_output_0",
                    "addr": 0,
                    "size": 6656
                },
                {
                    "name": "Concat.layer.im_propagate_output_names_generated_span_21",
                    "addr": 6656,
                    "size": 106496
                }
            ],
            "free": [
                {
                    "name": "Concat.layer.im_propagate_output_names_generated_span_21",
                    "addr": 4099456,
                    "size": 94848
                },
                {
                    "name": "Concat.layer.im_propagate_output_names_generated_span_21",
                    "addr": 0,
                    "size": 6656
                }
            ]
        },
        "kernel[3]": {
            "name": "DmaOut.layer.copy_out__im_PropagateOutputNames_added_name_29",
            "idx": 3,
            "mem_used_rate": 0.025390625,
            "malloc": [],
            "used": [
                {
                    "name": "Concat.layer.im_propagate_output_names_generated_span_21",
                    "addr": 6656,
                    "size": 106496
                }
            ],
            "free": [
                {
                    "name": "DmaOut.layer.copy_out__im_PropagateOutputNames_added_name_29",
                    "addr": 6656,
                    "size": 106496
                }
            ]
        }
    },
    "max_peak_size": [
        {
            "size": 106496
        }
    ]
}