{
    "banks": [
        {
            "addr": 0,
            "size": 0
        }
    ],
    "patch_reserve": [],
    "param_reserve": [],
    "ops": {
        "kernel[0]": {
            "name": "DmaIn.layer.copy_in_583",
            "idx": 0,
            "mem_used_rate": 0.0080108642578125,
            "malloc": [
                {
                    "addr": 4160704,
                    "ori_size": 0,
                    "size": 33600
                }
            ],
            "used": [
                {
                    "name": "DmaIn.layer.copy_in_583",
                    "addr": 4160704,
                    "size": 33600
                }
            ],
            "free": []
        },
        "kernel[1]": {
            "name": "DmaIn.layer.copy_in_584",
            "idx": 1,
            "mem_used_rate": 0.016021728515625,
            "malloc": [
                {
                    "addr": 0,
                    "ori_size": 0,
                    "size": 33600
                }
            ],
            "used": [
                {
                    "name": "DmaIn.layer.copy_in_583",
                    "addr": 4160704,
                    "size": 33600
                },
                {
                    "name": "DmaIn.layer.copy_in_584",
                    "addr": 0,
                    "size": 33600
                }
            ],
            "free": []
        },
        "kernel[2]": {
            "name": "Concat.layer.Concat_334",
            "idx": 2,
            "mem_used_rate": 0.0240325927734375,
            "malloc": [
                {
                    "addr": 33792,
                    "ori_size": 0,
                    "size": 67200
                }
            ],
            "used": [
                {
                    "name": "DmaIn.layer.copy_in_583",
                    "addr": 4160704,
                    "size": 33600
                },
                {
                    "name": "DmaIn.layer.copy_in_584",
                    "addr": 0,
                    "size": 33600
                },
                {
                    "name": "Concat.layer.Concat_334",
                    "addr": 33792,
                    "size": 67200
                }
            ],
            "free": [
                {
                    "name": "Concat.layer.Concat_334",
                    "addr": 4160704,
                    "size": 33600
                },
                {
                    "name": "Concat.layer.Concat_334",
                    "addr": 0,
                    "size": 33600
                }
            ]
        },
        "kernel[3]": {
            "name": "DmaOut.layer.copy_out_585",
            "idx": 3,
            "mem_used_rate": 0.016021728515625,
            "malloc": [],
            "used": [
                {
                    "name": "Concat.layer.Concat_334",
                    "addr": 33792,
                    "size": 67200
                }
            ],
            "free": [
                {
                    "name": "DmaOut.layer.copy_out_585",
                    "addr": 33792,
                    "size": 67200
                }
            ]
        }
    },
    "max_peak_size": [
        {
            "size": 67200
        }
    ]
}