{
    "banks": [
        {
            "addr": 0,
            "size": 0
        }
    ],
    "patch_reserve": [],
    "param_reserve": [],
    "ops": {
        "kernel[0]": {
            "name": "DmaIn.layer.copy_in_2Fmodel2Fneck2Fout_convs2E12Fcna2Factivate2FRelu_output_0",
            "idx": 0,
            "mem_used_rate": 0.025390625,
            "malloc": [
                {
                    "addr": 0,
                    "ori_size": 0,
                    "size": 106496
                }
            ],
            "used": [
                {
                    "name": "DmaIn.layer.copy_in_2Fmodel2Fneck2Fout_convs2E12Fcna2Factivate2FRelu_output_0",
                    "addr": 0,
                    "size": 106496
                }
            ],
            "free": []
        },
        "kernel[1]": {
            "name": "FetchParam.layer.Conv2d.layer./model/face/head_module/bbox_pred.1/Conv_im_0.h.0.fetch_param_data.layer",
            "idx": 1,
            "mem_used_rate": 0.02557373046875,
            "malloc": [
                {
                    "addr": 106496,
                    "ori_size": 0,
                    "size": 768
                }
            ],
            "used": [
                {
                    "name": "DmaIn.layer.copy_in_2Fmodel2Fneck2Fout_convs2E12Fcna2Factivate2FRelu_output_0",
                    "addr": 0,
                    "size": 106496
                },
                {
                    "name": "FetchParam.layer.Conv2d.layer./model/face/head_module/bbox_pred.1/Conv_im_0.h.0.fetch_param_data.layer",
                    "addr": 106496,
                    "size": 768
                }
            ],
            "free": []
        },
        "kernel[2]": {
            "name": "FetchParam.layer.Conv2d.layer./model/face/head_module/bbox_pred.1/Conv_im_0.h.1.fetch_param_data.layer",
            "idx": 2,
            "mem_used_rate": 0.0257568359375,
            "malloc": [
                {
                    "addr": 107264,
                    "ori_size": 0,
                    "size": 768
                }
            ],
            "used": [
                {
                    "name": "DmaIn.layer.copy_in_2Fmodel2Fneck2Fout_convs2E12Fcna2Factivate2FRelu_output_0",
                    "addr": 0,
                    "size": 106496
                },
                {
                    "name": "FetchParam.layer.Conv2d.layer./model/face/head_module/bbox_pred.1/Conv_im_0.h.0.fetch_param_data.layer",
                    "addr": 106496,
                    "size": 768
                },
                {
                    "name": "FetchParam.layer.Conv2d.layer./model/face/head_module/bbox_pred.1/Conv_im_0.h.1.fetch_param_data.layer",
                    "addr": 107264,
                    "size": 768
                }
            ],
            "free": []
        },
        "kernel[3]": {
            "name": "DummyConcat.layer./model/face/head_module/bbox_pred.1/Conv_im_0.split_h",
            "idx": 3,
            "mem_used_rate": 0.02734375,
            "malloc": [
                {
                    "addr": 108032,
                    "ori_size": 0,
                    "size": 6656
                }
            ],
            "used": [
                {
                    "name": "DmaIn.layer.copy_in_2Fmodel2Fneck2Fout_convs2E12Fcna2Factivate2FRelu_output_0",
                    "addr": 0,
                    "size": 106496
                },
                {
                    "name": "FetchParam.layer.Conv2d.layer./model/face/head_module/bbox_pred.1/Conv_im_0.h.0.fetch_param_data.layer",
                    "addr": 106496,
                    "size": 768
                },
                {
                    "name": "FetchParam.layer.Conv2d.layer./model/face/head_module/bbox_pred.1/Conv_im_0.h.1.fetch_param_data.layer",
                    "addr": 107264,
                    "size": 768
                },
                {
                    "name": "DummyConcat.layer./model/face/head_module/bbox_pred.1/Conv_im_0.split_h",
                    "addr": 108032,
                    "size": 6656
                }
            ],
            "free": []
        },
        "kernel[4]": {
            "name": "Conv2d.layer./model/face/head_module/bbox_pred.1/Conv_im_0.h.0",
            "idx": 4,
            "mem_used_rate": 0.02734375,
            "malloc": [],
            "used": [
                {
                    "name": "DmaIn.layer.copy_in_2Fmodel2Fneck2Fout_convs2E12Fcna2Factivate2FRelu_output_0",
                    "addr": 0,
                    "size": 106496
                },
                {
                    "name": "FetchParam.layer.Conv2d.layer./model/face/head_module/bbox_pred.1/Conv_im_0.h.0.fetch_param_data.layer",
                    "addr": 106496,
                    "size": 768
                },
                {
                    "name": "FetchParam.layer.Conv2d.layer./model/face/head_module/bbox_pred.1/Conv_im_0.h.1.fetch_param_data.layer",
                    "addr": 107264,
                    "size": 768
                },
                {
                    "name": "DummyConcat.layer./model/face/head_module/bbox_pred.1/Conv_im_0.split_h",
                    "addr": 108032,
                    "size": 6656
                }
            ],
            "free": [
                {
                    "name": "Conv2d.layer./model/face/head_module/bbox_pred.1/Conv_im_0.h.0",
                    "addr": 106496,
                    "size": 768
                }
            ]
        },
        "kernel[5]": {
            "name": "Conv2d.layer./model/face/head_module/bbox_pred.1/Conv_im_0.h.1",
            "idx": 5,
            "mem_used_rate": 0.00177001953125,
            "malloc": [],
            "used": [
                {
                    "name": "DmaIn.layer.copy_in_2Fmodel2Fneck2Fout_convs2E12Fcna2Factivate2FRelu_output_0",
                    "addr": 0,
                    "size": 106496
                },
                {
                    "name": "FetchParam.layer.Conv2d.layer./model/face/head_module/bbox_pred.1/Conv_im_0.h.1.fetch_param_data.layer",
                    "addr": 107264,
                    "size": 768
                },
                {
                    "name": "DummyConcat.layer./model/face/head_module/bbox_pred.1/Conv_im_0.split_h",
                    "addr": 108032,
                    "size": 6656
                }
            ],
            "free": [
                {
                    "name": "Conv2d.layer./model/face/head_module/bbox_pred.1/Conv_im_0.h.1",
                    "addr": 0,
                    "size": 106496
                },
                {
                    "name": "Conv2d.layer./model/face/head_module/bbox_pred.1/Conv_im_0.h.1",
                    "addr": 107264,
                    "size": 768
                }
            ]
        },
        "kernel[6]": {
            "name": "FetchParam.layer./model/face/head_module/Exp_1.fetch_param_data.kernel",
            "idx": 6,
            "mem_used_rate": 0.0018310546875,
            "malloc": [
                {
                    "addr": 114688,
                    "ori_size": 0,
                    "size": 1024
                }
            ],
            "used": [
                {
                    "name": "DummyConcat.layer./model/face/head_module/bbox_pred.1/Conv_im_0.split_h",
                    "addr": 108032,
                    "size": 6656
                },
                {
                    "name": "FetchParam.layer./model/face/head_module/Exp_1.fetch_param_data.kernel",
                    "addr": 114688,
                    "size": 1024
                }
            ],
            "free": []
        },
        "kernel[7]": {
            "name": "DummyConcat.layer./model/face/head_module/Exp_1.0",
            "idx": 7,
            "mem_used_rate": 0.00341796875,
            "malloc": [
                {
                    "addr": 115712,
                    "ori_size": 0,
                    "size": 6656
                }
            ],
            "used": [
                {
                    "name": "DummyConcat.layer./model/face/head_module/bbox_pred.1/Conv_im_0.split_h",
                    "addr": 108032,
                    "size": 6656
                },
                {
                    "name": "FetchParam.layer./model/face/head_module/Exp_1.fetch_param_data.kernel",
                    "addr": 114688,
                    "size": 1024
                },
                {
                    "name": "DummyConcat.layer./model/face/head_module/Exp_1.0",
                    "addr": 115712,
                    "size": 6656
                }
            ],
            "free": []
        },
        "kernel[8]": {
            "name": "Activation.layer./model/face/head_module/Exp_1.h.1",
            "idx": 8,
            "mem_used_rate": 0.0018310546875,
            "malloc": [],
            "used": [
                {
                    "name": "DummyConcat.layer./model/face/head_module/bbox_pred.1/Conv_im_0.split_h",
                    "addr": 108032,
                    "size": 6656
                },
                {
                    "name": "FetchParam.layer./model/face/head_module/Exp_1.fetch_param_data.kernel",
                    "addr": 114688,
                    "size": 1024
                },
                {
                    "name": "DummyConcat.layer./model/face/head_module/Exp_1.0",
                    "addr": 115712,
                    "size": 6656
                }
            ],
            "free": [
                {
                    "name": "Activation.layer./model/face/head_module/Exp_1.h.1",
                    "addr": 108032,
                    "size": 3840
                },
                {
                    "name": "Activation.layer./model/face/head_module/Exp_1.h.1",
                    "addr": 111872,
                    "size": 2816
                },
                {
                    "name": "Activation.layer./model/face/head_module/Exp_1.h.1",
                    "addr": 114688,
                    "size": 1024
                }
            ]
        },
        "kernel[9]": {
            "name": "DmaOut.layer.copy_out_2Fmodel2Fface2Fhead_module2FExp_1_output_0",
            "idx": 9,
            "mem_used_rate": 0.00079345703125,
            "malloc": [],
            "used": [
                {
                    "name": "DummyConcat.layer./model/face/head_module/Exp_1.0",
                    "addr": 115712,
                    "size": 6656
                }
            ],
            "free": [
                {
                    "name": "DmaOut.layer.copy_out_2Fmodel2Fface2Fhead_module2FExp_1_output_0",
                    "addr": 115712,
                    "size": 3328
                },
                {
                    "name": "DmaOut.layer.copy_out_2Fmodel2Fface2Fhead_module2FExp_1_output_0",
                    "addr": 119040,
                    "size": 3328
                }
            ]
        }
    },
    "max_peak_size": [
        {
            "size": 108032
        }
    ]
}