{
    "banks": [
        {
            "addr": 0,
            "size": 0
        }
    ],
    "patch_reserve": [],
    "param_reserve": [],
    "ops": {
        "kernel[0]": {
            "name": "DmaIn.layer.copy_in_447",
            "idx": 0,
            "mem_used_rate": 0.0390625,
            "malloc": [
                {
                    "addr": 0,
                    "ori_size": 0,
                    "size": 163840
                }
            ],
            "used": [
                {
                    "name": "DmaIn.layer.copy_in_447",
                    "addr": 0,
                    "size": 163840
                }
            ],
            "free": []
        },
        "kernel[1]": {
            "name": "FetchParam.layer.Activation.layer.Sigmoid_233.c.0.fetch_param_data.layer",
            "idx": 1,
            "mem_used_rate": 0.0391845703125,
            "malloc": [
                {
                    "addr": 163840,
                    "ori_size": 0,
                    "size": 512
                }
            ],
            "used": [
                {
                    "name": "DmaIn.layer.copy_in_447",
                    "addr": 0,
                    "size": 163840
                },
                {
                    "name": "FetchParam.layer.Activation.layer.Sigmoid_233.c.0.fetch_param_data.layer",
                    "addr": 163840,
                    "size": 512
                }
            ],
            "free": []
        },
        "kernel[2]": {
            "name": "FetchParam.layer.Activation.layer.Sigmoid_233.c.1.fetch_param_data.layer",
            "idx": 2,
            "mem_used_rate": 0.039306640625,
            "malloc": [
                {
                    "addr": 164352,
                    "ori_size": 0,
                    "size": 512
                }
            ],
            "used": [
                {
                    "name": "DmaIn.layer.copy_in_447",
                    "addr": 0,
                    "size": 163840
                },
                {
                    "name": "FetchParam.layer.Activation.layer.Sigmoid_233.c.0.fetch_param_data.layer",
                    "addr": 163840,
                    "size": 512
                },
                {
                    "name": "FetchParam.layer.Activation.layer.Sigmoid_233.c.1.fetch_param_data.layer",
                    "addr": 164352,
                    "size": 512
                }
            ],
            "free": []
        },
        "kernel[3]": {
            "name": "Activation.layer.Sigmoid_233.c.0",
            "idx": 3,
            "mem_used_rate": 0.039306640625,
            "malloc": [
                {
                    "addr": 0,
                    "ori_size": 0,
                    "size": 81920
                }
            ],
            "used": [
                {
                    "name": "DmaIn.layer.copy_in_447",
                    "addr": 0,
                    "size": 163840
                },
                {
                    "name": "FetchParam.layer.Activation.layer.Sigmoid_233.c.0.fetch_param_data.layer",
                    "addr": 163840,
                    "size": 512
                },
                {
                    "name": "FetchParam.layer.Activation.layer.Sigmoid_233.c.1.fetch_param_data.layer",
                    "addr": 164352,
                    "size": 512
                }
            ],
            "free": [
                {
                    "name": "Activation.layer.Sigmoid_233.c.0",
                    "addr": 163840,
                    "size": 512
                }
            ]
        },
        "kernel[4]": {
            "name": "Activation.layer.Sigmoid_233.c.1",
            "idx": 4,
            "mem_used_rate": 0.0391845703125,
            "malloc": [
                {
                    "addr": 81920,
                    "ori_size": 0,
                    "size": 81920
                }
            ],
            "used": [
                {
                    "name": "DmaIn.layer.copy_in_447",
                    "addr": 0,
                    "size": 163840
                },
                {
                    "name": "FetchParam.layer.Activation.layer.Sigmoid_233.c.0.fetch_param_data.layer",
                    "addr": 163840,
                    "size": 512
                },
                {
                    "name": "FetchParam.layer.Activation.layer.Sigmoid_233.c.1.fetch_param_data.layer",
                    "addr": 164352,
                    "size": 512
                }
            ],
            "free": [
                {
                    "name": "Activation.layer.Sigmoid_233.c.1",
                    "addr": 164352,
                    "size": 512
                }
            ]
        },
        "kernel[5]": {
            "name": "DummyConcat.layer.Sigmoid_233.0",
            "idx": 5,
            "mem_used_rate": 0.039306640625,
            "malloc": [
                {
                    "addr": 0,
                    "ori_size": 0,
                    "size": 163840
                }
            ],
            "used": [
                {
                    "name": "DmaIn.layer.copy_in_447",
                    "addr": 0,
                    "size": 163840
                },
                {
                    "name": "FetchParam.layer.Activation.layer.Sigmoid_233.c.0.fetch_param_data.layer",
                    "addr": 163840,
                    "size": 512
                },
                {
                    "name": "FetchParam.layer.Activation.layer.Sigmoid_233.c.1.fetch_param_data.layer",
                    "addr": 164352,
                    "size": 512
                }
            ],
            "free": []
        },
        "kernel[6]": {
            "name": "DmaOut.layer.copy_out_448",
            "idx": 6,
            "mem_used_rate": 0.01953125,
            "malloc": [],
            "used": [
                {
                    "name": "DmaIn.layer.copy_in_447",
                    "addr": 0,
                    "size": 163840
                }
            ],
            "free": [
                {
                    "name": "DmaOut.layer.copy_out_448",
                    "addr": 0,
                    "size": 81920
                },
                {
                    "name": "DmaOut.layer.copy_out_448",
                    "addr": 81920,
                    "size": 81920
                }
            ]
        }
    },
    "max_peak_size": [
        {
            "size": 164864
        }
    ]
}