{
    "banks": [
        {
            "addr": 0,
            "size": 0
        }
    ],
    "patch_reserve": [],
    "param_reserve": [],
    "ops": {
        "kernel[0]": {
            "name": "DmaIn.layer.copy_in_482",
            "idx": 0,
            "mem_used_rate": 0.1171875,
            "malloc": [
                {
                    "addr": 0,
                    "ori_size": 0,
                    "size": 491520
                }
            ],
            "used": [
                {
                    "name": "DmaIn.layer.copy_in_482",
                    "addr": 0,
                    "size": 491520
                }
            ],
            "free": []
        },
        "kernel[1]": {
            "name": "FetchParam.layer.Activation.layer.Sigmoid_268.c.0.fetch_param_data.layer",
            "idx": 1,
            "mem_used_rate": 0.1173095703125,
            "malloc": [
                {
                    "addr": 491520,
                    "ori_size": 0,
                    "size": 512
                }
            ],
            "used": [
                {
                    "name": "DmaIn.layer.copy_in_482",
                    "addr": 0,
                    "size": 491520
                },
                {
                    "name": "FetchParam.layer.Activation.layer.Sigmoid_268.c.0.fetch_param_data.layer",
                    "addr": 491520,
                    "size": 512
                }
            ],
            "free": []
        },
        "kernel[2]": {
            "name": "FetchParam.layer.Activation.layer.Sigmoid_268.c.1.fetch_param_data.layer",
            "idx": 2,
            "mem_used_rate": 0.117431640625,
            "malloc": [
                {
                    "addr": 492032,
                    "ori_size": 0,
                    "size": 512
                }
            ],
            "used": [
                {
                    "name": "DmaIn.layer.copy_in_482",
                    "addr": 0,
                    "size": 491520
                },
                {
                    "name": "FetchParam.layer.Activation.layer.Sigmoid_268.c.0.fetch_param_data.layer",
                    "addr": 491520,
                    "size": 512
                },
                {
                    "name": "FetchParam.layer.Activation.layer.Sigmoid_268.c.1.fetch_param_data.layer",
                    "addr": 492032,
                    "size": 512
                }
            ],
            "free": []
        },
        "kernel[3]": {
            "name": "Activation.layer.Sigmoid_268.c.0",
            "idx": 3,
            "mem_used_rate": 0.117431640625,
            "malloc": [
                {
                    "addr": 0,
                    "ori_size": 0,
                    "size": 245760
                }
            ],
            "used": [
                {
                    "name": "DmaIn.layer.copy_in_482",
                    "addr": 0,
                    "size": 491520
                },
                {
                    "name": "FetchParam.layer.Activation.layer.Sigmoid_268.c.0.fetch_param_data.layer",
                    "addr": 491520,
                    "size": 512
                },
                {
                    "name": "FetchParam.layer.Activation.layer.Sigmoid_268.c.1.fetch_param_data.layer",
                    "addr": 492032,
                    "size": 512
                }
            ],
            "free": [
                {
                    "name": "Activation.layer.Sigmoid_268.c.0",
                    "addr": 491520,
                    "size": 512
                }
            ]
        },
        "kernel[4]": {
            "name": "Activation.layer.Sigmoid_268.c.1",
            "idx": 4,
            "mem_used_rate": 0.1173095703125,
            "malloc": [
                {
                    "addr": 245760,
                    "ori_size": 0,
                    "size": 245760
                }
            ],
            "used": [
                {
                    "name": "DmaIn.layer.copy_in_482",
                    "addr": 0,
                    "size": 491520
                },
                {
                    "name": "FetchParam.layer.Activation.layer.Sigmoid_268.c.0.fetch_param_data.layer",
                    "addr": 491520,
                    "size": 512
                },
                {
                    "name": "FetchParam.layer.Activation.layer.Sigmoid_268.c.1.fetch_param_data.layer",
                    "addr": 492032,
                    "size": 512
                }
            ],
            "free": [
                {
                    "name": "Activation.layer.Sigmoid_268.c.1",
                    "addr": 492032,
                    "size": 512
                }
            ]
        },
        "kernel[5]": {
            "name": "DummyConcat.layer.Sigmoid_268.0",
            "idx": 5,
            "mem_used_rate": 0.117431640625,
            "malloc": [
                {
                    "addr": 0,
                    "ori_size": 0,
                    "size": 491520
                }
            ],
            "used": [
                {
                    "name": "DmaIn.layer.copy_in_482",
                    "addr": 0,
                    "size": 491520
                },
                {
                    "name": "FetchParam.layer.Activation.layer.Sigmoid_268.c.0.fetch_param_data.layer",
                    "addr": 491520,
                    "size": 512
                },
                {
                    "name": "FetchParam.layer.Activation.layer.Sigmoid_268.c.1.fetch_param_data.layer",
                    "addr": 492032,
                    "size": 512
                }
            ],
            "free": []
        },
        "kernel[6]": {
            "name": "DmaOut.layer.copy_out_483",
            "idx": 6,
            "mem_used_rate": 0.05859375,
            "malloc": [],
            "used": [
                {
                    "name": "DmaIn.layer.copy_in_482",
                    "addr": 0,
                    "size": 491520
                }
            ],
            "free": [
                {
                    "name": "DmaOut.layer.copy_out_483",
                    "addr": 0,
                    "size": 245760
                },
                {
                    "name": "DmaOut.layer.copy_out_483",
                    "addr": 245760,
                    "size": 245760
                }
            ]
        }
    },
    "max_peak_size": [
        {
            "size": 492544
        }
    ]
}