{
    "banks": [
        {
            "addr": 0,
            "size": 0
        }
    ],
    "patch_reserve": [],
    "param_reserve": [],
    "ops": {
        "kernel[0]": {
            "name": "DmaIn.layer.copy_in_220",
            "idx": 0,
            "mem_used_rate": 0.1171875,
            "malloc": [
                {
                    "addr": 3702784,
                    "ori_size": 0,
                    "size": 491520
                }
            ],
            "used": [
                {
                    "name": "DmaIn.layer.copy_in_220",
                    "addr": 3702784,
                    "size": 491520
                }
            ],
            "free": []
        },
        "kernel[1]": {
            "name": "DmaIn.layer.copy_in_221",
            "idx": 1,
            "mem_used_rate": 0.234375,
            "malloc": [
                {
                    "addr": 0,
                    "ori_size": 0,
                    "size": 491520
                }
            ],
            "used": [
                {
                    "name": "DmaIn.layer.copy_in_220",
                    "addr": 3702784,
                    "size": 491520
                },
                {
                    "name": "DmaIn.layer.copy_in_221",
                    "addr": 0,
                    "size": 491520
                }
            ],
            "free": []
        },
        "kernel[2]": {
            "name": "Eltwise.layer.Mul_44",
            "idx": 2,
            "mem_used_rate": 0.234375,
            "malloc": [
                {
                    "addr": 3702784,
                    "ori_size": 0,
                    "size": 491520
                }
            ],
            "used": [
                {
                    "name": "DmaIn.layer.copy_in_220",
                    "addr": 3702784,
                    "size": 491520
                },
                {
                    "name": "DmaIn.layer.copy_in_221",
                    "addr": 0,
                    "size": 491520
                }
            ],
            "free": [
                {
                    "name": "Eltwise.layer.Mul_44",
                    "addr": 0,
                    "size": 491520
                }
            ]
        },
        "kernel[3]": {
            "name": "DmaOut.layer.copy_out_222",
            "idx": 3,
            "mem_used_rate": 0.1171875,
            "malloc": [],
            "used": [
                {
                    "name": "DmaIn.layer.copy_in_220",
                    "addr": 3702784,
                    "size": 491520
                }
            ],
            "free": [
                {
                    "name": "DmaOut.layer.copy_out_222",
                    "addr": 3702784,
                    "size": 491520
                }
            ]
        }
    },
    "max_peak_size": [
        {
            "size": 983040
        }
    ]
}