{
    "banks": [
        {
            "addr": 0,
            "size": 0
        }
    ],
    "patch_reserve": [],
    "param_reserve": [],
    "ops": {
        "kernel[0]": {
            "name": "DmaIn.layer.copy_in_416",
            "idx": 0,
            "mem_used_rate": 0.1171875,
            "malloc": [
                {
                    "addr": 3702784,
                    "ori_size": 0,
                    "size": 491520
                }
            ],
            "used": [
                {
                    "name": "DmaIn.layer.copy_in_416",
                    "addr": 3702784,
                    "size": 491520
                }
            ],
            "free": []
        },
        "kernel[1]": {
            "name": "FetchParam.layer.Conv2d.layer.Conv_260_im_0.split.co.0.fetch_param_data.layer",
            "idx": 1,
            "mem_used_rate": 0.14849853515625,
            "malloc": [
                {
                    "addr": 0,
                    "ori_size": 0,
                    "size": 131328
                }
            ],
            "used": [
                {
                    "name": "DmaIn.layer.copy_in_416",
                    "addr": 3702784,
                    "size": 491520
                },
                {
                    "name": "FetchParam.layer.Conv2d.layer.Conv_260_im_0.split.co.0.fetch_param_data.layer",
                    "addr": 0,
                    "size": 131328
                }
            ],
            "free": []
        },
        "kernel[2]": {
            "name": "FetchParam.layer.Conv2d.layer.Conv_260_im_0.split.co.1.fetch_param_data.layer",
            "idx": 2,
            "mem_used_rate": 0.1798095703125,
            "malloc": [
                {
                    "addr": 131328,
                    "ori_size": 0,
                    "size": 131328
                }
            ],
            "used": [
                {
                    "name": "DmaIn.layer.copy_in_416",
                    "addr": 3702784,
                    "size": 491520
                },
                {
                    "name": "FetchParam.layer.Conv2d.layer.Conv_260_im_0.split.co.0.fetch_param_data.layer",
                    "addr": 0,
                    "size": 131328
                },
                {
                    "name": "FetchParam.layer.Conv2d.layer.Conv_260_im_0.split.co.1.fetch_param_data.layer",
                    "addr": 131328,
                    "size": 131328
                }
            ],
            "free": []
        },
        "kernel[3]": {
            "name": "DummyConcat.layer.Conv_260_im_0.0",
            "idx": 3,
            "mem_used_rate": 0.2384033203125,
            "malloc": [
                {
                    "addr": 262656,
                    "ori_size": 0,
                    "size": 245760
                }
            ],
            "used": [
                {
                    "name": "DmaIn.layer.copy_in_416",
                    "addr": 3702784,
                    "size": 491520
                },
                {
                    "name": "FetchParam.layer.Conv2d.layer.Conv_260_im_0.split.co.0.fetch_param_data.layer",
                    "addr": 0,
                    "size": 131328
                },
                {
                    "name": "FetchParam.layer.Conv2d.layer.Conv_260_im_0.split.co.1.fetch_param_data.layer",
                    "addr": 131328,
                    "size": 131328
                },
                {
                    "name": "DummyConcat.layer.Conv_260_im_0.0",
                    "addr": 262656,
                    "size": 245760
                }
            ],
            "free": []
        },
        "kernel[4]": {
            "name": "Conv2d.layer.Conv_260_im_0.split.co.0",
            "idx": 4,
            "mem_used_rate": 0.2384033203125,
            "malloc": [],
            "used": [
                {
                    "name": "DmaIn.layer.copy_in_416",
                    "addr": 3702784,
                    "size": 491520
                },
                {
                    "name": "FetchParam.layer.Conv2d.layer.Conv_260_im_0.split.co.0.fetch_param_data.layer",
                    "addr": 0,
                    "size": 131328
                },
                {
                    "name": "FetchParam.layer.Conv2d.layer.Conv_260_im_0.split.co.1.fetch_param_data.layer",
                    "addr": 131328,
                    "size": 131328
                },
                {
                    "name": "DummyConcat.layer.Conv_260_im_0.0",
                    "addr": 262656,
                    "size": 245760
                }
            ],
            "free": [
                {
                    "name": "Conv2d.layer.Conv_260_im_0.split.co.0",
                    "addr": 0,
                    "size": 131328
                }
            ]
        },
        "kernel[5]": {
            "name": "Conv2d.layer.Conv_260_im_0.split.co.1",
            "idx": 5,
            "mem_used_rate": 0.08990478515625,
            "malloc": [],
            "used": [
                {
                    "name": "DmaIn.layer.copy_in_416",
                    "addr": 3702784,
                    "size": 491520
                },
                {
                    "name": "FetchParam.layer.Conv2d.layer.Conv_260_im_0.split.co.1.fetch_param_data.layer",
                    "addr": 131328,
                    "size": 131328
                },
                {
                    "name": "DummyConcat.layer.Conv_260_im_0.0",
                    "addr": 262656,
                    "size": 245760
                }
            ],
            "free": [
                {
                    "name": "Conv2d.layer.Conv_260_im_0.split.co.1",
                    "addr": 3702784,
                    "size": 491520
                },
                {
                    "name": "Conv2d.layer.Conv_260_im_0.split.co.1",
                    "addr": 131328,
                    "size": 131328
                }
            ]
        },
        "kernel[6]": {
            "name": "DmaOut.layer.copy_out_475",
            "idx": 6,
            "mem_used_rate": 0.029296875,
            "malloc": [],
            "used": [
                {
                    "name": "DummyConcat.layer.Conv_260_im_0.0",
                    "addr": 262656,
                    "size": 245760
                }
            ],
            "free": [
                {
                    "name": "DmaOut.layer.copy_out_475",
                    "addr": 262656,
                    "size": 122880
                },
                {
                    "name": "DmaOut.layer.copy_out_475",
                    "addr": 385536,
                    "size": 122880
                }
            ]
        }
    },
    "max_peak_size": [
        {
            "size": 754176
        }
    ]
}