{
    "banks": [
        {
            "addr": 0,
            "size": 0
        }
    ],
    "patch_reserve": [],
    "param_reserve": [],
    "ops": {
        "kernel[0]": {
            "name": "DmaIn.layer.copy_in_224",
            "idx": 0,
            "mem_used_rate": 0.05859375,
            "malloc": [
                {
                    "addr": 3948544,
                    "ori_size": 0,
                    "size": 245760
                }
            ],
            "used": [
                {
                    "name": "DmaIn.layer.copy_in_224",
                    "addr": 3948544,
                    "size": 245760
                }
            ],
            "free": []
        },
        "kernel[1]": {
            "name": "FetchParam.layer.Conv2d.layer.Conv_63_im_0.split.co.0.fetch_param_data.layer",
            "idx": 1,
            "mem_used_rate": 0.05914306640625,
            "malloc": [
                {
                    "addr": 0,
                    "ori_size": 0,
                    "size": 2304
                }
            ],
            "used": [
                {
                    "name": "DmaIn.layer.copy_in_224",
                    "addr": 3948544,
                    "size": 245760
                },
                {
                    "name": "FetchParam.layer.Conv2d.layer.Conv_63_im_0.split.co.0.fetch_param_data.layer",
                    "addr": 0,
                    "size": 2304
                }
            ],
            "free": []
        },
        "kernel[2]": {
            "name": "FetchParam.layer.Conv2d.layer.Conv_63_im_0.split.co.1.fetch_param_data.layer",
            "idx": 2,
            "mem_used_rate": 0.0596923828125,
            "malloc": [
                {
                    "addr": 2304,
                    "ori_size": 0,
                    "size": 2304
                }
            ],
            "used": [
                {
                    "name": "DmaIn.layer.copy_in_224",
                    "addr": 3948544,
                    "size": 245760
                },
                {
                    "name": "FetchParam.layer.Conv2d.layer.Conv_63_im_0.split.co.0.fetch_param_data.layer",
                    "addr": 0,
                    "size": 2304
                },
                {
                    "name": "FetchParam.layer.Conv2d.layer.Conv_63_im_0.split.co.1.fetch_param_data.layer",
                    "addr": 2304,
                    "size": 2304
                }
            ],
            "free": []
        },
        "kernel[3]": {
            "name": "DummyConcat.layer.Conv_63_im_0.0",
            "idx": 3,
            "mem_used_rate": 0.0889892578125,
            "malloc": [
                {
                    "addr": 4608,
                    "ori_size": 0,
                    "size": 122880
                }
            ],
            "used": [
                {
                    "name": "DmaIn.layer.copy_in_224",
                    "addr": 3948544,
                    "size": 245760
                },
                {
                    "name": "FetchParam.layer.Conv2d.layer.Conv_63_im_0.split.co.0.fetch_param_data.layer",
                    "addr": 0,
                    "size": 2304
                },
                {
                    "name": "FetchParam.layer.Conv2d.layer.Conv_63_im_0.split.co.1.fetch_param_data.layer",
                    "addr": 2304,
                    "size": 2304
                },
                {
                    "name": "DummyConcat.layer.Conv_63_im_0.0",
                    "addr": 4608,
                    "size": 122880
                }
            ],
            "free": []
        },
        "kernel[4]": {
            "name": "Conv2d.layer.Conv_63_im_0.split.co.0",
            "idx": 4,
            "mem_used_rate": 0.0889892578125,
            "malloc": [],
            "used": [
                {
                    "name": "DmaIn.layer.copy_in_224",
                    "addr": 3948544,
                    "size": 245760
                },
                {
                    "name": "FetchParam.layer.Conv2d.layer.Conv_63_im_0.split.co.0.fetch_param_data.layer",
                    "addr": 0,
                    "size": 2304
                },
                {
                    "name": "FetchParam.layer.Conv2d.layer.Conv_63_im_0.split.co.1.fetch_param_data.layer",
                    "addr": 2304,
                    "size": 2304
                },
                {
                    "name": "DummyConcat.layer.Conv_63_im_0.0",
                    "addr": 4608,
                    "size": 122880
                }
            ],
            "free": [
                {
                    "name": "Conv2d.layer.Conv_63_im_0.split.co.0",
                    "addr": 0,
                    "size": 2304
                }
            ]
        },
        "kernel[5]": {
            "name": "Conv2d.layer.Conv_63_im_0.split.co.1",
            "idx": 5,
            "mem_used_rate": 0.02984619140625,
            "malloc": [],
            "used": [
                {
                    "name": "DmaIn.layer.copy_in_224",
                    "addr": 3948544,
                    "size": 245760
                },
                {
                    "name": "FetchParam.layer.Conv2d.layer.Conv_63_im_0.split.co.1.fetch_param_data.layer",
                    "addr": 2304,
                    "size": 2304
                },
                {
                    "name": "DummyConcat.layer.Conv_63_im_0.0",
                    "addr": 4608,
                    "size": 122880
                }
            ],
            "free": [
                {
                    "name": "Conv2d.layer.Conv_63_im_0.split.co.1",
                    "addr": 3948544,
                    "size": 245760
                },
                {
                    "name": "Conv2d.layer.Conv_63_im_0.split.co.1",
                    "addr": 2304,
                    "size": 2304
                }
            ]
        },
        "kernel[6]": {
            "name": "DmaOut.layer.copy_out_242",
            "idx": 6,
            "mem_used_rate": 0.0146484375,
            "malloc": [],
            "used": [
                {
                    "name": "DummyConcat.layer.Conv_63_im_0.0",
                    "addr": 4608,
                    "size": 122880
                }
            ],
            "free": [
                {
                    "name": "DmaOut.layer.copy_out_242",
                    "addr": 4608,
                    "size": 61440
                },
                {
                    "name": "DmaOut.layer.copy_out_242",
                    "addr": 66048,
                    "size": 61440
                }
            ]
        }
    },
    "max_peak_size": [
        {
            "size": 250368
        }
    ]
}