{
    "banks": [
        {
            "addr": 0,
            "size": 0
        }
    ],
    "patch_reserve": [],
    "param_reserve": [],
    "ops": {
        "kernel[0]": {
            "name": "DmaIn.layer.copy_in_419",
            "idx": 0,
            "mem_used_rate": 0.0390625,
            "malloc": [
                {
                    "addr": 4030464,
                    "ori_size": 0,
                    "size": 163840
                }
            ],
            "used": [
                {
                    "name": "DmaIn.layer.copy_in_419",
                    "addr": 4030464,
                    "size": 163840
                }
            ],
            "free": []
        },
        "kernel[1]": {
            "name": "DmaIn.layer.copy_in_352",
            "idx": 1,
            "mem_used_rate": 0.1171875,
            "malloc": [
                {
                    "addr": 0,
                    "ori_size": 0,
                    "size": 327680
                }
            ],
            "used": [
                {
                    "name": "DmaIn.layer.copy_in_419",
                    "addr": 4030464,
                    "size": 163840
                },
                {
                    "name": "DmaIn.layer.copy_in_352",
                    "addr": 0,
                    "size": 327680
                }
            ],
            "free": []
        },
        "kernel[2]": {
            "name": "Concat.layer.Concat_206",
            "idx": 2,
            "mem_used_rate": 0.1953125,
            "malloc": [
                {
                    "addr": 327680,
                    "ori_size": 0,
                    "size": 491520
                }
            ],
            "used": [
                {
                    "name": "DmaIn.layer.copy_in_419",
                    "addr": 4030464,
                    "size": 163840
                },
                {
                    "name": "DmaIn.layer.copy_in_352",
                    "addr": 0,
                    "size": 327680
                },
                {
                    "name": "Concat.layer.Concat_206",
                    "addr": 327680,
                    "size": 491520
                }
            ],
            "free": [
                {
                    "name": "Concat.layer.Concat_206",
                    "addr": 4030464,
                    "size": 163840
                },
                {
                    "name": "Concat.layer.Concat_206",
                    "addr": 0,
                    "size": 327680
                }
            ]
        },
        "kernel[3]": {
            "name": "DmaOut.layer.copy_out_420",
            "idx": 3,
            "mem_used_rate": 0.1171875,
            "malloc": [],
            "used": [
                {
                    "name": "Concat.layer.Concat_206",
                    "addr": 327680,
                    "size": 491520
                }
            ],
            "free": [
                {
                    "name": "DmaOut.layer.copy_out_420",
                    "addr": 327680,
                    "size": 491520
                }
            ]
        }
    },
    "max_peak_size": [
        {
            "size": 491520
        }
    ]
}