{
    "banks": [
        {
            "addr": 0,
            "size": 0
        }
    ],
    "patch_reserve": [],
    "param_reserve": [],
    "ops": {
        "kernel[0]": {
            "name": "DmaIn.layer.copy_in_309",
            "idx": 0,
            "mem_used_rate": 0.078125,
            "malloc": [
                {
                    "addr": 0,
                    "ori_size": 0,
                    "size": 327680
                }
            ],
            "used": [
                {
                    "name": "DmaIn.layer.copy_in_309",
                    "addr": 0,
                    "size": 327680
                }
            ],
            "free": []
        },
        "kernel[1]": {
            "name": "DmaOut.layer.Reshape_124.npufmt2nchw",
            "idx": 1,
            "mem_used_rate": 0.126953125,
            "malloc": [
                {
                    "addr": 3989504,
                    "ori_size": 0,
                    "size": 204800
                }
            ],
            "used": [
                {
                    "name": "DmaIn.layer.copy_in_309",
                    "addr": 0,
                    "size": 327680
                },
                {
                    "name": "DmaOut.layer.Reshape_124.npufmt2nchw",
                    "addr": 3989504,
                    "size": 204800
                }
            ],
            "free": [
                {
                    "name": "DmaOut.layer.Reshape_124.npufmt2nchw",
                    "addr": 0,
                    "size": 327680
                }
            ]
        },
        "kernel[2]": {
            "name": "DummyConcat.layer.Reshape_124.reshape_dc.254",
            "idx": 2,
            "mem_used_rate": 0.09765625,
            "malloc": [
                {
                    "addr": 327680,
                    "ori_size": 0,
                    "size": 204800
                }
            ],
            "used": [
                {
                    "name": "DmaOut.layer.Reshape_124.npufmt2nchw",
                    "addr": 3989504,
                    "size": 204800
                },
                {
                    "name": "DummyConcat.layer.Reshape_124.reshape_dc.254",
                    "addr": 327680,
                    "size": 204800
                }
            ],
            "free": []
        },
        "kernel[3]": {
            "name": "Slice.layer.Reshape_124.255",
            "idx": 3,
            "mem_used_rate": 0.09765625,
            "malloc": [],
            "used": [
                {
                    "name": "DmaOut.layer.Reshape_124.npufmt2nchw",
                    "addr": 3989504,
                    "size": 204800
                },
                {
                    "name": "DummyConcat.layer.Reshape_124.reshape_dc.254",
                    "addr": 327680,
                    "size": 204800
                }
            ],
            "free": [
                {
                    "name": "Slice.layer.Reshape_124.255",
                    "addr": 3989504,
                    "size": 204800
                }
            ]
        },
        "kernel[4]": {
            "name": "DmaOut.layer.copy_out_317",
            "idx": 4,
            "mem_used_rate": 0.00019073486328125,
            "malloc": [],
            "used": [
                {
                    "name": "DummyConcat.layer.Reshape_124.reshape_dc.254",
                    "addr": 327680,
                    "size": 204800
                }
            ],
            "free": [
                {
                    "name": "DmaOut.layer.copy_out_317",
                    "addr": 327680,
                    "size": 800
                },
                {
                    "name": "DmaOut.layer.copy_out_317",
                    "addr": 328480,
                    "size": 800
                },
                {
                    "name": "DmaOut.layer.copy_out_317",
                    "addr": 329280,
                    "size": 800
                },
                {
                    "name": "DmaOut.layer.copy_out_317",
                    "addr": 330080,
                    "size": 800
                },
                {
                    "name": "DmaOut.layer.copy_out_317",
                    "addr": 330880,
                    "size": 800
                },
                {
                    "name": "DmaOut.layer.copy_out_317",
                    "addr": 331680,
                    "size": 800
                },
                {
                    "name": "DmaOut.layer.copy_out_317",
                    "addr": 332480,
                    "size": 800
                },
                {
                    "name": "DmaOut.layer.copy_out_317",
                    "addr": 333280,
                    "size": 800
                },
                {
                    "name": "DmaOut.layer.copy_out_317",
                    "addr": 334080,
                    "size": 800
                },
                {
                    "name": "DmaOut.layer.copy_out_317",
                    "addr": 334880,
                    "size": 800
                },
                {
                    "name": "DmaOut.layer.copy_out_317",
                    "addr": 335680,
                    "size": 800
                },
                {
                    "name": "DmaOut.layer.copy_out_317",
                    "addr": 336480,
                    "size": 800
                },
                {
                    "name": "DmaOut.layer.copy_out_317",
                    "addr": 337280,
                    "size": 800
                },
                {
                    "name": "DmaOut.layer.copy_out_317",
                    "addr": 338080,
                    "size": 800
                },
                {
                    "name": "DmaOut.layer.copy_out_317",
                    "addr": 338880,
                    "size": 800
                },
                {
                    "name": "DmaOut.layer.copy_out_317",
                    "addr": 339680,
                    "size": 800
                },
                {
                    "name": "DmaOut.layer.copy_out_317",
                    "addr": 340480,
                    "size": 800
                },
                {
                    "name": "DmaOut.layer.copy_out_317",
                    "addr": 341280,
                    "size": 800
                },
                {
                    "name": "DmaOut.layer.copy_out_317",
                    "addr": 342080,
                    "size": 800
                },
                {
                    "name": "DmaOut.layer.copy_out_317",
                    "addr": 342880,
                    "size": 800
                },
                {
                    "name": "DmaOut.layer.copy_out_317",
                    "addr": 343680,
                    "size": 800
                },
                {
                    "name": "DmaOut.layer.copy_out_317",
                    "addr": 344480,
                    "size": 800
                },
                {
                    "name": "DmaOut.layer.copy_out_317",
                    "addr": 345280,
                    "size": 800
                },
                {
                    "name": "DmaOut.layer.copy_out_317",
                    "addr": 346080,
                    "size": 800
                },
                {
                    "name": "DmaOut.layer.copy_out_317",
                    "addr": 346880,
                    "size": 800
                },
                {
                    "name": "DmaOut.layer.copy_out_317",
                    "addr": 347680,
                    "size": 800
                },
                {
                    "name": "DmaOut.layer.copy_out_317",
                    "addr": 348480,
                    "size": 800
                },
                {
                    "name": "DmaOut.layer.copy_out_317",
                    "addr": 349280,
                    "size": 800
                },
                {
                    "name": "DmaOut.layer.copy_out_317",
                    "addr": 350080,
                    "size": 800
                },
                {
                    "name": "DmaOut.layer.copy_out_317",
                    "addr": 350880,
                    "size": 800
                },
                {
                    "name": "DmaOut.layer.copy_out_317",
                    "addr": 351680,
                    "size": 800
                },
                {
                    "name": "DmaOut.layer.copy_out_317",
                    "addr": 352480,
                    "size": 800
                },
                {
                    "name": "DmaOut.layer.copy_out_317",
                    "addr": 353280,
                    "size": 800
                },
                {
                    "name": "DmaOut.layer.copy_out_317",
                    "addr": 354080,
                    "size": 800
                },
                {
                    "name": "DmaOut.layer.copy_out_317",
                    "addr": 354880,
                    "size": 800
                },
                {
                    "name": "DmaOut.layer.copy_out_317",
                    "addr": 355680,
                    "size": 800
                },
                {
                    "name": "DmaOut.layer.copy_out_317",
                    "addr": 356480,
                    "size": 800
                },
                {
                    "name": "DmaOut.layer.copy_out_317",
                    "addr": 357280,
                    "size": 800
                },
                {
                    "name": "DmaOut.layer.copy_out_317",
                    "addr": 358080,
                    "size": 800
                },
                {
                    "name": "DmaOut.layer.copy_out_317",
                    "addr": 358880,
                    "size": 800
                },
                {
                    "name": "DmaOut.layer.copy_out_317",
                    "addr": 359680,
                    "size": 800
                },
                {
                    "name": "DmaOut.layer.copy_out_317",
                    "addr": 360480,
                    "size": 800
                },
                {
                    "name": "DmaOut.layer.copy_out_317",
                    "addr": 361280,
                    "size": 800
                },
                {
                    "name": "DmaOut.layer.copy_out_317",
                    "addr": 362080,
                    "size": 800
                },
                {
                    "name": "DmaOut.layer.copy_out_317",
                    "addr": 362880,
                    "size": 800
                },
                {
                    "name": "DmaOut.layer.copy_out_317",
                    "addr": 363680,
                    "size": 800
                },
                {
                    "name": "DmaOut.layer.copy_out_317",
                    "addr": 364480,
                    "size": 800
                },
                {
                    "name": "DmaOut.layer.copy_out_317",
                    "addr": 365280,
                    "size": 800
                },
                {
                    "name": "DmaOut.layer.copy_out_317",
                    "addr": 366080,
                    "size": 800
                },
                {
                    "name": "DmaOut.layer.copy_out_317",
                    "addr": 366880,
                    "size": 800
                },
                {
                    "name": "DmaOut.layer.copy_out_317",
                    "addr": 367680,
                    "size": 800
                },
                {
                    "name": "DmaOut.layer.copy_out_317",
                    "addr": 368480,
                    "size": 800
                },
                {
                    "name": "DmaOut.layer.copy_out_317",
                    "addr": 369280,
                    "size": 800
                },
                {
                    "name": "DmaOut.layer.copy_out_317",
                    "addr": 370080,
                    "size": 800
                },
                {
                    "name": "DmaOut.layer.copy_out_317",
                    "addr": 370880,
                    "size": 800
                },
                {
                    "name": "DmaOut.layer.copy_out_317",
                    "addr": 371680,
                    "size": 800
                },
                {
                    "name": "DmaOut.layer.copy_out_317",
                    "addr": 372480,
                    "size": 800
                },
                {
                    "name": "DmaOut.layer.copy_out_317",
                    "addr": 373280,
                    "size": 800
                },
                {
                    "name": "DmaOut.layer.copy_out_317",
                    "addr": 374080,
                    "size": 800
                },
                {
                    "name": "DmaOut.layer.copy_out_317",
                    "addr": 374880,
                    "size": 800
                },
                {
                    "name": "DmaOut.layer.copy_out_317",
                    "addr": 375680,
                    "size": 800
                },
                {
                    "name": "DmaOut.layer.copy_out_317",
                    "addr": 376480,
                    "size": 800
                },
                {
                    "name": "DmaOut.layer.copy_out_317",
                    "addr": 377280,
                    "size": 800
                },
                {
                    "name": "DmaOut.layer.copy_out_317",
                    "addr": 378080,
                    "size": 800
                },
                {
                    "name": "DmaOut.layer.copy_out_317",
                    "addr": 378880,
                    "size": 800
                },
                {
                    "name": "DmaOut.layer.copy_out_317",
                    "addr": 379680,
                    "size": 800
                },
                {
                    "name": "DmaOut.layer.copy_out_317",
                    "addr": 380480,
                    "size": 800
                },
                {
                    "name": "DmaOut.layer.copy_out_317",
                    "addr": 381280,
                    "size": 800
                },
                {
                    "name": "DmaOut.layer.copy_out_317",
                    "addr": 382080,
                    "size": 800
                },
                {
                    "name": "DmaOut.layer.copy_out_317",
                    "addr": 382880,
                    "size": 800
                },
                {
                    "name": "DmaOut.layer.copy_out_317",
                    "addr": 383680,
                    "size": 800
                },
                {
                    "name": "DmaOut.layer.copy_out_317",
                    "addr": 384480,
                    "size": 800
                },
                {
                    "name": "DmaOut.layer.copy_out_317",
                    "addr": 385280,
                    "size": 800
                },
                {
                    "name": "DmaOut.layer.copy_out_317",
                    "addr": 386080,
                    "size": 800
                },
                {
                    "name": "DmaOut.layer.copy_out_317",
                    "addr": 386880,
                    "size": 800
                },
                {
                    "name": "DmaOut.layer.copy_out_317",
                    "addr": 387680,
                    "size": 800
                },
                {
                    "name": "DmaOut.layer.copy_out_317",
                    "addr": 388480,
                    "size": 800
                },
                {
                    "name": "DmaOut.layer.copy_out_317",
                    "addr": 389280,
                    "size": 800
                },
                {
                    "name": "DmaOut.layer.copy_out_317",
                    "addr": 390080,
                    "size": 800
                },
                {
                    "name": "DmaOut.layer.copy_out_317",
                    "addr": 390880,
                    "size": 800
                },
                {
                    "name": "DmaOut.layer.copy_out_317",
                    "addr": 391680,
                    "size": 800
                },
                {
                    "name": "DmaOut.layer.copy_out_317",
                    "addr": 392480,
                    "size": 800
                },
                {
                    "name": "DmaOut.layer.copy_out_317",
                    "addr": 393280,
                    "size": 800
                },
                {
                    "name": "DmaOut.layer.copy_out_317",
                    "addr": 394080,
                    "size": 800
                },
                {
                    "name": "DmaOut.layer.copy_out_317",
                    "addr": 394880,
                    "size": 800
                },
                {
                    "name": "DmaOut.layer.copy_out_317",
                    "addr": 395680,
                    "size": 800
                },
                {
                    "name": "DmaOut.layer.copy_out_317",
                    "addr": 396480,
                    "size": 800
                },
                {
                    "name": "DmaOut.layer.copy_out_317",
                    "addr": 397280,
                    "size": 800
                },
                {
                    "name": "DmaOut.layer.copy_out_317",
                    "addr": 398080,
                    "size": 800
                },
                {
                    "name": "DmaOut.layer.copy_out_317",
                    "addr": 398880,
                    "size": 800
                },
                {
                    "name": "DmaOut.layer.copy_out_317",
                    "addr": 399680,
                    "size": 800
                },
                {
                    "name": "DmaOut.layer.copy_out_317",
                    "addr": 400480,
                    "size": 800
                },
                {
                    "name": "DmaOut.layer.copy_out_317",
                    "addr": 401280,
                    "size": 800
                },
                {
                    "name": "DmaOut.layer.copy_out_317",
                    "addr": 402080,
                    "size": 800
                },
                {
                    "name": "DmaOut.layer.copy_out_317",
                    "addr": 402880,
                    "size": 800
                },
                {
                    "name": "DmaOut.layer.copy_out_317",
                    "addr": 403680,
                    "size": 800
                },
                {
                    "name": "DmaOut.layer.copy_out_317",
                    "addr": 404480,
                    "size": 800
                },
                {
                    "name": "DmaOut.layer.copy_out_317",
                    "addr": 405280,
                    "size": 800
                },
                {
                    "name": "DmaOut.layer.copy_out_317",
                    "addr": 406080,
                    "size": 800
                },
                {
                    "name": "DmaOut.layer.copy_out_317",
                    "addr": 406880,
                    "size": 800
                },
                {
                    "name": "DmaOut.layer.copy_out_317",
                    "addr": 407680,
                    "size": 800
                },
                {
                    "name": "DmaOut.layer.copy_out_317",
                    "addr": 408480,
                    "size": 800
                },
                {
                    "name": "DmaOut.layer.copy_out_317",
                    "addr": 409280,
                    "size": 800
                },
                {
                    "name": "DmaOut.layer.copy_out_317",
                    "addr": 410080,
                    "size": 800
                },
                {
                    "name": "DmaOut.layer.copy_out_317",
                    "addr": 410880,
                    "size": 800
                },
                {
                    "name": "DmaOut.layer.copy_out_317",
                    "addr": 411680,
                    "size": 800
                },
                {
                    "name": "DmaOut.layer.copy_out_317",
                    "addr": 412480,
                    "size": 800
                },
                {
                    "name": "DmaOut.layer.copy_out_317",
                    "addr": 413280,
                    "size": 800
                },
                {
                    "name": "DmaOut.layer.copy_out_317",
                    "addr": 414080,
                    "size": 800
                },
                {
                    "name": "DmaOut.layer.copy_out_317",
                    "addr": 414880,
                    "size": 800
                },
                {
                    "name": "DmaOut.layer.copy_out_317",
                    "addr": 415680,
                    "size": 800
                },
                {
                    "name": "DmaOut.layer.copy_out_317",
                    "addr": 416480,
                    "size": 800
                },
                {
                    "name": "DmaOut.layer.copy_out_317",
                    "addr": 417280,
                    "size": 800
                },
                {
                    "name": "DmaOut.layer.copy_out_317",
                    "addr": 418080,
                    "size": 800
                },
                {
                    "name": "DmaOut.layer.copy_out_317",
                    "addr": 418880,
                    "size": 800
                },
                {
                    "name": "DmaOut.layer.copy_out_317",
                    "addr": 419680,
                    "size": 800
                },
                {
                    "name": "DmaOut.layer.copy_out_317",
                    "addr": 420480,
                    "size": 800
                },
                {
                    "name": "DmaOut.layer.copy_out_317",
                    "addr": 421280,
                    "size": 800
                },
                {
                    "name": "DmaOut.layer.copy_out_317",
                    "addr": 422080,
                    "size": 800
                },
                {
                    "name": "DmaOut.layer.copy_out_317",
                    "addr": 422880,
                    "size": 800
                },
                {
                    "name": "DmaOut.layer.copy_out_317",
                    "addr": 423680,
                    "size": 800
                },
                {
                    "name": "DmaOut.layer.copy_out_317",
                    "addr": 424480,
                    "size": 800
                },
                {
                    "name": "DmaOut.layer.copy_out_317",
                    "addr": 425280,
                    "size": 800
                },
                {
                    "name": "DmaOut.layer.copy_out_317",
                    "addr": 426080,
                    "size": 800
                },
                {
                    "name": "DmaOut.layer.copy_out_317",
                    "addr": 426880,
                    "size": 800
                },
                {
                    "name": "DmaOut.layer.copy_out_317",
                    "addr": 427680,
                    "size": 800
                },
                {
                    "name": "DmaOut.layer.copy_out_317",
                    "addr": 428480,
                    "size": 800
                },
                {
                    "name": "DmaOut.layer.copy_out_317",
                    "addr": 429280,
                    "size": 800
                },
                {
                    "name": "DmaOut.layer.copy_out_317",
                    "addr": 430080,
                    "size": 800
                },
                {
                    "name": "DmaOut.layer.copy_out_317",
                    "addr": 430880,
                    "size": 800
                },
                {
                    "name": "DmaOut.layer.copy_out_317",
                    "addr": 431680,
                    "size": 800
                },
                {
                    "name": "DmaOut.layer.copy_out_317",
                    "addr": 432480,
                    "size": 800
                },
                {
                    "name": "DmaOut.layer.copy_out_317",
                    "addr": 433280,
                    "size": 800
                },
                {
                    "name": "DmaOut.layer.copy_out_317",
                    "addr": 434080,
                    "size": 800
                },
                {
                    "name": "DmaOut.layer.copy_out_317",
                    "addr": 434880,
                    "size": 800
                },
                {
                    "name": "DmaOut.layer.copy_out_317",
                    "addr": 435680,
                    "size": 800
                },
                {
                    "name": "DmaOut.layer.copy_out_317",
                    "addr": 436480,
                    "size": 800
                },
                {
                    "name": "DmaOut.layer.copy_out_317",
                    "addr": 437280,
                    "size": 800
                },
                {
                    "name": "DmaOut.layer.copy_out_317",
                    "addr": 438080,
                    "size": 800
                },
                {
                    "name": "DmaOut.layer.copy_out_317",
                    "addr": 438880,
                    "size": 800
                },
                {
                    "name": "DmaOut.layer.copy_out_317",
                    "addr": 439680,
                    "size": 800
                },
                {
                    "name": "DmaOut.layer.copy_out_317",
                    "addr": 440480,
                    "size": 800
                },
                {
                    "name": "DmaOut.layer.copy_out_317",
                    "addr": 441280,
                    "size": 800
                },
                {
                    "name": "DmaOut.layer.copy_out_317",
                    "addr": 442080,
                    "size": 800
                },
                {
                    "name": "DmaOut.layer.copy_out_317",
                    "addr": 442880,
                    "size": 800
                },
                {
                    "name": "DmaOut.layer.copy_out_317",
                    "addr": 443680,
                    "size": 800
                },
                {
                    "name": "DmaOut.layer.copy_out_317",
                    "addr": 444480,
                    "size": 800
                },
                {
                    "name": "DmaOut.layer.copy_out_317",
                    "addr": 445280,
                    "size": 800
                },
                {
                    "name": "DmaOut.layer.copy_out_317",
                    "addr": 446080,
                    "size": 800
                },
                {
                    "name": "DmaOut.layer.copy_out_317",
                    "addr": 446880,
                    "size": 800
                },
                {
                    "name": "DmaOut.layer.copy_out_317",
                    "addr": 447680,
                    "size": 800
                },
                {
                    "name": "DmaOut.layer.copy_out_317",
                    "addr": 448480,
                    "size": 800
                },
                {
                    "name": "DmaOut.layer.copy_out_317",
                    "addr": 449280,
                    "size": 800
                },
                {
                    "name": "DmaOut.layer.copy_out_317",
                    "addr": 450080,
                    "size": 800
                },
                {
                    "name": "DmaOut.layer.copy_out_317",
                    "addr": 450880,
                    "size": 800
                },
                {
                    "name": "DmaOut.layer.copy_out_317",
                    "addr": 451680,
                    "size": 800
                },
                {
                    "name": "DmaOut.layer.copy_out_317",
                    "addr": 452480,
                    "size": 800
                },
                {
                    "name": "DmaOut.layer.copy_out_317",
                    "addr": 453280,
                    "size": 800
                },
                {
                    "name": "DmaOut.layer.copy_out_317",
                    "addr": 454080,
                    "size": 800
                },
                {
                    "name": "DmaOut.layer.copy_out_317",
                    "addr": 454880,
                    "size": 800
                },
                {
                    "name": "DmaOut.layer.copy_out_317",
                    "addr": 455680,
                    "size": 800
                },
                {
                    "name": "DmaOut.layer.copy_out_317",
                    "addr": 456480,
                    "size": 800
                },
                {
                    "name": "DmaOut.layer.copy_out_317",
                    "addr": 457280,
                    "size": 800
                },
                {
                    "name": "DmaOut.layer.copy_out_317",
                    "addr": 458080,
                    "size": 800
                },
                {
                    "name": "DmaOut.layer.copy_out_317",
                    "addr": 458880,
                    "size": 800
                },
                {
                    "name": "DmaOut.layer.copy_out_317",
                    "addr": 459680,
                    "size": 800
                },
                {
                    "name": "DmaOut.layer.copy_out_317",
                    "addr": 460480,
                    "size": 800
                },
                {
                    "name": "DmaOut.layer.copy_out_317",
                    "addr": 461280,
                    "size": 800
                },
                {
                    "name": "DmaOut.layer.copy_out_317",
                    "addr": 462080,
                    "size": 800
                },
                {
                    "name": "DmaOut.layer.copy_out_317",
                    "addr": 462880,
                    "size": 800
                },
                {
                    "name": "DmaOut.layer.copy_out_317",
                    "addr": 463680,
                    "size": 800
                },
                {
                    "name": "DmaOut.layer.copy_out_317",
                    "addr": 464480,
                    "size": 800
                },
                {
                    "name": "DmaOut.layer.copy_out_317",
                    "addr": 465280,
                    "size": 800
                },
                {
                    "name": "DmaOut.layer.copy_out_317",
                    "addr": 466080,
                    "size": 800
                },
                {
                    "name": "DmaOut.layer.copy_out_317",
                    "addr": 466880,
                    "size": 800
                },
                {
                    "name": "DmaOut.layer.copy_out_317",
                    "addr": 467680,
                    "size": 800
                },
                {
                    "name": "DmaOut.layer.copy_out_317",
                    "addr": 468480,
                    "size": 800
                },
                {
                    "name": "DmaOut.layer.copy_out_317",
                    "addr": 469280,
                    "size": 800
                },
                {
                    "name": "DmaOut.layer.copy_out_317",
                    "addr": 470080,
                    "size": 800
                },
                {
                    "name": "DmaOut.layer.copy_out_317",
                    "addr": 470880,
                    "size": 800
                },
                {
                    "name": "DmaOut.layer.copy_out_317",
                    "addr": 471680,
                    "size": 800
                },
                {
                    "name": "DmaOut.layer.copy_out_317",
                    "addr": 472480,
                    "size": 800
                },
                {
                    "name": "DmaOut.layer.copy_out_317",
                    "addr": 473280,
                    "size": 800
                },
                {
                    "name": "DmaOut.layer.copy_out_317",
                    "addr": 474080,
                    "size": 800
                },
                {
                    "name": "DmaOut.layer.copy_out_317",
                    "addr": 474880,
                    "size": 800
                },
                {
                    "name": "DmaOut.layer.copy_out_317",
                    "addr": 475680,
                    "size": 800
                },
                {
                    "name": "DmaOut.layer.copy_out_317",
                    "addr": 476480,
                    "size": 800
                },
                {
                    "name": "DmaOut.layer.copy_out_317",
                    "addr": 477280,
                    "size": 800
                },
                {
                    "name": "DmaOut.layer.copy_out_317",
                    "addr": 478080,
                    "size": 800
                },
                {
                    "name": "DmaOut.layer.copy_out_317",
                    "addr": 478880,
                    "size": 800
                },
                {
                    "name": "DmaOut.layer.copy_out_317",
                    "addr": 479680,
                    "size": 800
                },
                {
                    "name": "DmaOut.layer.copy_out_317",
                    "addr": 480480,
                    "size": 800
                },
                {
                    "name": "DmaOut.layer.copy_out_317",
                    "addr": 481280,
                    "size": 800
                },
                {
                    "name": "DmaOut.layer.copy_out_317",
                    "addr": 482080,
                    "size": 800
                },
                {
                    "name": "DmaOut.layer.copy_out_317",
                    "addr": 482880,
                    "size": 800
                },
                {
                    "name": "DmaOut.layer.copy_out_317",
                    "addr": 483680,
                    "size": 800
                },
                {
                    "name": "DmaOut.layer.copy_out_317",
                    "addr": 484480,
                    "size": 800
                },
                {
                    "name": "DmaOut.layer.copy_out_317",
                    "addr": 485280,
                    "size": 800
                },
                {
                    "name": "DmaOut.layer.copy_out_317",
                    "addr": 486080,
                    "size": 800
                },
                {
                    "name": "DmaOut.layer.copy_out_317",
                    "addr": 486880,
                    "size": 800
                },
                {
                    "name": "DmaOut.layer.copy_out_317",
                    "addr": 487680,
                    "size": 800
                },
                {
                    "name": "DmaOut.layer.copy_out_317",
                    "addr": 488480,
                    "size": 800
                },
                {
                    "name": "DmaOut.layer.copy_out_317",
                    "addr": 489280,
                    "size": 800
                },
                {
                    "name": "DmaOut.layer.copy_out_317",
                    "addr": 490080,
                    "size": 800
                },
                {
                    "name": "DmaOut.layer.copy_out_317",
                    "addr": 490880,
                    "size": 800
                },
                {
                    "name": "DmaOut.layer.copy_out_317",
                    "addr": 491680,
                    "size": 800
                },
                {
                    "name": "DmaOut.layer.copy_out_317",
                    "addr": 492480,
                    "size": 800
                },
                {
                    "name": "DmaOut.layer.copy_out_317",
                    "addr": 493280,
                    "size": 800
                },
                {
                    "name": "DmaOut.layer.copy_out_317",
                    "addr": 494080,
                    "size": 800
                },
                {
                    "name": "DmaOut.layer.copy_out_317",
                    "addr": 494880,
                    "size": 800
                },
                {
                    "name": "DmaOut.layer.copy_out_317",
                    "addr": 495680,
                    "size": 800
                },
                {
                    "name": "DmaOut.layer.copy_out_317",
                    "addr": 496480,
                    "size": 800
                },
                {
                    "name": "DmaOut.layer.copy_out_317",
                    "addr": 497280,
                    "size": 800
                },
                {
                    "name": "DmaOut.layer.copy_out_317",
                    "addr": 498080,
                    "size": 800
                },
                {
                    "name": "DmaOut.layer.copy_out_317",
                    "addr": 498880,
                    "size": 800
                },
                {
                    "name": "DmaOut.layer.copy_out_317",
                    "addr": 499680,
                    "size": 800
                },
                {
                    "name": "DmaOut.layer.copy_out_317",
                    "addr": 500480,
                    "size": 800
                },
                {
                    "name": "DmaOut.layer.copy_out_317",
                    "addr": 501280,
                    "size": 800
                },
                {
                    "name": "DmaOut.layer.copy_out_317",
                    "addr": 502080,
                    "size": 800
                },
                {
                    "name": "DmaOut.layer.copy_out_317",
                    "addr": 502880,
                    "size": 800
                },
                {
                    "name": "DmaOut.layer.copy_out_317",
                    "addr": 503680,
                    "size": 800
                },
                {
                    "name": "DmaOut.layer.copy_out_317",
                    "addr": 504480,
                    "size": 800
                },
                {
                    "name": "DmaOut.layer.copy_out_317",
                    "addr": 505280,
                    "size": 800
                },
                {
                    "name": "DmaOut.layer.copy_out_317",
                    "addr": 506080,
                    "size": 800
                },
                {
                    "name": "DmaOut.layer.copy_out_317",
                    "addr": 506880,
                    "size": 800
                },
                {
                    "name": "DmaOut.layer.copy_out_317",
                    "addr": 507680,
                    "size": 800
                },
                {
                    "name": "DmaOut.layer.copy_out_317",
                    "addr": 508480,
                    "size": 800
                },
                {
                    "name": "DmaOut.layer.copy_out_317",
                    "addr": 509280,
                    "size": 800
                },
                {
                    "name": "DmaOut.layer.copy_out_317",
                    "addr": 510080,
                    "size": 800
                },
                {
                    "name": "DmaOut.layer.copy_out_317",
                    "addr": 510880,
                    "size": 800
                },
                {
                    "name": "DmaOut.layer.copy_out_317",
                    "addr": 511680,
                    "size": 800
                },
                {
                    "name": "DmaOut.layer.copy_out_317",
                    "addr": 512480,
                    "size": 800
                },
                {
                    "name": "DmaOut.layer.copy_out_317",
                    "addr": 513280,
                    "size": 800
                },
                {
                    "name": "DmaOut.layer.copy_out_317",
                    "addr": 514080,
                    "size": 800
                },
                {
                    "name": "DmaOut.layer.copy_out_317",
                    "addr": 514880,
                    "size": 800
                },
                {
                    "name": "DmaOut.layer.copy_out_317",
                    "addr": 515680,
                    "size": 800
                },
                {
                    "name": "DmaOut.layer.copy_out_317",
                    "addr": 516480,
                    "size": 800
                },
                {
                    "name": "DmaOut.layer.copy_out_317",
                    "addr": 517280,
                    "size": 800
                },
                {
                    "name": "DmaOut.layer.copy_out_317",
                    "addr": 518080,
                    "size": 800
                },
                {
                    "name": "DmaOut.layer.copy_out_317",
                    "addr": 518880,
                    "size": 800
                },
                {
                    "name": "DmaOut.layer.copy_out_317",
                    "addr": 519680,
                    "size": 800
                },
                {
                    "name": "DmaOut.layer.copy_out_317",
                    "addr": 520480,
                    "size": 800
                },
                {
                    "name": "DmaOut.layer.copy_out_317",
                    "addr": 521280,
                    "size": 800
                },
                {
                    "name": "DmaOut.layer.copy_out_317",
                    "addr": 522080,
                    "size": 800
                },
                {
                    "name": "DmaOut.layer.copy_out_317",
                    "addr": 522880,
                    "size": 800
                },
                {
                    "name": "DmaOut.layer.copy_out_317",
                    "addr": 523680,
                    "size": 800
                },
                {
                    "name": "DmaOut.layer.copy_out_317",
                    "addr": 524480,
                    "size": 800
                },
                {
                    "name": "DmaOut.layer.copy_out_317",
                    "addr": 525280,
                    "size": 800
                },
                {
                    "name": "DmaOut.layer.copy_out_317",
                    "addr": 526080,
                    "size": 800
                },
                {
                    "name": "DmaOut.layer.copy_out_317",
                    "addr": 526880,
                    "size": 800
                },
                {
                    "name": "DmaOut.layer.copy_out_317",
                    "addr": 527680,
                    "size": 800
                },
                {
                    "name": "DmaOut.layer.copy_out_317",
                    "addr": 528480,
                    "size": 800
                },
                {
                    "name": "DmaOut.layer.copy_out_317",
                    "addr": 529280,
                    "size": 800
                },
                {
                    "name": "DmaOut.layer.copy_out_317",
                    "addr": 530080,
                    "size": 800
                },
                {
                    "name": "DmaOut.layer.copy_out_317",
                    "addr": 530880,
                    "size": 800
                },
                {
                    "name": "DmaOut.layer.copy_out_317",
                    "addr": 531680,
                    "size": 800
                }
            ]
        }
    },
    "max_peak_size": [
        {
            "size": 409600
        }
    ]
}