{
    "banks": [
        {
            "addr": 0,
            "size": 0
        }
    ],
    "patch_reserve": [],
    "param_reserve": [],
    "ops": {
        "kernel[0]": {
            "name": "DmaIn.layer.copy_in__im_PropagateOutputNames_added_name_35",
            "idx": 0,
            "mem_used_rate": 0.00555419921875,
            "malloc": [
                {
                    "addr": 4171008,
                    "ori_size": 0,
                    "size": 23296
                }
            ],
            "used": [
                {
                    "name": "DmaIn.layer.copy_in__im_PropagateOutputNames_added_name_35",
                    "addr": 4171008,
                    "size": 23296
                }
            ],
            "free": []
        },
        "kernel[1]": {
            "name": "DmaIn.layer.copy_in_2Fmodel2Fhead2Fhead_module2Fcls_pred2E22FConv_output_0",
            "idx": 1,
            "mem_used_rate": 0.00565338134765625,
            "malloc": [
                {
                    "addr": 0,
                    "ori_size": 0,
                    "size": 416
                }
            ],
            "used": [
                {
                    "name": "DmaIn.layer.copy_in__im_PropagateOutputNames_added_name_35",
                    "addr": 4171008,
                    "size": 23296
                },
                {
                    "name": "DmaIn.layer.copy_in_2Fmodel2Fhead2Fhead_module2Fcls_pred2E22FConv_output_0",
                    "addr": 0,
                    "size": 416
                }
            ],
            "free": []
        },
        "kernel[2]": {
            "name": "Concat.layer.im_propagate_output_names_generated_span_28",
            "idx": 2,
            "mem_used_rate": 0.0057525634765625,
            "malloc": [
                {
                    "addr": 512,
                    "ori_size": 0,
                    "size": 23712
                }
            ],
            "used": [
                {
                    "name": "DmaIn.layer.copy_in__im_PropagateOutputNames_added_name_35",
                    "addr": 4171008,
                    "size": 23296
                },
                {
                    "name": "DmaIn.layer.copy_in_2Fmodel2Fhead2Fhead_module2Fcls_pred2E22FConv_output_0",
                    "addr": 0,
                    "size": 416
                },
                {
                    "name": "Concat.layer.im_propagate_output_names_generated_span_28",
                    "addr": 512,
                    "size": 23712
                }
            ],
            "free": [
                {
                    "name": "Concat.layer.im_propagate_output_names_generated_span_28",
                    "addr": 4171008,
                    "size": 23296
                },
                {
                    "name": "Concat.layer.im_propagate_output_names_generated_span_28",
                    "addr": 0,
                    "size": 416
                }
            ]
        },
        "kernel[3]": {
            "name": "DmaOut.layer.copy_out__im_PropagateOutputNames_added_name_36",
            "idx": 3,
            "mem_used_rate": 0.00565338134765625,
            "malloc": [],
            "used": [
                {
                    "name": "Concat.layer.im_propagate_output_names_generated_span_28",
                    "addr": 512,
                    "size": 23712
                }
            ],
            "free": [
                {
                    "name": "DmaOut.layer.copy_out__im_PropagateOutputNames_added_name_36",
                    "addr": 512,
                    "size": 23712
                }
            ]
        }
    },
    "max_peak_size": [
        {
            "size": 23712
        }
    ]
}