{
    "banks": [
        {
            "addr": 0,
            "size": 0
        }
    ],
    "patch_reserve": [],
    "param_reserve": [],
    "ops": {
        "kernel[0]": {
            "name": "DmaIn.layer.copy_in__im_PropagateOutputNames_added_name_26",
            "idx": 0,
            "mem_used_rate": 0.003173828125,
            "malloc": [
                {
                    "addr": 4180992,
                    "ori_size": 0,
                    "size": 13312
                }
            ],
            "used": [
                {
                    "name": "DmaIn.layer.copy_in__im_PropagateOutputNames_added_name_26",
                    "addr": 4180992,
                    "size": 13312
                }
            ],
            "free": []
        },
        "kernel[1]": {
            "name": "DmaIn.layer.copy_in_2Fmodel2Fperson2Fhead_module2Fkpt_pred2E12Fkpt_pred2E12E42FMul_output_0",
            "idx": 1,
            "mem_used_rate": 0.0238037109375,
            "malloc": [
                {
                    "addr": 0,
                    "ori_size": 0,
                    "size": 86528
                }
            ],
            "used": [
                {
                    "name": "DmaIn.layer.copy_in__im_PropagateOutputNames_added_name_26",
                    "addr": 4180992,
                    "size": 13312
                },
                {
                    "name": "DmaIn.layer.copy_in_2Fmodel2Fperson2Fhead_module2Fkpt_pred2E12Fkpt_pred2E12E42FMul_output_0",
                    "addr": 0,
                    "size": 86528
                }
            ],
            "free": []
        },
        "kernel[2]": {
            "name": "Concat.layer.im_propagate_output_names_generated_span_19",
            "idx": 2,
            "mem_used_rate": 0.0428466796875,
            "malloc": [
                {
                    "addr": 86528,
                    "ori_size": 0,
                    "size": 93184
                }
            ],
            "used": [
                {
                    "name": "DmaIn.layer.copy_in__im_PropagateOutputNames_added_name_26",
                    "addr": 4180992,
                    "size": 13312
                },
                {
                    "name": "DmaIn.layer.copy_in_2Fmodel2Fperson2Fhead_module2Fkpt_pred2E12Fkpt_pred2E12E42FMul_output_0",
                    "addr": 0,
                    "size": 86528
                },
                {
                    "name": "Concat.layer.im_propagate_output_names_generated_span_19",
                    "addr": 86528,
                    "size": 93184
                }
            ],
            "free": [
                {
                    "name": "Concat.layer.im_propagate_output_names_generated_span_19",
                    "addr": 4180992,
                    "size": 13312
                },
                {
                    "name": "Concat.layer.im_propagate_output_names_generated_span_19",
                    "addr": 0,
                    "size": 86528
                }
            ]
        },
        "kernel[3]": {
            "name": "DmaOut.layer.copy_out__im_PropagateOutputNames_added_name_27",
            "idx": 3,
            "mem_used_rate": 0.022216796875,
            "malloc": [],
            "used": [
                {
                    "name": "Concat.layer.im_propagate_output_names_generated_span_19",
                    "addr": 86528,
                    "size": 93184
                }
            ],
            "free": [
                {
                    "name": "DmaOut.layer.copy_out__im_PropagateOutputNames_added_name_27",
                    "addr": 86528,
                    "size": 93184
                }
            ]
        }
    },
    "max_peak_size": [
        {
            "size": 99840
        }
    ]
}