{
    "banks": [
        {
            "addr": 0,
            "size": 0
        }
    ],
    "patch_reserve": [],
    "param_reserve": [],
    "ops": {
        "kernel[0]": {
            "name": "DmaIn.layer.copy_in_514",
            "idx": 0,
            "mem_used_rate": 0.0244140625,
            "malloc": [
                {
                    "addr": 0,
                    "ori_size": 0,
                    "size": 102400
                }
            ],
            "used": [
                {
                    "name": "DmaIn.layer.copy_in_514",
                    "addr": 0,
                    "size": 102400
                }
            ],
            "free": []
        },
        "kernel[1]": {
            "name": "FetchParam.layer.Activation.layer.PPQ_Operation_224.c.0.fetch_param_data.layer",
            "idx": 1,
            "mem_used_rate": 0.02447509765625,
            "malloc": [
                {
                    "addr": 102400,
                    "ori_size": 0,
                    "size": 256
                }
            ],
            "used": [
                {
                    "name": "DmaIn.layer.copy_in_514",
                    "addr": 0,
                    "size": 102400
                },
                {
                    "name": "FetchParam.layer.Activation.layer.PPQ_Operation_224.c.0.fetch_param_data.layer",
                    "addr": 102400,
                    "size": 256
                }
            ],
            "free": []
        },
        "kernel[2]": {
            "name": "FetchParam.layer.Activation.layer.PPQ_Operation_224.c.1.fetch_param_data.layer",
            "idx": 2,
            "mem_used_rate": 0.0245361328125,
            "malloc": [
                {
                    "addr": 102656,
                    "ori_size": 0,
                    "size": 256
                }
            ],
            "used": [
                {
                    "name": "DmaIn.layer.copy_in_514",
                    "addr": 0,
                    "size": 102400
                },
                {
                    "name": "FetchParam.layer.Activation.layer.PPQ_Operation_224.c.0.fetch_param_data.layer",
                    "addr": 102400,
                    "size": 256
                },
                {
                    "name": "FetchParam.layer.Activation.layer.PPQ_Operation_224.c.1.fetch_param_data.layer",
                    "addr": 102656,
                    "size": 256
                }
            ],
            "free": []
        },
        "kernel[3]": {
            "name": "DummyConcat.layer.PPQ_Operation_224.0",
            "idx": 3,
            "mem_used_rate": 0.0367431640625,
            "malloc": [
                {
                    "addr": 102912,
                    "ori_size": 0,
                    "size": 51200
                }
            ],
            "used": [
                {
                    "name": "DmaIn.layer.copy_in_514",
                    "addr": 0,
                    "size": 102400
                },
                {
                    "name": "FetchParam.layer.Activation.layer.PPQ_Operation_224.c.0.fetch_param_data.layer",
                    "addr": 102400,
                    "size": 256
                },
                {
                    "name": "FetchParam.layer.Activation.layer.PPQ_Operation_224.c.1.fetch_param_data.layer",
                    "addr": 102656,
                    "size": 256
                },
                {
                    "name": "DummyConcat.layer.PPQ_Operation_224.0",
                    "addr": 102912,
                    "size": 51200
                }
            ],
            "free": []
        },
        "kernel[4]": {
            "name": "Activation.layer.PPQ_Operation_224.c.0",
            "idx": 4,
            "mem_used_rate": 0.0245361328125,
            "malloc": [],
            "used": [
                {
                    "name": "DmaIn.layer.copy_in_514",
                    "addr": 0,
                    "size": 102400
                },
                {
                    "name": "FetchParam.layer.Activation.layer.PPQ_Operation_224.c.0.fetch_param_data.layer",
                    "addr": 102400,
                    "size": 256
                },
                {
                    "name": "FetchParam.layer.Activation.layer.PPQ_Operation_224.c.1.fetch_param_data.layer",
                    "addr": 102656,
                    "size": 256
                },
                {
                    "name": "DummyConcat.layer.PPQ_Operation_224.0",
                    "addr": 102912,
                    "size": 51200
                }
            ],
            "free": [
                {
                    "name": "Activation.layer.PPQ_Operation_224.c.0",
                    "addr": 0,
                    "size": 51200
                },
                {
                    "name": "Activation.layer.PPQ_Operation_224.c.0",
                    "addr": 102400,
                    "size": 256
                }
            ]
        },
        "kernel[5]": {
            "name": "Activation.layer.PPQ_Operation_224.c.1",
            "idx": 5,
            "mem_used_rate": 0.01226806640625,
            "malloc": [],
            "used": [
                {
                    "name": "DmaIn.layer.copy_in_514",
                    "addr": 51200,
                    "size": 51200
                },
                {
                    "name": "FetchParam.layer.Activation.layer.PPQ_Operation_224.c.1.fetch_param_data.layer",
                    "addr": 102656,
                    "size": 256
                },
                {
                    "name": "DummyConcat.layer.PPQ_Operation_224.0",
                    "addr": 102912,
                    "size": 51200
                }
            ],
            "free": [
                {
                    "name": "Activation.layer.PPQ_Operation_224.c.1",
                    "addr": 51200,
                    "size": 51200
                },
                {
                    "name": "Activation.layer.PPQ_Operation_224.c.1",
                    "addr": 102656,
                    "size": 256
                }
            ]
        },
        "kernel[6]": {
            "name": "DmaOut.layer.copy_out_PPQ_Variable_237",
            "idx": 6,
            "mem_used_rate": 0.006103515625,
            "malloc": [],
            "used": [
                {
                    "name": "DummyConcat.layer.PPQ_Operation_224.0",
                    "addr": 102912,
                    "size": 51200
                }
            ],
            "free": [
                {
                    "name": "DmaOut.layer.copy_out_PPQ_Variable_237",
                    "addr": 102912,
                    "size": 25600
                },
                {
                    "name": "DmaOut.layer.copy_out_PPQ_Variable_237",
                    "addr": 128512,
                    "size": 25600
                }
            ]
        }
    },
    "max_peak_size": [
        {
            "size": 102912
        }
    ]
}