{
    "banks": [
        {
            "addr": 0,
            "size": 0
        }
    ],
    "patch_reserve": [],
    "param_reserve": [],
    "ops": {
        "kernel[0]": {
            "name": "DmaIn.layer.copy_in_2Fmodel2Fneck2Fout_convs2E12Fcna2Factivate2FRelu_output_0",
            "idx": 0,
            "mem_used_rate": 0.025390625,
            "malloc": [
                {
                    "addr": 4087808,
                    "ori_size": 0,
                    "size": 106496
                }
            ],
            "used": [
                {
                    "name": "DmaIn.layer.copy_in_2Fmodel2Fneck2Fout_convs2E12Fcna2Factivate2FRelu_output_0",
                    "addr": 4087808,
                    "size": 106496
                }
            ],
            "free": []
        },
        "kernel[1]": {
            "name": "FetchParam.layer.Conv2d.layer./model/person/head_module/cls_pred.1/Conv_im_0.h.0.fetch_param_data.layer",
            "idx": 1,
            "mem_used_rate": 0.02545166015625,
            "malloc": [
                {
                    "addr": 0,
                    "ori_size": 0,
                    "size": 256
                }
            ],
            "used": [
                {
                    "name": "DmaIn.layer.copy_in_2Fmodel2Fneck2Fout_convs2E12Fcna2Factivate2FRelu_output_0",
                    "addr": 4087808,
                    "size": 106496
                },
                {
                    "name": "FetchParam.layer.Conv2d.layer./model/person/head_module/cls_pred.1/Conv_im_0.h.0.fetch_param_data.layer",
                    "addr": 0,
                    "size": 256
                }
            ],
            "free": []
        },
        "kernel[2]": {
            "name": "FetchParam.layer.Conv2d.layer./model/person/head_module/cls_pred.1/Conv_im_0.h.1.fetch_param_data.layer",
            "idx": 2,
            "mem_used_rate": 0.0255126953125,
            "malloc": [
                {
                    "addr": 256,
                    "ori_size": 0,
                    "size": 256
                }
            ],
            "used": [
                {
                    "name": "DmaIn.layer.copy_in_2Fmodel2Fneck2Fout_convs2E12Fcna2Factivate2FRelu_output_0",
                    "addr": 4087808,
                    "size": 106496
                },
                {
                    "name": "FetchParam.layer.Conv2d.layer./model/person/head_module/cls_pred.1/Conv_im_0.h.0.fetch_param_data.layer",
                    "addr": 0,
                    "size": 256
                },
                {
                    "name": "FetchParam.layer.Conv2d.layer./model/person/head_module/cls_pred.1/Conv_im_0.h.1.fetch_param_data.layer",
                    "addr": 256,
                    "size": 256
                }
            ],
            "free": []
        },
        "kernel[3]": {
            "name": "DummyConcat.layer./model/person/head_module/cls_pred.1/Conv_im_0.split_h",
            "idx": 3,
            "mem_used_rate": 0.025909423828125,
            "malloc": [
                {
                    "addr": 512,
                    "ori_size": 0,
                    "size": 1664
                }
            ],
            "used": [
                {
                    "name": "DmaIn.layer.copy_in_2Fmodel2Fneck2Fout_convs2E12Fcna2Factivate2FRelu_output_0",
                    "addr": 4087808,
                    "size": 106496
                },
                {
                    "name": "FetchParam.layer.Conv2d.layer./model/person/head_module/cls_pred.1/Conv_im_0.h.0.fetch_param_data.layer",
                    "addr": 0,
                    "size": 256
                },
                {
                    "name": "FetchParam.layer.Conv2d.layer./model/person/head_module/cls_pred.1/Conv_im_0.h.1.fetch_param_data.layer",
                    "addr": 256,
                    "size": 256
                },
                {
                    "name": "DummyConcat.layer./model/person/head_module/cls_pred.1/Conv_im_0.split_h",
                    "addr": 512,
                    "size": 1664
                }
            ],
            "free": []
        },
        "kernel[4]": {
            "name": "Conv2d.layer./model/person/head_module/cls_pred.1/Conv_im_0.h.0",
            "idx": 4,
            "mem_used_rate": 0.025909423828125,
            "malloc": [],
            "used": [
                {
                    "name": "DmaIn.layer.copy_in_2Fmodel2Fneck2Fout_convs2E12Fcna2Factivate2FRelu_output_0",
                    "addr": 4087808,
                    "size": 106496
                },
                {
                    "name": "FetchParam.layer.Conv2d.layer./model/person/head_module/cls_pred.1/Conv_im_0.h.0.fetch_param_data.layer",
                    "addr": 0,
                    "size": 256
                },
                {
                    "name": "FetchParam.layer.Conv2d.layer./model/person/head_module/cls_pred.1/Conv_im_0.h.1.fetch_param_data.layer",
                    "addr": 256,
                    "size": 256
                },
                {
                    "name": "DummyConcat.layer./model/person/head_module/cls_pred.1/Conv_im_0.split_h",
                    "addr": 512,
                    "size": 1664
                }
            ],
            "free": [
                {
                    "name": "Conv2d.layer./model/person/head_module/cls_pred.1/Conv_im_0.h.0",
                    "addr": 0,
                    "size": 256
                }
            ]
        },
        "kernel[5]": {
            "name": "Conv2d.layer./model/person/head_module/cls_pred.1/Conv_im_0.h.1",
            "idx": 5,
            "mem_used_rate": 0.000457763671875,
            "malloc": [],
            "used": [
                {
                    "name": "DmaIn.layer.copy_in_2Fmodel2Fneck2Fout_convs2E12Fcna2Factivate2FRelu_output_0",
                    "addr": 4087808,
                    "size": 106496
                },
                {
                    "name": "FetchParam.layer.Conv2d.layer./model/person/head_module/cls_pred.1/Conv_im_0.h.1.fetch_param_data.layer",
                    "addr": 256,
                    "size": 256
                },
                {
                    "name": "DummyConcat.layer./model/person/head_module/cls_pred.1/Conv_im_0.split_h",
                    "addr": 512,
                    "size": 1664
                }
            ],
            "free": [
                {
                    "name": "Conv2d.layer./model/person/head_module/cls_pred.1/Conv_im_0.h.1",
                    "addr": 4087808,
                    "size": 106496
                },
                {
                    "name": "Conv2d.layer./model/person/head_module/cls_pred.1/Conv_im_0.h.1",
                    "addr": 256,
                    "size": 256
                }
            ]
        },
        "kernel[6]": {
            "name": "DmaOut.layer.copy_out_2Fmodel2Fperson2Fhead_module2Fcls_pred2E12FConv_output_0",
            "idx": 6,
            "mem_used_rate": 0.0001678466796875,
            "malloc": [],
            "used": [
                {
                    "name": "DummyConcat.layer./model/person/head_module/cls_pred.1/Conv_im_0.split_h",
                    "addr": 512,
                    "size": 1664
                }
            ],
            "free": [
                {
                    "name": "DmaOut.layer.copy_out_2Fmodel2Fperson2Fhead_module2Fcls_pred2E12FConv_output_0",
                    "addr": 512,
                    "size": 960
                },
                {
                    "name": "DmaOut.layer.copy_out_2Fmodel2Fperson2Fhead_module2Fcls_pred2E12FConv_output_0",
                    "addr": 1472,
                    "size": 704
                }
            ]
        }
    },
    "max_peak_size": [
        {
            "size": 107008
        }
    ]
}