{
    "banks": [
        {
            "addr": 0,
            "size": 0
        }
    ],
    "patch_reserve": [],
    "param_reserve": [],
    "ops": {
        "kernel[0]": {
            "name": "DmaIn.layer.copy_in__im_PropagateOutputNames_added_name_14",
            "idx": 0,
            "mem_used_rate": 0.025390625,
            "malloc": [
                {
                    "addr": 4087808,
                    "ori_size": 0,
                    "size": 106496
                }
            ],
            "used": [
                {
                    "name": "DmaIn.layer.copy_in__im_PropagateOutputNames_added_name_14",
                    "addr": 4087808,
                    "size": 106496
                }
            ],
            "free": []
        },
        "kernel[1]": {
            "name": "DmaIn.layer.copy_in_2Fmodel2Fbackbone2Fstage42Fstage42E22Fpoolings_12FMaxPool_output_0",
            "idx": 1,
            "mem_used_rate": 0.0380859375,
            "malloc": [
                {
                    "addr": 0,
                    "ori_size": 0,
                    "size": 53248
                }
            ],
            "used": [
                {
                    "name": "DmaIn.layer.copy_in__im_PropagateOutputNames_added_name_14",
                    "addr": 4087808,
                    "size": 106496
                },
                {
                    "name": "DmaIn.layer.copy_in_2Fmodel2Fbackbone2Fstage42Fstage42E22Fpoolings_12FMaxPool_output_0",
                    "addr": 0,
                    "size": 53248
                }
            ],
            "free": []
        },
        "kernel[2]": {
            "name": "Concat.layer.im_propagate_output_names_generated_span_7",
            "idx": 2,
            "mem_used_rate": 0.05078125,
            "malloc": [
                {
                    "addr": 53248,
                    "ori_size": 0,
                    "size": 159744
                }
            ],
            "used": [
                {
                    "name": "DmaIn.layer.copy_in__im_PropagateOutputNames_added_name_14",
                    "addr": 4087808,
                    "size": 106496
                },
                {
                    "name": "DmaIn.layer.copy_in_2Fmodel2Fbackbone2Fstage42Fstage42E22Fpoolings_12FMaxPool_output_0",
                    "addr": 0,
                    "size": 53248
                },
                {
                    "name": "Concat.layer.im_propagate_output_names_generated_span_7",
                    "addr": 53248,
                    "size": 159744
                }
            ],
            "free": [
                {
                    "name": "Concat.layer.im_propagate_output_names_generated_span_7",
                    "addr": 4087808,
                    "size": 106496
                },
                {
                    "name": "Concat.layer.im_propagate_output_names_generated_span_7",
                    "addr": 0,
                    "size": 53248
                }
            ]
        },
        "kernel[3]": {
            "name": "DmaOut.layer.copy_out__im_PropagateOutputNames_added_name_15",
            "idx": 3,
            "mem_used_rate": 0.0380859375,
            "malloc": [],
            "used": [
                {
                    "name": "Concat.layer.im_propagate_output_names_generated_span_7",
                    "addr": 53248,
                    "size": 159744
                }
            ],
            "free": [
                {
                    "name": "DmaOut.layer.copy_out__im_PropagateOutputNames_added_name_15",
                    "addr": 53248,
                    "size": 159744
                }
            ]
        }
    },
    "max_peak_size": [
        {
            "size": 159744
        }
    ]
}