{
    "banks": [
        {
            "addr": 0,
            "size": 0
        }
    ],
    "patch_reserve": [],
    "param_reserve": [],
    "ops": {
        "kernel[0]": {
            "name": "DmaIn.layer.copy_in_PPQ_Variable_219",
            "idx": 0,
            "mem_used_rate": 0.0390625,
            "malloc": [
                {
                    "addr": 4030464,
                    "ori_size": 0,
                    "size": 163840
                }
            ],
            "used": [
                {
                    "name": "DmaIn.layer.copy_in_PPQ_Variable_219",
                    "addr": 4030464,
                    "size": 163840
                }
            ],
            "free": []
        },
        "kernel[1]": {
            "name": "FetchParam.layer.Conv2d.layer.Conv_281_im_0.split.co.0.fetch_param_data.layer",
            "idx": 1,
            "mem_used_rate": 0.07037353515625,
            "malloc": [
                {
                    "addr": 0,
                    "ori_size": 0,
                    "size": 131328
                }
            ],
            "used": [
                {
                    "name": "DmaIn.layer.copy_in_PPQ_Variable_219",
                    "addr": 4030464,
                    "size": 163840
                },
                {
                    "name": "FetchParam.layer.Conv2d.layer.Conv_281_im_0.split.co.0.fetch_param_data.layer",
                    "addr": 0,
                    "size": 131328
                }
            ],
            "free": []
        },
        "kernel[2]": {
            "name": "FetchParam.layer.Conv2d.layer.Conv_281_im_0.split.co.1.fetch_param_data.layer",
            "idx": 2,
            "mem_used_rate": 0.1016845703125,
            "malloc": [
                {
                    "addr": 131328,
                    "ori_size": 0,
                    "size": 131328
                }
            ],
            "used": [
                {
                    "name": "DmaIn.layer.copy_in_PPQ_Variable_219",
                    "addr": 4030464,
                    "size": 163840
                },
                {
                    "name": "FetchParam.layer.Conv2d.layer.Conv_281_im_0.split.co.0.fetch_param_data.layer",
                    "addr": 0,
                    "size": 131328
                },
                {
                    "name": "FetchParam.layer.Conv2d.layer.Conv_281_im_0.split.co.1.fetch_param_data.layer",
                    "addr": 131328,
                    "size": 131328
                }
            ],
            "free": []
        },
        "kernel[3]": {
            "name": "DummyConcat.layer.Conv_281_im_0.0",
            "idx": 3,
            "mem_used_rate": 0.1212158203125,
            "malloc": [
                {
                    "addr": 262656,
                    "ori_size": 0,
                    "size": 81920
                }
            ],
            "used": [
                {
                    "name": "DmaIn.layer.copy_in_PPQ_Variable_219",
                    "addr": 4030464,
                    "size": 163840
                },
                {
                    "name": "FetchParam.layer.Conv2d.layer.Conv_281_im_0.split.co.0.fetch_param_data.layer",
                    "addr": 0,
                    "size": 131328
                },
                {
                    "name": "FetchParam.layer.Conv2d.layer.Conv_281_im_0.split.co.1.fetch_param_data.layer",
                    "addr": 131328,
                    "size": 131328
                },
                {
                    "name": "DummyConcat.layer.Conv_281_im_0.0",
                    "addr": 262656,
                    "size": 81920
                }
            ],
            "free": []
        },
        "kernel[4]": {
            "name": "Conv2d.layer.Conv_281_im_0.split.co.0",
            "idx": 4,
            "mem_used_rate": 0.1212158203125,
            "malloc": [],
            "used": [
                {
                    "name": "DmaIn.layer.copy_in_PPQ_Variable_219",
                    "addr": 4030464,
                    "size": 163840
                },
                {
                    "name": "FetchParam.layer.Conv2d.layer.Conv_281_im_0.split.co.0.fetch_param_data.layer",
                    "addr": 0,
                    "size": 131328
                },
                {
                    "name": "FetchParam.layer.Conv2d.layer.Conv_281_im_0.split.co.1.fetch_param_data.layer",
                    "addr": 131328,
                    "size": 131328
                },
                {
                    "name": "DummyConcat.layer.Conv_281_im_0.0",
                    "addr": 262656,
                    "size": 81920
                }
            ],
            "free": [
                {
                    "name": "Conv2d.layer.Conv_281_im_0.split.co.0",
                    "addr": 0,
                    "size": 131328
                }
            ]
        },
        "kernel[5]": {
            "name": "Conv2d.layer.Conv_281_im_0.split.co.1",
            "idx": 5,
            "mem_used_rate": 0.05084228515625,
            "malloc": [],
            "used": [
                {
                    "name": "DmaIn.layer.copy_in_PPQ_Variable_219",
                    "addr": 4030464,
                    "size": 163840
                },
                {
                    "name": "FetchParam.layer.Conv2d.layer.Conv_281_im_0.split.co.1.fetch_param_data.layer",
                    "addr": 131328,
                    "size": 131328
                },
                {
                    "name": "DummyConcat.layer.Conv_281_im_0.0",
                    "addr": 262656,
                    "size": 81920
                }
            ],
            "free": [
                {
                    "name": "Conv2d.layer.Conv_281_im_0.split.co.1",
                    "addr": 4030464,
                    "size": 163840
                },
                {
                    "name": "Conv2d.layer.Conv_281_im_0.split.co.1",
                    "addr": 131328,
                    "size": 131328
                }
            ]
        },
        "kernel[6]": {
            "name": "DmaOut.layer.copy_out_496",
            "idx": 6,
            "mem_used_rate": 0.009765625,
            "malloc": [],
            "used": [
                {
                    "name": "DummyConcat.layer.Conv_281_im_0.0",
                    "addr": 262656,
                    "size": 81920
                }
            ],
            "free": [
                {
                    "name": "DmaOut.layer.copy_out_496",
                    "addr": 262656,
                    "size": 40960
                },
                {
                    "name": "DmaOut.layer.copy_out_496",
                    "addr": 303616,
                    "size": 40960
                }
            ]
        }
    },
    "max_peak_size": [
        {
            "size": 426496
        }
    ]
}