{
    "banks": [
        {
            "addr": 0,
            "size": 0
        }
    ],
    "patch_reserve": [],
    "param_reserve": [],
    "ops": {
        "kernel[0]": {
            "name": "DmaIn.layer.copy_in_374",
            "idx": 0,
            "mem_used_rate": 0.1171875,
            "malloc": [
                {
                    "addr": 3702784,
                    "ori_size": 0,
                    "size": 491520
                }
            ],
            "used": [
                {
                    "name": "DmaIn.layer.copy_in_374",
                    "addr": 3702784,
                    "size": 491520
                }
            ],
            "free": []
        },
        "kernel[1]": {
            "name": "Interp.layer.Resize_167",
            "idx": 1,
            "mem_used_rate": 0.5078125,
            "malloc": [
                {
                    "addr": 2064384,
                    "ori_size": 0,
                    "size": 1638400
                }
            ],
            "used": [
                {
                    "name": "DmaIn.layer.copy_in_374",
                    "addr": 3702784,
                    "size": 491520
                },
                {
                    "name": "Interp.layer.Resize_167",
                    "addr": 2064384,
                    "size": 1638400
                }
            ],
            "free": [
                {
                    "name": "Interp.layer.Resize_167",
                    "addr": 3702784,
                    "size": 491520
                }
            ]
        },
        "kernel[2]": {
            "name": "DmaOut.layer.copy_out_379",
            "idx": 2,
            "mem_used_rate": 0.390625,
            "malloc": [],
            "used": [
                {
                    "name": "Interp.layer.Resize_167",
                    "addr": 2064384,
                    "size": 1638400
                }
            ],
            "free": [
                {
                    "name": "DmaOut.layer.copy_out_379",
                    "addr": 2064384,
                    "size": 1638400
                }
            ]
        }
    },
    "max_peak_size": [
        {
            "size": 1638400
        }
    ]
}