{
    "banks": [
        {
            "addr": 0,
            "size": 0
        }
    ],
    "patch_reserve": [],
    "param_reserve": [],
    "ops": {
        "kernel[0]": {
            "name": "DmaIn.layer.copy_in__im_PropagateOutputNames_added_name_18",
            "idx": 0,
            "mem_used_rate": 0.0126953125,
            "malloc": [
                {
                    "addr": 4141056,
                    "ori_size": 0,
                    "size": 53248
                }
            ],
            "used": [
                {
                    "name": "DmaIn.layer.copy_in__im_PropagateOutputNames_added_name_18",
                    "addr": 4141056,
                    "size": 53248
                }
            ],
            "free": []
        },
        "kernel[1]": {
            "name": "DmaIn.layer.copy_in_2Fmodel2Fperson2Fhead_module2Fkpt_pred2E02Fkpt_pred2E02E42FMul_output_0",
            "idx": 1,
            "mem_used_rate": 0.09521484375,
            "malloc": [
                {
                    "addr": 0,
                    "ori_size": 0,
                    "size": 346112
                }
            ],
            "used": [
                {
                    "name": "DmaIn.layer.copy_in__im_PropagateOutputNames_added_name_18",
                    "addr": 4141056,
                    "size": 53248
                },
                {
                    "name": "DmaIn.layer.copy_in_2Fmodel2Fperson2Fhead_module2Fkpt_pred2E02Fkpt_pred2E02E42FMul_output_0",
                    "addr": 0,
                    "size": 346112
                }
            ],
            "free": []
        },
        "kernel[2]": {
            "name": "Concat.layer.im_propagate_output_names_generated_span_11",
            "idx": 2,
            "mem_used_rate": 0.17138671875,
            "malloc": [
                {
                    "addr": 346112,
                    "ori_size": 0,
                    "size": 372736
                }
            ],
            "used": [
                {
                    "name": "DmaIn.layer.copy_in__im_PropagateOutputNames_added_name_18",
                    "addr": 4141056,
                    "size": 53248
                },
                {
                    "name": "DmaIn.layer.copy_in_2Fmodel2Fperson2Fhead_module2Fkpt_pred2E02Fkpt_pred2E02E42FMul_output_0",
                    "addr": 0,
                    "size": 346112
                },
                {
                    "name": "Concat.layer.im_propagate_output_names_generated_span_11",
                    "addr": 346112,
                    "size": 372736
                }
            ],
            "free": [
                {
                    "name": "Concat.layer.im_propagate_output_names_generated_span_11",
                    "addr": 4141056,
                    "size": 53248
                },
                {
                    "name": "Concat.layer.im_propagate_output_names_generated_span_11",
                    "addr": 0,
                    "size": 346112
                }
            ]
        },
        "kernel[3]": {
            "name": "DmaOut.layer.copy_out__im_PropagateOutputNames_added_name_19",
            "idx": 3,
            "mem_used_rate": 0.0888671875,
            "malloc": [],
            "used": [
                {
                    "name": "Concat.layer.im_propagate_output_names_generated_span_11",
                    "addr": 346112,
                    "size": 372736
                }
            ],
            "free": [
                {
                    "name": "DmaOut.layer.copy_out__im_PropagateOutputNames_added_name_19",
                    "addr": 346112,
                    "size": 372736
                }
            ]
        }
    },
    "max_peak_size": [
        {
            "size": 399360
        }
    ]
}