{
    "banks": [
        {
            "addr": 0,
            "size": 0
        }
    ],
    "patch_reserve": [],
    "param_reserve": [],
    "ops": {
        "kernel[0]": {
            "name": "DmaIn.layer.copy_in_2Fmodel2Fperson2Fhead_module2Fkpt_pred2E12Fkpt_pred2E12E02Fdepthwise_conv2Fconv2FConv_output_0",
            "idx": 0,
            "mem_used_rate": 0.025390625,
            "malloc": [
                {
                    "addr": 0,
                    "ori_size": 0,
                    "size": 106496
                }
            ],
            "used": [
                {
                    "name": "DmaIn.layer.copy_in_2Fmodel2Fperson2Fhead_module2Fkpt_pred2E12Fkpt_pred2E12E02Fdepthwise_conv2Fconv2FConv_output_0",
                    "addr": 0,
                    "size": 106496
                }
            ],
            "free": []
        },
        "kernel[1]": {
            "name": "FetchParam.layer.Activation.layer./model/person/head_module/kpt_pred.1/kpt_pred.1.0/depthwise_conv/activate/Sigmoid.c.0.fetch_param_data.layer",
            "idx": 1,
            "mem_used_rate": 0.0255126953125,
            "malloc": [
                {
                    "addr": 106496,
                    "ori_size": 0,
                    "size": 512
                }
            ],
            "used": [
                {
                    "name": "DmaIn.layer.copy_in_2Fmodel2Fperson2Fhead_module2Fkpt_pred2E12Fkpt_pred2E12E02Fdepthwise_conv2Fconv2FConv_output_0",
                    "addr": 0,
                    "size": 106496
                },
                {
                    "name": "FetchParam.layer.Activation.layer./model/person/head_module/kpt_pred.1/kpt_pred.1.0/depthwise_conv/activate/Sigmoid.c.0.fetch_param_data.layer",
                    "addr": 106496,
                    "size": 512
                }
            ],
            "free": []
        },
        "kernel[2]": {
            "name": "FetchParam.layer.Activation.layer./model/person/head_module/kpt_pred.1/kpt_pred.1.0/depthwise_conv/activate/Sigmoid.c.1.fetch_param_data.layer",
            "idx": 2,
            "mem_used_rate": 0.025634765625,
            "malloc": [
                {
                    "addr": 107008,
                    "ori_size": 0,
                    "size": 512
                }
            ],
            "used": [
                {
                    "name": "DmaIn.layer.copy_in_2Fmodel2Fperson2Fhead_module2Fkpt_pred2E12Fkpt_pred2E12E02Fdepthwise_conv2Fconv2FConv_output_0",
                    "addr": 0,
                    "size": 106496
                },
                {
                    "name": "FetchParam.layer.Activation.layer./model/person/head_module/kpt_pred.1/kpt_pred.1.0/depthwise_conv/activate/Sigmoid.c.0.fetch_param_data.layer",
                    "addr": 106496,
                    "size": 512
                },
                {
                    "name": "FetchParam.layer.Activation.layer./model/person/head_module/kpt_pred.1/kpt_pred.1.0/depthwise_conv/activate/Sigmoid.c.1.fetch_param_data.layer",
                    "addr": 107008,
                    "size": 512
                }
            ],
            "free": []
        },
        "kernel[3]": {
            "name": "Activation.layer./model/person/head_module/kpt_pred.1/kpt_pred.1.0/depthwise_conv/activate/Sigmoid.c.0",
            "idx": 3,
            "mem_used_rate": 0.025634765625,
            "malloc": [
                {
                    "addr": 0,
                    "ori_size": 0,
                    "size": 53248
                }
            ],
            "used": [
                {
                    "name": "DmaIn.layer.copy_in_2Fmodel2Fperson2Fhead_module2Fkpt_pred2E12Fkpt_pred2E12E02Fdepthwise_conv2Fconv2FConv_output_0",
                    "addr": 0,
                    "size": 106496
                },
                {
                    "name": "FetchParam.layer.Activation.layer./model/person/head_module/kpt_pred.1/kpt_pred.1.0/depthwise_conv/activate/Sigmoid.c.0.fetch_param_data.layer",
                    "addr": 106496,
                    "size": 512
                },
                {
                    "name": "FetchParam.layer.Activation.layer./model/person/head_module/kpt_pred.1/kpt_pred.1.0/depthwise_conv/activate/Sigmoid.c.1.fetch_param_data.layer",
                    "addr": 107008,
                    "size": 512
                }
            ],
            "free": [
                {
                    "name": "Activation.layer./model/person/head_module/kpt_pred.1/kpt_pred.1.0/depthwise_conv/activate/Sigmoid.c.0",
                    "addr": 106496,
                    "size": 512
                }
            ]
        },
        "kernel[4]": {
            "name": "Activation.layer./model/person/head_module/kpt_pred.1/kpt_pred.1.0/depthwise_conv/activate/Sigmoid.c.1",
            "idx": 4,
            "mem_used_rate": 0.0255126953125,
            "malloc": [
                {
                    "addr": 53248,
                    "ori_size": 0,
                    "size": 53248
                }
            ],
            "used": [
                {
                    "name": "DmaIn.layer.copy_in_2Fmodel2Fperson2Fhead_module2Fkpt_pred2E12Fkpt_pred2E12E02Fdepthwise_conv2Fconv2FConv_output_0",
                    "addr": 0,
                    "size": 106496
                },
                {
                    "name": "FetchParam.layer.Activation.layer./model/person/head_module/kpt_pred.1/kpt_pred.1.0/depthwise_conv/activate/Sigmoid.c.0.fetch_param_data.layer",
                    "addr": 106496,
                    "size": 512
                },
                {
                    "name": "FetchParam.layer.Activation.layer./model/person/head_module/kpt_pred.1/kpt_pred.1.0/depthwise_conv/activate/Sigmoid.c.1.fetch_param_data.layer",
                    "addr": 107008,
                    "size": 512
                }
            ],
            "free": [
                {
                    "name": "Activation.layer./model/person/head_module/kpt_pred.1/kpt_pred.1.0/depthwise_conv/activate/Sigmoid.c.1",
                    "addr": 107008,
                    "size": 512
                }
            ]
        },
        "kernel[5]": {
            "name": "DummyConcat.layer./model/person/head_module/kpt_pred.1/kpt_pred.1.0/depthwise_conv/activate/Sigmoid.0",
            "idx": 5,
            "mem_used_rate": 0.025634765625,
            "malloc": [
                {
                    "addr": 0,
                    "ori_size": 0,
                    "size": 106496
                }
            ],
            "used": [
                {
                    "name": "DmaIn.layer.copy_in_2Fmodel2Fperson2Fhead_module2Fkpt_pred2E12Fkpt_pred2E12E02Fdepthwise_conv2Fconv2FConv_output_0",
                    "addr": 0,
                    "size": 106496
                },
                {
                    "name": "FetchParam.layer.Activation.layer./model/person/head_module/kpt_pred.1/kpt_pred.1.0/depthwise_conv/activate/Sigmoid.c.0.fetch_param_data.layer",
                    "addr": 106496,
                    "size": 512
                },
                {
                    "name": "FetchParam.layer.Activation.layer./model/person/head_module/kpt_pred.1/kpt_pred.1.0/depthwise_conv/activate/Sigmoid.c.1.fetch_param_data.layer",
                    "addr": 107008,
                    "size": 512
                }
            ],
            "free": []
        },
        "kernel[6]": {
            "name": "DmaOut.layer.copy_out_2Fmodel2Fperson2Fhead_module2Fkpt_pred2E12Fkpt_pred2E12E02Fdepthwise_conv2Factivate2FSigmoid_output_0",
            "idx": 6,
            "mem_used_rate": 0.0126953125,
            "malloc": [],
            "used": [
                {
                    "name": "DmaIn.layer.copy_in_2Fmodel2Fperson2Fhead_module2Fkpt_pred2E12Fkpt_pred2E12E02Fdepthwise_conv2Fconv2FConv_output_0",
                    "addr": 0,
                    "size": 106496
                }
            ],
            "free": [
                {
                    "name": "DmaOut.layer.copy_out_2Fmodel2Fperson2Fhead_module2Fkpt_pred2E12Fkpt_pred2E12E02Fdepthwise_conv2Factivate2FSigmoid_output_0",
                    "addr": 0,
                    "size": 53248
                },
                {
                    "name": "DmaOut.layer.copy_out_2Fmodel2Fperson2Fhead_module2Fkpt_pred2E12Fkpt_pred2E12E02Fdepthwise_conv2Factivate2FSigmoid_output_0",
                    "addr": 53248,
                    "size": 53248
                }
            ]
        }
    },
    "max_peak_size": [
        {
            "size": 107520
        }
    ]
}