{
    "banks": [
        {
            "addr": 0,
            "size": 0
        }
    ],
    "patch_reserve": [],
    "param_reserve": [],
    "ops": {
        "kernel[0]": {
            "name": "DmaIn.layer.copy_in_PPQ_Variable_165",
            "idx": 0,
            "mem_used_rate": 0.1171875,
            "malloc": [
                {
                    "addr": 3702784,
                    "ori_size": 0,
                    "size": 491520
                }
            ],
            "used": [
                {
                    "name": "DmaIn.layer.copy_in_PPQ_Variable_165",
                    "addr": 3702784,
                    "size": 491520
                }
            ],
            "free": []
        },
        "kernel[1]": {
            "name": "FetchParam.layer.Conv2d.layer.Conv_245_im_0.split.co.0.fetch_param_data.layer",
            "idx": 1,
            "mem_used_rate": 0.11773681640625,
            "malloc": [
                {
                    "addr": 0,
                    "ori_size": 0,
                    "size": 2304
                }
            ],
            "used": [
                {
                    "name": "DmaIn.layer.copy_in_PPQ_Variable_165",
                    "addr": 3702784,
                    "size": 491520
                },
                {
                    "name": "FetchParam.layer.Conv2d.layer.Conv_245_im_0.split.co.0.fetch_param_data.layer",
                    "addr": 0,
                    "size": 2304
                }
            ],
            "free": []
        },
        "kernel[2]": {
            "name": "FetchParam.layer.Conv2d.layer.Conv_245_im_0.split.co.1.fetch_param_data.layer",
            "idx": 2,
            "mem_used_rate": 0.1182861328125,
            "malloc": [
                {
                    "addr": 2304,
                    "ori_size": 0,
                    "size": 2304
                }
            ],
            "used": [
                {
                    "name": "DmaIn.layer.copy_in_PPQ_Variable_165",
                    "addr": 3702784,
                    "size": 491520
                },
                {
                    "name": "FetchParam.layer.Conv2d.layer.Conv_245_im_0.split.co.0.fetch_param_data.layer",
                    "addr": 0,
                    "size": 2304
                },
                {
                    "name": "FetchParam.layer.Conv2d.layer.Conv_245_im_0.split.co.1.fetch_param_data.layer",
                    "addr": 2304,
                    "size": 2304
                }
            ],
            "free": []
        },
        "kernel[3]": {
            "name": "DummyConcat.layer.Conv_245_im_0.0",
            "idx": 3,
            "mem_used_rate": 0.3135986328125,
            "malloc": [
                {
                    "addr": 4608,
                    "ori_size": 0,
                    "size": 819200
                }
            ],
            "used": [
                {
                    "name": "DmaIn.layer.copy_in_PPQ_Variable_165",
                    "addr": 3702784,
                    "size": 491520
                },
                {
                    "name": "FetchParam.layer.Conv2d.layer.Conv_245_im_0.split.co.0.fetch_param_data.layer",
                    "addr": 0,
                    "size": 2304
                },
                {
                    "name": "FetchParam.layer.Conv2d.layer.Conv_245_im_0.split.co.1.fetch_param_data.layer",
                    "addr": 2304,
                    "size": 2304
                },
                {
                    "name": "DummyConcat.layer.Conv_245_im_0.0",
                    "addr": 4608,
                    "size": 819200
                }
            ],
            "free": []
        },
        "kernel[4]": {
            "name": "Conv2d.layer.Conv_245_im_0.split.co.0",
            "idx": 4,
            "mem_used_rate": 0.3135986328125,
            "malloc": [],
            "used": [
                {
                    "name": "DmaIn.layer.copy_in_PPQ_Variable_165",
                    "addr": 3702784,
                    "size": 491520
                },
                {
                    "name": "FetchParam.layer.Conv2d.layer.Conv_245_im_0.split.co.0.fetch_param_data.layer",
                    "addr": 0,
                    "size": 2304
                },
                {
                    "name": "FetchParam.layer.Conv2d.layer.Conv_245_im_0.split.co.1.fetch_param_data.layer",
                    "addr": 2304,
                    "size": 2304
                },
                {
                    "name": "DummyConcat.layer.Conv_245_im_0.0",
                    "addr": 4608,
                    "size": 819200
                }
            ],
            "free": [
                {
                    "name": "Conv2d.layer.Conv_245_im_0.split.co.0",
                    "addr": 0,
                    "size": 2304
                }
            ]
        },
        "kernel[5]": {
            "name": "Conv2d.layer.Conv_245_im_0.split.co.1",
            "idx": 5,
            "mem_used_rate": 0.19586181640625,
            "malloc": [],
            "used": [
                {
                    "name": "DmaIn.layer.copy_in_PPQ_Variable_165",
                    "addr": 3702784,
                    "size": 491520
                },
                {
                    "name": "FetchParam.layer.Conv2d.layer.Conv_245_im_0.split.co.1.fetch_param_data.layer",
                    "addr": 2304,
                    "size": 2304
                },
                {
                    "name": "DummyConcat.layer.Conv_245_im_0.0",
                    "addr": 4608,
                    "size": 819200
                }
            ],
            "free": [
                {
                    "name": "Conv2d.layer.Conv_245_im_0.split.co.1",
                    "addr": 3702784,
                    "size": 491520
                },
                {
                    "name": "Conv2d.layer.Conv_245_im_0.split.co.1",
                    "addr": 2304,
                    "size": 2304
                }
            ]
        },
        "kernel[6]": {
            "name": "DmaOut.layer.copy_out_460",
            "idx": 6,
            "mem_used_rate": 0.09765625,
            "malloc": [],
            "used": [
                {
                    "name": "DummyConcat.layer.Conv_245_im_0.0",
                    "addr": 4608,
                    "size": 819200
                }
            ],
            "free": [
                {
                    "name": "DmaOut.layer.copy_out_460",
                    "addr": 4608,
                    "size": 409600
                },
                {
                    "name": "DmaOut.layer.copy_out_460",
                    "addr": 414208,
                    "size": 409600
                }
            ]
        }
    },
    "max_peak_size": [
        {
            "size": 819200
        }
    ]
}