{
    "banks": [
        {
            "addr": 0,
            "size": 0
        }
    ],
    "patch_reserve": [],
    "param_reserve": [],
    "ops": {
        "kernel[0]": {
            "name": "DmaIn.layer.copy_in_PPQ_Variable_147",
            "idx": 0,
            "mem_used_rate": 0.05859375,
            "malloc": [
                {
                    "addr": 3948544,
                    "ori_size": 0,
                    "size": 245760
                }
            ],
            "used": [
                {
                    "name": "DmaIn.layer.copy_in_PPQ_Variable_147",
                    "addr": 3948544,
                    "size": 245760
                }
            ],
            "free": []
        },
        "kernel[1]": {
            "name": "FetchParam.layer.Conv2d.layer.Conv_173_im_0.split.co.0.fetch_param_data.layer",
            "idx": 1,
            "mem_used_rate": 0.05963134765625,
            "malloc": [
                {
                    "addr": 0,
                    "ori_size": 0,
                    "size": 4352
                }
            ],
            "used": [
                {
                    "name": "DmaIn.layer.copy_in_PPQ_Variable_147",
                    "addr": 3948544,
                    "size": 245760
                },
                {
                    "name": "FetchParam.layer.Conv2d.layer.Conv_173_im_0.split.co.0.fetch_param_data.layer",
                    "addr": 0,
                    "size": 4352
                }
            ],
            "free": []
        },
        "kernel[2]": {
            "name": "FetchParam.layer.Conv2d.layer.Conv_173_im_0.split.co.1.fetch_param_data.layer",
            "idx": 2,
            "mem_used_rate": 0.0606689453125,
            "malloc": [
                {
                    "addr": 4352,
                    "ori_size": 0,
                    "size": 4352
                }
            ],
            "used": [
                {
                    "name": "DmaIn.layer.copy_in_PPQ_Variable_147",
                    "addr": 3948544,
                    "size": 245760
                },
                {
                    "name": "FetchParam.layer.Conv2d.layer.Conv_173_im_0.split.co.0.fetch_param_data.layer",
                    "addr": 0,
                    "size": 4352
                },
                {
                    "name": "FetchParam.layer.Conv2d.layer.Conv_173_im_0.split.co.1.fetch_param_data.layer",
                    "addr": 4352,
                    "size": 4352
                }
            ],
            "free": []
        },
        "kernel[3]": {
            "name": "DummyConcat.layer.Conv_173_im_0.0",
            "idx": 3,
            "mem_used_rate": 0.1094970703125,
            "malloc": [
                {
                    "addr": 8704,
                    "ori_size": 0,
                    "size": 204800
                }
            ],
            "used": [
                {
                    "name": "DmaIn.layer.copy_in_PPQ_Variable_147",
                    "addr": 3948544,
                    "size": 245760
                },
                {
                    "name": "FetchParam.layer.Conv2d.layer.Conv_173_im_0.split.co.0.fetch_param_data.layer",
                    "addr": 0,
                    "size": 4352
                },
                {
                    "name": "FetchParam.layer.Conv2d.layer.Conv_173_im_0.split.co.1.fetch_param_data.layer",
                    "addr": 4352,
                    "size": 4352
                },
                {
                    "name": "DummyConcat.layer.Conv_173_im_0.0",
                    "addr": 8704,
                    "size": 204800
                }
            ],
            "free": []
        },
        "kernel[4]": {
            "name": "Conv2d.layer.Conv_173_im_0.split.co.0",
            "idx": 4,
            "mem_used_rate": 0.1094970703125,
            "malloc": [],
            "used": [
                {
                    "name": "DmaIn.layer.copy_in_PPQ_Variable_147",
                    "addr": 3948544,
                    "size": 245760
                },
                {
                    "name": "FetchParam.layer.Conv2d.layer.Conv_173_im_0.split.co.0.fetch_param_data.layer",
                    "addr": 0,
                    "size": 4352
                },
                {
                    "name": "FetchParam.layer.Conv2d.layer.Conv_173_im_0.split.co.1.fetch_param_data.layer",
                    "addr": 4352,
                    "size": 4352
                },
                {
                    "name": "DummyConcat.layer.Conv_173_im_0.0",
                    "addr": 8704,
                    "size": 204800
                }
            ],
            "free": [
                {
                    "name": "Conv2d.layer.Conv_173_im_0.split.co.0",
                    "addr": 0,
                    "size": 4352
                }
            ]
        },
        "kernel[5]": {
            "name": "Conv2d.layer.Conv_173_im_0.split.co.1",
            "idx": 5,
            "mem_used_rate": 0.04986572265625,
            "malloc": [],
            "used": [
                {
                    "name": "DmaIn.layer.copy_in_PPQ_Variable_147",
                    "addr": 3948544,
                    "size": 245760
                },
                {
                    "name": "FetchParam.layer.Conv2d.layer.Conv_173_im_0.split.co.1.fetch_param_data.layer",
                    "addr": 4352,
                    "size": 4352
                },
                {
                    "name": "DummyConcat.layer.Conv_173_im_0.0",
                    "addr": 8704,
                    "size": 204800
                }
            ],
            "free": [
                {
                    "name": "Conv2d.layer.Conv_173_im_0.split.co.1",
                    "addr": 3948544,
                    "size": 245760
                },
                {
                    "name": "Conv2d.layer.Conv_173_im_0.split.co.1",
                    "addr": 4352,
                    "size": 4352
                }
            ]
        },
        "kernel[6]": {
            "name": "DmaOut.layer.copy_out_386",
            "idx": 6,
            "mem_used_rate": 0.0244140625,
            "malloc": [],
            "used": [
                {
                    "name": "DummyConcat.layer.Conv_173_im_0.0",
                    "addr": 8704,
                    "size": 204800
                }
            ],
            "free": [
                {
                    "name": "DmaOut.layer.copy_out_386",
                    "addr": 8704,
                    "size": 102400
                },
                {
                    "name": "DmaOut.layer.copy_out_386",
                    "addr": 111104,
                    "size": 102400
                }
            ]
        }
    },
    "max_peak_size": [
        {
            "size": 254464
        }
    ]
}