{
    "banks": [
        {
            "addr": 0,
            "size": 0
        }
    ],
    "patch_reserve": [],
    "param_reserve": [],
    "ops": {
        "kernel[0]": {
            "name": "DmaIn.layer.copy_in__im_PropagateOutputNames_added_name_32",
            "idx": 0,
            "mem_used_rate": 0.0269775390625,
            "malloc": [
                {
                    "addr": 4081152,
                    "ori_size": 0,
                    "size": 113152
                }
            ],
            "used": [
                {
                    "name": "DmaIn.layer.copy_in__im_PropagateOutputNames_added_name_32",
                    "addr": 4081152,
                    "size": 113152
                }
            ],
            "free": []
        },
        "kernel[1]": {
            "name": "DmaIn.layer.copy_in_2Fmodel2Fface2Fhead_module2FExp_1_output_0",
            "idx": 1,
            "mem_used_rate": 0.028564453125,
            "malloc": [
                {
                    "addr": 0,
                    "ori_size": 0,
                    "size": 6656
                }
            ],
            "used": [
                {
                    "name": "DmaIn.layer.copy_in__im_PropagateOutputNames_added_name_32",
                    "addr": 4081152,
                    "size": 113152
                },
                {
                    "name": "DmaIn.layer.copy_in_2Fmodel2Fface2Fhead_module2FExp_1_output_0",
                    "addr": 0,
                    "size": 6656
                }
            ],
            "free": []
        },
        "kernel[2]": {
            "name": "Concat.layer./Concat_1",
            "idx": 2,
            "mem_used_rate": 0.0301513671875,
            "malloc": [
                {
                    "addr": 6656,
                    "ori_size": 0,
                    "size": 119808
                }
            ],
            "used": [
                {
                    "name": "DmaIn.layer.copy_in__im_PropagateOutputNames_added_name_32",
                    "addr": 4081152,
                    "size": 113152
                },
                {
                    "name": "DmaIn.layer.copy_in_2Fmodel2Fface2Fhead_module2FExp_1_output_0",
                    "addr": 0,
                    "size": 6656
                },
                {
                    "name": "Concat.layer./Concat_1",
                    "addr": 6656,
                    "size": 119808
                }
            ],
            "free": [
                {
                    "name": "Concat.layer./Concat_1",
                    "addr": 4081152,
                    "size": 113152
                },
                {
                    "name": "Concat.layer./Concat_1",
                    "addr": 0,
                    "size": 6656
                }
            ]
        },
        "kernel[3]": {
            "name": "DmaOut.layer.copy_out_level1",
            "idx": 3,
            "mem_used_rate": 0.028564453125,
            "malloc": [],
            "used": [
                {
                    "name": "Concat.layer./Concat_1",
                    "addr": 6656,
                    "size": 119808
                }
            ],
            "free": [
                {
                    "name": "DmaOut.layer.copy_out_level1",
                    "addr": 6656,
                    "size": 119808
                }
            ]
        }
    },
    "max_peak_size": [
        {
            "size": 119808
        }
    ]
}