{
    "banks": [
        {
            "addr": 0,
            "size": 0
        }
    ],
    "patch_reserve": [],
    "param_reserve": [],
    "ops": {
        "kernel[0]": {
            "name": "DmaIn.layer.copy_in_396",
            "idx": 0,
            "mem_used_rate": 0.1953125,
            "malloc": [
                {
                    "addr": 0,
                    "ori_size": 0,
                    "size": 819200
                }
            ],
            "used": [
                {
                    "name": "DmaIn.layer.copy_in_396",
                    "addr": 0,
                    "size": 819200
                }
            ],
            "free": []
        },
        "kernel[1]": {
            "name": "FetchParam.layer.Activation.layer.PPQ_Operation_143.c.0.fetch_param_data.layer",
            "idx": 1,
            "mem_used_rate": 0.19537353515625,
            "malloc": [
                {
                    "addr": 819200,
                    "ori_size": 0,
                    "size": 256
                }
            ],
            "used": [
                {
                    "name": "DmaIn.layer.copy_in_396",
                    "addr": 0,
                    "size": 819200
                },
                {
                    "name": "FetchParam.layer.Activation.layer.PPQ_Operation_143.c.0.fetch_param_data.layer",
                    "addr": 819200,
                    "size": 256
                }
            ],
            "free": []
        },
        "kernel[2]": {
            "name": "FetchParam.layer.Activation.layer.PPQ_Operation_143.c.1.fetch_param_data.layer",
            "idx": 2,
            "mem_used_rate": 0.1954345703125,
            "malloc": [
                {
                    "addr": 819456,
                    "ori_size": 0,
                    "size": 256
                }
            ],
            "used": [
                {
                    "name": "DmaIn.layer.copy_in_396",
                    "addr": 0,
                    "size": 819200
                },
                {
                    "name": "FetchParam.layer.Activation.layer.PPQ_Operation_143.c.0.fetch_param_data.layer",
                    "addr": 819200,
                    "size": 256
                },
                {
                    "name": "FetchParam.layer.Activation.layer.PPQ_Operation_143.c.1.fetch_param_data.layer",
                    "addr": 819456,
                    "size": 256
                }
            ],
            "free": []
        },
        "kernel[3]": {
            "name": "DummyConcat.layer.PPQ_Operation_143.0",
            "idx": 3,
            "mem_used_rate": 0.3126220703125,
            "malloc": [
                {
                    "addr": 819712,
                    "ori_size": 0,
                    "size": 491520
                }
            ],
            "used": [
                {
                    "name": "DmaIn.layer.copy_in_396",
                    "addr": 0,
                    "size": 819200
                },
                {
                    "name": "FetchParam.layer.Activation.layer.PPQ_Operation_143.c.0.fetch_param_data.layer",
                    "addr": 819200,
                    "size": 256
                },
                {
                    "name": "FetchParam.layer.Activation.layer.PPQ_Operation_143.c.1.fetch_param_data.layer",
                    "addr": 819456,
                    "size": 256
                },
                {
                    "name": "DummyConcat.layer.PPQ_Operation_143.0",
                    "addr": 819712,
                    "size": 491520
                }
            ],
            "free": []
        },
        "kernel[4]": {
            "name": "Activation.layer.PPQ_Operation_143.c.0",
            "idx": 4,
            "mem_used_rate": 0.2149658203125,
            "malloc": [],
            "used": [
                {
                    "name": "DmaIn.layer.copy_in_396",
                    "addr": 0,
                    "size": 819200
                },
                {
                    "name": "FetchParam.layer.Activation.layer.PPQ_Operation_143.c.0.fetch_param_data.layer",
                    "addr": 819200,
                    "size": 256
                },
                {
                    "name": "FetchParam.layer.Activation.layer.PPQ_Operation_143.c.1.fetch_param_data.layer",
                    "addr": 819456,
                    "size": 256
                },
                {
                    "name": "DummyConcat.layer.PPQ_Operation_143.0",
                    "addr": 819712,
                    "size": 491520
                }
            ],
            "free": [
                {
                    "name": "Activation.layer.PPQ_Operation_143.c.0",
                    "addr": 0,
                    "size": 409600
                },
                {
                    "name": "Activation.layer.PPQ_Operation_143.c.0",
                    "addr": 819200,
                    "size": 256
                }
            ]
        },
        "kernel[5]": {
            "name": "Activation.layer.PPQ_Operation_143.c.1",
            "idx": 5,
            "mem_used_rate": 0.11724853515625,
            "malloc": [],
            "used": [
                {
                    "name": "DmaIn.layer.copy_in_396",
                    "addr": 409600,
                    "size": 409600
                },
                {
                    "name": "FetchParam.layer.Activation.layer.PPQ_Operation_143.c.1.fetch_param_data.layer",
                    "addr": 819456,
                    "size": 256
                },
                {
                    "name": "DummyConcat.layer.PPQ_Operation_143.0",
                    "addr": 819712,
                    "size": 491520
                }
            ],
            "free": [
                {
                    "name": "Activation.layer.PPQ_Operation_143.c.1",
                    "addr": 409600,
                    "size": 409600
                },
                {
                    "name": "Activation.layer.PPQ_Operation_143.c.1",
                    "addr": 819456,
                    "size": 256
                }
            ]
        },
        "kernel[6]": {
            "name": "DmaOut.layer.copy_out_PPQ_Variable_156",
            "idx": 6,
            "mem_used_rate": 0.05859375,
            "malloc": [],
            "used": [
                {
                    "name": "DummyConcat.layer.PPQ_Operation_143.0",
                    "addr": 819712,
                    "size": 491520
                }
            ],
            "free": [
                {
                    "name": "DmaOut.layer.copy_out_PPQ_Variable_156",
                    "addr": 819712,
                    "size": 245760
                },
                {
                    "name": "DmaOut.layer.copy_out_PPQ_Variable_156",
                    "addr": 1065472,
                    "size": 245760
                }
            ]
        }
    },
    "max_peak_size": [
        {
            "size": 819712
        }
    ]
}