{
    "banks": [
        {
            "addr": 0,
            "size": 0
        }
    ],
    "patch_reserve": [],
    "param_reserve": [],
    "ops": {
        "kernel[0]": {
            "name": "DmaIn.layer.copy_in_2Fmodel2Fneck2Fout_convs2E02Fcna2Factivate2FRelu_output_0",
            "idx": 0,
            "mem_used_rate": 0.1015625,
            "malloc": [
                {
                    "addr": 0,
                    "ori_size": 0,
                    "size": 425984
                }
            ],
            "used": [
                {
                    "name": "DmaIn.layer.copy_in_2Fmodel2Fneck2Fout_convs2E02Fcna2Factivate2FRelu_output_0",
                    "addr": 0,
                    "size": 425984
                }
            ],
            "free": []
        },
        "kernel[1]": {
            "name": "FetchParam.layer.Conv2d.layer./model/face/head_module/bbox_pred.0/Conv_im_0.h.0.fetch_param_data.layer",
            "idx": 1,
            "mem_used_rate": 0.10174560546875,
            "malloc": [
                {
                    "addr": 425984,
                    "ori_size": 0,
                    "size": 768
                }
            ],
            "used": [
                {
                    "name": "DmaIn.layer.copy_in_2Fmodel2Fneck2Fout_convs2E02Fcna2Factivate2FRelu_output_0",
                    "addr": 0,
                    "size": 425984
                },
                {
                    "name": "FetchParam.layer.Conv2d.layer./model/face/head_module/bbox_pred.0/Conv_im_0.h.0.fetch_param_data.layer",
                    "addr": 425984,
                    "size": 768
                }
            ],
            "free": []
        },
        "kernel[2]": {
            "name": "FetchParam.layer.Conv2d.layer./model/face/head_module/bbox_pred.0/Conv_im_0.h.1.fetch_param_data.layer",
            "idx": 2,
            "mem_used_rate": 0.1019287109375,
            "malloc": [
                {
                    "addr": 426752,
                    "ori_size": 0,
                    "size": 768
                }
            ],
            "used": [
                {
                    "name": "DmaIn.layer.copy_in_2Fmodel2Fneck2Fout_convs2E02Fcna2Factivate2FRelu_output_0",
                    "addr": 0,
                    "size": 425984
                },
                {
                    "name": "FetchParam.layer.Conv2d.layer./model/face/head_module/bbox_pred.0/Conv_im_0.h.0.fetch_param_data.layer",
                    "addr": 425984,
                    "size": 768
                },
                {
                    "name": "FetchParam.layer.Conv2d.layer./model/face/head_module/bbox_pred.0/Conv_im_0.h.1.fetch_param_data.layer",
                    "addr": 426752,
                    "size": 768
                }
            ],
            "free": []
        },
        "kernel[3]": {
            "name": "DummyConcat.layer./model/face/head_module/bbox_pred.0/Conv_im_0.split_h",
            "idx": 3,
            "mem_used_rate": 0.1082763671875,
            "malloc": [
                {
                    "addr": 427520,
                    "ori_size": 0,
                    "size": 26624
                }
            ],
            "used": [
                {
                    "name": "DmaIn.layer.copy_in_2Fmodel2Fneck2Fout_convs2E02Fcna2Factivate2FRelu_output_0",
                    "addr": 0,
                    "size": 425984
                },
                {
                    "name": "FetchParam.layer.Conv2d.layer./model/face/head_module/bbox_pred.0/Conv_im_0.h.0.fetch_param_data.layer",
                    "addr": 425984,
                    "size": 768
                },
                {
                    "name": "FetchParam.layer.Conv2d.layer./model/face/head_module/bbox_pred.0/Conv_im_0.h.1.fetch_param_data.layer",
                    "addr": 426752,
                    "size": 768
                },
                {
                    "name": "DummyConcat.layer./model/face/head_module/bbox_pred.0/Conv_im_0.split_h",
                    "addr": 427520,
                    "size": 26624
                }
            ],
            "free": []
        },
        "kernel[4]": {
            "name": "Conv2d.layer./model/face/head_module/bbox_pred.0/Conv_im_0.h.0",
            "idx": 4,
            "mem_used_rate": 0.1082763671875,
            "malloc": [],
            "used": [
                {
                    "name": "DmaIn.layer.copy_in_2Fmodel2Fneck2Fout_convs2E02Fcna2Factivate2FRelu_output_0",
                    "addr": 0,
                    "size": 425984
                },
                {
                    "name": "FetchParam.layer.Conv2d.layer./model/face/head_module/bbox_pred.0/Conv_im_0.h.0.fetch_param_data.layer",
                    "addr": 425984,
                    "size": 768
                },
                {
                    "name": "FetchParam.layer.Conv2d.layer./model/face/head_module/bbox_pred.0/Conv_im_0.h.1.fetch_param_data.layer",
                    "addr": 426752,
                    "size": 768
                },
                {
                    "name": "DummyConcat.layer./model/face/head_module/bbox_pred.0/Conv_im_0.split_h",
                    "addr": 427520,
                    "size": 26624
                }
            ],
            "free": [
                {
                    "name": "Conv2d.layer./model/face/head_module/bbox_pred.0/Conv_im_0.h.0",
                    "addr": 425984,
                    "size": 768
                }
            ]
        },
        "kernel[5]": {
            "name": "Conv2d.layer./model/face/head_module/bbox_pred.0/Conv_im_0.h.1",
            "idx": 5,
            "mem_used_rate": 0.00653076171875,
            "malloc": [],
            "used": [
                {
                    "name": "DmaIn.layer.copy_in_2Fmodel2Fneck2Fout_convs2E02Fcna2Factivate2FRelu_output_0",
                    "addr": 0,
                    "size": 425984
                },
                {
                    "name": "FetchParam.layer.Conv2d.layer./model/face/head_module/bbox_pred.0/Conv_im_0.h.1.fetch_param_data.layer",
                    "addr": 426752,
                    "size": 768
                },
                {
                    "name": "DummyConcat.layer./model/face/head_module/bbox_pred.0/Conv_im_0.split_h",
                    "addr": 427520,
                    "size": 26624
                }
            ],
            "free": [
                {
                    "name": "Conv2d.layer./model/face/head_module/bbox_pred.0/Conv_im_0.h.1",
                    "addr": 0,
                    "size": 425984
                },
                {
                    "name": "Conv2d.layer./model/face/head_module/bbox_pred.0/Conv_im_0.h.1",
                    "addr": 426752,
                    "size": 768
                }
            ]
        },
        "kernel[6]": {
            "name": "FetchParam.layer./model/face/head_module/Exp.fetch_param_data.kernel",
            "idx": 6,
            "mem_used_rate": 0.006591796875,
            "malloc": [
                {
                    "addr": 454144,
                    "ori_size": 0,
                    "size": 1024
                }
            ],
            "used": [
                {
                    "name": "DummyConcat.layer./model/face/head_module/bbox_pred.0/Conv_im_0.split_h",
                    "addr": 427520,
                    "size": 26624
                },
                {
                    "name": "FetchParam.layer./model/face/head_module/Exp.fetch_param_data.kernel",
                    "addr": 454144,
                    "size": 1024
                }
            ],
            "free": []
        },
        "kernel[7]": {
            "name": "DummyConcat.layer./model/face/head_module/Exp.0",
            "idx": 7,
            "mem_used_rate": 0.012939453125,
            "malloc": [
                {
                    "addr": 455168,
                    "ori_size": 0,
                    "size": 26624
                }
            ],
            "used": [
                {
                    "name": "DummyConcat.layer./model/face/head_module/bbox_pred.0/Conv_im_0.split_h",
                    "addr": 427520,
                    "size": 26624
                },
                {
                    "name": "FetchParam.layer./model/face/head_module/Exp.fetch_param_data.kernel",
                    "addr": 454144,
                    "size": 1024
                },
                {
                    "name": "DummyConcat.layer./model/face/head_module/Exp.0",
                    "addr": 455168,
                    "size": 26624
                }
            ],
            "free": []
        },
        "kernel[8]": {
            "name": "Activation.layer./model/face/head_module/Exp.h.1",
            "idx": 8,
            "mem_used_rate": 0.006591796875,
            "malloc": [],
            "used": [
                {
                    "name": "DummyConcat.layer./model/face/head_module/bbox_pred.0/Conv_im_0.split_h",
                    "addr": 427520,
                    "size": 26624
                },
                {
                    "name": "FetchParam.layer./model/face/head_module/Exp.fetch_param_data.kernel",
                    "addr": 454144,
                    "size": 1024
                },
                {
                    "name": "DummyConcat.layer./model/face/head_module/Exp.0",
                    "addr": 455168,
                    "size": 26624
                }
            ],
            "free": [
                {
                    "name": "Activation.layer./model/face/head_module/Exp.h.1",
                    "addr": 427520,
                    "size": 13824
                },
                {
                    "name": "Activation.layer./model/face/head_module/Exp.h.1",
                    "addr": 441344,
                    "size": 12800
                },
                {
                    "name": "Activation.layer./model/face/head_module/Exp.h.1",
                    "addr": 454144,
                    "size": 1024
                }
            ]
        },
        "kernel[9]": {
            "name": "DmaOut.layer.copy_out_2Fmodel2Fface2Fhead_module2FExp_output_0",
            "idx": 9,
            "mem_used_rate": 0.003173828125,
            "malloc": [],
            "used": [
                {
                    "name": "DummyConcat.layer./model/face/head_module/Exp.0",
                    "addr": 455168,
                    "size": 26624
                }
            ],
            "free": [
                {
                    "name": "DmaOut.layer.copy_out_2Fmodel2Fface2Fhead_module2FExp_output_0",
                    "addr": 455168,
                    "size": 13312
                },
                {
                    "name": "DmaOut.layer.copy_out_2Fmodel2Fface2Fhead_module2FExp_output_0",
                    "addr": 468480,
                    "size": 13312
                }
            ]
        }
    },
    "max_peak_size": [
        {
            "size": 427520
        }
    ]
}