Running main() from /home/jenkins/argos_v3/im/testing/gtest/googletest/src/gtest_main.cpp
Note: Google Test filter = ortwrapper_test.ort_rtm_premalloc_perf
[==========] Running 1 test from 1 test suite.
[----------] Global test environment set-up.
[----------] 1 test from ortwrapper_test
[ RUN      ] ortwrapper_test.ort_rtm_premalloc_perf
change sv_gtest into fifo:50
SetUp:147	: model_file: /data/tmp/quant_yolo11n.bin
SetUp:154	: load npubin ok! iterations=1
PrepareIoTensors:262	: input tensor_name: images, filename: /data/tmp/input/images.bin, bytesize: 2457600
PrepareIoTensors:265	: input_tensor_shape: 1, 3, 640, 640
PrepareIoTensors:268	: input_tensor_stride: 1, 3, 640, 640
PrepareIoTensors:291	: output tensor_name: output0, bytesize: 1411200
PrepareIoTensors:293	: output_tensor_shape: 1, 1, 84, 8400
PrepareIoTensors:296	: output_tensor_stride: 1, 1, 84, 8400
GetOutputTensors:319	: output tensor_name: output0, bytesize: 1411200
GetOutputTensors:330	: save /data/tmp/board_out/output0.bin done
PrintTimingStats:52	: [1;33m[ort_rtm_premalloc_perf] Iterations=1[0m
PrintTimingStats:53	: [1;32mPerformance: Average: 395022.00 us, Min: 395022 us, Max: 395022 us[0m
TestBody:931	: IM Model RTM PreMalloc Performance Test ok!
TearDown:166	: release model ok!
[       OK ] ortwrapper_test.ort_rtm_premalloc_perf (2562 ms)
[----------] 1 test from ortwrapper_test (2562 ms total)

[----------] Global test environment tear-down
[==========] 1 test from 1 test suite ran. (2563 ms total)
[  PASSED  ] 1 test.
