{
    "banks": [
        {
            "addr": 0,
            "size": 0
        }
    ],
    "patch_reserve": [],
    "param_reserve": [],
    "ops": {
        "kernel[0]": {
            "name": "DmaIn.layer.copy_in__im_PropagateOutputNames_added_name_23",
            "idx": 0,
            "mem_used_rate": 0.104736328125,
            "malloc": [
                {
                    "addr": 3755008,
                    "ori_size": 0,
                    "size": 439296
                }
            ],
            "used": [
                {
                    "name": "DmaIn.layer.copy_in__im_PropagateOutputNames_added_name_23",
                    "addr": 3755008,
                    "size": 439296
                }
            ],
            "free": []
        },
        "kernel[1]": {
            "name": "DmaIn.layer.copy_in_2Fmodel2Fface2Fhead_module2Fcls_pred2E02FConv_output_0",
            "idx": 1,
            "mem_used_rate": 0.1063232421875,
            "malloc": [
                {
                    "addr": 0,
                    "ori_size": 0,
                    "size": 6656
                }
            ],
            "used": [
                {
                    "name": "DmaIn.layer.copy_in__im_PropagateOutputNames_added_name_23",
                    "addr": 3755008,
                    "size": 439296
                },
                {
                    "name": "DmaIn.layer.copy_in_2Fmodel2Fface2Fhead_module2Fcls_pred2E02FConv_output_0",
                    "addr": 0,
                    "size": 6656
                }
            ],
            "free": []
        },
        "kernel[2]": {
            "name": "Concat.layer.im_propagate_output_names_generated_span_16",
            "idx": 2,
            "mem_used_rate": 0.1094970703125,
            "malloc": [
                {
                    "addr": 6656,
                    "ori_size": 0,
                    "size": 452608
                }
            ],
            "used": [
                {
                    "name": "DmaIn.layer.copy_in__im_PropagateOutputNames_added_name_23",
                    "addr": 3755008,
                    "size": 439296
                },
                {
                    "name": "DmaIn.layer.copy_in_2Fmodel2Fface2Fhead_module2Fcls_pred2E02FConv_output_0",
                    "addr": 0,
                    "size": 6656
                },
                {
                    "name": "Concat.layer.im_propagate_output_names_generated_span_16",
                    "addr": 6656,
                    "size": 452608
                }
            ],
            "free": [
                {
                    "name": "Concat.layer.im_propagate_output_names_generated_span_16",
                    "addr": 3755008,
                    "size": 439296
                },
                {
                    "name": "Concat.layer.im_propagate_output_names_generated_span_16",
                    "addr": 0,
                    "size": 6656
                }
            ]
        },
        "kernel[3]": {
            "name": "DmaOut.layer.copy_out__im_PropagateOutputNames_added_name_24",
            "idx": 3,
            "mem_used_rate": 0.10791015625,
            "malloc": [],
            "used": [
                {
                    "name": "Concat.layer.im_propagate_output_names_generated_span_16",
                    "addr": 6656,
                    "size": 452608
                }
            ],
            "free": [
                {
                    "name": "DmaOut.layer.copy_out__im_PropagateOutputNames_added_name_24",
                    "addr": 6656,
                    "size": 452608
                }
            ]
        }
    },
    "max_peak_size": [
        {
            "size": 452608
        }
    ]
}