{
    "banks": [
        {
            "addr": 0,
            "size": 0
        }
    ],
    "patch_reserve": [],
    "param_reserve": [],
    "ops": {
        "kernel[0]": {
            "name": "DmaIn.layer.copy_in_2Fmodel2Fperson2Fhead_module2Fkpt_pred2E02Fkpt_pred2E02E02Fpointwise_conv2Fconv2FConv_output_0",
            "idx": 0,
            "mem_used_rate": 0.1015625,
            "malloc": [
                {
                    "addr": 3768320,
                    "ori_size": 0,
                    "size": 425984
                }
            ],
            "used": [
                {
                    "name": "DmaIn.layer.copy_in_2Fmodel2Fperson2Fhead_module2Fkpt_pred2E02Fkpt_pred2E02E02Fpointwise_conv2Fconv2FConv_output_0",
                    "addr": 3768320,
                    "size": 425984
                }
            ],
            "free": []
        },
        "kernel[1]": {
            "name": "DmaIn.layer.copy_in_2Fmodel2Fperson2Fhead_module2Fkpt_pred2E02Fkpt_pred2E02E02Fpointwise_conv2Factivate2FSigmoid_output_0",
            "idx": 1,
            "mem_used_rate": 0.203125,
            "malloc": [
                {
                    "addr": 0,
                    "ori_size": 0,
                    "size": 425984
                }
            ],
            "used": [
                {
                    "name": "DmaIn.layer.copy_in_2Fmodel2Fperson2Fhead_module2Fkpt_pred2E02Fkpt_pred2E02E02Fpointwise_conv2Fconv2FConv_output_0",
                    "addr": 3768320,
                    "size": 425984
                },
                {
                    "name": "DmaIn.layer.copy_in_2Fmodel2Fperson2Fhead_module2Fkpt_pred2E02Fkpt_pred2E02E02Fpointwise_conv2Factivate2FSigmoid_output_0",
                    "addr": 0,
                    "size": 425984
                }
            ],
            "free": []
        },
        "kernel[2]": {
            "name": "Eltwise.layer./model/person/head_module/kpt_pred.0/kpt_pred.0.0/pointwise_conv/activate/Mul",
            "idx": 2,
            "mem_used_rate": 0.203125,
            "malloc": [
                {
                    "addr": 3768320,
                    "ori_size": 0,
                    "size": 425984
                }
            ],
            "used": [
                {
                    "name": "DmaIn.layer.copy_in_2Fmodel2Fperson2Fhead_module2Fkpt_pred2E02Fkpt_pred2E02E02Fpointwise_conv2Fconv2FConv_output_0",
                    "addr": 3768320,
                    "size": 425984
                },
                {
                    "name": "DmaIn.layer.copy_in_2Fmodel2Fperson2Fhead_module2Fkpt_pred2E02Fkpt_pred2E02E02Fpointwise_conv2Factivate2FSigmoid_output_0",
                    "addr": 0,
                    "size": 425984
                }
            ],
            "free": [
                {
                    "name": "Eltwise.layer./model/person/head_module/kpt_pred.0/kpt_pred.0.0/pointwise_conv/activate/Mul",
                    "addr": 0,
                    "size": 425984
                }
            ]
        },
        "kernel[3]": {
            "name": "FetchParam.layer.Conv2d.layer./model/person/head_module/kpt_pred.0/kpt_pred.0.1/depthwise_conv/conv/Conv_im_0.0.fetch_param_data.layer",
            "idx": 3,
            "mem_used_rate": 0.1016845703125,
            "malloc": [
                {
                    "addr": 425984,
                    "ori_size": 0,
                    "size": 512
                }
            ],
            "used": [
                {
                    "name": "DmaIn.layer.copy_in_2Fmodel2Fperson2Fhead_module2Fkpt_pred2E02Fkpt_pred2E02E02Fpointwise_conv2Fconv2FConv_output_0",
                    "addr": 3768320,
                    "size": 425984
                },
                {
                    "name": "FetchParam.layer.Conv2d.layer./model/person/head_module/kpt_pred.0/kpt_pred.0.1/depthwise_conv/conv/Conv_im_0.0.fetch_param_data.layer",
                    "addr": 425984,
                    "size": 512
                }
            ],
            "free": []
        },
        "kernel[4]": {
            "name": "FetchParam.layer.Conv2d.layer./model/person/head_module/kpt_pred.0/kpt_pred.0.1/depthwise_conv/conv/Conv_im_0.1.fetch_param_data.layer",
            "idx": 4,
            "mem_used_rate": 0.101806640625,
            "malloc": [
                {
                    "addr": 426496,
                    "ori_size": 0,
                    "size": 512
                }
            ],
            "used": [
                {
                    "name": "DmaIn.layer.copy_in_2Fmodel2Fperson2Fhead_module2Fkpt_pred2E02Fkpt_pred2E02E02Fpointwise_conv2Fconv2FConv_output_0",
                    "addr": 3768320,
                    "size": 425984
                },
                {
                    "name": "FetchParam.layer.Conv2d.layer./model/person/head_module/kpt_pred.0/kpt_pred.0.1/depthwise_conv/conv/Conv_im_0.0.fetch_param_data.layer",
                    "addr": 425984,
                    "size": 512
                },
                {
                    "name": "FetchParam.layer.Conv2d.layer./model/person/head_module/kpt_pred.0/kpt_pred.0.1/depthwise_conv/conv/Conv_im_0.1.fetch_param_data.layer",
                    "addr": 426496,
                    "size": 512
                }
            ],
            "free": []
        },
        "kernel[5]": {
            "name": "DummyConcat.layer./model/person/head_module/kpt_pred.0/kpt_pred.0.1/depthwise_conv/conv/Conv_im_0.6",
            "idx": 5,
            "mem_used_rate": 0.203369140625,
            "malloc": [
                {
                    "addr": 427008,
                    "ori_size": 0,
                    "size": 425984
                }
            ],
            "used": [
                {
                    "name": "DmaIn.layer.copy_in_2Fmodel2Fperson2Fhead_module2Fkpt_pred2E02Fkpt_pred2E02E02Fpointwise_conv2Fconv2FConv_output_0",
                    "addr": 3768320,
                    "size": 425984
                },
                {
                    "name": "FetchParam.layer.Conv2d.layer./model/person/head_module/kpt_pred.0/kpt_pred.0.1/depthwise_conv/conv/Conv_im_0.0.fetch_param_data.layer",
                    "addr": 425984,
                    "size": 512
                },
                {
                    "name": "FetchParam.layer.Conv2d.layer./model/person/head_module/kpt_pred.0/kpt_pred.0.1/depthwise_conv/conv/Conv_im_0.1.fetch_param_data.layer",
                    "addr": 426496,
                    "size": 512
                },
                {
                    "name": "DummyConcat.layer./model/person/head_module/kpt_pred.0/kpt_pred.0.1/depthwise_conv/conv/Conv_im_0.6",
                    "addr": 427008,
                    "size": 425984
                }
            ],
            "free": []
        },
        "kernel[6]": {
            "name": "FetchParam.layer.Conv2d.layer./model/person/head_module/kpt_pred.0/kpt_pred.0.1/depthwise_conv/conv/Conv_im_0.2.fetch_param_data.layer",
            "idx": 6,
            "mem_used_rate": 0.2034912109375,
            "malloc": [
                {
                    "addr": 852992,
                    "ori_size": 0,
                    "size": 512
                }
            ],
            "used": [
                {
                    "name": "DmaIn.layer.copy_in_2Fmodel2Fperson2Fhead_module2Fkpt_pred2E02Fkpt_pred2E02E02Fpointwise_conv2Fconv2FConv_output_0",
                    "addr": 3768320,
                    "size": 425984
                },
                {
                    "name": "FetchParam.layer.Conv2d.layer./model/person/head_module/kpt_pred.0/kpt_pred.0.1/depthwise_conv/conv/Conv_im_0.0.fetch_param_data.layer",
                    "addr": 425984,
                    "size": 512
                },
                {
                    "name": "FetchParam.layer.Conv2d.layer./model/person/head_module/kpt_pred.0/kpt_pred.0.1/depthwise_conv/conv/Conv_im_0.1.fetch_param_data.layer",
                    "addr": 426496,
                    "size": 512
                },
                {
                    "name": "DummyConcat.layer./model/person/head_module/kpt_pred.0/kpt_pred.0.1/depthwise_conv/conv/Conv_im_0.6",
                    "addr": 427008,
                    "size": 425984
                },
                {
                    "name": "FetchParam.layer.Conv2d.layer./model/person/head_module/kpt_pred.0/kpt_pred.0.1/depthwise_conv/conv/Conv_im_0.2.fetch_param_data.layer",
                    "addr": 852992,
                    "size": 512
                }
            ],
            "free": []
        },
        "kernel[7]": {
            "name": "FetchParam.layer.Conv2d.layer./model/person/head_module/kpt_pred.0/kpt_pred.0.1/depthwise_conv/conv/Conv_im_0.3.fetch_param_data.layer",
            "idx": 7,
            "mem_used_rate": 0.20361328125,
            "malloc": [
                {
                    "addr": 853504,
                    "ori_size": 0,
                    "size": 512
                }
            ],
            "used": [
                {
                    "name": "DmaIn.layer.copy_in_2Fmodel2Fperson2Fhead_module2Fkpt_pred2E02Fkpt_pred2E02E02Fpointwise_conv2Fconv2FConv_output_0",
                    "addr": 3768320,
                    "size": 425984
                },
                {
                    "name": "FetchParam.layer.Conv2d.layer./model/person/head_module/kpt_pred.0/kpt_pred.0.1/depthwise_conv/conv/Conv_im_0.0.fetch_param_data.layer",
                    "addr": 425984,
                    "size": 512
                },
                {
                    "name": "FetchParam.layer.Conv2d.layer./model/person/head_module/kpt_pred.0/kpt_pred.0.1/depthwise_conv/conv/Conv_im_0.1.fetch_param_data.layer",
                    "addr": 426496,
                    "size": 512
                },
                {
                    "name": "DummyConcat.layer./model/person/head_module/kpt_pred.0/kpt_pred.0.1/depthwise_conv/conv/Conv_im_0.6",
                    "addr": 427008,
                    "size": 425984
                },
                {
                    "name": "FetchParam.layer.Conv2d.layer./model/person/head_module/kpt_pred.0/kpt_pred.0.1/depthwise_conv/conv/Conv_im_0.2.fetch_param_data.layer",
                    "addr": 852992,
                    "size": 512
                },
                {
                    "name": "FetchParam.layer.Conv2d.layer./model/person/head_module/kpt_pred.0/kpt_pred.0.1/depthwise_conv/conv/Conv_im_0.3.fetch_param_data.layer",
                    "addr": 853504,
                    "size": 512
                }
            ],
            "free": []
        },
        "kernel[8]": {
            "name": "FetchParam.layer.Conv2d.layer./model/person/head_module/kpt_pred.0/kpt_pred.0.1/depthwise_conv/conv/Conv_im_0.4.fetch_param_data.layer",
            "idx": 8,
            "mem_used_rate": 0.2037353515625,
            "malloc": [
                {
                    "addr": 854016,
                    "ori_size": 0,
                    "size": 512
                }
            ],
            "used": [
                {
                    "name": "DmaIn.layer.copy_in_2Fmodel2Fperson2Fhead_module2Fkpt_pred2E02Fkpt_pred2E02E02Fpointwise_conv2Fconv2FConv_output_0",
                    "addr": 3768320,
                    "size": 425984
                },
                {
                    "name": "FetchParam.layer.Conv2d.layer./model/person/head_module/kpt_pred.0/kpt_pred.0.1/depthwise_conv/conv/Conv_im_0.0.fetch_param_data.layer",
                    "addr": 425984,
                    "size": 512
                },
                {
                    "name": "FetchParam.layer.Conv2d.layer./model/person/head_module/kpt_pred.0/kpt_pred.0.1/depthwise_conv/conv/Conv_im_0.1.fetch_param_data.layer",
                    "addr": 426496,
                    "size": 512
                },
                {
                    "name": "DummyConcat.layer./model/person/head_module/kpt_pred.0/kpt_pred.0.1/depthwise_conv/conv/Conv_im_0.6",
                    "addr": 427008,
                    "size": 425984
                },
                {
                    "name": "FetchParam.layer.Conv2d.layer./model/person/head_module/kpt_pred.0/kpt_pred.0.1/depthwise_conv/conv/Conv_im_0.2.fetch_param_data.layer",
                    "addr": 852992,
                    "size": 512
                },
                {
                    "name": "FetchParam.layer.Conv2d.layer./model/person/head_module/kpt_pred.0/kpt_pred.0.1/depthwise_conv/conv/Conv_im_0.3.fetch_param_data.layer",
                    "addr": 853504,
                    "size": 512
                },
                {
                    "name": "FetchParam.layer.Conv2d.layer./model/person/head_module/kpt_pred.0/kpt_pred.0.1/depthwise_conv/conv/Conv_im_0.4.fetch_param_data.layer",
                    "addr": 854016,
                    "size": 512
                }
            ],
            "free": []
        },
        "kernel[9]": {
            "name": "FetchParam.layer.Conv2d.layer./model/person/head_module/kpt_pred.0/kpt_pred.0.1/depthwise_conv/conv/Conv_im_0.5.fetch_param_data.layer",
            "idx": 9,
            "mem_used_rate": 0.203857421875,
            "malloc": [
                {
                    "addr": 854528,
                    "ori_size": 0,
                    "size": 512
                }
            ],
            "used": [
                {
                    "name": "DmaIn.layer.copy_in_2Fmodel2Fperson2Fhead_module2Fkpt_pred2E02Fkpt_pred2E02E02Fpointwise_conv2Fconv2FConv_output_0",
                    "addr": 3768320,
                    "size": 425984
                },
                {
                    "name": "FetchParam.layer.Conv2d.layer./model/person/head_module/kpt_pred.0/kpt_pred.0.1/depthwise_conv/conv/Conv_im_0.0.fetch_param_data.layer",
                    "addr": 425984,
                    "size": 512
                },
                {
                    "name": "FetchParam.layer.Conv2d.layer./model/person/head_module/kpt_pred.0/kpt_pred.0.1/depthwise_conv/conv/Conv_im_0.1.fetch_param_data.layer",
                    "addr": 426496,
                    "size": 512
                },
                {
                    "name": "DummyConcat.layer./model/person/head_module/kpt_pred.0/kpt_pred.0.1/depthwise_conv/conv/Conv_im_0.6",
                    "addr": 427008,
                    "size": 425984
                },
                {
                    "name": "FetchParam.layer.Conv2d.layer./model/person/head_module/kpt_pred.0/kpt_pred.0.1/depthwise_conv/conv/Conv_im_0.2.fetch_param_data.layer",
                    "addr": 852992,
                    "size": 512
                },
                {
                    "name": "FetchParam.layer.Conv2d.layer./model/person/head_module/kpt_pred.0/kpt_pred.0.1/depthwise_conv/conv/Conv_im_0.3.fetch_param_data.layer",
                    "addr": 853504,
                    "size": 512
                },
                {
                    "name": "FetchParam.layer.Conv2d.layer./model/person/head_module/kpt_pred.0/kpt_pred.0.1/depthwise_conv/conv/Conv_im_0.4.fetch_param_data.layer",
                    "addr": 854016,
                    "size": 512
                },
                {
                    "name": "FetchParam.layer.Conv2d.layer./model/person/head_module/kpt_pred.0/kpt_pred.0.1/depthwise_conv/conv/Conv_im_0.5.fetch_param_data.layer",
                    "addr": 854528,
                    "size": 512
                }
            ],
            "free": []
        },
        "kernel[10]": {
            "name": "FetchParam.layer.Conv2d.layer./model/person/head_module/kpt_pred.0/kpt_pred.0.1/depthwise_conv/conv/Conv_im_0.6.fetch_param_data.layer",
            "idx": 10,
            "mem_used_rate": 0.2039794921875,
            "malloc": [
                {
                    "addr": 855040,
                    "ori_size": 0,
                    "size": 512
                }
            ],
            "used": [
                {
                    "name": "DmaIn.layer.copy_in_2Fmodel2Fperson2Fhead_module2Fkpt_pred2E02Fkpt_pred2E02E02Fpointwise_conv2Fconv2FConv_output_0",
                    "addr": 3768320,
                    "size": 425984
                },
                {
                    "name": "FetchParam.layer.Conv2d.layer./model/person/head_module/kpt_pred.0/kpt_pred.0.1/depthwise_conv/conv/Conv_im_0.0.fetch_param_data.layer",
                    "addr": 425984,
                    "size": 512
                },
                {
                    "name": "FetchParam.layer.Conv2d.layer./model/person/head_module/kpt_pred.0/kpt_pred.0.1/depthwise_conv/conv/Conv_im_0.1.fetch_param_data.layer",
                    "addr": 426496,
                    "size": 512
                },
                {
                    "name": "DummyConcat.layer./model/person/head_module/kpt_pred.0/kpt_pred.0.1/depthwise_conv/conv/Conv_im_0.6",
                    "addr": 427008,
                    "size": 425984
                },
                {
                    "name": "FetchParam.layer.Conv2d.layer./model/person/head_module/kpt_pred.0/kpt_pred.0.1/depthwise_conv/conv/Conv_im_0.2.fetch_param_data.layer",
                    "addr": 852992,
                    "size": 512
                },
                {
                    "name": "FetchParam.layer.Conv2d.layer./model/person/head_module/kpt_pred.0/kpt_pred.0.1/depthwise_conv/conv/Conv_im_0.3.fetch_param_data.layer",
                    "addr": 853504,
                    "size": 512
                },
                {
                    "name": "FetchParam.layer.Conv2d.layer./model/person/head_module/kpt_pred.0/kpt_pred.0.1/depthwise_conv/conv/Conv_im_0.4.fetch_param_data.layer",
                    "addr": 854016,
                    "size": 512
                },
                {
                    "name": "FetchParam.layer.Conv2d.layer./model/person/head_module/kpt_pred.0/kpt_pred.0.1/depthwise_conv/conv/Conv_im_0.5.fetch_param_data.layer",
                    "addr": 854528,
                    "size": 512
                },
                {
                    "name": "FetchParam.layer.Conv2d.layer./model/person/head_module/kpt_pred.0/kpt_pred.0.1/depthwise_conv/conv/Conv_im_0.6.fetch_param_data.layer",
                    "addr": 855040,
                    "size": 512
                }
            ],
            "free": []
        },
        "kernel[11]": {
            "name": "FetchParam.layer.Conv2d.layer./model/person/head_module/kpt_pred.0/kpt_pred.0.1/depthwise_conv/conv/Conv_im_0.7.fetch_param_data.layer",
            "idx": 11,
            "mem_used_rate": 0.2041015625,
            "malloc": [
                {
                    "addr": 855552,
                    "ori_size": 0,
                    "size": 512
                }
            ],
            "used": [
                {
                    "name": "DmaIn.layer.copy_in_2Fmodel2Fperson2Fhead_module2Fkpt_pred2E02Fkpt_pred2E02E02Fpointwise_conv2Fconv2FConv_output_0",
                    "addr": 3768320,
                    "size": 425984
                },
                {
                    "name": "FetchParam.layer.Conv2d.layer./model/person/head_module/kpt_pred.0/kpt_pred.0.1/depthwise_conv/conv/Conv_im_0.0.fetch_param_data.layer",
                    "addr": 425984,
                    "size": 512
                },
                {
                    "name": "FetchParam.layer.Conv2d.layer./model/person/head_module/kpt_pred.0/kpt_pred.0.1/depthwise_conv/conv/Conv_im_0.1.fetch_param_data.layer",
                    "addr": 426496,
                    "size": 512
                },
                {
                    "name": "DummyConcat.layer./model/person/head_module/kpt_pred.0/kpt_pred.0.1/depthwise_conv/conv/Conv_im_0.6",
                    "addr": 427008,
                    "size": 425984
                },
                {
                    "name": "FetchParam.layer.Conv2d.layer./model/person/head_module/kpt_pred.0/kpt_pred.0.1/depthwise_conv/conv/Conv_im_0.2.fetch_param_data.layer",
                    "addr": 852992,
                    "size": 512
                },
                {
                    "name": "FetchParam.layer.Conv2d.layer./model/person/head_module/kpt_pred.0/kpt_pred.0.1/depthwise_conv/conv/Conv_im_0.3.fetch_param_data.layer",
                    "addr": 853504,
                    "size": 512
                },
                {
                    "name": "FetchParam.layer.Conv2d.layer./model/person/head_module/kpt_pred.0/kpt_pred.0.1/depthwise_conv/conv/Conv_im_0.4.fetch_param_data.layer",
                    "addr": 854016,
                    "size": 512
                },
                {
                    "name": "FetchParam.layer.Conv2d.layer./model/person/head_module/kpt_pred.0/kpt_pred.0.1/depthwise_conv/conv/Conv_im_0.5.fetch_param_data.layer",
                    "addr": 854528,
                    "size": 512
                },
                {
                    "name": "FetchParam.layer.Conv2d.layer./model/person/head_module/kpt_pred.0/kpt_pred.0.1/depthwise_conv/conv/Conv_im_0.6.fetch_param_data.layer",
                    "addr": 855040,
                    "size": 512
                },
                {
                    "name": "FetchParam.layer.Conv2d.layer./model/person/head_module/kpt_pred.0/kpt_pred.0.1/depthwise_conv/conv/Conv_im_0.7.fetch_param_data.layer",
                    "addr": 855552,
                    "size": 512
                }
            ],
            "free": []
        },
        "kernel[12]": {
            "name": "Conv2d.layer./model/person/head_module/kpt_pred.0/kpt_pred.0.1/depthwise_conv/conv/Conv_im_0.0",
            "idx": 12,
            "mem_used_rate": 0.19140625,
            "malloc": [],
            "used": [
                {
                    "name": "DmaIn.layer.copy_in_2Fmodel2Fperson2Fhead_module2Fkpt_pred2E02Fkpt_pred2E02E02Fpointwise_conv2Fconv2FConv_output_0",
                    "addr": 3768320,
                    "size": 425984
                },
                {
                    "name": "FetchParam.layer.Conv2d.layer./model/person/head_module/kpt_pred.0/kpt_pred.0.1/depthwise_conv/conv/Conv_im_0.0.fetch_param_data.layer",
                    "addr": 425984,
                    "size": 512
                },
                {
                    "name": "FetchParam.layer.Conv2d.layer./model/person/head_module/kpt_pred.0/kpt_pred.0.1/depthwise_conv/conv/Conv_im_0.1.fetch_param_data.layer",
                    "addr": 426496,
                    "size": 512
                },
                {
                    "name": "DummyConcat.layer./model/person/head_module/kpt_pred.0/kpt_pred.0.1/depthwise_conv/conv/Conv_im_0.6",
                    "addr": 427008,
                    "size": 425984
                },
                {
                    "name": "FetchParam.layer.Conv2d.layer./model/person/head_module/kpt_pred.0/kpt_pred.0.1/depthwise_conv/conv/Conv_im_0.2.fetch_param_data.layer",
                    "addr": 852992,
                    "size": 512
                },
                {
                    "name": "FetchParam.layer.Conv2d.layer./model/person/head_module/kpt_pred.0/kpt_pred.0.1/depthwise_conv/conv/Conv_im_0.3.fetch_param_data.layer",
                    "addr": 853504,
                    "size": 512
                },
                {
                    "name": "FetchParam.layer.Conv2d.layer./model/person/head_module/kpt_pred.0/kpt_pred.0.1/depthwise_conv/conv/Conv_im_0.4.fetch_param_data.layer",
                    "addr": 854016,
                    "size": 512
                },
                {
                    "name": "FetchParam.layer.Conv2d.layer./model/person/head_module/kpt_pred.0/kpt_pred.0.1/depthwise_conv/conv/Conv_im_0.5.fetch_param_data.layer",
                    "addr": 854528,
                    "size": 512
                },
                {
                    "name": "FetchParam.layer.Conv2d.layer./model/person/head_module/kpt_pred.0/kpt_pred.0.1/depthwise_conv/conv/Conv_im_0.6.fetch_param_data.layer",
                    "addr": 855040,
                    "size": 512
                },
                {
                    "name": "FetchParam.layer.Conv2d.layer./model/person/head_module/kpt_pred.0/kpt_pred.0.1/depthwise_conv/conv/Conv_im_0.7.fetch_param_data.layer",
                    "addr": 855552,
                    "size": 512
                }
            ],
            "free": [
                {
                    "name": "Conv2d.layer./model/person/head_module/kpt_pred.0/kpt_pred.0.1/depthwise_conv/conv/Conv_im_0.0",
                    "addr": 3768320,
                    "size": 53248
                },
                {
                    "name": "Conv2d.layer./model/person/head_module/kpt_pred.0/kpt_pred.0.1/depthwise_conv/conv/Conv_im_0.0",
                    "addr": 425984,
                    "size": 512
                }
            ]
        },
        "kernel[13]": {
            "name": "Conv2d.layer./model/person/head_module/kpt_pred.0/kpt_pred.0.1/depthwise_conv/conv/Conv_im_0.1",
            "idx": 13,
            "mem_used_rate": 0.1785888671875,
            "malloc": [],
            "used": [
                {
                    "name": "DmaIn.layer.copy_in_2Fmodel2Fperson2Fhead_module2Fkpt_pred2E02Fkpt_pred2E02E02Fpointwise_conv2Fconv2FConv_output_0",
                    "addr": 3821568,
                    "size": 372736
                },
                {
                    "name": "FetchParam.layer.Conv2d.layer./model/person/head_module/kpt_pred.0/kpt_pred.0.1/depthwise_conv/conv/Conv_im_0.1.fetch_param_data.layer",
                    "addr": 426496,
                    "size": 512
                },
                {
                    "name": "DummyConcat.layer./model/person/head_module/kpt_pred.0/kpt_pred.0.1/depthwise_conv/conv/Conv_im_0.6",
                    "addr": 427008,
                    "size": 425984
                },
                {
                    "name": "FetchParam.layer.Conv2d.layer./model/person/head_module/kpt_pred.0/kpt_pred.0.1/depthwise_conv/conv/Conv_im_0.2.fetch_param_data.layer",
                    "addr": 852992,
                    "size": 512
                },
                {
                    "name": "FetchParam.layer.Conv2d.layer./model/person/head_module/kpt_pred.0/kpt_pred.0.1/depthwise_conv/conv/Conv_im_0.3.fetch_param_data.layer",
                    "addr": 853504,
                    "size": 512
                },
                {
                    "name": "FetchParam.layer.Conv2d.layer./model/person/head_module/kpt_pred.0/kpt_pred.0.1/depthwise_conv/conv/Conv_im_0.4.fetch_param_data.layer",
                    "addr": 854016,
                    "size": 512
                },
                {
                    "name": "FetchParam.layer.Conv2d.layer./model/person/head_module/kpt_pred.0/kpt_pred.0.1/depthwise_conv/conv/Conv_im_0.5.fetch_param_data.layer",
                    "addr": 854528,
                    "size": 512
                },
                {
                    "name": "FetchParam.layer.Conv2d.layer./model/person/head_module/kpt_pred.0/kpt_pred.0.1/depthwise_conv/conv/Conv_im_0.6.fetch_param_data.layer",
                    "addr": 855040,
                    "size": 512
                },
                {
                    "name": "FetchParam.layer.Conv2d.layer./model/person/head_module/kpt_pred.0/kpt_pred.0.1/depthwise_conv/conv/Conv_im_0.7.fetch_param_data.layer",
                    "addr": 855552,
                    "size": 512
                }
            ],
            "free": [
                {
                    "name": "Conv2d.layer./model/person/head_module/kpt_pred.0/kpt_pred.0.1/depthwise_conv/conv/Conv_im_0.1",
                    "addr": 3821568,
                    "size": 53248
                },
                {
                    "name": "Conv2d.layer./model/person/head_module/kpt_pred.0/kpt_pred.0.1/depthwise_conv/conv/Conv_im_0.1",
                    "addr": 426496,
                    "size": 512
                }
            ]
        },
        "kernel[14]": {
            "name": "Conv2d.layer./model/person/head_module/kpt_pred.0/kpt_pred.0.1/depthwise_conv/conv/Conv_im_0.2",
            "idx": 14,
            "mem_used_rate": 0.165771484375,
            "malloc": [],
            "used": [
                {
                    "name": "DmaIn.layer.copy_in_2Fmodel2Fperson2Fhead_module2Fkpt_pred2E02Fkpt_pred2E02E02Fpointwise_conv2Fconv2FConv_output_0",
                    "addr": 3874816,
                    "size": 319488
                },
                {
                    "name": "DummyConcat.layer./model/person/head_module/kpt_pred.0/kpt_pred.0.1/depthwise_conv/conv/Conv_im_0.6",
                    "addr": 427008,
                    "size": 425984
                },
                {
                    "name": "FetchParam.layer.Conv2d.layer./model/person/head_module/kpt_pred.0/kpt_pred.0.1/depthwise_conv/conv/Conv_im_0.2.fetch_param_data.layer",
                    "addr": 852992,
                    "size": 512
                },
                {
                    "name": "FetchParam.layer.Conv2d.layer./model/person/head_module/kpt_pred.0/kpt_pred.0.1/depthwise_conv/conv/Conv_im_0.3.fetch_param_data.layer",
                    "addr": 853504,
                    "size": 512
                },
                {
                    "name": "FetchParam.layer.Conv2d.layer./model/person/head_module/kpt_pred.0/kpt_pred.0.1/depthwise_conv/conv/Conv_im_0.4.fetch_param_data.layer",
                    "addr": 854016,
                    "size": 512
                },
                {
                    "name": "FetchParam.layer.Conv2d.layer./model/person/head_module/kpt_pred.0/kpt_pred.0.1/depthwise_conv/conv/Conv_im_0.5.fetch_param_data.layer",
                    "addr": 854528,
                    "size": 512
                },
                {
                    "name": "FetchParam.layer.Conv2d.layer./model/person/head_module/kpt_pred.0/kpt_pred.0.1/depthwise_conv/conv/Conv_im_0.6.fetch_param_data.layer",
                    "addr": 855040,
                    "size": 512
                },
                {
                    "name": "FetchParam.layer.Conv2d.layer./model/person/head_module/kpt_pred.0/kpt_pred.0.1/depthwise_conv/conv/Conv_im_0.7.fetch_param_data.layer",
                    "addr": 855552,
                    "size": 512
                }
            ],
            "free": [
                {
                    "name": "Conv2d.layer./model/person/head_module/kpt_pred.0/kpt_pred.0.1/depthwise_conv/conv/Conv_im_0.2",
                    "addr": 3874816,
                    "size": 53248
                },
                {
                    "name": "Conv2d.layer./model/person/head_module/kpt_pred.0/kpt_pred.0.1/depthwise_conv/conv/Conv_im_0.2",
                    "addr": 852992,
                    "size": 512
                }
            ]
        },
        "kernel[15]": {
            "name": "Conv2d.layer./model/person/head_module/kpt_pred.0/kpt_pred.0.1/depthwise_conv/conv/Conv_im_0.3",
            "idx": 15,
            "mem_used_rate": 0.1529541015625,
            "malloc": [],
            "used": [
                {
                    "name": "DmaIn.layer.copy_in_2Fmodel2Fperson2Fhead_module2Fkpt_pred2E02Fkpt_pred2E02E02Fpointwise_conv2Fconv2FConv_output_0",
                    "addr": 3928064,
                    "size": 266240
                },
                {
                    "name": "DummyConcat.layer./model/person/head_module/kpt_pred.0/kpt_pred.0.1/depthwise_conv/conv/Conv_im_0.6",
                    "addr": 427008,
                    "size": 425984
                },
                {
                    "name": "FetchParam.layer.Conv2d.layer./model/person/head_module/kpt_pred.0/kpt_pred.0.1/depthwise_conv/conv/Conv_im_0.3.fetch_param_data.layer",
                    "addr": 853504,
                    "size": 512
                },
                {
                    "name": "FetchParam.layer.Conv2d.layer./model/person/head_module/kpt_pred.0/kpt_pred.0.1/depthwise_conv/conv/Conv_im_0.4.fetch_param_data.layer",
                    "addr": 854016,
                    "size": 512
                },
                {
                    "name": "FetchParam.layer.Conv2d.layer./model/person/head_module/kpt_pred.0/kpt_pred.0.1/depthwise_conv/conv/Conv_im_0.5.fetch_param_data.layer",
                    "addr": 854528,
                    "size": 512
                },
                {
                    "name": "FetchParam.layer.Conv2d.layer./model/person/head_module/kpt_pred.0/kpt_pred.0.1/depthwise_conv/conv/Conv_im_0.6.fetch_param_data.layer",
                    "addr": 855040,
                    "size": 512
                },
                {
                    "name": "FetchParam.layer.Conv2d.layer./model/person/head_module/kpt_pred.0/kpt_pred.0.1/depthwise_conv/conv/Conv_im_0.7.fetch_param_data.layer",
                    "addr": 855552,
                    "size": 512
                }
            ],
            "free": [
                {
                    "name": "Conv2d.layer./model/person/head_module/kpt_pred.0/kpt_pred.0.1/depthwise_conv/conv/Conv_im_0.3",
                    "addr": 3928064,
                    "size": 53248
                },
                {
                    "name": "Conv2d.layer./model/person/head_module/kpt_pred.0/kpt_pred.0.1/depthwise_conv/conv/Conv_im_0.3",
                    "addr": 853504,
                    "size": 512
                }
            ]
        },
        "kernel[16]": {
            "name": "Conv2d.layer./model/person/head_module/kpt_pred.0/kpt_pred.0.1/depthwise_conv/conv/Conv_im_0.4",
            "idx": 16,
            "mem_used_rate": 0.14013671875,
            "malloc": [],
            "used": [
                {
                    "name": "DmaIn.layer.copy_in_2Fmodel2Fperson2Fhead_module2Fkpt_pred2E02Fkpt_pred2E02E02Fpointwise_conv2Fconv2FConv_output_0",
                    "addr": 3981312,
                    "size": 212992
                },
                {
                    "name": "DummyConcat.layer./model/person/head_module/kpt_pred.0/kpt_pred.0.1/depthwise_conv/conv/Conv_im_0.6",
                    "addr": 427008,
                    "size": 425984
                },
                {
                    "name": "FetchParam.layer.Conv2d.layer./model/person/head_module/kpt_pred.0/kpt_pred.0.1/depthwise_conv/conv/Conv_im_0.4.fetch_param_data.layer",
                    "addr": 854016,
                    "size": 512
                },
                {
                    "name": "FetchParam.layer.Conv2d.layer./model/person/head_module/kpt_pred.0/kpt_pred.0.1/depthwise_conv/conv/Conv_im_0.5.fetch_param_data.layer",
                    "addr": 854528,
                    "size": 512
                },
                {
                    "name": "FetchParam.layer.Conv2d.layer./model/person/head_module/kpt_pred.0/kpt_pred.0.1/depthwise_conv/conv/Conv_im_0.6.fetch_param_data.layer",
                    "addr": 855040,
                    "size": 512
                },
                {
                    "name": "FetchParam.layer.Conv2d.layer./model/person/head_module/kpt_pred.0/kpt_pred.0.1/depthwise_conv/conv/Conv_im_0.7.fetch_param_data.layer",
                    "addr": 855552,
                    "size": 512
                }
            ],
            "free": [
                {
                    "name": "Conv2d.layer./model/person/head_module/kpt_pred.0/kpt_pred.0.1/depthwise_conv/conv/Conv_im_0.4",
                    "addr": 3981312,
                    "size": 53248
                },
                {
                    "name": "Conv2d.layer./model/person/head_module/kpt_pred.0/kpt_pred.0.1/depthwise_conv/conv/Conv_im_0.4",
                    "addr": 854016,
                    "size": 512
                }
            ]
        },
        "kernel[17]": {
            "name": "Conv2d.layer./model/person/head_module/kpt_pred.0/kpt_pred.0.1/depthwise_conv/conv/Conv_im_0.5",
            "idx": 17,
            "mem_used_rate": 0.1273193359375,
            "malloc": [],
            "used": [
                {
                    "name": "DmaIn.layer.copy_in_2Fmodel2Fperson2Fhead_module2Fkpt_pred2E02Fkpt_pred2E02E02Fpointwise_conv2Fconv2FConv_output_0",
                    "addr": 4034560,
                    "size": 159744
                },
                {
                    "name": "DummyConcat.layer./model/person/head_module/kpt_pred.0/kpt_pred.0.1/depthwise_conv/conv/Conv_im_0.6",
                    "addr": 427008,
                    "size": 425984
                },
                {
                    "name": "FetchParam.layer.Conv2d.layer./model/person/head_module/kpt_pred.0/kpt_pred.0.1/depthwise_conv/conv/Conv_im_0.5.fetch_param_data.layer",
                    "addr": 854528,
                    "size": 512
                },
                {
                    "name": "FetchParam.layer.Conv2d.layer./model/person/head_module/kpt_pred.0/kpt_pred.0.1/depthwise_conv/conv/Conv_im_0.6.fetch_param_data.layer",
                    "addr": 855040,
                    "size": 512
                },
                {
                    "name": "FetchParam.layer.Conv2d.layer./model/person/head_module/kpt_pred.0/kpt_pred.0.1/depthwise_conv/conv/Conv_im_0.7.fetch_param_data.layer",
                    "addr": 855552,
                    "size": 512
                }
            ],
            "free": [
                {
                    "name": "Conv2d.layer./model/person/head_module/kpt_pred.0/kpt_pred.0.1/depthwise_conv/conv/Conv_im_0.5",
                    "addr": 4034560,
                    "size": 53248
                },
                {
                    "name": "Conv2d.layer./model/person/head_module/kpt_pred.0/kpt_pred.0.1/depthwise_conv/conv/Conv_im_0.5",
                    "addr": 854528,
                    "size": 512
                }
            ]
        },
        "kernel[18]": {
            "name": "Conv2d.layer./model/person/head_module/kpt_pred.0/kpt_pred.0.1/depthwise_conv/conv/Conv_im_0.6",
            "idx": 18,
            "mem_used_rate": 0.114501953125,
            "malloc": [],
            "used": [
                {
                    "name": "DmaIn.layer.copy_in_2Fmodel2Fperson2Fhead_module2Fkpt_pred2E02Fkpt_pred2E02E02Fpointwise_conv2Fconv2FConv_output_0",
                    "addr": 4087808,
                    "size": 106496
                },
                {
                    "name": "DummyConcat.layer./model/person/head_module/kpt_pred.0/kpt_pred.0.1/depthwise_conv/conv/Conv_im_0.6",
                    "addr": 427008,
                    "size": 425984
                },
                {
                    "name": "FetchParam.layer.Conv2d.layer./model/person/head_module/kpt_pred.0/kpt_pred.0.1/depthwise_conv/conv/Conv_im_0.6.fetch_param_data.layer",
                    "addr": 855040,
                    "size": 512
                },
                {
                    "name": "FetchParam.layer.Conv2d.layer./model/person/head_module/kpt_pred.0/kpt_pred.0.1/depthwise_conv/conv/Conv_im_0.7.fetch_param_data.layer",
                    "addr": 855552,
                    "size": 512
                }
            ],
            "free": [
                {
                    "name": "Conv2d.layer./model/person/head_module/kpt_pred.0/kpt_pred.0.1/depthwise_conv/conv/Conv_im_0.6",
                    "addr": 4087808,
                    "size": 53248
                },
                {
                    "name": "Conv2d.layer./model/person/head_module/kpt_pred.0/kpt_pred.0.1/depthwise_conv/conv/Conv_im_0.6",
                    "addr": 855040,
                    "size": 512
                }
            ]
        },
        "kernel[19]": {
            "name": "Conv2d.layer./model/person/head_module/kpt_pred.0/kpt_pred.0.1/depthwise_conv/conv/Conv_im_0.7",
            "idx": 19,
            "mem_used_rate": 0.1016845703125,
            "malloc": [],
            "used": [
                {
                    "name": "DmaIn.layer.copy_in_2Fmodel2Fperson2Fhead_module2Fkpt_pred2E02Fkpt_pred2E02E02Fpointwise_conv2Fconv2FConv_output_0",
                    "addr": 4141056,
                    "size": 53248
                },
                {
                    "name": "DummyConcat.layer./model/person/head_module/kpt_pred.0/kpt_pred.0.1/depthwise_conv/conv/Conv_im_0.6",
                    "addr": 427008,
                    "size": 425984
                },
                {
                    "name": "FetchParam.layer.Conv2d.layer./model/person/head_module/kpt_pred.0/kpt_pred.0.1/depthwise_conv/conv/Conv_im_0.7.fetch_param_data.layer",
                    "addr": 855552,
                    "size": 512
                }
            ],
            "free": [
                {
                    "name": "Conv2d.layer./model/person/head_module/kpt_pred.0/kpt_pred.0.1/depthwise_conv/conv/Conv_im_0.7",
                    "addr": 4141056,
                    "size": 53248
                },
                {
                    "name": "Conv2d.layer./model/person/head_module/kpt_pred.0/kpt_pred.0.1/depthwise_conv/conv/Conv_im_0.7",
                    "addr": 855552,
                    "size": 512
                }
            ]
        },
        "kernel[20]": {
            "name": "DmaOut.layer.copy_out_2Fmodel2Fperson2Fhead_module2Fkpt_pred2E02Fkpt_pred2E02E12Fdepthwise_conv2Fconv2FConv_output_0",
            "idx": 20,
            "mem_used_rate": 0.0126953125,
            "malloc": [],
            "used": [
                {
                    "name": "DummyConcat.layer./model/person/head_module/kpt_pred.0/kpt_pred.0.1/depthwise_conv/conv/Conv_im_0.6",
                    "addr": 427008,
                    "size": 425984
                }
            ],
            "free": [
                {
                    "name": "DmaOut.layer.copy_out_2Fmodel2Fperson2Fhead_module2Fkpt_pred2E02Fkpt_pred2E02E12Fdepthwise_conv2Fconv2FConv_output_0",
                    "addr": 427008,
                    "size": 53248
                },
                {
                    "name": "DmaOut.layer.copy_out_2Fmodel2Fperson2Fhead_module2Fkpt_pred2E02Fkpt_pred2E02E12Fdepthwise_conv2Fconv2FConv_output_0",
                    "addr": 480256,
                    "size": 53248
                },
                {
                    "name": "DmaOut.layer.copy_out_2Fmodel2Fperson2Fhead_module2Fkpt_pred2E02Fkpt_pred2E02E12Fdepthwise_conv2Fconv2FConv_output_0",
                    "addr": 533504,
                    "size": 53248
                },
                {
                    "name": "DmaOut.layer.copy_out_2Fmodel2Fperson2Fhead_module2Fkpt_pred2E02Fkpt_pred2E02E12Fdepthwise_conv2Fconv2FConv_output_0",
                    "addr": 586752,
                    "size": 53248
                },
                {
                    "name": "DmaOut.layer.copy_out_2Fmodel2Fperson2Fhead_module2Fkpt_pred2E02Fkpt_pred2E02E12Fdepthwise_conv2Fconv2FConv_output_0",
                    "addr": 640000,
                    "size": 53248
                },
                {
                    "name": "DmaOut.layer.copy_out_2Fmodel2Fperson2Fhead_module2Fkpt_pred2E02Fkpt_pred2E02E12Fdepthwise_conv2Fconv2FConv_output_0",
                    "addr": 693248,
                    "size": 53248
                },
                {
                    "name": "DmaOut.layer.copy_out_2Fmodel2Fperson2Fhead_module2Fkpt_pred2E02Fkpt_pred2E02E12Fdepthwise_conv2Fconv2FConv_output_0",
                    "addr": 746496,
                    "size": 53248
                },
                {
                    "name": "DmaOut.layer.copy_out_2Fmodel2Fperson2Fhead_module2Fkpt_pred2E02Fkpt_pred2E02E12Fdepthwise_conv2Fconv2FConv_output_0",
                    "addr": 799744,
                    "size": 53248
                }
            ]
        }
    },
    "max_peak_size": [
        {
            "size": 856064
        }
    ]
}