{
    "banks": [
        {
            "addr": 0,
            "size": 0
        }
    ],
    "patch_reserve": [],
    "param_reserve": [],
    "ops": {
        "kernel[0]": {
            "name": "DmaIn.layer.copy_in_408",
            "idx": 0,
            "mem_used_rate": 0.029296875,
            "malloc": [
                {
                    "addr": 4071424,
                    "ori_size": 0,
                    "size": 122880
                }
            ],
            "used": [
                {
                    "name": "DmaIn.layer.copy_in_408",
                    "addr": 4071424,
                    "size": 122880
                }
            ],
            "free": []
        },
        "kernel[1]": {
            "name": "FetchParam.layer.Conv2d.layer.Conv_195_im_0.split.co.0.fetch_param_data.layer",
            "idx": 1,
            "mem_used_rate": 0.03717041015625,
            "malloc": [
                {
                    "addr": 0,
                    "ori_size": 0,
                    "size": 33024
                }
            ],
            "used": [
                {
                    "name": "DmaIn.layer.copy_in_408",
                    "addr": 4071424,
                    "size": 122880
                },
                {
                    "name": "FetchParam.layer.Conv2d.layer.Conv_195_im_0.split.co.0.fetch_param_data.layer",
                    "addr": 0,
                    "size": 33024
                }
            ],
            "free": []
        },
        "kernel[2]": {
            "name": "FetchParam.layer.Conv2d.layer.Conv_195_im_0.split.co.1.fetch_param_data.layer",
            "idx": 2,
            "mem_used_rate": 0.0450439453125,
            "malloc": [
                {
                    "addr": 33024,
                    "ori_size": 0,
                    "size": 33024
                }
            ],
            "used": [
                {
                    "name": "DmaIn.layer.copy_in_408",
                    "addr": 4071424,
                    "size": 122880
                },
                {
                    "name": "FetchParam.layer.Conv2d.layer.Conv_195_im_0.split.co.0.fetch_param_data.layer",
                    "addr": 0,
                    "size": 33024
                },
                {
                    "name": "FetchParam.layer.Conv2d.layer.Conv_195_im_0.split.co.1.fetch_param_data.layer",
                    "addr": 33024,
                    "size": 33024
                }
            ],
            "free": []
        },
        "kernel[3]": {
            "name": "DummyConcat.layer.Conv_195_im_0.0",
            "idx": 3,
            "mem_used_rate": 0.1036376953125,
            "malloc": [
                {
                    "addr": 66048,
                    "ori_size": 0,
                    "size": 245760
                }
            ],
            "used": [
                {
                    "name": "DmaIn.layer.copy_in_408",
                    "addr": 4071424,
                    "size": 122880
                },
                {
                    "name": "FetchParam.layer.Conv2d.layer.Conv_195_im_0.split.co.0.fetch_param_data.layer",
                    "addr": 0,
                    "size": 33024
                },
                {
                    "name": "FetchParam.layer.Conv2d.layer.Conv_195_im_0.split.co.1.fetch_param_data.layer",
                    "addr": 33024,
                    "size": 33024
                },
                {
                    "name": "DummyConcat.layer.Conv_195_im_0.0",
                    "addr": 66048,
                    "size": 245760
                }
            ],
            "free": []
        },
        "kernel[4]": {
            "name": "Conv2d.layer.Conv_195_im_0.split.co.0",
            "idx": 4,
            "mem_used_rate": 0.1036376953125,
            "malloc": [],
            "used": [
                {
                    "name": "DmaIn.layer.copy_in_408",
                    "addr": 4071424,
                    "size": 122880
                },
                {
                    "name": "FetchParam.layer.Conv2d.layer.Conv_195_im_0.split.co.0.fetch_param_data.layer",
                    "addr": 0,
                    "size": 33024
                },
                {
                    "name": "FetchParam.layer.Conv2d.layer.Conv_195_im_0.split.co.1.fetch_param_data.layer",
                    "addr": 33024,
                    "size": 33024
                },
                {
                    "name": "DummyConcat.layer.Conv_195_im_0.0",
                    "addr": 66048,
                    "size": 245760
                }
            ],
            "free": [
                {
                    "name": "Conv2d.layer.Conv_195_im_0.split.co.0",
                    "addr": 0,
                    "size": 33024
                }
            ]
        },
        "kernel[5]": {
            "name": "Conv2d.layer.Conv_195_im_0.split.co.1",
            "idx": 5,
            "mem_used_rate": 0.06646728515625,
            "malloc": [],
            "used": [
                {
                    "name": "DmaIn.layer.copy_in_408",
                    "addr": 4071424,
                    "size": 122880
                },
                {
                    "name": "FetchParam.layer.Conv2d.layer.Conv_195_im_0.split.co.1.fetch_param_data.layer",
                    "addr": 33024,
                    "size": 33024
                },
                {
                    "name": "DummyConcat.layer.Conv_195_im_0.0",
                    "addr": 66048,
                    "size": 245760
                }
            ],
            "free": [
                {
                    "name": "Conv2d.layer.Conv_195_im_0.split.co.1",
                    "addr": 4071424,
                    "size": 122880
                },
                {
                    "name": "Conv2d.layer.Conv_195_im_0.split.co.1",
                    "addr": 33024,
                    "size": 33024
                }
            ]
        },
        "kernel[6]": {
            "name": "DmaOut.layer.copy_out_409",
            "idx": 6,
            "mem_used_rate": 0.029296875,
            "malloc": [],
            "used": [
                {
                    "name": "DummyConcat.layer.Conv_195_im_0.0",
                    "addr": 66048,
                    "size": 245760
                }
            ],
            "free": [
                {
                    "name": "DmaOut.layer.copy_out_409",
                    "addr": 66048,
                    "size": 122880
                },
                {
                    "name": "DmaOut.layer.copy_out_409",
                    "addr": 188928,
                    "size": 122880
                }
            ]
        }
    },
    "max_peak_size": [
        {
            "size": 245760
        }
    ]
}