{
    "banks": [
        {
            "addr": 0,
            "size": 0
        }
    ],
    "patch_reserve": [],
    "param_reserve": [],
    "ops": {
        "kernel[0]": {
            "name": "DmaIn.layer.copy_in_2Fmodel2Fbackbone2Fstage42Fstage42E22Fconv22Factivate2FRelu_output_0",
            "idx": 0,
            "mem_used_rate": 0.025390625,
            "malloc": [
                {
                    "addr": 4087808,
                    "ori_size": 0,
                    "size": 106496
                }
            ],
            "used": [
                {
                    "name": "DmaIn.layer.copy_in_2Fmodel2Fbackbone2Fstage42Fstage42E22Fconv22Factivate2FRelu_output_0",
                    "addr": 4087808,
                    "size": 106496
                }
            ],
            "free": []
        },
        "kernel[1]": {
            "name": "Interp.layer./model/neck/upsample/Resize",
            "idx": 1,
            "mem_used_rate": 0.126953125,
            "malloc": [
                {
                    "addr": 3661824,
                    "ori_size": 0,
                    "size": 425984
                }
            ],
            "used": [
                {
                    "name": "DmaIn.layer.copy_in_2Fmodel2Fbackbone2Fstage42Fstage42E22Fconv22Factivate2FRelu_output_0",
                    "addr": 4087808,
                    "size": 106496
                },
                {
                    "name": "Interp.layer./model/neck/upsample/Resize",
                    "addr": 3661824,
                    "size": 425984
                }
            ],
            "free": [
                {
                    "name": "Interp.layer./model/neck/upsample/Resize",
                    "addr": 4087808,
                    "size": 106496
                }
            ]
        },
        "kernel[2]": {
            "name": "DmaOut.layer.copy_out_2Fmodel2Fneck2Fupsample2FResize_output_0",
            "idx": 2,
            "mem_used_rate": 0.1015625,
            "malloc": [],
            "used": [
                {
                    "name": "Interp.layer./model/neck/upsample/Resize",
                    "addr": 3661824,
                    "size": 425984
                }
            ],
            "free": [
                {
                    "name": "DmaOut.layer.copy_out_2Fmodel2Fneck2Fupsample2FResize_output_0",
                    "addr": 3661824,
                    "size": 425984
                }
            ]
        }
    },
    "max_peak_size": [
        {
            "size": 425984
        }
    ]
}